
Court STF: ff7f5ecd-2cb2-4bbb-bb70-265ea9683863
Total: 169851, Already: 40162
  [04:33:40] 1000/169851 — 1000 ok, 0 err — 58s (17/s, ETA 166m)
  [04:34:33] 2000/169851 — 2000 ok, 0 err — 111s (18/s, ETA 155m)
  [04:35:26] 3000/169851 — 3000 ok, 0 err — 163s (18/s, ETA 154m)
  [04:36:16] 4000/169851 — 4000 ok, 0 err — 214s (19/s, ETA 145m)
  [04:37:08] 5000/169851 — 5000 ok, 0 err — 266s (19/s, ETA 145m)
  [04:37:58] 6000/169851 — 6000 ok, 0 err — 316s (19/s, ETA 144m)
  [04:38:48] 7000/169851 — 7000 ok, 0 err — 366s (19/s, ETA 143m)
  [04:39:39] 8000/169851 — 8000 ok, 0 err — 417s (19/s, ETA 142m)
  [04:40:29] 9000/169851 — 9000 ok, 0 err — 466s (19/s, ETA 141m)
  [04:41:19] 10000/169851 — 10000 ok, 0 err — 517s (19/s, ETA 140m)
  [04:42:12] 11000/169851 — 11000 ok, 0 err — 570s (19/s, ETA 139m)
  [04:43:03] 12000/169851 — 12000 ok, 0 err — 621s (19/s, ETA 138m)
  [04:43:54] 13000/169851 — 13000 ok, 0 err — 672s (19/s, ETA 138m)
  [04:44:44] 14000/169851 — 14000 ok, 0 err — 722s (19/s, ETA 137m)
  [04:45:34] 15000/169851 — 15000 ok, 0 err — 772s (19/s, ETA 136m)
  [04:46:23] 16000/169851 — 16000 ok, 0 err — 821s (19/s, ETA 135m)
  [04:47:16] 17000/169851 — 17000 ok, 0 err — 874s (19/s, ETA 134m)
  [04:48:06] 18000/169851 — 18000 ok, 0 err — 924s (19/s, ETA 133m)
  [04:48:56] 19000/169851 — 19000 ok, 0 err — 974s (20/s, ETA 126m)
  [04:49:46] 20000/169851 — 20000 ok, 0 err — 1023s (20/s, ETA 125m)
  [04:50:35] 21000/169851 — 21000 ok, 0 err — 1073s (20/s, ETA 124m)
  [04:51:27] 22000/169851 — 22000 ok, 0 err — 1124s (20/s, ETA 123m)
  [04:52:19] 23000/169851 — 23000 ok, 0 err — 1176s (20/s, ETA 122m)
  [04:53:08] 24000/169851 — 24000 ok, 0 err — 1225s (20/s, ETA 122m)
  [04:53:57] 25000/169851 — 25000 ok, 0 err — 1274s (20/s, ETA 121m)
  [04:54:46] 26000/169851 — 26000 ok, 0 err — 1323s (20/s, ETA 120m)
  [04:55:38] 27000/169851 — 27000 ok, 0 err — 1375s (20/s, ETA 119m)
  [04:56:27] 28000/169851 — 28000 ok, 0 err — 1425s (20/s, ETA 118m)
  [04:57:16] 29000/169851 — 29000 ok, 0 err — 1474s (20/s, ETA 117m)
  [04:58:05] 30000/169851 — 30000 ok, 0 err — 1522s (20/s, ETA 117m)
  [04:58:53] 31000/169851 — 31000 ok, 0 err — 1571s (20/s, ETA 116m)
  [04:59:43] 32000/169851 — 32000 ok, 0 err — 1620s (20/s, ETA 115m)
  [05:00:31] 33000/169851 — 33000 ok, 0 err — 1669s (20/s, ETA 114m)
  [05:01:22] 34000/169851 — 34000 ok, 0 err — 1720s (20/s, ETA 113m)
  [05:02:12] 35000/169851 — 35000 ok, 0 err — 1770s (20/s, ETA 112m)
  [05:03:07] 36000/169851 — 36000 ok, 0 err — 1824s (20/s, ETA 112m)
  [05:03:58] 37000/169851 — 37000 ok, 0 err — 1876s (20/s, ETA 111m)
  [05:04:47] 38000/169851 — 38000 ok, 0 err — 1925s (20/s, ETA 110m)
  [05:05:36] 39000/169851 — 39000 ok, 0 err — 1974s (20/s, ETA 109m)
  [05:06:26] 40000/169851 — 40000 ok, 0 err — 2023s (20/s, ETA 108m)
  [05:07:16] 41000/169851 — 41000 ok, 0 err — 2073s (20/s, ETA 107m)
  [05:08:07] 42000/169851 — 42000 ok, 0 err — 2124s (20/s, ETA 107m)
  [05:08:56] 43000/169851 — 43000 ok, 0 err — 2174s (20/s, ETA 106m)
  [05:09:45] 44000/169851 — 44000 ok, 0 err — 2223s (20/s, ETA 105m)
  [05:10:35] 45000/169851 — 45000 ok, 0 err — 2272s (20/s, ETA 104m)
  [05:11:24] 46000/169851 — 46000 ok, 0 err — 2322s (20/s, ETA 103m)
  [05:12:16] 47000/169851 — 47000 ok, 0 err — 2374s (20/s, ETA 102m)
  [05:13:12] 48000/169851 — 48000 ok, 0 err — 2429s (20/s, ETA 102m)
  [05:14:05] 49000/169851 — 49000 ok, 0 err — 2483s (20/s, ETA 101m)
  [05:14:56] 50000/169851 — 50000 ok, 0 err — 2534s (20/s, ETA 100m)
  [05:15:46] 51000/169851 — 51000 ok, 0 err — 2583s (20/s, ETA 99m)
  [05:16:37] 52000/169851 — 52000 ok, 0 err — 2635s (20/s, ETA 98m)
  [05:17:31] 53000/169851 — 53000 ok, 0 err — 2688s (20/s, ETA 97m)
  [05:18:24] 54000/169851 — 54000 ok, 0 err — 2742s (20/s, ETA 97m)
  [05:19:15] 55000/169851 — 55000 ok, 0 err — 2793s (20/s, ETA 96m)
  [05:20:05] 56000/169851 — 56000 ok, 0 err — 2843s (20/s, ETA 95m)
  [05:20:58] 57000/169851 — 57000 ok, 0 err — 2896s (20/s, ETA 94m)
  [05:21:50] 58000/169851 — 58000 ok, 0 err — 2948s (20/s, ETA 93m)
  [05:22:48] 59000/169851 — 59000 ok, 0 err — 3006s (20/s, ETA 92m)
  [05:23:46] 60000/169851 — 60000 ok, 0 err — 3064s (20/s, ETA 92m)
  [05:24:43] 61000/169851 — 61000 ok, 0 err — 3120s (20/s, ETA 91m)
  [05:25:35] 62000/169851 — 62000 ok, 0 err — 3172s (20/s, ETA 90m)
  [05:26:26] 63000/169851 — 63000 ok, 0 err — 3223s (20/s, ETA 89m)
  [05:27:18] 64000/169851 — 64000 ok, 0 err — 3276s (20/s, ETA 88m)
  [05:28:10] 65000/169851 — 65000 ok, 0 err — 3327s (20/s, ETA 87m)
  [05:29:04] 66000/169851 — 66000 ok, 0 err — 3382s (20/s, ETA 87m)
  [05:30:01] 67000/169851 — 67000 ok, 0 err — 3438s (19/s, ETA 90m)
  [05:30:56] 68000/169851 — 68000 ok, 0 err — 3494s (19/s, ETA 89m)
  [05:31:50] 69000/169851 — 69000 ok, 0 err — 3547s (19/s, ETA 88m)
  [05:32:49] 70000/169851 — 70000 ok, 0 err — 3606s (19/s, ETA 88m)
  [06:40:59] 71000/169851 — 71000 ok, 0 err — 7697s (9/s, ETA 183m)
  [06:41:58] 72000/169851 — 72000 ok, 0 err — 7756s (9/s, ETA 181m)
  [06:43:00] 73000/169851 — 73000 ok, 0 err — 7818s (9/s, ETA 179m)
  [06:43:55] 74000/169851 — 74000 ok, 0 err — 7872s (9/s, ETA 178m)
  [06:44:52] 75000/169851 — 75000 ok, 0 err — 7930s (9/s, ETA 176m)
  [06:45:49] 76000/169851 — 76000 ok, 0 err — 7987s (10/s, ETA 156m)
  [06:46:44] 77000/169851 — 77000 ok, 0 err — 8041s (10/s, ETA 155m)
  [06:47:39] 78000/169851 — 78000 ok, 0 err — 8097s (10/s, ETA 153m)
  [06:48:38] 79000/169851 — 79000 ok, 0 err — 8155s (10/s, ETA 151m)
  [06:49:33] 80000/169851 — 80000 ok, 0 err — 8211s (10/s, ETA 150m)
  [06:50:33] 81000/169851 — 81000 ok, 0 err — 8271s (10/s, ETA 148m)
  [06:51:30] 82000/169851 — 82000 ok, 0 err — 8327s (10/s, ETA 146m)
  [06:52:27] 83000/169851 — 83000 ok, 0 err — 8385s (10/s, ETA 145m)
  [06:53:25] 84000/169851 — 84000 ok, 0 err — 8443s (10/s, ETA 143m)
  [06:54:23] 85000/169851 — 85000 ok, 0 err — 8501s (10/s, ETA 141m)
  [06:55:21] 86000/169851 — 86000 ok, 0 err — 8558s (10/s, ETA 140m)
  [06:56:17] 87000/169851 — 87000 ok, 0 err — 8615s (10/s, ETA 138m)
  [06:57:12] 88000/169851 — 88000 ok, 0 err — 8669s (10/s, ETA 136m)
  [06:58:11] 89000/169851 — 89000 ok, 0 err — 8729s (10/s, ETA 135m)
  [06:59:09] 90000/169851 — 90000 ok, 0 err — 8787s (10/s, ETA 133m)
  [07:00:09] 91000/169851 — 91000 ok, 0 err — 8847s (10/s, ETA 131m)
  [07:01:09] 92000/169851 — 92000 ok, 0 err — 8907s (10/s, ETA 130m)
  [07:02:14] 93000/169851 — 93000 ok, 0 err — 8971s (10/s, ETA 128m)
  [07:03:11] 94000/169851 — 94000 ok, 0 err — 9029s (10/s, ETA 126m)
  [07:04:10] 95000/169851 — 95000 ok, 0 err — 9088s (10/s, ETA 125m)
  [07:05:28] 96000/169851 — 96000 ok, 0 err — 9166s (10/s, ETA 123m)
  [07:06:43] 97000/169851 — 97000 ok, 0 err — 9241s (10/s, ETA 121m)
  [07:07:43] 98000/169851 — 98000 ok, 0 err — 9300s (11/s, ETA 109m)
  [07:08:44] 99000/169851 — 99000 ok, 0 err — 9362s (11/s, ETA 107m)
  [07:09:51] 100000/169851 — 100000 ok, 0 err — 9429s (11/s, ETA 106m)
  [07:10:54] 101000/169851 — 101000 ok, 0 err — 9492s (11/s, ETA 104m)
  [07:11:52] 102000/169851 — 102000 ok, 0 err — 9550s (11/s, ETA 103m)
  [07:12:55] 103000/169851 — 103000 ok, 0 err — 9613s (11/s, ETA 101m)
  [07:13:58] 104000/169851 — 104000 ok, 0 err — 9676s (11/s, ETA 100m)
  [07:15:03] 105000/169851 — 105000 ok, 0 err — 9740s (11/s, ETA 98m)
  [07:16:03] 106000/169851 — 106000 ok, 0 err — 9800s (11/s, ETA 97m)
  [07:17:05] 107000/169851 — 107000 ok, 0 err — 9863s (11/s, ETA 95m)
  [07:18:06] 108000/169851 — 108000 ok, 0 err — 9923s (11/s, ETA 94m)
  [07:19:08] 109000/169851 — 109000 ok, 0 err — 9986s (11/s, ETA 92m)
  [07:20:14] 110000/169851 — 110000 ok, 0 err — 10052s (11/s, ETA 91m)
  [07:21:18] 111000/169851 — 111000 ok, 0 err — 10116s (11/s, ETA 89m)
  [07:22:17] 112000/169851 — 112000 ok, 0 err — 10175s (11/s, ETA 88m)
  [07:23:19] 113000/169851 — 113000 ok, 0 err — 10237s (11/s, ETA 86m)
  [07:24:22] 114000/169851 — 114000 ok, 0 err — 10300s (11/s, ETA 85m)
  [07:25:24] 115000/169851 — 115000 ok, 0 err — 10362s (11/s, ETA 83m)
  [07:26:28] 116000/169851 — 116000 ok, 0 err — 10426s (11/s, ETA 82m)
  [07:27:33] 117000/169851 — 117000 ok, 0 err — 10491s (11/s, ETA 80m)
  [07:28:38] 118000/169851 — 118000 ok, 0 err — 10556s (11/s, ETA 79m)
  [07:29:40] 119000/169851 — 119000 ok, 0 err — 10618s (11/s, ETA 77m)
  [07:30:47] 120000/169851 — 120000 ok, 0 err — 10684s (11/s, ETA 76m)
  [07:31:49] 121000/169851 — 121000 ok, 0 err — 10746s (11/s, ETA 74m)
  [07:32:50] 122000/169851 — 122000 ok, 0 err — 10808s (11/s, ETA 73m)
  [07:33:55] 123000/169851 — 123000 ok, 0 err — 10872s (11/s, ETA 71m)
  [07:34:57] 124000/169851 — 124000 ok, 0 err — 10934s (11/s, ETA 69m)
  [07:36:05] 125000/169851 — 125000 ok, 0 err — 11003s (11/s, ETA 68m)
  [07:37:11] 126000/169851 — 126000 ok, 0 err — 11068s (11/s, ETA 66m)
  [07:38:16] 127000/169851 — 127000 ok, 0 err — 11134s (11/s, ETA 65m)
  [07:39:19] 128000/169851 — 128000 ok, 0 err — 11197s (11/s, ETA 63m)
  [07:40:21] 129000/169851 — 129000 ok, 0 err — 11259s (11/s, ETA 62m)
  [07:41:25] 130000/169851 — 130000 ok, 0 err — 11323s (11/s, ETA 60m)
  [07:42:31] 131000/169851 — 131000 ok, 0 err — 11388s (12/s, ETA 54m)
  [07:43:40] 132000/169851 — 132000 ok, 0 err — 11458s (12/s, ETA 53m)
  [07:44:49] 133000/169851 — 133000 ok, 0 err — 11526s (12/s, ETA 51m)
  [07:45:51] 134000/169851 — 134000 ok, 0 err — 11589s (12/s, ETA 50m)
  [07:46:54] 135000/169851 — 135000 ok, 0 err — 11652s (12/s, ETA 48m)
  [07:47:58] 136000/169851 — 136000 ok, 0 err — 11716s (12/s, ETA 47m)
  [07:49:03] 137000/169851 — 137000 ok, 0 err — 11780s (12/s, ETA 46m)
  [07:50:04] 138000/169851 — 138000 ok, 0 err — 11842s (12/s, ETA 44m)
  [07:51:10] 139000/169851 — 139000 ok, 0 err — 11908s (12/s, ETA 43m)
  [07:52:15] 140000/169851 — 140000 ok, 0 err — 11973s (12/s, ETA 41m)
  [07:53:22] 141000/169851 — 141000 ok, 0 err — 12040s (12/s, ETA 40m)
  [07:54:34] 142000/169851 — 142000 ok, 0 err — 12112s (12/s, ETA 39m)
  [07:55:39] 143000/169851 — 143000 ok, 0 err — 12176s (12/s, ETA 37m)
  [07:56:44] 144000/169851 — 144000 ok, 0 err — 12242s (12/s, ETA 36m)
  [07:57:47] 145000/169851 — 145000 ok, 0 err — 12305s (12/s, ETA 35m)
  [07:58:52] 146000/169851 — 146000 ok, 0 err — 12370s (12/s, ETA 33m)
  [07:59:56] 147000/169851 — 147000 ok, 0 err — 12434s (12/s, ETA 32m)
  [08:01:01] 148000/169851 — 148000 ok, 0 err — 12499s (12/s, ETA 30m)
  [08:02:06] 149000/169851 — 149000 ok, 0 err — 12563s (12/s, ETA 29m)
  [08:03:09] 150000/169851 — 150000 ok, 0 err — 12627s (12/s, ETA 28m)
  [08:04:19] 151000/169851 — 151000 ok, 0 err — 12697s (12/s, ETA 26m)
  [08:05:41] 152000/169851 — 152000 ok, 0 err — 12779s (12/s, ETA 25m)
  [08:06:50] 153000/169851 — 153000 ok, 0 err — 12848s (12/s, ETA 23m)
  [08:07:54] 154000/169851 — 154000 ok, 0 err — 12911s (12/s, ETA 22m)
  [08:09:03] 155000/169851 — 155000 ok, 0 err — 12980s (12/s, ETA 21m)
  [08:10:07] 156000/169851 — 156000 ok, 0 err — 13045s (12/s, ETA 19m)
  [08:11:13] 157000/169851 — 157000 ok, 0 err — 13111s (12/s, ETA 18m)
  [08:12:19] 158000/169851 — 158000 ok, 0 err — 13176s (12/s, ETA 16m)
  [08:13:23] 159000/169851 — 159000 ok, 0 err — 13240s (12/s, ETA 15m)
  [08:14:27] 160000/169851 — 160000 ok, 0 err — 13304s (12/s, ETA 14m)
  [08:15:37] 161000/169851 — 161000 ok, 0 err — 13375s (12/s, ETA 12m)
  [08:16:47] 162000/169851 — 162000 ok, 0 err — 13445s (12/s, ETA 11m)
  [08:17:57] 163000/169851 — 163000 ok, 0 err — 13514s (12/s, ETA 10m)
  [08:19:07] 164000/169851 — 164000 ok, 0 err — 13585s (12/s, ETA 8m)
  [08:20:13] 165000/169851 — 165000 ok, 0 err — 13651s (12/s, ETA 7m)
  [08:21:34] 166000/169851 — 166000 ok, 0 err — 13732s (12/s, ETA 5m)
  [08:22:44] 167000/169851 — 167000 ok, 0 err — 13802s (12/s, ETA 4m)
  [08:23:55] 168000/169851 — 168000 ok, 0 err — 13873s (12/s, ETA 3m)
  [08:25:06] 169000/169851 — 169000 ok, 0 err — 13943s (12/s, ETA 1m)
  [08:26:05] 169851/169851 — 169851 ok, 0 err — 14002s (12/s, ETA 0m)

DONE: 169851 processed, 169851 upserted, 0 errors in 14002s
Final: 139737 cases, 224887 decisions
