[2026-03-29T15:21:53.290Z] Conectado ao banco JudX
[2026-03-29T15:21:53.489Z] Tabela stj_datajud pronta
[2026-03-29T15:21:53.490Z] Período: 2022-2022 (53 semanas, do mais recente ao mais antigo)
(node:5552) Warning: Setting the NODE_TLS_REJECT_UNAUTHORIZED environment variable to '0' makes TLS connections and HTTPS requests insecure by disabling certificate verification.
(Use `node --trace-warnings ...` to show where the warning was created)
[2026-03-29T15:21:54.663Z] [2022-12-25/2022-12-31] 1001 processos — iniciando extração
[2026-03-29T15:22:06.754Z]   [2022-12-25/2022-12-31] 1001/1001 (100.0%) | total banco: 1001 | erros: 0
[2026-03-29T15:22:06.862Z] [2022-12-25/2022-12-31] COMPLETO — 1001 extraídos
[2026-03-29T15:23:12.923Z] Banco stj_datajud: 404349 registros
[2026-03-29T15:23:13.749Z] [2022-12-18/2022-12-24] 3097 processos — iniciando extração
[2026-03-29T15:24:34.978Z]   [2022-12-18/2022-12-24] 2000/3097 (64.6%) | total banco: 3001 | erros: 0
[2026-03-29T15:25:17.378Z]   [2022-12-18/2022-12-24] 3097/3097 (100.0%) | total banco: 4098 | erros: 0
[2026-03-29T15:25:17.489Z] [2022-12-18/2022-12-24] COMPLETO — 3097 extraídos
[2026-03-29T15:25:18.142Z] [2022-12-11/2022-12-17] 7844 processos — iniciando extração
[2026-03-29T15:26:21.997Z]   [2022-12-11/2022-12-17] 2000/7844 (25.5%) | total banco: 6098 | erros: 0
[2026-03-29T15:27:04.079Z]   [2022-12-11/2022-12-17] 4000/7844 (51.0%) | total banco: 8098 | erros: 0
[2026-03-29T15:27:24.974Z]   [2022-12-11/2022-12-17] 6000/7844 (76.5%) | total banco: 10098 | erros: 0
[2026-03-29T15:28:00.204Z]   [2022-12-11/2022-12-17] 7844/7844 (100.0%) | total banco: 11942 | erros: 0
[2026-03-29T15:28:00.311Z] [2022-12-11/2022-12-17] COMPLETO — 7844 extraídos
[2026-03-29T15:28:02.912Z] [2022-12-04/2022-12-10] 6524 processos — iniciando extração
[2026-03-29T15:28:57.543Z]   [2022-12-04/2022-12-10] 2000/6524 (30.7%) | total banco: 13942 | erros: 0
[2026-03-29T15:29:44.778Z]   [2022-12-04/2022-12-10] 4000/6524 (61.3%) | total banco: 15942 | erros: 0
[2026-03-29T15:31:15.721Z]   [2022-12-04/2022-12-10] 6000/6524 (92.0%) | total banco: 17942 | erros: 0
[2026-03-29T15:31:26.149Z]   [2022-12-04/2022-12-10] 6524/6524 (100.0%) | total banco: 18466 | erros: 0
[2026-03-29T15:31:26.254Z] [2022-12-04/2022-12-10] COMPLETO — 6524 extraídos
[2026-03-29T15:31:27.999Z] [2022-11-27/2022-12-03] 7468 processos — iniciando extração
[2026-03-29T15:33:33.497Z]   [2022-11-27/2022-12-03] 2000/7468 (26.8%) | total banco: 20466 | erros: 0
[2026-03-29T15:34:17.402Z]   [2022-11-27/2022-12-03] 4000/7468 (53.6%) | total banco: 22466 | erros: 0
[2026-03-29T15:35:15.938Z]   [2022-11-27/2022-12-03] 6000/7468 (80.3%) | total banco: 24466 | erros: 0
[2026-03-29T15:36:06.229Z]   [2022-11-27/2022-12-03] 7468/7468 (100.0%) | total banco: 25934 | erros: 0
[2026-03-29T15:36:06.332Z] [2022-11-27/2022-12-03] COMPLETO — 7468 extraídos
[2026-03-29T15:36:10.011Z] [2022-11-20/2022-11-26] 7922 processos — iniciando extração
[2026-03-29T15:37:45.437Z]   [2022-11-20/2022-11-26] 2000/7922 (25.2%) | total banco: 27934 | erros: 0
[2026-03-29T15:38:57.835Z]   [2022-11-20/2022-11-26] 4000/7922 (50.5%) | total banco: 29934 | erros: 0
[2026-03-29T15:40:07.744Z]   [2022-11-20/2022-11-26] 6000/7922 (75.7%) | total banco: 31934 | erros: 0
[2026-03-29T15:41:09.254Z]   [2022-11-20/2022-11-26] 7922/7922 (100.0%) | total banco: 33856 | erros: 0
[2026-03-29T15:41:09.361Z] [2022-11-20/2022-11-26] COMPLETO — 7922 extraídos
[2026-03-29T15:41:10.550Z] [2022-11-13/2022-11-19] 6321 processos — iniciando extração
[2026-03-29T15:42:29.667Z]   [2022-11-13/2022-11-19] 2000/6321 (31.6%) | total banco: 35856 | erros: 0
[2026-03-29T15:44:17.883Z]   [2022-11-13/2022-11-19] 4000/6321 (63.3%) | total banco: 37856 | erros: 0
[2026-03-29T15:45:39.687Z]   [2022-11-13/2022-11-19] 6000/6321 (94.9%) | total banco: 39856 | erros: 0
[2026-03-29T15:45:49.038Z]   [2022-11-13/2022-11-19] 6321/6321 (100.0%) | total banco: 40177 | erros: 0
[2026-03-29T15:45:49.153Z] [2022-11-13/2022-11-19] COMPLETO — 6321 extraídos
[2026-03-29T15:45:49.453Z] [2022-11-06/2022-11-12] 8460 processos — iniciando extração
[2026-03-29T15:46:22.196Z]   [2022-11-06/2022-11-12] 2000/8460 (23.6%) | total banco: 42177 | erros: 0
[2026-03-29T15:48:06.448Z]   [2022-11-06/2022-11-12] 4000/8460 (47.3%) | total banco: 44177 | erros: 0
[2026-03-29T15:48:39.591Z]   [2022-11-06/2022-11-12] 6000/8460 (70.9%) | total banco: 46177 | erros: 0
[2026-03-29T15:49:26.847Z]   [2022-11-06/2022-11-12] 8000/8460 (94.6%) | total banco: 48177 | erros: 0
[2026-03-29T15:49:42.561Z]   [2022-11-06/2022-11-12] 8460/8460 (100.0%) | total banco: 48637 | erros: 0
[2026-03-29T15:49:42.677Z] [2022-11-06/2022-11-12] COMPLETO — 8460 extraídos
[2026-03-29T15:49:42.800Z] [2022-10-30/2022-11-05] 3833 processos — iniciando extração
[2026-03-29T15:50:13.331Z]   [2022-10-30/2022-11-05] 2000/3833 (52.2%) | total banco: 50637 | erros: 0
[2026-03-29T15:51:14.531Z]   [2022-10-30/2022-11-05] 3833/3833 (100.0%) | total banco: 52470 | erros: 0
[2026-03-29T15:51:14.644Z] [2022-10-30/2022-11-05] COMPLETO — 3833 extraídos
[2026-03-29T15:51:20.298Z] [2022-10-23/2022-10-29] 7968 processos — iniciando extração
[2026-03-29T15:52:15.576Z]   [2022-10-23/2022-10-29] 2000/7968 (25.1%) | total banco: 54470 | erros: 0
[2026-03-29T15:53:05.342Z]   [2022-10-23/2022-10-29] 4000/7968 (50.2%) | total banco: 56470 | erros: 0
[2026-03-29T15:53:18.774Z]   [2022-10-23/2022-10-29] 6000/7968 (75.3%) | total banco: 58470 | erros: 0
[2026-03-29T15:53:58.554Z]   [2022-10-23/2022-10-29] 7968/7968 (100.0%) | total banco: 60438 | erros: 0
[2026-03-29T15:53:58.667Z] [2022-10-23/2022-10-29] COMPLETO — 7968 extraídos
[2026-03-29T15:54:00.634Z] [2022-10-16/2022-10-22] 7500 processos — iniciando extração
[2026-03-29T15:54:18.716Z]   [2022-10-16/2022-10-22] 2000/7500 (26.7%) | total banco: 62438 | erros: 0
[2026-03-29T15:54:43.698Z]   [2022-10-16/2022-10-22] 4000/7500 (53.3%) | total banco: 64438 | erros: 0
[2026-03-29T15:55:02.768Z]   [2022-10-16/2022-10-22] 6000/7500 (80.0%) | total banco: 66438 | erros: 0
[2026-03-29T15:55:17.169Z]   [2022-10-16/2022-10-22] 7500/7500 (100.0%) | total banco: 67938 | erros: 0
[2026-03-29T15:55:17.276Z] [2022-10-16/2022-10-22] COMPLETO — 7500 extraídos
[2026-03-29T15:55:17.911Z] [2022-10-09/2022-10-15] 6911 processos — iniciando extração
[2026-03-29T15:55:53.049Z]   [2022-10-09/2022-10-15] 2000/6911 (28.9%) | total banco: 69938 | erros: 0
[2026-03-29T15:56:23.904Z]   [2022-10-09/2022-10-15] 4000/6911 (57.9%) | total banco: 71938 | erros: 0
[2026-03-29T15:58:00.299Z]   [2022-10-09/2022-10-15] 6000/6911 (86.8%) | total banco: 73938 | erros: 0
[2026-03-29T15:58:13.054Z]   [2022-10-09/2022-10-15] 6911/6911 (100.0%) | total banco: 74849 | erros: 0
[2026-03-29T15:58:13.167Z] [2022-10-09/2022-10-15] COMPLETO — 6911 extraídos
[2026-03-29T15:58:16.052Z] [2022-10-02/2022-10-08] 8423 processos — iniciando extração
[2026-03-29T15:58:26.806Z]   [2022-10-02/2022-10-08] 2000/8423 (23.7%) | total banco: 76849 | erros: 0
[2026-03-29T15:58:38.076Z]   [2022-10-02/2022-10-08] 4000/8423 (47.5%) | total banco: 78849 | erros: 0
[2026-03-29T15:58:42.830Z]   [2022-10-02/2022-10-08] 6000/8423 (71.2%) | total banco: 80849 | erros: 0
[2026-03-29T15:58:49.936Z]   [2022-10-02/2022-10-08] 8000/8423 (95.0%) | total banco: 82849 | erros: 0
[2026-03-29T15:58:53.713Z]   [2022-10-02/2022-10-08] 8423/8423 (100.0%) | total banco: 83272 | erros: 0
[2026-03-29T15:58:53.821Z] [2022-10-02/2022-10-08] COMPLETO — 8423 extraídos
[2026-03-29T15:58:53.868Z] [2022-09-25/2022-10-01] 8078 processos — iniciando extração
[2026-03-29T15:59:01.508Z]   [2022-09-25/2022-10-01] 2000/8078 (24.8%) | total banco: 85272 | erros: 0
[2026-03-29T15:59:07.535Z]   [2022-09-25/2022-10-01] 4000/8078 (49.5%) | total banco: 87272 | erros: 0
[2026-03-29T15:59:13.395Z]   [2022-09-25/2022-10-01] 6000/8078 (74.3%) | total banco: 89272 | erros: 0
[2026-03-29T15:59:20.614Z]   [2022-09-25/2022-10-01] 8000/8078 (99.0%) | total banco: 91272 | erros: 0
[2026-03-29T15:59:21.397Z]   [2022-09-25/2022-10-01] 8078/8078 (100.0%) | total banco: 91350 | erros: 0
[2026-03-29T15:59:21.501Z] [2022-09-25/2022-10-01] COMPLETO — 8078 extraídos
[2026-03-29T15:59:21.899Z] [2022-09-18/2022-09-24] 7844 processos — iniciando extração
[2026-03-29T15:59:27.671Z]   [2022-09-18/2022-09-24] 2000/7844 (25.5%) | total banco: 93350 | erros: 0
[2026-03-29T15:59:43.853Z]   [2022-09-18/2022-09-24] 4000/7844 (51.0%) | total banco: 95350 | erros: 0
[2026-03-29T16:00:12.297Z]   [2022-09-18/2022-09-24] 6000/7844 (76.5%) | total banco: 97350 | erros: 0
[2026-03-29T16:00:40.968Z]   [2022-09-18/2022-09-24] 7844/7844 (100.0%) | total banco: 99194 | erros: 0
[2026-03-29T16:00:41.073Z] [2022-09-18/2022-09-24] COMPLETO — 7844 extraídos
[2026-03-29T16:00:43.003Z] [2022-09-11/2022-09-17] 7522 processos — iniciando extração
[2026-03-29T16:01:17.856Z]   [2022-09-11/2022-09-17] 2000/7522 (26.6%) | total banco: 101194 | erros: 0
[2026-03-29T16:02:01.267Z]   [2022-09-11/2022-09-17] 4000/7522 (53.2%) | total banco: 103194 | erros: 0
[2026-03-29T16:02:23.468Z]   [2022-09-11/2022-09-17] 6000/7522 (79.8%) | total banco: 105194 | erros: 0
[2026-03-29T16:02:47.745Z]   [2022-09-11/2022-09-17] 7522/7522 (100.0%) | total banco: 106716 | erros: 0
[2026-03-29T16:02:47.856Z] [2022-09-11/2022-09-17] COMPLETO — 7522 extraídos
[2026-03-29T16:02:48.207Z] [2022-09-04/2022-09-10] 6516 processos — iniciando extração
[2026-03-29T16:03:08.633Z]   [2022-09-04/2022-09-10] 2000/6516 (30.7%) | total banco: 108716 | erros: 0
[2026-03-29T16:04:07.493Z]   [2022-09-04/2022-09-10] 4000/6516 (61.4%) | total banco: 110716 | erros: 0
[2026-03-29T16:04:20.037Z]   [2022-09-04/2022-09-10] 6000/6516 (92.1%) | total banco: 112716 | erros: 0
[2026-03-29T16:04:45.480Z]   [2022-09-04/2022-09-10] 6516/6516 (100.0%) | total banco: 113232 | erros: 0
[2026-03-29T16:04:45.588Z] [2022-09-04/2022-09-10] COMPLETO — 6516 extraídos
[2026-03-29T16:04:46.272Z] [2022-08-28/2022-09-03] 8527 processos — iniciando extração
[2026-03-29T16:05:22.026Z]   [2022-08-28/2022-09-03] 2000/8527 (23.5%) | total banco: 115232 | erros: 0
[2026-03-29T16:06:02.185Z]   [2022-08-28/2022-09-03] 4000/8527 (46.9%) | total banco: 117232 | erros: 0
[2026-03-29T16:06:13.817Z]   [2022-08-28/2022-09-03] 6000/8527 (70.4%) | total banco: 119232 | erros: 0
[2026-03-29T16:06:46.473Z]   [2022-08-28/2022-09-03] 8000/8527 (93.8%) | total banco: 121232 | erros: 0
[2026-03-29T16:06:53.026Z]   [2022-08-28/2022-09-03] 8527/8527 (100.0%) | total banco: 121759 | erros: 0
[2026-03-29T16:06:53.132Z] [2022-08-28/2022-09-03] COMPLETO — 8527 extraídos
[2026-03-29T16:06:54.917Z] [2022-08-21/2022-08-27] 8783 processos — iniciando extração
[2026-03-29T16:07:11.008Z]   [2022-08-21/2022-08-27] 2000/8783 (22.8%) | total banco: 123759 | erros: 0
[2026-03-29T16:07:33.559Z]   [2022-08-21/2022-08-27] 4000/8783 (45.5%) | total banco: 125759 | erros: 0
[2026-03-29T16:07:58.768Z]   [2022-08-21/2022-08-27] 6000/8783 (68.3%) | total banco: 127759 | erros: 0
[2026-03-29T16:08:17.822Z]   [2022-08-21/2022-08-27] 8000/8783 (91.1%) | total banco: 129759 | erros: 0
[2026-03-29T16:08:29.795Z]   [2022-08-21/2022-08-27] 8783/8783 (100.0%) | total banco: 130542 | erros: 0
[2026-03-29T16:08:29.903Z] [2022-08-21/2022-08-27] COMPLETO — 8783 extraídos
[2026-03-29T16:08:30.456Z] [2022-08-14/2022-08-20] 7303 processos — iniciando extração
[2026-03-29T16:08:50.535Z]   [2022-08-14/2022-08-20] 2000/7303 (27.4%) | total banco: 132542 | erros: 0
[2026-03-29T16:09:05.613Z]   [2022-08-14/2022-08-20] 4000/7303 (54.8%) | total banco: 134542 | erros: 0
[2026-03-29T16:09:23.547Z]   [2022-08-14/2022-08-20] 6000/7303 (82.2%) | total banco: 136542 | erros: 0
[2026-03-29T16:10:07.077Z]   [2022-08-14/2022-08-20] 7303/7303 (100.0%) | total banco: 137845 | erros: 0
[2026-03-29T16:10:07.185Z] [2022-08-14/2022-08-20] COMPLETO — 7303 extraídos
[2026-03-29T16:10:07.412Z] [2022-08-07/2022-08-13] 5846 processos — iniciando extração
[2026-03-29T16:10:27.397Z]   [2022-08-07/2022-08-13] 2000/5846 (34.2%) | total banco: 139845 | erros: 0
[2026-03-29T16:11:14.142Z]   [2022-08-07/2022-08-13] 4000/5846 (68.4%) | total banco: 141845 | erros: 0
[2026-03-29T16:11:25.515Z]   [2022-08-07/2022-08-13] 5846/5846 (100.0%) | total banco: 143691 | erros: 0
[2026-03-29T16:11:25.627Z] [2022-08-07/2022-08-13] COMPLETO — 5846 extraídos
[2026-03-29T16:11:26.585Z] [2022-07-31/2022-08-06] 7537 processos — iniciando extração
[2026-03-29T16:12:02.139Z]   [2022-07-31/2022-08-06] 2000/7537 (26.5%) | total banco: 145691 | erros: 0
[2026-03-29T16:12:15.854Z]   [2022-07-31/2022-08-06] 4000/7537 (53.1%) | total banco: 147691 | erros: 0
[2026-03-29T16:12:36.496Z]   [2022-07-31/2022-08-06] 6000/7537 (79.6%) | total banco: 149691 | erros: 0
[2026-03-29T16:12:50.490Z]   [2022-07-31/2022-08-06] 7537/7537 (100.0%) | total banco: 151228 | erros: 0
[2026-03-29T16:12:50.597Z] [2022-07-31/2022-08-06] COMPLETO — 7537 extraídos
[2026-03-29T16:14:50.957Z] FATAL: canceling statement due to statement timeout
