[2026-03-29T16:49:30.832Z] Novo arquivo: C:\Users\medin\Desktop\backup_judx\resultados\stj_datajud\stj_datajud_2016.csv
[2026-03-29T16:49:30.836Z] Ano 2016: 53 semanas
[2026-03-29T16:49:36.380Z] [2016] 2016-12-25/2016-12-31 | novos: 176 | skip: 0 | erros: 0
[2026-03-29T16:49:37.196Z] [2016] 2016-12-18/2016-12-24 | novos: 693 | skip: 0 | erros: 0
[2026-03-29T16:49:48.708Z] [2016] 2016-11-20/2016-11-26 | novos: 5758 | skip: 0 | erros: 0
[2026-03-29T16:49:56.935Z] [2016] 2016-11-13/2016-11-19 | novos: 6781 | skip: 0 | erros: 0
[2026-03-29T16:50:20.293Z] [2016] 2016-10-16/2016-10-22 | novos: 10624 | skip: 0 | erros: 0
[2026-03-29T16:50:23.239Z] [2016] 2016-10-09/2016-10-15 | novos: 11490 | skip: 0 | erros: 0
[2026-03-29T16:50:41.849Z] [2016] 2016-09-11/2016-09-17 | novos: 15904 | skip: 0 | erros: 0
[2026-03-29T16:50:46.774Z] [2016] 2016-09-04/2016-09-10 | novos: 16603 | skip: 0 | erros: 0
[2026-03-29T16:50:56.092Z] [2016] 2016-08-14/2016-08-20 | novos: 20070 | skip: 0 | erros: 0
[2026-03-29T16:50:57.413Z] [2016] 2016-08-07/2016-08-13 | novos: 20447 | skip: 0 | erros: 0
[2026-03-29T16:50:58.215Z] [2016] 2016-07-31/2016-08-06 | novos: 21152 | skip: 0 | erros: 0
[2026-03-29T16:51:02.737Z] [2016] 2016-06-26/2016-07-02 | novos: 25634 | skip: 0 | erros: 0
[2026-03-29T16:51:04.264Z] [2016] 2016-06-19/2016-06-25 | novos: 26526 | skip: 0 | erros: 0
[2026-03-29T16:51:08.473Z] [2016] 2016-05-29/2016-06-04 | novos: 30178 | skip: 0 | erros: 0
[2026-03-29T16:51:09.962Z] [2016] 2016-05-22/2016-05-28 | novos: 31250 | skip: 0 | erros: 0
[2026-03-29T16:51:18.277Z] [2016] 2016-05-01/2016-05-07 | novos: 35245 | skip: 0 | erros: 0
[2026-03-29T16:51:19.106Z] [2016] 2016-04-24/2016-04-30 | novos: 36367 | skip: 0 | erros: 0
[2026-03-29T16:51:23.611Z] [2016] 2016-03-27/2016-04-02 | novos: 40238 | skip: 0 | erros: 0
[2026-03-29T16:51:24.174Z] [2016] 2016-03-20/2016-03-26 | novos: 40664 | skip: 0 | erros: 0
[2026-03-29T16:51:37.866Z] [2016] 2016-02-21/2016-02-27 | novos: 45708 | skip: 0 | erros: 0
[2026-03-29T16:51:38.780Z] [2016] 2016-02-14/2016-02-20 | novos: 46554 | skip: 0 | erros: 0
[2026-03-29T16:51:43.032Z] [2016] 2016-01-03/2016-01-09 | novos: 50270 | skip: 0 | erros: 0
[2026-03-29T16:51:43.061Z] [2016] COMPLETO — 50270 novos, 0 duplicatas, 0 erros
[2026-03-29T16:51:43.061Z] Total no CSV: 50270 processos
3.061Z] [2016] COMPLETO — 50270 novos, 0 duplicatas, 0 erros
[2026-03-29T16:51:43.061Z] Total no CSV: 50270 processos
