[2026-03-29T16:21:40.332Z] Novo arquivo: C:\Users\medin\Desktop\backup_judx\resultados\stj_datajud\stj_datajud_2022.csv
[2026-03-29T16:21:40.338Z] Ano 2022: 53 semanas
[2026-03-29T16:21:43.737Z] [2022] 2022-12-25/2022-12-31 | novos: 1001 | skip: 0 | erros: 0
[2026-03-29T16:22:03.963Z] [2022] 2022-12-11/2022-12-17 | novos: 11719 | skip: 223 | erros: 0
[2026-03-29T16:22:21.986Z] [2022] 2022-11-27/2022-12-03 | novos: 25711 | skip: 223 | erros: 0
[2026-03-29T16:22:31.069Z] [2022] 2022-11-20/2022-11-26 | novos: 31997 | skip: 1859 | erros: 0
[2026-03-29T16:22:58.351Z] [2022] 2022-11-06/2022-11-12 | novos: 46777 | skip: 1860 | erros: 0
[2026-03-29T16:23:01.985Z] [2022] 2022-10-30/2022-11-05 | novos: 50610 | skip: 1860 | erros: 0
[2026-03-29T16:24:05.653Z] [2022] 2022-10-09/2022-10-15 | novos: 70186 | skip: 4663 | erros: 0
[2026-03-29T16:24:41.703Z] [2022] 2022-09-25/2022-10-01 | novos: 85521 | skip: 5829 | erros: 0
[2026-03-29T16:25:04.979Z] [2022] 2022-09-18/2022-09-24 | novos: 91841 | skip: 7353 | erros: 0
[2026-03-29T16:25:58.966Z] [2022] 2022-08-28/2022-09-03 | novos: 111349 | skip: 10410 | erros: 0
[2026-03-29T16:26:33.909Z] [2022] 2022-08-14/2022-08-20 | novos: 125978 | skip: 11867 | erros: 0
[2026-03-29T16:26:53.928Z] [2022] 2022-08-07/2022-08-13 | novos: 131170 | skip: 12521 | erros: 0
[2026-03-29T16:27:53.445Z] [2022] 2022-07-10/2022-07-16 | novos: 155846 | skip: 15540 | erros: 0
[2026-03-29T16:28:27.683Z] [2022] 2022-06-26/2022-07-02 | novos: 170859 | skip: 16381 | erros: 0
[2026-03-29T16:29:02.228Z] [2022] 2022-06-05/2022-06-11 | novos: 191485 | skip: 17838 | erros: 0
[2026-03-29T16:29:38.703Z] [2022] 2022-05-22/2022-05-28 | novos: 206987 | skip: 19021 | erros: 0
[2026-03-29T16:30:33.417Z] [2022] 2022-04-24/2022-04-30 | novos: 235957 | skip: 22488 | erros: 0
[2026-03-29T16:30:43.851Z] [2022] 2022-04-17/2022-04-23 | novos: 241190 | skip: 23623 | erros: 0
[2026-03-29T16:30:57.149Z] [2022] 2022-04-10/2022-04-16 | novos: 245153 | skip: 23623 | erros: 0
[2026-03-29T16:32:02.324Z] [2022] 2022-03-20/2022-03-26 | novos: 265570 | skip: 26045 | erros: 0
[2026-03-29T16:32:40.529Z] [2022] 2022-03-06/2022-03-12 | novos: 281155 | skip: 27232 | erros: 0
[2026-03-29T16:32:48.496Z] [2022] 2022-02-27/2022-03-05 | novos: 285886 | skip: 27794 | erros: 0
[2026-03-29T16:33:53.310Z] [2022] 2022-01-30/2022-02-05 | novos: 315925 | skip: 30643 | erros: 0
[2026-03-29T16:34:38.546Z] [2022] 2022-01-02/2022-01-08 | novos: 335046 | skip: 32031 | erros: 0
[2026-03-29T16:34:44.548Z] [2022] 2022-01-01/2022-01-01 | novos: 335067 | skip: 32031 | erros: 0
[2026-03-29T16:34:44.549Z] [2022] COMPLETO — 335067 novos, 32031 duplicatas, 0 erros
[2026-03-29T16:34:44.550Z] Total no CSV: 335067 processos
] [2022] COMPLETO — 335067 novos, 32031 duplicatas, 0 erros
[2026-03-29T16:34:44.550Z] Total no CSV: 335067 processos
