[2026-03-29T15:07:07.849796] Resume: 1 processos já extraídos
[2026-03-29T15:07:07.850945] Iniciando Chrome headless...
[2026-03-29T15:07:11.610587] Chrome OK
[2026-03-29T15:07:18.505439] BLOQUEADO em reg 20260400000 — esperando 30s
[2026-03-29T15:07:56.855858] BLOQUEADO em reg 20260399999 — esperando 30s
[2026-03-29T15:08:35.087801] BLOQUEADO em reg 20260399998 — esperando 30s
[2026-03-29T15:09:13.447269] BLOQUEADO em reg 20260399997 — esperando 30s
[2026-03-29T15:09:51.662156] BLOQUEADO em reg 20260399996 — esperando 30s
[2026-03-29T15:10:35.145134] Chrome reiniciado
[2026-03-29T15:10:43.540555] BLOQUEADO em reg 20260399995 — esperando 30s
[2026-03-29T15:11:21.866198] BLOQUEADO em reg 20260399994 — esperando 30s
[2026-03-29T15:12:00.200769] BLOQUEADO em reg 20260399993 — esperando 30s
[2026-03-29T15:12:38.486987] BLOQUEADO em reg 20260399992 — esperando 30s
[2026-03-29T15:13:16.803896] BLOQUEADO em reg 20260399991 — esperando 30s
[2026-03-29T15:14:00.753717] Chrome reiniciado
[2026-03-29T15:14:09.412300] BLOQUEADO em reg 20260399990 — esperando 30s
[2026-03-29T15:14:47.645629] BLOQUEADO em reg 20260399989 — esperando 30s
[2026-03-29T15:15:25.855845] BLOQUEADO em reg 20260399988 — esperando 30s
[2026-03-29T15:16:04.421555] BLOQUEADO em reg 20260399987 — esperando 30s
[2026-03-29T15:16:42.919063] BLOQUEADO em reg 20260399986 — esperando 30s
[2026-03-29T15:17:27.707485] Chrome reiniciado
[2026-03-29T15:17:36.124806] BLOQUEADO em reg 20260399985 — esperando 30s
[2026-03-29T15:18:14.362936] BLOQUEADO em reg 20260399984 — esperando 30s
[2026-03-29T15:18:52.582042] BLOQUEADO em reg 20260399983 — esperando 30s
[2026-03-29T15:19:30.919370] BLOQUEADO em reg 20260399982 — esperando 30s
[2026-03-29T15:20:09.250847] BLOQUEADO em reg 20260399981 — esperando 30s
[2026-03-29T15:20:52.863298] Chrome reiniciado
[2026-03-29T15:21:01.574719] BLOQUEADO em reg 20260399980 — esperando 30s
[2026-03-29T15:21:39.887624] BLOQUEADO em reg 20260399979 — esperando 30s
[2026-03-29T15:22:18.140998] BLOQUEADO em reg 20260399978 — esperando 30s
[2026-03-29T15:22:56.462504] BLOQUEADO em reg 20260399977 — esperando 30s
[2026-03-29T15:23:34.698143] BLOQUEADO em reg 20260399976 — esperando 30s
[2026-03-29T15:24:18.542898] Chrome reiniciado
[2026-03-29T15:24:26.941859] BLOQUEADO em reg 20260399975 — esperando 30s
[2026-03-29T15:25:05.163787] BLOQUEADO em reg 20260399974 — esperando 30s
[2026-03-29T15:25:43.424037] BLOQUEADO em reg 20260399973 — esperando 30s
[2026-03-29T15:26:21.700685] BLOQUEADO em reg 20260399972 — esperando 30s
[2026-03-29T15:27:00.196867] BLOQUEADO em reg 20260399971 — esperando 30s
[2026-03-29T15:27:44.074904] Chrome reiniciado
[2026-03-29T15:27:52.486134] BLOQUEADO em reg 20260399970 — esperando 30s
[2026-03-29T15:28:30.733595] BLOQUEADO em reg 20260399969 — esperando 30s
[2026-03-29T15:29:09.015762] BLOQUEADO em reg 20260399968 — esperando 30s
[2026-03-29T15:29:47.352983] BLOQUEADO em reg 20260399967 — esperando 30s
[2026-03-29T15:30:25.623116] BLOQUEADO em reg 20260399966 — esperando 30s
[2026-03-29T15:31:08.944612] Chrome reiniciado
[2026-03-29T15:31:17.529846] BLOQUEADO em reg 20260399965 — esperando 30s
[2026-03-29T15:31:55.767965] BLOQUEADO em reg 20260399964 — esperando 30s
[2026-03-29T15:32:34.012019] BLOQUEADO em reg 20260399963 — esperando 30s
[2026-03-29T15:33:12.259473] BLOQUEADO em reg 20260399962 — esperando 30s
[2026-03-29T15:33:50.512506] BLOQUEADO em reg 20260399961 — esperando 30s
[2026-03-29T15:34:34.125881] Chrome reiniciado
[2026-03-29T15:34:42.788915] BLOQUEADO em reg 20260399960 — esperando 30s
[2026-03-29T15:35:20.995798] BLOQUEADO em reg 20260399959 — esperando 30s
[2026-03-29T15:35:59.337651] BLOQUEADO em reg 20260399958 — esperando 30s
[2026-03-29T15:36:37.559059] BLOQUEADO em reg 20260399957 — esperando 30s
[2026-03-29T15:37:15.888602] BLOQUEADO em reg 20260399956 — esperando 30s
[2026-03-29T15:37:59.631142] Chrome reiniciado
[2026-03-29T15:38:08.324466] BLOQUEADO em reg 20260399955 — esperando 30s
[2026-03-29T15:38:46.556319] BLOQUEADO em reg 20260399954 — esperando 30s
[2026-03-29T15:39:24.765413] BLOQUEADO em reg 20260399953 — esperando 30s
[2026-03-29T15:40:02.966344] BLOQUEADO em reg 20260399952 — esperando 30s
[2026-03-29T15:40:41.648605] BLOQUEADO em reg 20260399951 — esperando 30s
[2026-03-29T15:41:25.405210] Chrome reiniciado
[2026-03-29T15:41:34.021398] BLOQUEADO em reg 20260399950 — esperando 30s
[2026-03-29T15:42:12.240453] BLOQUEADO em reg 20260399949 — esperando 30s
[2026-03-29T15:42:50.600346] BLOQUEADO em reg 20260399948 — esperando 30s
[2026-03-29T15:43:28.929528] BLOQUEADO em reg 20260399947 — esperando 30s
[2026-03-29T15:44:07.237034] BLOQUEADO em reg 20260399946 — esperando 30s
[2026-03-29T15:44:50.972374] Chrome reiniciado
[2026-03-29T15:44:59.632698] BLOQUEADO em reg 20260399945 — esperando 30s
[2026-03-29T15:45:37.841801] BLOQUEADO em reg 20260399944 — esperando 30s
[2026-03-29T15:46:16.056268] BLOQUEADO em reg 20260399943 — esperando 30s
[2026-03-29T15:46:54.495567] BLOQUEADO em reg 20260399942 — esperando 30s
[2026-03-29T15:47:32.770287] BLOQUEADO em reg 20260399941 — esperando 30s
[2026-03-29T15:48:16.369313] Chrome reiniciado
[2026-03-29T15:48:24.770050] BLOQUEADO em reg 20260399940 — esperando 30s
[2026-03-29T15:49:03.058025] BLOQUEADO em reg 20260399939 — esperando 30s
[2026-03-29T15:49:41.313106] BLOQUEADO em reg 20260399938 — esperando 30s
[2026-03-29T15:50:19.621334] BLOQUEADO em reg 20260399937 — esperando 30s
[2026-03-29T15:50:57.951357] BLOQUEADO em reg 20260399936 — esperando 30s
[2026-03-29T15:51:41.467724] Chrome reiniciado
[2026-03-29T15:51:49.905757] BLOQUEADO em reg 20260399935 — esperando 30s
[2026-03-29T15:52:28.221758] BLOQUEADO em reg 20260399934 — esperando 30s
[2026-03-29T15:53:06.436595] BLOQUEADO em reg 20260399933 — esperando 30s
[2026-03-29T15:53:44.692232] BLOQUEADO em reg 20260399932 — esperando 30s
[2026-03-29T15:54:22.970377] BLOQUEADO em reg 20260399931 — esperando 30s
[2026-03-29T15:55:06.515094] Chrome reiniciado
[2026-03-29T15:55:14.947114] BLOQUEADO em reg 20260399930 — esperando 30s
[2026-03-29T15:55:53.204400] BLOQUEADO em reg 20260399929 — esperando 30s
[2026-03-29T15:56:31.562320] BLOQUEADO em reg 20260399928 — esperando 30s
[2026-03-29T15:57:09.788805] BLOQUEADO em reg 20260399927 — esperando 30s
[2026-03-29T15:57:48.081798] BLOQUEADO em reg 20260399926 — esperando 30s
[2026-03-29T15:58:31.634816] Chrome reiniciado
[2026-03-29T15:58:40.181939] BLOQUEADO em reg 20260399925 — esperando 30s
[2026-03-29T15:59:18.388668] BLOQUEADO em reg 20260399924 — esperando 30s
[2026-03-29T15:59:56.589967] BLOQUEADO em reg 20260399923 — esperando 30s
[2026-03-29T16:00:34.774621] BLOQUEADO em reg 20260399922 — esperando 30s
[2026-03-29T16:01:13.030427] BLOQUEADO em reg 20260399921 — esperando 30s
[2026-03-29T16:01:56.357819] Chrome reiniciado
[2026-03-29T16:02:04.877352] BLOQUEADO em reg 20260399920 — esperando 30s
[2026-03-29T16:02:43.096164] BLOQUEADO em reg 20260399919 — esperando 30s
[2026-03-29T16:03:21.334194] BLOQUEADO em reg 20260399918 — esperando 30s
[2026-03-29T16:03:59.587911] BLOQUEADO em reg 20260399917 — esperando 30s
[2026-03-29T16:04:37.859812] BLOQUEADO em reg 20260399916 — esperando 30s
[2026-03-29T16:05:21.157976] Chrome reiniciado
[2026-03-29T16:05:29.748548] BLOQUEADO em reg 20260399915 — esperando 30s
[2026-03-29T16:06:07.978016] BLOQUEADO em reg 20260399914 — esperando 30s
[2026-03-29T16:06:46.174856] BLOQUEADO em reg 20260399913 — esperando 30s
[2026-03-29T16:07:24.406452] BLOQUEADO em reg 20260399912 — esperando 30s
[2026-03-29T16:08:02.696119] BLOQUEADO em reg 20260399911 — esperando 30s
[2026-03-29T16:08:46.116095] Chrome reiniciado
[2026-03-29T16:08:54.769709] BLOQUEADO em reg 20260399910 — esperando 30s
[2026-03-29T16:09:32.972217] BLOQUEADO em reg 20260399909 — esperando 30s
[2026-03-29T16:10:11.204671] BLOQUEADO em reg 20260399908 — esperando 30s
[2026-03-29T16:10:49.416000] BLOQUEADO em reg 20260399907 — esperando 30s
[2026-03-29T16:11:27.723436] BLOQUEADO em reg 20260399906 — esperando 30s
[2026-03-29T16:12:11.023732] Chrome reiniciado
[2026-03-29T16:12:19.639575] BLOQUEADO em reg 20260399905 — esperando 30s
[2026-03-29T16:12:57.963014] BLOQUEADO em reg 20260399904 — esperando 30s
[2026-03-29T16:13:36.207816] BLOQUEADO em reg 20260399903 — esperando 30s
[2026-03-29T16:14:14.416340] BLOQUEADO em reg 20260399902 — esperando 30s
[2026-03-29T16:14:52.687461] BLOQUEADO em reg 20260399901 — esperando 30s
[2026-03-29T16:15:36.030962] Chrome reiniciado
[2026-03-29T16:15:44.450224] BLOQUEADO em reg 20260399900 — esperando 30s
[2026-03-29T16:16:22.656578] BLOQUEADO em reg 20260399899 — esperando 30s
[2026-03-29T16:17:00.859755] BLOQUEADO em reg 20260399898 — esperando 30s
[2026-03-29T16:17:39.154762] BLOQUEADO em reg 20260399897 — esperando 30s
[2026-03-29T16:18:17.369084] BLOQUEADO em reg 20260399896 — esperando 30s
[2026-03-29T16:19:01.518035] Chrome reiniciado
[2026-03-29T16:19:10.050004] BLOQUEADO em reg 20260399895 — esperando 30s
[2026-03-29T16:19:48.321397] BLOQUEADO em reg 20260399894 — esperando 30s
[2026-03-29T16:20:26.551867] BLOQUEADO em reg 20260399893 — esperando 30s
[2026-03-29T16:21:04.829704] BLOQUEADO em reg 20260399892 — esperando 30s
[2026-03-29T16:21:43.032133] BLOQUEADO em reg 20260399891 — esperando 30s
[2026-03-29T16:22:26.488295] Chrome reiniciado
[2026-03-29T16:22:35.027393] BLOQUEADO em reg 20260399890 — esperando 30s
[2026-03-29T16:23:13.263737] BLOQUEADO em reg 20260399889 — esperando 30s
[2026-03-29T16:23:51.458863] BLOQUEADO em reg 20260399888 — esperando 30s
[2026-03-29T16:24:29.790630] BLOQUEADO em reg 20260399887 — esperando 30s
[2026-03-29T16:25:08.073327] BLOQUEADO em reg 20260399886 — esperando 30s
[2026-03-29T16:25:51.659448] Chrome reiniciado
[2026-03-29T16:26:00.115572] BLOQUEADO em reg 20260399885 — esperando 30s
[2026-03-29T16:26:38.339761] BLOQUEADO em reg 20260399884 — esperando 30s
[2026-03-29T16:27:16.579602] BLOQUEADO em reg 20260399883 — esperando 30s
[2026-03-29T16:27:54.812431] BLOQUEADO em reg 20260399882 — esperando 30s
[2026-03-29T16:28:33.216799] BLOQUEADO em reg 20260399881 — esperando 30s
[2026-03-29T16:29:16.775878] Chrome reiniciado
[2026-03-29T16:29:25.451660] BLOQUEADO em reg 20260399880 — esperando 30s
[2026-03-29T16:30:03.671046] BLOQUEADO em reg 20260399879 — esperando 30s
[2026-03-29T16:30:41.998575] BLOQUEADO em reg 20260399878 — esperando 30s
[2026-03-29T16:31:20.243990] BLOQUEADO em reg 20260399877 — esperando 30s
[2026-03-29T16:31:58.502613] BLOQUEADO em reg 20260399876 — esperando 30s
[2026-03-29T16:32:41.988786] Chrome reiniciado
[2026-03-29T16:32:50.658280] BLOQUEADO em reg 20260399875 — esperando 30s
[2026-03-29T16:33:28.860591] BLOQUEADO em reg 20260399874 — esperando 30s
[2026-03-29T16:34:07.060629] BLOQUEADO em reg 20260399873 — esperando 30s
[2026-03-29T16:34:45.375953] BLOQUEADO em reg 20260399872 — esperando 30s
[2026-03-29T16:35:23.637641] BLOQUEADO em reg 20260399871 — esperando 30s
[2026-03-29T16:36:06.969100] Chrome reiniciado
[2026-03-29T16:36:15.558332] BLOQUEADO em reg 20260399870 — esperando 30s
[2026-03-29T16:36:53.757329] BLOQUEADO em reg 20260399869 — esperando 30s
[2026-03-29T16:37:31.948387] BLOQUEADO em reg 20260399868 — esperando 30s
[2026-03-29T16:38:10.245017] BLOQUEADO em reg 20260399867 — esperando 30s
[2026-03-29T16:38:48.514391] BLOQUEADO em reg 20260399866 — esperando 30s
[2026-03-29T16:39:31.880121] Chrome reiniciado
[2026-03-29T16:39:40.304313] BLOQUEADO em reg 20260399865 — esperando 30s
[2026-03-29T16:40:18.531998] BLOQUEADO em reg 20260399864 — esperando 30s
[2026-03-29T16:40:56.735213] BLOQUEADO em reg 20260399863 — esperando 30s
[2026-03-29T16:41:35.035121] BLOQUEADO em reg 20260399862 — esperando 30s
[2026-03-29T16:42:13.316313] BLOQUEADO em reg 20260399861 — esperando 30s
[2026-03-29T16:42:56.636887] Chrome reiniciado
[2026-03-29T16:43:05.068406] BLOQUEADO em reg 20260399860 — esperando 30s
[2026-03-29T16:43:43.269886] BLOQUEADO em reg 20260399859 — esperando 30s
[2026-03-29T16:44:21.568082] BLOQUEADO em reg 20260399858 — esperando 30s
[2026-03-29T16:44:59.764046] BLOQUEADO em reg 20260399857 — esperando 30s
[2026-03-29T16:45:38.012820] BLOQUEADO em reg 20260399856 — esperando 30s
[2026-03-29T16:46:21.289362] Chrome reiniciado
[2026-03-29T16:46:29.967748] BLOQUEADO em reg 20260399855 — esperando 30s
[2026-03-29T16:47:08.157292] BLOQUEADO em reg 20260399854 — esperando 30s
[2026-03-29T16:47:46.358713] BLOQUEADO em reg 20260399853 — esperando 30s
[2026-03-29T16:48:24.564721] BLOQUEADO em reg 20260399852 — esperando 30s
[2026-03-29T16:49:02.826270] BLOQUEADO em reg 20260399851 — esperando 30s
[2026-03-29T16:49:46.145192] Chrome reiniciado
[2026-03-29T16:49:54.519007] BLOQUEADO em reg 20260399850 — esperando 30s
[2026-03-29T16:50:32.764564] BLOQUEADO em reg 20260399849 — esperando 30s
[2026-03-29T16:51:10.950564] BLOQUEADO em reg 20260399848 — esperando 30s
[2026-03-29T16:51:49.148727] BLOQUEADO em reg 20260399847 — esperando 30s
[2026-03-29T16:52:27.372521] BLOQUEADO em reg 20260399846 — esperando 30s
[2026-03-29T16:53:10.646911] Chrome reiniciado
[2026-03-29T16:53:19.144497] BLOQUEADO em reg 20260399845 — esperando 30s
[2026-03-29T16:53:57.368352] BLOQUEADO em reg 20260399844 — esperando 30s
[2026-03-29T16:54:35.588324] BLOQUEADO em reg 20260399843 — esperando 30s
[2026-03-29T16:55:13.778462] BLOQUEADO em reg 20260399842 — esperando 30s
[2026-03-29T16:55:52.097769] BLOQUEADO em reg 20260399841 — esperando 30s
[2026-03-29T16:56:35.406489] Chrome reiniciado
[2026-03-29T16:56:43.834516] BLOQUEADO em reg 20260399840 — esperando 30s
[2026-03-29T16:57:22.045583] BLOQUEADO em reg 20260399839 — esperando 30s
[2026-03-29T16:58:00.239216] BLOQUEADO em reg 20260399838 — esperando 30s
[2026-03-29T16:58:38.493099] BLOQUEADO em reg 20260399837 — esperando 30s
[2026-03-29T16:59:16.745695] BLOQUEADO em reg 20260399836 — esperando 30s
[2026-03-29T17:00:00.086141] Chrome reiniciado
[2026-03-29T17:00:08.738507] BLOQUEADO em reg 20260399835 — esperando 30s
[2026-03-29T17:00:47.053317] BLOQUEADO em reg 20260399834 — esperando 30s
[2026-03-29T17:01:25.249025] BLOQUEADO em reg 20260399833 — esperando 30s
[2026-03-29T17:02:03.460937] BLOQUEADO em reg 20260399832 — esperando 30s
[2026-03-29T17:02:41.734085] BLOQUEADO em reg 20260399831 — esperando 30s
[2026-03-29T17:03:25.107002] Chrome reiniciado
[2026-03-29T17:03:33.505279] BLOQUEADO em reg 20260399830 — esperando 30s
[2026-03-29T17:04:11.719241] BLOQUEADO em reg 20260399829 — esperando 30s
[2026-03-29T17:04:49.922453] BLOQUEADO em reg 20260399828 — esperando 30s
[2026-03-29T17:05:28.185517] BLOQUEADO em reg 20260399827 — esperando 30s
[2026-03-29T17:06:06.497066] BLOQUEADO em reg 20260399826 — esperando 30s
[2026-03-29T17:06:49.830659] Chrome reiniciado
[2026-03-29T17:06:58.197822] BLOQUEADO em reg 20260399825 — esperando 30s
[2026-03-29T17:07:36.455829] BLOQUEADO em reg 20260399824 — esperando 30s
[2026-03-29T17:08:14.684688] BLOQUEADO em reg 20260399823 — esperando 30s
[2026-03-29T17:08:52.913835] BLOQUEADO em reg 20260399822 — esperando 30s
[2026-03-29T17:09:31.246759] BLOQUEADO em reg 20260399821 — esperando 30s
[2026-03-29T17:10:14.614821] Chrome reiniciado
[2026-03-29T17:10:23.237778] BLOQUEADO em reg 20260399820 — esperando 30s
[2026-03-29T17:11:01.476168] BLOQUEADO em reg 20260399819 — esperando 30s
[2026-03-29T17:11:39.749712] BLOQUEADO em reg 20260399818 — esperando 30s
[2026-03-29T17:12:17.977496] BLOQUEADO em reg 20260399817 — esperando 30s
[2026-03-29T17:12:56.379985] BLOQUEADO em reg 20260399816 — esperando 30s
[2026-03-29T17:13:39.756278] Chrome reiniciado
[2026-03-29T17:13:48.444497] BLOQUEADO em reg 20260399815 — esperando 30s
[2026-03-29T17:14:26.661850] BLOQUEADO em reg 20260399814 — esperando 30s
[2026-03-29T17:15:05.213853] BLOQUEADO em reg 20260399813 — esperando 30s
[2026-03-29T17:15:43.526086] BLOQUEADO em reg 20260399812 — esperando 30s
[2026-03-29T17:16:21.723929] BLOQUEADO em reg 20260399811 — esperando 30s
[2026-03-29T17:17:05.128217] Chrome reiniciado
[2026-03-29T17:17:13.619608] BLOQUEADO em reg 20260399810 — esperando 30s
[2026-03-29T17:17:51.854647] BLOQUEADO em reg 20260399809 — esperando 30s
[2026-03-29T17:18:30.076567] ERRO reg 20260399808: [Errno 22] Invalid argument
[2026-03-29T17:18:38.354150] BLOQUEADO em reg 20260399807 — esperando 30s
[2026-03-29T17:19:22.737306] Chrome reiniciado
[2026-03-29T17:19:31.166974] BLOQUEADO em reg 20260399806 — esperando 30s
[2026-03-29T17:20:09.400090] BLOQUEADO em reg 20260399805 — esperando 30s
[2026-03-29T17:20:47.634383] BLOQUEADO em reg 20260399804 — esperando 30s
[2026-03-29T17:21:25.840809] BLOQUEADO em reg 20260399803 — esperando 30s
[2026-03-29T17:22:04.117569] BLOQUEADO em reg 20260399802 — esperando 30s
[2026-03-29T17:22:47.683349] Chrome reiniciado
[2026-03-29T17:22:56.366003] BLOQUEADO em reg 20260399801 — esperando 30s
[2026-03-29T17:23:34.626150] BLOQUEADO em reg 20260399800 — esperando 30s
[2026-03-29T17:24:12.874638] BLOQUEADO em reg 20260399799 — esperando 30s
[2026-03-29T17:24:51.088983] BLOQUEADO em reg 20260399798 — esperando 30s
[2026-03-29T17:25:29.383160] BLOQUEADO em reg 20260399797 — esperando 30s
[2026-03-29T17:26:13.061191] Chrome reiniciado
[2026-03-29T17:26:21.585332] BLOQUEADO em reg 20260399796 — esperando 30s
[2026-03-29T17:26:59.800392] BLOQUEADO em reg 20260399795 — esperando 30s
[2026-03-29T17:27:38.126696] BLOQUEADO em reg 20260399794 — esperando 30s
[2026-03-29T17:28:16.338115] BLOQUEADO em reg 20260399793 — esperando 30s
[2026-03-29T17:28:54.649764] BLOQUEADO em reg 20260399792 — esperando 30s
[2026-03-29T17:29:38.263724] Chrome reiniciado
[2026-03-29T17:29:46.902626] BLOQUEADO em reg 20260399791 — esperando 30s
[2026-03-29T17:30:25.121295] BLOQUEADO em reg 20260399790 — esperando 30s
[2026-03-29T17:31:03.596521] BLOQUEADO em reg 20260399789 — esperando 30s
[2026-03-29T17:31:41.867416] BLOQUEADO em reg 20260399788 — esperando 30s
[2026-03-29T17:32:20.146179] BLOQUEADO em reg 20260399787 — esperando 30s
[2026-03-29T17:33:03.834250] Chrome reiniciado
[2026-03-29T17:33:12.438790] BLOQUEADO em reg 20260399786 — esperando 30s
[2026-03-29T17:33:50.666476] BLOQUEADO em reg 20260399785 — esperando 30s
[2026-03-29T17:34:28.899582] BLOQUEADO em reg 20260399784 — esperando 30s
[2026-03-29T17:35:07.122481] BLOQUEADO em reg 20260399783 — esperando 30s
[2026-03-29T17:35:45.401030] BLOQUEADO em reg 20260399782 — esperando 30s
[2026-03-29T17:36:29.006465] Chrome reiniciado
[2026-03-29T17:36:37.385336] BLOQUEADO em reg 20260399781 — esperando 30s
[2026-03-29T17:37:15.662425] BLOQUEADO em reg 20260399780 — esperando 30s
[2026-03-29T17:37:53.893645] BLOQUEADO em reg 20260399779 — esperando 30s
[2026-03-29T17:38:32.091486] BLOQUEADO em reg 20260399778 — esperando 30s
[2026-03-29T17:39:10.392879] BLOQUEADO em reg 20260399777 — esperando 30s
[2026-03-29T17:39:53.738234] Chrome reiniciado
[2026-03-29T17:40:02.406346] BLOQUEADO em reg 20260399776 — esperando 30s
[2026-03-29T17:40:40.890002] BLOQUEADO em reg 20260399775 — esperando 30s
[2026-03-29T17:41:19.141724] BLOQUEADO em reg 20260399774 — esperando 30s
[2026-03-29T17:41:57.416120] BLOQUEADO em reg 20260399773 — esperando 30s
[2026-03-29T17:42:35.916658] BLOQUEADO em reg 20260399772 — esperando 30s
[2026-03-29T17:43:19.320308] Chrome reiniciado
[2026-03-29T17:43:27.897642] BLOQUEADO em reg 20260399771 — esperando 30s
[2026-03-29T17:44:06.211525] BLOQUEADO em reg 20260399770 — esperando 30s
[2026-03-29T17:44:44.468812] BLOQUEADO em reg 20260399769 — esperando 30s
[2026-03-29T17:45:22.766028] BLOQUEADO em reg 20260399768 — esperando 30s
[2026-03-29T17:46:01.003621] BLOQUEADO em reg 20260399767 — esperando 30s
[2026-03-29T17:46:44.256254] Chrome reiniciado
[2026-03-29T17:46:52.657868] BLOQUEADO em reg 20260399766 — esperando 30s
[2026-03-29T17:47:30.845093] BLOQUEADO em reg 20260399765 — esperando 30s
[2026-03-29T17:48:09.142748] BLOQUEADO em reg 20260399764 — esperando 30s
[2026-03-29T17:48:47.375944] BLOQUEADO em reg 20260399763 — esperando 30s
[2026-03-29T17:49:25.676240] BLOQUEADO em reg 20260399762 — esperando 30s
[2026-03-29T17:50:09.082691] Chrome reiniciado
[2026-03-29T17:50:17.783478] BLOQUEADO em reg 20260399761 — esperando 30s
[2026-03-29T17:50:55.970589] BLOQUEADO em reg 20260399760 — esperando 30s
[2026-03-29T17:51:34.508853] BLOQUEADO em reg 20260399759 — esperando 30s
[2026-03-29T17:52:12.745228] BLOQUEADO em reg 20260399758 — esperando 30s
[2026-03-29T17:52:51.009510] BLOQUEADO em reg 20260399757 — esperando 30s
[2026-03-29T17:53:34.352328] Chrome reiniciado
[2026-03-29T17:53:42.817289] BLOQUEADO em reg 20260399756 — esperando 30s
[2026-03-29T17:54:21.020858] BLOQUEADO em reg 20260399755 — esperando 30s
[2026-03-29T17:54:59.226746] BLOQUEADO em reg 20260399754 — esperando 30s
[2026-03-29T17:55:37.428313] BLOQUEADO em reg 20260399753 — esperando 30s
[2026-03-29T17:56:15.639547] BLOQUEADO em reg 20260399752 — esperando 30s
[2026-03-29T17:56:58.973849] Chrome reiniciado
[2026-03-29T17:57:07.386333] BLOQUEADO em reg 20260399751 — esperando 30s
[2026-03-29T17:57:45.588603] BLOQUEADO em reg 20260399750 — esperando 30s
[2026-03-29T17:58:23.897668] BLOQUEADO em reg 20260399749 — esperando 30s
[2026-03-29T17:59:02.126513] BLOQUEADO em reg 20260399748 — esperando 30s
[2026-03-29T17:59:40.384914] BLOQUEADO em reg 20260399747 — esperando 30s
[2026-03-29T18:00:23.649102] Chrome reiniciado
[2026-03-29T18:00:32.372253] BLOQUEADO em reg 20260399746 — esperando 30s
[2026-03-29T18:01:10.590043] BLOQUEADO em reg 20260399745 — esperando 30s
[2026-03-29T18:01:48.815307] BLOQUEADO em reg 20260399744 — esperando 30s
[2026-03-29T18:02:27.032706] BLOQUEADO em reg 20260399743 — esperando 30s
[2026-03-29T18:03:05.341231] BLOQUEADO em reg 20260399742 — esperando 30s
[2026-03-29T18:03:48.786151] Chrome reiniciado
[2026-03-29T18:03:57.245645] BLOQUEADO em reg 20260399741 — esperando 30s
[2026-03-29T18:04:35.526851] BLOQUEADO em reg 20260399740 — esperando 30s
[2026-03-29T18:05:13.772173] BLOQUEADO em reg 20260399739 — esperando 30s
[2026-03-29T18:05:52.032502] BLOQUEADO em reg 20260399738 — esperando 30s
[2026-03-29T18:06:30.375062] BLOQUEADO em reg 20260399737 — esperando 30s
[2026-03-29T18:07:13.763077] Chrome reiniciado
[2026-03-29T18:07:22.305203] BLOQUEADO em reg 20260399736 — esperando 30s
[2026-03-29T18:08:00.504445] BLOQUEADO em reg 20260399735 — esperando 30s
[2026-03-29T18:08:38.714123] BLOQUEADO em reg 20260399734 — esperando 30s
[2026-03-29T18:09:16.944724] BLOQUEADO em reg 20260399733 — esperando 30s
[2026-03-29T18:09:55.245229] BLOQUEADO em reg 20260399732 — esperando 30s
[2026-03-29T18:10:38.597320] Chrome reiniciado
[2026-03-29T18:10:47.215725] BLOQUEADO em reg 20260399731 — esperando 30s
[2026-03-29T18:11:25.526834] BLOQUEADO em reg 20260399730 — esperando 30s
[2026-03-29T18:12:03.719467] BLOQUEADO em reg 20260399729 — esperando 30s
[2026-03-29T18:12:41.947434] BLOQUEADO em reg 20260399728 — esperando 30s
[2026-03-29T18:13:20.202819] BLOQUEADO em reg 20260399727 — esperando 30s
[2026-03-29T18:14:03.658769] Chrome reiniciado
[2026-03-29T18:14:12.118333] BLOQUEADO em reg 20260399726 — esperando 30s
[2026-03-29T18:14:50.308729] BLOQUEADO em reg 20260399725 — esperando 30s
[2026-03-29T18:15:28.505059] BLOQUEADO em reg 20260399724 — esperando 30s
[2026-03-29T18:16:06.696085] BLOQUEADO em reg 20260399723 — esperando 30s
[2026-03-29T18:16:44.941965] BLOQUEADO em reg 20260399722 — esperando 30s
[2026-03-29T18:17:28.140489] Chrome reiniciado
[2026-03-29T18:17:36.540233] BLOQUEADO em reg 20260399721 — esperando 30s
[2026-03-29T18:18:14.734454] BLOQUEADO em reg 20260399720 — esperando 30s
[2026-03-29T18:18:52.956976] BLOQUEADO em reg 20260399719 — esperando 30s
[2026-03-29T18:19:31.521481] BLOQUEADO em reg 20260399718 — esperando 30s
[2026-03-29T18:20:09.884011] BLOQUEADO em reg 20260399717 — esperando 30s
[2026-03-29T18:20:54.037948] Chrome reiniciado
[2026-03-29T18:21:03.174038] BLOQUEADO em reg 20260399716 — esperando 30s
[2026-03-29T18:21:41.374571] BLOQUEADO em reg 20260399715 — esperando 30s
[2026-03-29T18:22:19.559041] BLOQUEADO em reg 20260399714 — esperando 30s
[2026-03-29T18:22:57.757156] BLOQUEADO em reg 20260399713 — esperando 30s
[2026-03-29T18:23:36.040427] ERRO reg 20260399712: [Errno 22] Invalid argument
[2026-03-29T18:23:44.273976] BLOQUEADO em reg 20260399711 — esperando 30s
[2026-03-29T18:24:27.695148] Chrome reiniciado
[2026-03-29T18:24:36.126719] BLOQUEADO em reg 20260399710 — esperando 30s
[2026-03-29T18:25:14.375870] BLOQUEADO em reg 20260399709 — esperando 30s
[2026-03-29T18:25:52.581895] BLOQUEADO em reg 20260399708 — esperando 30s
[2026-03-29T18:26:30.917226] BLOQUEADO em reg 20260399707 — esperando 30s
[2026-03-29T18:27:09.168829] BLOQUEADO em reg 20260399706 — esperando 30s
[2026-03-29T18:27:52.934420] Chrome reiniciado
[2026-03-29T18:28:01.637997] BLOQUEADO em reg 20260399705 — esperando 30s
[2026-03-29T18:28:39.861727] BLOQUEADO em reg 20260399704 — esperando 30s
[2026-03-29T18:29:18.111446] BLOQUEADO em reg 20260399703 — esperando 30s
[2026-03-29T18:29:56.365994] BLOQUEADO em reg 20260399702 — esperando 30s
[2026-03-29T18:30:34.631234] BLOQUEADO em reg 20260399701 — esperando 30s
[2026-03-29T18:31:18.321452] Chrome reiniciado
[2026-03-29T18:31:27.530929] BLOQUEADO em reg 20260399700 — esperando 30s
[2026-03-29T18:32:05.757449] BLOQUEADO em reg 20260399699 — esperando 30s
[2026-03-29T18:32:43.997177] BLOQUEADO em reg 20260399698 — esperando 30s
[2026-03-29T18:33:22.405685] BLOQUEADO em reg 20260399697 — esperando 30s
[2026-03-29T18:34:00.722427] BLOQUEADO em reg 20260399696 — esperando 30s
[2026-03-29T18:34:44.819871] Chrome reiniciado
[2026-03-29T18:34:53.261999] BLOQUEADO em reg 20260399695 — esperando 30s
[2026-03-29T18:35:31.528478] BLOQUEADO em reg 20260399694 — esperando 30s
[2026-03-29T18:36:09.773441] BLOQUEADO em reg 20260399693 — esperando 30s
[2026-03-29T18:36:48.182611] BLOQUEADO em reg 20260399692 — esperando 30s
[2026-03-29T18:37:26.523485] BLOQUEADO em reg 20260399691 — esperando 30s
[2026-03-29T18:38:10.151591] Chrome reiniciado
[2026-03-29T18:38:18.628395] BLOQUEADO em reg 20260399690 — esperando 30s
[2026-03-29T18:38:56.834322] BLOQUEADO em reg 20260399689 — esperando 30s
[2026-03-29T18:39:35.161262] BLOQUEADO em reg 20260399688 — esperando 30s
[2026-03-29T18:40:13.531240] BLOQUEADO em reg 20260399687 — esperando 30s
[2026-03-29T18:40:51.812363] BLOQUEADO em reg 20260399686 — esperando 30s
[2026-03-29T18:41:35.185127] Chrome reiniciado
[2026-03-29T18:41:43.886485] BLOQUEADO em reg 20260399685 — esperando 30s
[2026-03-29T18:42:22.150408] BLOQUEADO em reg 20260399684 — esperando 30s
[2026-03-29T18:43:00.357066] BLOQUEADO em reg 20260399683 — esperando 30s
[2026-03-29T18:43:38.651022] BLOQUEADO em reg 20260399682 — esperando 30s
[2026-03-29T18:44:16.995439] BLOQUEADO em reg 20260399681 — esperando 30s
[2026-03-29T18:45:00.820199] Chrome reiniciado
[2026-03-29T18:45:09.213146] BLOQUEADO em reg 20260399680 — esperando 30s
[2026-03-29T18:45:47.434798] BLOQUEADO em reg 20260399679 — esperando 30s
[2026-03-29T18:46:25.651632] BLOQUEADO em reg 20260399678 — esperando 30s
[2026-03-29T18:47:03.900284] BLOQUEADO em reg 20260399677 — esperando 30s
[2026-03-29T18:47:42.120618] BLOQUEADO em reg 20260399676 — esperando 30s
[2026-03-29T18:48:25.631122] Chrome reiniciado
[2026-03-29T18:48:33.985585] BLOQUEADO em reg 20260399675 — esperando 30s
[2026-03-29T18:49:12.204297] BLOQUEADO em reg 20260399674 — esperando 30s
[2026-03-29T18:49:50.412101] BLOQUEADO em reg 20260399673 — esperando 30s
[2026-03-29T18:50:28.702777] BLOQUEADO em reg 20260399672 — esperando 30s
[2026-03-29T18:51:06.894907] BLOQUEADO em reg 20260399671 — esperando 30s
[2026-03-29T18:51:50.683404] Chrome reiniciado
[2026-03-29T18:51:59.369705] BLOQUEADO em reg 20260399670 — esperando 30s
[2026-03-29T18:52:37.603236] BLOQUEADO em reg 20260399669 — esperando 30s
[2026-03-29T18:53:15.825521] BLOQUEADO em reg 20260399668 — esperando 30s
[2026-03-29T18:53:54.085955] BLOQUEADO em reg 20260399667 — esperando 30s
[2026-03-29T18:54:32.433372] BLOQUEADO em reg 20260399666 — esperando 30s
[2026-03-29T18:55:16.114460] Chrome reiniciado
[2026-03-29T18:55:24.554370] BLOQUEADO em reg 20260399665 — esperando 30s
[2026-03-29T18:56:02.763126] BLOQUEADO em reg 20260399664 — esperando 30s
[2026-03-29T18:56:41.036441] BLOQUEADO em reg 20260399663 — esperando 30s
[2026-03-29T18:57:19.265646] BLOQUEADO em reg 20260399662 — esperando 30s
[2026-03-29T18:57:57.530986] BLOQUEADO em reg 20260399661 — esperando 30s
[2026-03-29T18:58:40.984514] Chrome reiniciado
[2026-03-29T18:58:49.561120] BLOQUEADO em reg 20260399660 — esperando 30s
[2026-03-29T18:59:27.831451] BLOQUEADO em reg 20260399659 — esperando 30s
[2026-03-29T19:00:06.036367] BLOQUEADO em reg 20260399658 — esperando 30s
[2026-03-29T19:00:44.244897] BLOQUEADO em reg 20260399657 — esperando 30s
[2026-03-29T19:01:22.524901] BLOQUEADO em reg 20260399656 — esperando 30s
[2026-03-29T19:02:06.259195] Chrome reiniciado
[2026-03-29T19:02:14.756650] BLOQUEADO em reg 20260399655 — esperando 30s
[2026-03-29T19:02:52.971831] BLOQUEADO em reg 20260399654 — esperando 30s
[2026-03-29T19:03:31.192052] BLOQUEADO em reg 20260399653 — esperando 30s
[2026-03-29T19:04:09.401494] BLOQUEADO em reg 20260399652 — esperando 30s
[2026-03-29T19:04:47.766001] BLOQUEADO em reg 20260399651 — esperando 30s
[2026-03-29T19:05:31.248425] Chrome reiniciado
[2026-03-29T19:05:39.630010] BLOQUEADO em reg 20260399650 — esperando 30s
[2026-03-29T19:06:17.873578] BLOQUEADO em reg 20260399649 — esperando 30s
[2026-03-29T19:06:56.126035] BLOQUEADO em reg 20260399648 — esperando 30s
[2026-03-29T19:07:34.315286] BLOQUEADO em reg 20260399647 — esperando 30s
[2026-03-29T19:08:12.587681] BLOQUEADO em reg 20260399646 — esperando 30s
[2026-03-29T19:08:55.888453] Chrome reiniciado
[2026-03-29T19:09:04.382086] BLOQUEADO em reg 20260399645 — esperando 30s
[2026-03-29T19:09:42.665349] BLOQUEADO em reg 20260399644 — esperando 30s
[2026-03-29T19:10:21.166633] BLOQUEADO em reg 20260399643 — esperando 30s
[2026-03-29T19:10:59.421603] BLOQUEADO em reg 20260399642 — esperando 30s
[2026-03-29T19:11:37.690991] BLOQUEADO em reg 20260399641 — esperando 30s
[2026-03-29T19:12:21.037462] Chrome reiniciado
[2026-03-29T19:12:29.493960] BLOQUEADO em reg 20260399640 — esperando 30s
[2026-03-29T19:13:07.693689] BLOQUEADO em reg 20260399639 — esperando 30s
[2026-03-29T19:13:45.891510] BLOQUEADO em reg 20260399638 — esperando 30s
[2026-03-29T19:14:24.077992] BLOQUEADO em reg 20260399637 — esperando 30s
[2026-03-29T19:15:02.330821] BLOQUEADO em reg 20260399636 — esperando 30s
[2026-03-29T19:15:45.730793] Chrome reiniciado
[2026-03-29T19:15:54.367026] BLOQUEADO em reg 20260399635 — esperando 30s
[2026-03-29T19:16:32.621964] BLOQUEADO em reg 20260399634 — esperando 30s
[2026-03-29T19:17:10.850978] BLOQUEADO em reg 20260399633 — esperando 30s
[2026-03-29T19:17:49.206013] BLOQUEADO em reg 20260399632 — esperando 30s
[2026-03-29T19:18:27.419335] BLOQUEADO em reg 20260399631 — esperando 30s
[2026-03-29T19:19:10.855225] Chrome reiniciado
[2026-03-29T19:19:19.504336] BLOQUEADO em reg 20260399630 — esperando 30s
[2026-03-29T19:19:57.739222] BLOQUEADO em reg 20260399629 — esperando 30s
[2026-03-29T19:20:35.978073] BLOQUEADO em reg 20260399628 — esperando 30s
[2026-03-29T19:21:14.231902] BLOQUEADO em reg 20260399627 — esperando 30s
[2026-03-29T19:21:52.842157] BLOQUEADO em reg 20260399626 — esperando 30s
[2026-03-29T19:22:36.950878] Chrome reiniciado
[2026-03-29T19:22:45.365063] BLOQUEADO em reg 20260399625 — esperando 30s
[2026-03-29T19:23:23.626216] BLOQUEADO em reg 20260399624 — esperando 30s
[2026-03-29T19:24:01.865822] BLOQUEADO em reg 20260399623 — esperando 30s
[2026-03-29T19:24:40.154189] BLOQUEADO em reg 20260399622 — esperando 30s
[2026-03-29T19:25:18.468527] BLOQUEADO em reg 20260399621 — esperando 30s
[2026-03-29T19:26:01.949286] Chrome reiniciado
[2026-03-29T19:26:10.366344] BLOQUEADO em reg 20260399620 — esperando 30s
[2026-03-29T19:26:48.655723] BLOQUEADO em reg 20260399619 — esperando 30s
[2026-03-29T19:27:26.852116] BLOQUEADO em reg 20260399618 — esperando 30s
[2026-03-29T19:28:05.078981] BLOQUEADO em reg 20260399617 — esperando 30s
[2026-03-29T19:28:43.287208] ERRO reg 20260399616: [Errno 22] Invalid argument
[2026-03-29T19:28:51.605443] BLOQUEADO em reg 20260399615 — esperando 30s
[2026-03-29T19:29:35.150776] Chrome reiniciado
[2026-03-29T19:29:43.540906] BLOQUEADO em reg 20260399614 — esperando 30s
[2026-03-29T19:30:22.089204] BLOQUEADO em reg 20260399613 — esperando 30s
[2026-03-29T19:31:00.423300] BLOQUEADO em reg 20260399612 — esperando 30s
[2026-03-29T19:31:38.666405] BLOQUEADO em reg 20260399611 — esperando 30s
[2026-03-29T19:32:16.900991] BLOQUEADO em reg 20260399610 — esperando 30s
[2026-03-29T19:33:00.951102] Chrome reiniciado
[2026-03-29T19:33:09.498488] BLOQUEADO em reg 20260399609 — esperando 30s
[2026-03-29T19:33:47.727981] BLOQUEADO em reg 20260399608 — esperando 30s
[2026-03-29T19:34:25.961282] BLOQUEADO em reg 20260399607 — esperando 30s
[2026-03-29T19:35:04.192217] BLOQUEADO em reg 20260399606 — esperando 30s
[2026-03-29T19:35:42.556548] BLOQUEADO em reg 20260399605 — esperando 30s
[2026-03-29T19:36:26.520164] Chrome reiniciado
[2026-03-29T19:36:35.708446] BLOQUEADO em reg 20260399604 — esperando 30s
[2026-03-29T19:37:13.930981] BLOQUEADO em reg 20260399603 — esperando 30s
[2026-03-29T19:37:52.313489] BLOQUEADO em reg 20260399602 — esperando 30s
[2026-03-29T19:38:30.561259] BLOQUEADO em reg 20260399601 — esperando 30s
[2026-03-29T19:39:09.619523] BLOQUEADO em reg 20260399600 — esperando 30s
[2026-03-29T19:39:53.461063] Chrome reiniciado
[2026-03-29T19:40:01.914737] BLOQUEADO em reg 20260399599 — esperando 30s
[2026-03-29T19:40:40.155290] BLOQUEADO em reg 20260399598 — esperando 30s
[2026-03-29T19:41:18.523529] BLOQUEADO em reg 20260399597 — esperando 30s
[2026-03-29T19:41:56.801069] BLOQUEADO em reg 20260399596 — esperando 30s
[2026-03-29T19:42:35.176216] BLOQUEADO em reg 20260399595 — esperando 30s
[2026-03-29T19:43:19.081952] Chrome reiniciado
[2026-03-29T19:43:27.521237] BLOQUEADO em reg 20260399594 — esperando 30s
[2026-03-29T19:44:05.786216] BLOQUEADO em reg 20260399593 — esperando 30s
[2026-03-29T19:44:44.042539] BLOQUEADO em reg 20260399592 — esperando 30s
[2026-03-29T19:45:22.264695] BLOQUEADO em reg 20260399591 — esperando 30s
[2026-03-29T19:46:00.671751] BLOQUEADO em reg 20260399590 — esperando 30s
[2026-03-29T19:46:44.507604] Chrome reiniciado
[2026-03-29T19:46:52.908202] BLOQUEADO em reg 20260399589 — esperando 30s
[2026-03-29T19:47:31.172851] BLOQUEADO em reg 20260399588 — esperando 30s
[2026-03-29T19:48:09.421126] BLOQUEADO em reg 20260399587 — esperando 30s
[2026-03-29T19:48:47.755713] BLOQUEADO em reg 20260399586 — esperando 30s
[2026-03-29T19:49:26.003567] BLOQUEADO em reg 20260399585 — esperando 30s
[2026-03-29T19:50:09.775495] Chrome reiniciado
[2026-03-29T19:50:18.350992] BLOQUEADO em reg 20260399584 — esperando 30s
[2026-03-29T19:50:56.737250] BLOQUEADO em reg 20260399583 — esperando 30s
[2026-03-29T19:51:34.944772] BLOQUEADO em reg 20260399582 — esperando 30s
[2026-03-29T19:52:13.170570] BLOQUEADO em reg 20260399581 — esperando 30s
[2026-03-29T19:52:51.539816] BLOQUEADO em reg 20260399580 — esperando 30s
[2026-03-29T19:53:35.113146] Chrome reiniciado
[2026-03-29T19:53:43.855400] BLOQUEADO em reg 20260399579 — esperando 30s
[2026-03-29T19:54:22.091041] BLOQUEADO em reg 20260399578 — esperando 30s
[2026-03-29T19:55:00.304670] BLOQUEADO em reg 20260399577 — esperando 30s
[2026-03-29T19:55:38.649298] BLOQUEADO em reg 20260399576 — esperando 30s
[2026-03-29T19:56:17.000679] BLOQUEADO em reg 20260399575 — esperando 30s
[2026-03-29T19:57:00.615709] Chrome reiniciado
[2026-03-29T19:57:09.181127] BLOQUEADO em reg 20260399574 — esperando 30s
[2026-03-29T19:57:47.402699] BLOQUEADO em reg 20260399573 — esperando 30s
[2026-03-29T19:58:25.784119] BLOQUEADO em reg 20260399572 — esperando 30s
[2026-03-29T19:59:04.299813] BLOQUEADO em reg 20260399571 — esperando 30s
[2026-03-29T19:59:42.735353] BLOQUEADO em reg 20260399570 — esperando 30s
[2026-03-29T20:00:26.543865] Chrome reiniciado
[2026-03-29T20:00:35.334442] BLOQUEADO em reg 20260399569 — esperando 30s
[2026-03-29T20:01:13.675221] BLOQUEADO em reg 20260399568 — esperando 30s
[2026-03-29T20:01:51.929357] BLOQUEADO em reg 20260399567 — esperando 30s
[2026-03-29T20:02:30.280751] BLOQUEADO em reg 20260399566 — esperando 30s
[2026-03-29T20:03:08.565938] BLOQUEADO em reg 20260399565 — esperando 30s
[2026-03-29T20:03:52.271911] Chrome reiniciado
[2026-03-29T20:04:01.020464] BLOQUEADO em reg 20260399564 — esperando 30s
[2026-03-29T20:04:39.768976] BLOQUEADO em reg 20260399563 — esperando 30s
[2026-03-29T20:05:18.135741] BLOQUEADO em reg 20260399562 — esperando 30s
[2026-03-29T20:05:56.342654] BLOQUEADO em reg 20260399561 — esperando 30s
[2026-03-29T20:06:34.668029] BLOQUEADO em reg 20260399560 — esperando 30s
[2026-03-29T20:07:18.336813] Chrome reiniciado
[2026-03-29T20:07:26.718688] BLOQUEADO em reg 20260399559 — esperando 30s
[2026-03-29T20:08:04.953373] BLOQUEADO em reg 20260399558 — esperando 30s
[2026-03-29T20:08:43.240229] BLOQUEADO em reg 20260399557 — esperando 30s
[2026-03-29T20:09:21.526043] BLOQUEADO em reg 20260399556 — esperando 30s
[2026-03-29T20:09:59.824688] BLOQUEADO em reg 20260399555 — esperando 30s
[2026-03-29T20:10:43.377379] Chrome reiniciado
[2026-03-29T20:10:52.176674] BLOQUEADO em reg 20260399554 — esperando 30s
[2026-03-29T20:11:30.436586] BLOQUEADO em reg 20260399553 — esperando 30s
[2026-03-29T20:12:08.689817] BLOQUEADO em reg 20260399552 — esperando 30s
[2026-03-29T20:12:47.272828] BLOQUEADO em reg 20260399551 — esperando 30s
[2026-03-29T20:13:25.551697] BLOQUEADO em reg 20260399550 — esperando 30s
[2026-03-29T20:14:09.174744] Chrome reiniciado
[2026-03-29T20:14:17.599324] BLOQUEADO em reg 20260399549 — esperando 30s
[2026-03-29T20:14:55.811741] BLOQUEADO em reg 20260399548 — esperando 30s
[2026-03-29T20:15:34.081791] BLOQUEADO em reg 20260399547 — esperando 30s
[2026-03-29T20:16:12.350389] BLOQUEADO em reg 20260399546 — esperando 30s
[2026-03-29T20:16:50.797671] BLOQUEADO em reg 20260399545 — esperando 30s
[2026-03-29T20:17:34.292002] Chrome reiniciado
[2026-03-29T20:17:42.754501] BLOQUEADO em reg 20260399544 — esperando 30s
[2026-03-29T20:18:21.023383] BLOQUEADO em reg 20260399543 — esperando 30s
[2026-03-29T20:18:59.272668] BLOQUEADO em reg 20260399542 — esperando 30s
[2026-03-29T20:19:37.499941] BLOQUEADO em reg 20260399541 — esperando 30s
[2026-03-29T20:20:15.852168] BLOQUEADO em reg 20260399540 — esperando 30s
[2026-03-29T20:20:59.190359] Chrome reiniciado
[2026-03-29T20:21:07.857701] BLOQUEADO em reg 20260399539 — esperando 30s
[2026-03-29T20:21:46.094947] BLOQUEADO em reg 20260399538 — esperando 30s
[2026-03-29T20:22:24.299119] BLOQUEADO em reg 20260399537 — esperando 30s
[2026-03-29T20:23:02.594623] BLOQUEADO em reg 20260399536 — esperando 30s
[2026-03-29T20:23:40.911479] BLOQUEADO em reg 20260399535 — esperando 30s
[2026-03-29T20:24:24.987370] Chrome reiniciado
[2026-03-29T20:24:33.399812] BLOQUEADO em reg 20260399534 — esperando 30s
[2026-03-29T20:25:11.661257] BLOQUEADO em reg 20260399533 — esperando 30s
[2026-03-29T20:25:49.926043] BLOQUEADO em reg 20260399532 — esperando 30s
[2026-03-29T20:26:28.237528] BLOQUEADO em reg 20260399531 — esperando 30s
[2026-03-29T20:27:06.492705] BLOQUEADO em reg 20260399530 — esperando 30s
[2026-03-29T20:27:49.952231] Chrome reiniciado
[2026-03-29T20:27:58.640366] BLOQUEADO em reg 20260399529 — esperando 30s
[2026-03-29T20:28:36.837451] BLOQUEADO em reg 20260399528 — esperando 30s
[2026-03-29T20:29:15.035630] BLOQUEADO em reg 20260399527 — esperando 30s
[2026-03-29T20:29:53.234401] BLOQUEADO em reg 20260399526 — esperando 30s
[2026-03-29T20:30:31.462482] BLOQUEADO em reg 20260399525 — esperando 30s
[2026-03-29T20:31:15.046063] Chrome reiniciado
[2026-03-29T20:31:23.933684] BLOQUEADO em reg 20260399524 — esperando 30s
[2026-03-29T20:32:02.191404] BLOQUEADO em reg 20260399523 — esperando 30s
[2026-03-29T20:32:40.410920] BLOQUEADO em reg 20260399522 — esperando 30s
[2026-03-29T20:33:18.642736] BLOQUEADO em reg 20260399521 — esperando 30s
[2026-03-29T20:33:56.929093] ERRO reg 20260399520: [Errno 22] Invalid argument
[2026-03-29T20:34:05.304910] BLOQUEADO em reg 20260399519 — esperando 30s
[2026-03-29T20:34:48.910894] Chrome reiniciado
[2026-03-29T20:34:57.452939] BLOQUEADO em reg 20260399518 — esperando 30s
[2026-03-29T20:35:35.722366] BLOQUEADO em reg 20260399517 — esperando 30s
[2026-03-29T20:36:14.034000] BLOQUEADO em reg 20260399516 — esperando 30s
[2026-03-29T20:36:52.268408] BLOQUEADO em reg 20260399515 — esperando 30s
[2026-03-29T20:37:30.629714] BLOQUEADO em reg 20260399514 — esperando 30s
[2026-03-29T20:38:14.480984] Chrome reiniciado
[2026-03-29T20:38:22.989560] BLOQUEADO em reg 20260399513 — esperando 30s
[2026-03-29T20:39:01.212453] BLOQUEADO em reg 20260399512 — esperando 30s
[2026-03-29T20:39:39.427010] BLOQUEADO em reg 20260399511 — esperando 30s
[2026-03-29T20:40:17.649600] BLOQUEADO em reg 20260399510 — esperando 30s
[2026-03-29T20:40:55.924638] BLOQUEADO em reg 20260399509 — esperando 30s
[2026-03-29T20:41:39.464306] Chrome reiniciado
[2026-03-29T20:41:48.061700] BLOQUEADO em reg 20260399508 — esperando 30s
[2026-03-29T20:42:26.439673] BLOQUEADO em reg 20260399507 — esperando 30s
[2026-03-29T20:43:04.686513] BLOQUEADO em reg 20260399506 — esperando 30s
[2026-03-29T20:43:42.953159] BLOQUEADO em reg 20260399505 — esperando 30s
[2026-03-29T20:44:21.184345] BLOQUEADO em reg 20260399504 — esperando 30s
[2026-03-29T20:45:04.602925] Chrome reiniciado
[2026-03-29T20:45:12.969210] BLOQUEADO em reg 20260399503 — esperando 30s
[2026-03-29T20:45:51.182164] BLOQUEADO em reg 20260399502 — esperando 30s
[2026-03-29T20:46:29.535075] BLOQUEADO em reg 20260399501 — esperando 30s
[2026-03-29T20:47:07.758637] BLOQUEADO em reg 20260399500 — esperando 30s
[2026-03-29T20:47:46.017707] BLOQUEADO em reg 20260399499 — esperando 30s
[2026-03-29T20:48:29.599669] Chrome reiniciado
[2026-03-29T20:48:38.005056] BLOQUEADO em reg 20260399498 — esperando 30s
[2026-03-29T20:49:16.245077] BLOQUEADO em reg 20260399497 — esperando 30s
[2026-03-29T20:49:54.543415] BLOQUEADO em reg 20260399496 — esperando 30s
[2026-03-29T20:50:32.816935] BLOQUEADO em reg 20260399495 — esperando 30s
[2026-03-29T20:51:11.024180] BLOQUEADO em reg 20260399494 — esperando 30s
[2026-03-29T20:51:54.658998] Chrome reiniciado
[2026-03-29T20:52:03.048219] BLOQUEADO em reg 20260399493 — esperando 30s
[2026-03-29T20:52:41.286463] BLOQUEADO em reg 20260399492 — esperando 30s
[2026-03-29T20:53:19.561669] BLOQUEADO em reg 20260399491 — esperando 30s
[2026-03-29T20:53:57.782163] BLOQUEADO em reg 20260399490 — esperando 30s
[2026-03-29T20:54:36.067761] BLOQUEADO em reg 20260399489 — esperando 30s
[2026-03-29T20:55:19.596421] Chrome reiniciado
[2026-03-29T20:55:28.005431] BLOQUEADO em reg 20260399488 — esperando 30s
[2026-03-29T20:56:06.316997] BLOQUEADO em reg 20260399487 — esperando 30s
[2026-03-29T20:56:44.550214] BLOQUEADO em reg 20260399486 — esperando 30s
[2026-03-29T20:57:22.809063] BLOQUEADO em reg 20260399485 — esperando 30s
[2026-03-29T20:58:01.060020] BLOQUEADO em reg 20260399484 — esperando 30s
[2026-03-29T20:58:44.657894] Chrome reiniciado
[2026-03-29T20:58:53.856682] BLOQUEADO em reg 20260399483 — esperando 30s
[2026-03-29T20:59:32.072547] BLOQUEADO em reg 20260399482 — esperando 30s
[2026-03-29T21:00:10.304218] BLOQUEADO em reg 20260399481 — esperando 30s
[2026-03-29T21:00:48.627847] BLOQUEADO em reg 20260399480 — esperando 30s
[2026-03-29T21:01:26.986171] BLOQUEADO em reg 20260399479 — esperando 30s
[2026-03-29T21:02:10.537025] Chrome reiniciado
[2026-03-29T21:02:19.068277] BLOQUEADO em reg 20260399478 — esperando 30s
[2026-03-29T21:02:57.267836] BLOQUEADO em reg 20260399477 — esperando 30s
[2026-03-29T21:03:35.531668] BLOQUEADO em reg 20260399476 — esperando 30s
[2026-03-29T21:04:13.736819] BLOQUEADO em reg 20260399475 — esperando 30s
[2026-03-29T21:04:51.979720] BLOQUEADO em reg 20260399474 — esperando 30s
[2026-03-29T21:05:35.324832] Chrome reiniciado
[2026-03-29T21:05:43.823418] BLOQUEADO em reg 20260399473 — esperando 30s
[2026-03-29T21:06:22.020588] BLOQUEADO em reg 20260399472 — esperando 30s
[2026-03-29T21:07:00.222148] BLOQUEADO em reg 20260399471 — esperando 30s
[2026-03-29T21:07:38.439595] BLOQUEADO em reg 20260399470 — esperando 30s
[2026-03-29T21:08:16.723672] BLOQUEADO em reg 20260399469 — esperando 30s
[2026-03-29T21:09:00.254564] Chrome reiniciado
[2026-03-29T21:09:08.740450] BLOQUEADO em reg 20260399468 — esperando 30s
[2026-03-29T21:09:47.021522] BLOQUEADO em reg 20260399467 — esperando 30s
[2026-03-29T21:10:25.304107] BLOQUEADO em reg 20260399466 — esperando 30s
[2026-03-29T21:11:03.511192] BLOQUEADO em reg 20260399465 — esperando 30s
[2026-03-29T21:11:41.785571] BLOQUEADO em reg 20260399464 — esperando 30s
[2026-03-29T21:12:25.463146] Chrome reiniciado
[2026-03-29T21:12:33.899502] BLOQUEADO em reg 20260399463 — esperando 30s
[2026-03-29T21:13:12.143025] BLOQUEADO em reg 20260399462 — esperando 30s
[2026-03-29T21:13:50.357106] BLOQUEADO em reg 20260399461 — esperando 30s
[2026-03-29T21:14:28.711335] BLOQUEADO em reg 20260399460 — esperando 30s
[2026-03-29T21:15:06.935473] BLOQUEADO em reg 20260399459 — esperando 30s
[2026-03-29T21:15:50.363141] Chrome reiniciado
[2026-03-29T21:15:59.036513] BLOQUEADO em reg 20260399458 — esperando 30s
[2026-03-29T21:16:37.254237] BLOQUEADO em reg 20260399457 — esperando 30s
[2026-03-29T21:17:15.464902] BLOQUEADO em reg 20260399456 — esperando 30s
[2026-03-29T21:17:53.673924] BLOQUEADO em reg 20260399455 — esperando 30s
[2026-03-29T21:18:31.889742] BLOQUEADO em reg 20260399454 — esperando 30s
[2026-03-29T21:19:15.343806] Chrome reiniciado
[2026-03-29T21:19:24.301052] BLOQUEADO em reg 20260399453 — esperando 30s
[2026-03-29T21:20:02.525445] BLOQUEADO em reg 20260399452 — esperando 30s
[2026-03-29T21:20:40.727251] BLOQUEADO em reg 20260399451 — esperando 30s
[2026-03-29T21:21:19.010453] BLOQUEADO em reg 20260399450 — esperando 30s
[2026-03-29T21:21:57.467310] BLOQUEADO em reg 20260399449 — esperando 30s
[2026-03-29T21:22:40.941802] Chrome reiniciado
[2026-03-29T21:22:49.669330] BLOQUEADO em reg 20260399448 — esperando 30s
[2026-03-29T21:23:27.887917] BLOQUEADO em reg 20260399447 — esperando 30s
[2026-03-29T21:24:06.094327] BLOQUEADO em reg 20260399446 — esperando 30s
[2026-03-29T21:24:44.390394] BLOQUEADO em reg 20260399445 — esperando 30s
[2026-03-29T21:25:22.680329] BLOQUEADO em reg 20260399444 — esperando 30s
[2026-03-29T21:26:07.133430] Chrome reiniciado
[2026-03-29T21:26:16.867409] BLOQUEADO em reg 20260399443 — esperando 30s
[2026-03-29T21:26:55.079778] BLOQUEADO em reg 20260399442 — esperando 30s
[2026-03-29T21:27:33.330415] BLOQUEADO em reg 20260399441 — esperando 30s
[2026-03-29T21:28:11.558713] BLOQUEADO em reg 20260399440 — esperando 30s
[2026-03-29T21:28:49.863855] BLOQUEADO em reg 20260399439 — esperando 30s
[2026-03-29T21:29:33.598568] Chrome reiniciado
[2026-03-29T21:29:42.111810] BLOQUEADO em reg 20260399438 — esperando 30s
[2026-03-29T21:30:20.326037] BLOQUEADO em reg 20260399437 — esperando 30s
[2026-03-29T21:30:58.611021] BLOQUEADO em reg 20260399436 — esperando 30s
[2026-03-29T21:31:36.959623] BLOQUEADO em reg 20260399435 — esperando 30s
[2026-03-29T21:32:15.198086] BLOQUEADO em reg 20260399434 — esperando 30s
[2026-03-29T21:32:58.770262] Chrome reiniciado
[2026-03-29T21:33:07.232561] BLOQUEADO em reg 20260399433 — esperando 30s
[2026-03-29T21:33:45.514808] BLOQUEADO em reg 20260399432 — esperando 30s
[2026-03-29T21:34:23.768809] BLOQUEADO em reg 20260399431 — esperando 30s
[2026-03-29T21:35:02.173583] BLOQUEADO em reg 20260399430 — esperando 30s
[2026-03-29T21:35:40.387960] BLOQUEADO em reg 20260399429 — esperando 30s
[2026-03-29T21:36:23.806413] Chrome reiniciado
[2026-03-29T21:36:32.383799] BLOQUEADO em reg 20260399428 — esperando 30s
[2026-03-29T21:37:10.587191] BLOQUEADO em reg 20260399427 — esperando 30s
[2026-03-29T21:37:48.786081] BLOQUEADO em reg 20260399426 — esperando 30s
[2026-03-29T21:38:27.244482] BLOQUEADO em reg 20260399425 — esperando 30s
[2026-03-29T21:39:05.508063] ERRO reg 20260399424: [Errno 22] Invalid argument
[2026-03-29T21:39:13.793534] BLOQUEADO em reg 20260399423 — esperando 30s
[2026-03-29T21:39:57.379476] Chrome reiniciado
[2026-03-29T21:40:05.835098] BLOQUEADO em reg 20260399422 — esperando 30s
[2026-03-29T21:40:44.054316] BLOQUEADO em reg 20260399421 — esperando 30s
[2026-03-29T21:41:22.341589] BLOQUEADO em reg 20260399420 — esperando 30s
[2026-03-29T21:42:00.561207] BLOQUEADO em reg 20260399419 — esperando 30s
[2026-03-29T21:42:38.868120] BLOQUEADO em reg 20260399418 — esperando 30s
[2026-03-29T21:43:22.395099] Chrome reiniciado
[2026-03-29T21:43:30.853111] BLOQUEADO em reg 20260399417 — esperando 30s
[2026-03-29T21:44:09.052419] BLOQUEADO em reg 20260399416 — esperando 30s
[2026-03-29T21:44:47.270932] BLOQUEADO em reg 20260399415 — esperando 30s
[2026-03-29T21:45:25.506755] BLOQUEADO em reg 20260399414 — esperando 30s
[2026-03-29T21:46:03.755062] BLOQUEADO em reg 20260399413 — esperando 30s
[2026-03-29T21:46:47.343007] Chrome reiniciado
[2026-03-29T21:46:56.503856] BLOQUEADO em reg 20260399412 — esperando 30s
[2026-03-29T21:47:34.715646] BLOQUEADO em reg 20260399411 — esperando 30s
[2026-03-29T21:48:13.049647] BLOQUEADO em reg 20260399410 — esperando 30s
[2026-03-29T21:48:51.344665] BLOQUEADO em reg 20260399409 — esperando 30s
[2026-03-29T21:49:29.601130] BLOQUEADO em reg 20260399408 — esperando 30s
[2026-03-29T21:50:13.288630] Chrome reiniciado
[2026-03-29T21:50:21.999709] BLOQUEADO em reg 20260399407 — esperando 30s
[2026-03-29T21:51:00.199529] BLOQUEADO em reg 20260399406 — esperando 30s
[2026-03-29T21:51:38.446568] BLOQUEADO em reg 20260399405 — esperando 30s
[2026-03-29T21:52:16.679073] BLOQUEADO em reg 20260399404 — esperando 30s
[2026-03-29T21:52:54.981961] BLOQUEADO em reg 20260399403 — esperando 30s
[2026-03-29T21:53:38.456470] Chrome reiniciado
[2026-03-29T21:53:47.295088] BLOQUEADO em reg 20260399402 — esperando 30s
[2026-03-29T21:54:25.527078] BLOQUEADO em reg 20260399401 — esperando 30s
[2026-03-29T21:55:03.818916] BLOQUEADO em reg 20260399400 — esperando 30s
[2026-03-29T21:55:42.127190] BLOQUEADO em reg 20260399399 — esperando 30s
[2026-03-29T21:56:20.362756] BLOQUEADO em reg 20260399398 — esperando 30s
[2026-03-29T21:57:03.754917] Chrome reiniciado
[2026-03-29T21:57:12.124054] BLOQUEADO em reg 20260399397 — esperando 30s
[2026-03-29T21:57:50.371361] BLOQUEADO em reg 20260399396 — esperando 30s
[2026-03-29T21:58:28.671045] BLOQUEADO em reg 20260399395 — esperando 30s
[2026-03-29T21:59:06.991777] BLOQUEADO em reg 20260399394 — esperando 30s
[2026-03-29T21:59:45.272623] BLOQUEADO em reg 20260399393 — esperando 30s
[2026-03-29T22:00:28.878531] Chrome reiniciado
[2026-03-29T22:00:37.424292] BLOQUEADO em reg 20260399392 — esperando 30s
[2026-03-29T22:01:15.654002] BLOQUEADO em reg 20260399391 — esperando 30s
[2026-03-29T22:01:53.876259] BLOQUEADO em reg 20260399390 — esperando 30s
[2026-03-29T22:02:32.101357] BLOQUEADO em reg 20260399389 — esperando 30s
[2026-03-29T22:03:10.362365] BLOQUEADO em reg 20260399388 — esperando 30s
[2026-03-29T22:03:53.883286] Chrome reiniciado
[2026-03-29T22:04:02.354372] BLOQUEADO em reg 20260399387 — esperando 30s
[2026-03-29T22:04:40.565351] BLOQUEADO em reg 20260399386 — esperando 30s
[2026-03-29T22:05:18.773335] BLOQUEADO em reg 20260399385 — esperando 30s
[2026-03-29T22:05:57.046193] BLOQUEADO em reg 20260399384 — esperando 30s
[2026-03-29T22:06:35.311776] BLOQUEADO em reg 20260399383 — esperando 30s
[2026-03-29T22:07:18.781294] Chrome reiniciado
[2026-03-29T22:07:27.290216] BLOQUEADO em reg 20260399382 — esperando 30s
[2026-03-29T22:08:05.532682] BLOQUEADO em reg 20260399381 — esperando 30s
[2026-03-29T22:08:43.737062] BLOQUEADO em reg 20260399380 — esperando 30s
[2026-03-29T22:09:21.962588] BLOQUEADO em reg 20260399379 — esperando 30s
[2026-03-29T22:10:02.063136] BLOQUEADO em reg 20260399378 — esperando 30s
[2026-03-29T22:10:45.642716] Chrome reiniciado
[2026-03-29T22:10:54.048144] BLOQUEADO em reg 20260399377 — esperando 30s
[2026-03-29T22:11:32.362596] BLOQUEADO em reg 20260399376 — esperando 30s
[2026-03-29T22:12:10.567232] BLOQUEADO em reg 20260399375 — esperando 30s
[2026-03-29T22:12:48.766540] BLOQUEADO em reg 20260399374 — esperando 30s
[2026-03-29T22:13:27.159501] BLOQUEADO em reg 20260399373 — esperando 30s
[2026-03-29T22:14:10.622723] Chrome reiniciado
[2026-03-29T22:14:19.307851] BLOQUEADO em reg 20260399372 — esperando 30s
[2026-03-29T22:14:57.513738] BLOQUEADO em reg 20260399371 — esperando 30s
[2026-03-29T22:15:35.724452] BLOQUEADO em reg 20260399370 — esperando 30s
[2026-03-29T22:16:13.951107] BLOQUEADO em reg 20260399369 — esperando 30s
[2026-03-29T22:16:52.261497] BLOQUEADO em reg 20260399368 — esperando 30s
[2026-03-29T22:17:35.924001] Chrome reiniciado
[2026-03-29T22:17:44.331347] BLOQUEADO em reg 20260399367 — esperando 30s
[2026-03-29T22:18:22.679652] BLOQUEADO em reg 20260399366 — esperando 30s
[2026-03-29T22:19:00.904774] BLOQUEADO em reg 20260399365 — esperando 30s
[2026-03-29T22:19:39.189296] BLOQUEADO em reg 20260399364 — esperando 30s
[2026-03-29T22:20:17.461811] BLOQUEADO em reg 20260399363 — esperando 30s
[2026-03-29T22:21:01.564770] Chrome reiniciado
[2026-03-29T22:21:10.514968] BLOQUEADO em reg 20260399362 — esperando 30s
[2026-03-29T22:21:48.729385] BLOQUEADO em reg 20260399361 — esperando 30s
[2026-03-29T22:22:26.951523] BLOQUEADO em reg 20260399360 — esperando 30s
[2026-03-29T22:23:05.190889] BLOQUEADO em reg 20260399359 — esperando 30s
[2026-03-29T22:23:43.507084] BLOQUEADO em reg 20260399358 — esperando 30s
[2026-03-29T22:24:27.124888] Chrome reiniciado
[2026-03-29T22:24:35.702907] BLOQUEADO em reg 20260399357 — esperando 30s
[2026-03-29T22:25:13.926128] BLOQUEADO em reg 20260399356 — esperando 30s
[2026-03-29T22:25:52.174249] BLOQUEADO em reg 20260399355 — esperando 30s
[2026-03-29T22:26:30.433566] BLOQUEADO em reg 20260399354 — esperando 30s
[2026-03-29T22:27:08.746681] BLOQUEADO em reg 20260399353 — esperando 30s
[2026-03-29T22:27:53.191078] Chrome reiniciado
[2026-03-29T22:28:01.722422] BLOQUEADO em reg 20260399352 — esperando 30s
[2026-03-29T22:28:39.987571] BLOQUEADO em reg 20260399351 — esperando 30s
[2026-03-29T22:29:18.235413] BLOQUEADO em reg 20260399350 — esperando 30s
[2026-03-29T22:29:56.518914] BLOQUEADO em reg 20260399349 — esperando 30s
[2026-03-29T22:30:34.786978] BLOQUEADO em reg 20260399348 — esperando 30s
[2026-03-29T22:31:18.300449] Chrome reiniciado
[2026-03-29T22:31:26.888204] BLOQUEADO em reg 20260399347 — esperando 30s
[2026-03-29T22:32:05.133039] BLOQUEADO em reg 20260399346 — esperando 30s
[2026-03-29T22:32:43.329397] BLOQUEADO em reg 20260399345 — esperando 30s
[2026-03-29T22:33:21.618744] BLOQUEADO em reg 20260399344 — esperando 30s
[2026-03-29T22:33:59.910946] BLOQUEADO em reg 20260399343 — esperando 30s
[2026-03-29T22:34:43.542870] Chrome reiniciado
[2026-03-29T22:34:52.160535] BLOQUEADO em reg 20260399342 — esperando 30s
[2026-03-29T22:35:30.495054] BLOQUEADO em reg 20260399341 — esperando 30s
[2026-03-29T22:36:08.702554] BLOQUEADO em reg 20260399340 — esperando 30s
[2026-03-29T22:36:46.952788] BLOQUEADO em reg 20260399339 — esperando 30s
[2026-03-29T22:37:25.182142] BLOQUEADO em reg 20260399338 — esperando 30s
[2026-03-29T22:38:08.704054] Chrome reiniciado
[2026-03-29T22:38:17.146614] BLOQUEADO em reg 20260399337 — esperando 30s
[2026-03-29T22:38:55.383967] BLOQUEADO em reg 20260399336 — esperando 30s
[2026-03-29T22:39:33.676575] BLOQUEADO em reg 20260399335 — esperando 30s
[2026-03-29T22:40:11.898817] BLOQUEADO em reg 20260399334 — esperando 30s
[2026-03-29T22:40:50.121603] BLOQUEADO em reg 20260399333 — esperando 30s
[2026-03-29T22:41:33.732096] Chrome reiniciado
[2026-03-29T22:41:42.255873] BLOQUEADO em reg 20260399332 — esperando 30s
[2026-03-29T22:42:20.493329] BLOQUEADO em reg 20260399331 — esperando 30s
[2026-03-29T22:42:58.753698] BLOQUEADO em reg 20260399330 — esperando 30s
[2026-03-29T22:43:36.960616] BLOQUEADO em reg 20260399329 — esperando 30s
[2026-03-29T22:44:15.306492] ERRO reg 20260399328: [Errno 22] Invalid argument
[2026-03-29T22:44:23.648388] BLOQUEADO em reg 20260399327 — esperando 30s
[2026-03-29T22:45:07.227643] Chrome reiniciado
[2026-03-29T22:45:15.824846] BLOQUEADO em reg 20260399326 — esperando 30s
[2026-03-29T22:45:54.051282] BLOQUEADO em reg 20260399325 — esperando 30s
[2026-03-29T22:46:32.254418] BLOQUEADO em reg 20260399324 — esperando 30s
[2026-03-29T22:47:10.564001] BLOQUEADO em reg 20260399323 — esperando 30s
[2026-03-29T22:47:48.884244] BLOQUEADO em reg 20260399322 — esperando 30s
[2026-03-29T22:48:32.281026] Chrome reiniciado
[2026-03-29T22:48:41.587130] BLOQUEADO em reg 20260399321 — esperando 30s
[2026-03-29T22:49:19.830339] BLOQUEADO em reg 20260399320 — esperando 30s
[2026-03-29T22:49:58.031883] BLOQUEADO em reg 20260399319 — esperando 30s
[2026-03-29T22:50:36.306481] BLOQUEADO em reg 20260399318 — esperando 30s
[2026-03-29T22:51:14.686649] BLOQUEADO em reg 20260399317 — esperando 30s
[2026-03-29T22:51:58.155847] Chrome reiniciado
[2026-03-29T22:52:06.551368] BLOQUEADO em reg 20260399316 — esperando 30s
[2026-03-29T22:52:44.739863] BLOQUEADO em reg 20260399315 — esperando 30s
[2026-03-29T22:53:23.011812] BLOQUEADO em reg 20260399314 — esperando 30s
[2026-03-29T22:54:01.481761] BLOQUEADO em reg 20260399313 — esperando 30s
[2026-03-29T22:54:39.777058] BLOQUEADO em reg 20260399312 — esperando 30s
[2026-03-29T22:55:23.218638] Chrome reiniciado
[2026-03-29T22:55:31.766426] BLOQUEADO em reg 20260399311 — esperando 30s
[2026-03-29T22:56:09.966112] BLOQUEADO em reg 20260399310 — esperando 30s
[2026-03-29T22:56:48.201420] BLOQUEADO em reg 20260399309 — esperando 30s
[2026-03-29T22:57:26.466821] BLOQUEADO em reg 20260399308 — esperando 30s
[2026-03-29T22:58:04.771237] BLOQUEADO em reg 20260399307 — esperando 30s
[2026-03-29T22:58:48.295381] Chrome reiniciado
[2026-03-29T22:58:57.719241] BLOQUEADO em reg 20260399306 — esperando 30s
[2026-03-29T22:59:35.998584] BLOQUEADO em reg 20260399305 — esperando 30s
[2026-03-29T23:00:14.270026] BLOQUEADO em reg 20260399304 — esperando 30s
[2026-03-29T23:00:52.494152] BLOQUEADO em reg 20260399303 — esperando 30s
[2026-03-29T23:01:30.765824] BLOQUEADO em reg 20260399302 — esperando 30s
[2026-03-29T23:02:14.722891] Chrome reiniciado
[2026-03-29T23:02:23.297501] BLOQUEADO em reg 20260399301 — esperando 30s
[2026-03-29T23:03:01.621473] BLOQUEADO em reg 20260399300 — esperando 30s
[2026-03-29T23:03:40.005705] BLOQUEADO em reg 20260399299 — esperando 30s
[2026-03-29T23:04:18.228417] BLOQUEADO em reg 20260399298 — esperando 30s
[2026-03-29T23:04:56.577037] BLOQUEADO em reg 20260399297 — esperando 30s
[2026-03-29T23:05:40.468129] Chrome reiniciado
[2026-03-29T23:05:48.902974] BLOQUEADO em reg 20260399296 — esperando 30s
[2026-03-29T23:06:27.138247] BLOQUEADO em reg 20260399295 — esperando 30s
[2026-03-29T23:07:05.341865] BLOQUEADO em reg 20260399294 — esperando 30s
[2026-03-29T23:07:43.581015] BLOQUEADO em reg 20260399293 — esperando 30s
[2026-03-29T23:08:21.892893] BLOQUEADO em reg 20260399292 — esperando 30s
[2026-03-29T23:09:05.366445] Chrome reiniciado
[2026-03-29T23:09:13.906579] BLOQUEADO em reg 20260399291 — esperando 30s
[2026-03-29T23:09:52.127008] BLOQUEADO em reg 20260399290 — esperando 30s
[2026-03-29T23:10:30.338042] BLOQUEADO em reg 20260399289 — esperando 30s
[2026-03-29T23:11:08.533859] BLOQUEADO em reg 20260399288 — esperando 30s
[2026-03-29T23:11:46.834540] BLOQUEADO em reg 20260399287 — esperando 30s
[2026-03-29T23:12:30.454240] Chrome reiniciado
[2026-03-29T23:12:38.890165] BLOQUEADO em reg 20260399286 — esperando 30s
[2026-03-29T23:13:17.085324] BLOQUEADO em reg 20260399285 — esperando 30s
[2026-03-29T23:13:55.308309] BLOQUEADO em reg 20260399284 — esperando 30s
[2026-03-29T23:14:33.554708] BLOQUEADO em reg 20260399283 — esperando 30s
[2026-03-29T23:15:11.791019] BLOQUEADO em reg 20260399282 — esperando 30s
[2026-03-29T23:15:55.280085] Chrome reiniciado
[2026-03-29T23:16:03.897708] BLOQUEADO em reg 20260399281 — esperando 30s
[2026-03-29T23:16:42.342341] BLOQUEADO em reg 20260399280 — esperando 30s
[2026-03-29T23:17:20.606666] BLOQUEADO em reg 20260399279 — esperando 30s
[2026-03-29T23:17:59.550971] BLOQUEADO em reg 20260399278 — esperando 30s
[2026-03-29T23:18:37.808632] BLOQUEADO em reg 20260399277 — esperando 30s
[2026-03-29T23:19:21.531738] Chrome reiniciado
[2026-03-29T23:19:30.014365] BLOQUEADO em reg 20260399276 — esperando 30s
[2026-03-29T23:20:08.322140] BLOQUEADO em reg 20260399275 — esperando 30s
[2026-03-29T23:20:46.538867] BLOQUEADO em reg 20260399274 — esperando 30s
[2026-03-29T23:21:24.748957] BLOQUEADO em reg 20260399273 — esperando 30s
[2026-03-29T23:22:02.962478] BLOQUEADO em reg 20260399272 — esperando 30s
[2026-03-29T23:22:46.636220] Chrome reiniciado
[2026-03-29T23:22:55.058749] BLOQUEADO em reg 20260399271 — esperando 30s
[2026-03-29T23:23:33.283491] BLOQUEADO em reg 20260399270 — esperando 30s
[2026-03-29T23:24:11.507325] BLOQUEADO em reg 20260399269 — esperando 30s
[2026-03-29T23:24:49.876800] BLOQUEADO em reg 20260399268 — esperando 30s
[2026-03-29T23:25:28.148815] BLOQUEADO em reg 20260399267 — esperando 30s
[2026-03-29T23:26:11.727266] Chrome reiniciado
[2026-03-29T23:26:20.102355] BLOQUEADO em reg 20260399266 — esperando 30s
[2026-03-29T23:26:58.209454] BLOQUEADO em reg 20260399265 — esperando 30s
[2026-03-29T23:27:36.554149] BLOQUEADO em reg 20260399264 — esperando 30s
[2026-03-29T23:28:14.840301] BLOQUEADO em reg 20260399263 — esperando 30s
[2026-03-29T23:28:53.247355] BLOQUEADO em reg 20260399262 — esperando 30s
[2026-03-29T23:29:37.579607] Chrome reiniciado
[2026-03-29T23:29:46.229363] BLOQUEADO em reg 20260399261 — esperando 30s
[2026-03-29T23:30:24.450728] BLOQUEADO em reg 20260399260 — esperando 30s
[2026-03-29T23:31:02.788650] BLOQUEADO em reg 20260399259 — esperando 30s
[2026-03-29T23:31:41.044466] BLOQUEADO em reg 20260399258 — esperando 30s
[2026-03-29T23:32:19.519323] BLOQUEADO em reg 20260399257 — esperando 30s
[2026-03-29T23:33:03.576921] Chrome reiniciado
[2026-03-29T23:33:12.209904] BLOQUEADO em reg 20260399256 — esperando 30s
[2026-03-29T23:33:50.434494] BLOQUEADO em reg 20260399255 — esperando 30s
[2026-03-29T23:34:28.663623] BLOQUEADO em reg 20260399254 — esperando 30s
[2026-03-29T23:35:06.911260] BLOQUEADO em reg 20260399253 — esperando 30s
[2026-03-29T23:35:45.192764] BLOQUEADO em reg 20260399252 — esperando 30s
[2026-03-29T23:36:28.721217] Chrome reiniciado
[2026-03-29T23:36:37.279325] BLOQUEADO em reg 20260399251 — esperando 30s
[2026-03-29T23:37:15.507399] BLOQUEADO em reg 20260399250 — esperando 30s
[2026-03-29T23:37:53.947389] BLOQUEADO em reg 20260399249 — esperando 30s
[2026-03-29T23:38:32.144356] BLOQUEADO em reg 20260399248 — esperando 30s
[2026-03-29T23:39:10.447605] BLOQUEADO em reg 20260399247 — esperando 30s
[2026-03-29T23:39:53.964211] Chrome reiniciado
[2026-03-29T23:40:02.365807] BLOQUEADO em reg 20260399246 — esperando 30s
[2026-03-29T23:40:40.586770] BLOQUEADO em reg 20260399245 — esperando 30s
[2026-03-29T23:41:18.828718] BLOQUEADO em reg 20260399244 — esperando 30s
[2026-03-29T23:41:57.098683] BLOQUEADO em reg 20260399243 — esperando 30s
[2026-03-29T23:42:35.372310] BLOQUEADO em reg 20260399242 — esperando 30s
[2026-03-29T23:43:18.888672] Chrome reiniciado
[2026-03-29T23:43:27.456371] BLOQUEADO em reg 20260399241 — esperando 30s
[2026-03-29T23:44:05.707775] BLOQUEADO em reg 20260399240 — esperando 30s
[2026-03-29T23:44:43.911175] BLOQUEADO em reg 20260399239 — esperando 30s
[2026-03-29T23:45:22.153437] BLOQUEADO em reg 20260399238 — esperando 30s
[2026-03-29T23:46:00.443050] BLOQUEADO em reg 20260399237 — esperando 30s
[2026-03-29T23:46:43.943046] Chrome reiniciado
[2026-03-29T23:46:52.311629] BLOQUEADO em reg 20260399236 — esperando 30s
[2026-03-29T23:47:30.517090] BLOQUEADO em reg 20260399235 — esperando 30s
[2026-03-29T23:48:08.715910] BLOQUEADO em reg 20260399234 — esperando 30s
[2026-03-29T23:48:47.045347] BLOQUEADO em reg 20260399233 — esperando 30s
[2026-03-29T23:49:25.315170] ERRO reg 20260399232: [Errno 22] Invalid argument
[2026-03-29T23:49:33.557836] BLOQUEADO em reg 20260399231 — esperando 30s
[2026-03-29T23:50:17.173053] Chrome reiniciado
[2026-03-29T23:50:25.584121] BLOQUEADO em reg 20260399230 — esperando 30s
[2026-03-29T23:51:03.894522] BLOQUEADO em reg 20260399229 — esperando 30s
[2026-03-29T23:51:42.139460] BLOQUEADO em reg 20260399228 — esperando 30s
[2026-03-29T23:52:20.397780] BLOQUEADO em reg 20260399227 — esperando 30s
[2026-03-29T23:52:58.699172] BLOQUEADO em reg 20260399226 — esperando 30s
[2026-03-29T23:53:42.226673] Chrome reiniciado
[2026-03-29T23:53:50.644353] BLOQUEADO em reg 20260399225 — esperando 30s
[2026-03-29T23:54:28.852068] BLOQUEADO em reg 20260399224 — esperando 30s
[2026-03-29T23:55:07.075134] BLOQUEADO em reg 20260399223 — esperando 30s
[2026-03-29T23:55:45.330649] BLOQUEADO em reg 20260399222 — esperando 30s
[2026-03-29T23:56:23.585746] BLOQUEADO em reg 20260399221 — esperando 30s
[2026-03-29T23:57:07.086901] Chrome reiniciado
[2026-03-29T23:57:15.562902] BLOQUEADO em reg 20260399220 — esperando 30s
[2026-03-29T23:57:53.784872] BLOQUEADO em reg 20260399219 — esperando 30s
[2026-03-29T23:58:31.978348] BLOQUEADO em reg 20260399218 — esperando 30s
[2026-03-29T23:59:10.371303] BLOQUEADO em reg 20260399217 — esperando 30s
[2026-03-29T23:59:48.632805] BLOQUEADO em reg 20260399216 — esperando 30s
[2026-03-30T00:00:32.097365] Chrome reiniciado
[2026-03-30T00:00:40.562166] BLOQUEADO em reg 20260399215 — esperando 30s
[2026-03-30T00:01:18.787859] BLOQUEADO em reg 20260399214 — esperando 30s
[2026-03-30T00:01:57.008840] BLOQUEADO em reg 20260399213 — esperando 30s
[2026-03-30T00:02:35.256170] BLOQUEADO em reg 20260399212 — esperando 30s
[2026-03-30T00:03:13.587300] BLOQUEADO em reg 20260399211 — esperando 30s
[2026-03-30T00:03:57.118999] Chrome reiniciado
[2026-03-30T00:04:05.577606] BLOQUEADO em reg 20260399210 — esperando 30s
[2026-03-30T00:04:43.885695] BLOQUEADO em reg 20260399209 — esperando 30s
[2026-03-30T00:05:22.167355] BLOQUEADO em reg 20260399208 — esperando 30s
[2026-03-30T00:06:00.418234] BLOQUEADO em reg 20260399207 — esperando 30s
[2026-03-30T00:06:38.739787] BLOQUEADO em reg 20260399206 — esperando 30s
[2026-03-30T00:07:22.177104] Chrome reiniciado
[2026-03-30T00:07:30.583895] BLOQUEADO em reg 20260399205 — esperando 30s
[2026-03-30T00:08:08.788109] BLOQUEADO em reg 20260399204 — esperando 30s
[2026-03-30T00:08:46.993045] BLOQUEADO em reg 20260399203 — esperando 30s
[2026-03-30T00:09:25.235813] BLOQUEADO em reg 20260399202 — esperando 30s
[2026-03-30T00:10:03.545494] BLOQUEADO em reg 20260399201 — esperando 30s
[2026-03-30T00:10:46.894962] Chrome reiniciado
[2026-03-30T00:10:55.280540] BLOQUEADO em reg 20260399200 — esperando 30s
[2026-03-30T00:11:33.541084] BLOQUEADO em reg 20260399199 — esperando 30s
[2026-03-30T00:12:11.799549] BLOQUEADO em reg 20260399198 — esperando 30s
[2026-03-30T00:12:50.131214] BLOQUEADO em reg 20260399197 — esperando 30s
[2026-03-30T00:13:28.472582] BLOQUEADO em reg 20260399196 — esperando 30s
[2026-03-30T00:14:11.939109] Chrome reiniciado
[2026-03-30T00:14:20.426415] BLOQUEADO em reg 20260399195 — esperando 30s
[2026-03-30T00:14:58.654103] BLOQUEADO em reg 20260399194 — esperando 30s
[2026-03-30T00:15:36.849500] BLOQUEADO em reg 20260399193 — esperando 30s
[2026-03-30T00:16:15.052367] BLOQUEADO em reg 20260399192 — esperando 30s
[2026-03-30T00:16:53.331238] BLOQUEADO em reg 20260399191 — esperando 30s
[2026-03-30T00:17:36.606589] Chrome reiniciado
[2026-03-30T00:17:45.090262] BLOQUEADO em reg 20260399190 — esperando 30s
[2026-03-30T00:18:23.291636] BLOQUEADO em reg 20260399189 — esperando 30s
[2026-03-30T00:19:01.523953] BLOQUEADO em reg 20260399188 — esperando 30s
[2026-03-30T00:19:39.808754] BLOQUEADO em reg 20260399187 — esperando 30s
[2026-03-30T00:20:18.030117] BLOQUEADO em reg 20260399186 — esperando 30s
[2026-03-30T00:21:01.409744] Chrome reiniciado
[2026-03-30T00:21:09.810596] BLOQUEADO em reg 20260399185 — esperando 30s
[2026-03-30T00:21:48.041286] BLOQUEADO em reg 20260399184 — esperando 30s
[2026-03-30T00:22:26.267791] BLOQUEADO em reg 20260399183 — esperando 30s
[2026-03-30T00:23:04.500516] BLOQUEADO em reg 20260399182 — esperando 30s
[2026-03-30T00:23:42.797219] BLOQUEADO em reg 20260399181 — esperando 30s
[2026-03-30T00:24:26.599066] Chrome reiniciado
[2026-03-30T00:24:35.348979] BLOQUEADO em reg 20260399180 — esperando 30s
[2026-03-30T00:25:13.545657] BLOQUEADO em reg 20260399179 — esperando 30s
[2026-03-30T00:25:51.747540] BLOQUEADO em reg 20260399178 — esperando 30s
[2026-03-30T00:26:29.946696] BLOQUEADO em reg 20260399177 — esperando 30s
[2026-03-30T00:27:08.314248] BLOQUEADO em reg 20260399176 — esperando 30s
[2026-03-30T00:27:51.588471] Chrome reiniciado
[2026-03-30T00:28:00.245444] BLOQUEADO em reg 20260399175 — esperando 30s
[2026-03-30T00:28:38.432259] BLOQUEADO em reg 20260399174 — esperando 30s
[2026-03-30T00:29:16.641921] BLOQUEADO em reg 20260399173 — esperando 30s
[2026-03-30T00:29:54.899450] BLOQUEADO em reg 20260399172 — esperando 30s
[2026-03-30T00:30:33.190325] BLOQUEADO em reg 20260399171 — esperando 30s
[2026-03-30T00:31:17.225420] Chrome reiniciado
[2026-03-30T00:31:25.667747] BLOQUEADO em reg 20260399170 — esperando 30s
[2026-03-30T00:32:03.859372] BLOQUEADO em reg 20260399169 — esperando 30s
[2026-03-30T00:32:42.093420] BLOQUEADO em reg 20260399168 — esperando 30s
[2026-03-30T00:33:20.443581] BLOQUEADO em reg 20260399167 — esperando 30s
[2026-03-30T00:33:58.680774] BLOQUEADO em reg 20260399166 — esperando 30s
[2026-03-30T00:34:42.148865] Chrome reiniciado
[2026-03-30T00:34:50.827660] BLOQUEADO em reg 20260399165 — esperando 30s
[2026-03-30T00:35:29.123717] BLOQUEADO em reg 20260399164 — esperando 30s
[2026-03-30T00:36:07.355364] BLOQUEADO em reg 20260399163 — esperando 30s
[2026-03-30T00:36:45.554367] BLOQUEADO em reg 20260399162 — esperando 30s
[2026-03-30T00:37:23.747202] BLOQUEADO em reg 20260399161 — esperando 30s
[2026-03-30T00:38:07.099059] Chrome reiniciado
[2026-03-30T00:38:15.875234] BLOQUEADO em reg 20260399160 — esperando 30s
[2026-03-30T00:38:54.077121] BLOQUEADO em reg 20260399159 — esperando 30s
[2026-03-30T00:39:32.379406] BLOQUEADO em reg 20260399158 — esperando 30s
[2026-03-30T00:40:10.655011] BLOQUEADO em reg 20260399157 — esperando 30s
[2026-03-30T00:40:48.903403] BLOQUEADO em reg 20260399156 — esperando 30s
[2026-03-30T00:41:32.451380] Chrome reiniciado
[2026-03-30T00:41:41.448293] BLOQUEADO em reg 20260399155 — esperando 30s
[2026-03-30T00:42:19.704280] BLOQUEADO em reg 20260399154 — esperando 30s
[2026-03-30T00:42:57.925727] BLOQUEADO em reg 20260399153 — esperando 30s
[2026-03-30T00:43:36.197105] BLOQUEADO em reg 20260399152 — esperando 30s
[2026-03-30T00:44:14.469479] BLOQUEADO em reg 20260399151 — esperando 30s
[2026-03-30T00:44:58.185867] Chrome reiniciado
[2026-03-30T00:45:06.793494] BLOQUEADO em reg 20260399150 — esperando 30s
[2026-03-30T00:45:45.051821] BLOQUEADO em reg 20260399149 — esperando 30s
[2026-03-30T00:46:23.306197] BLOQUEADO em reg 20260399148 — esperando 30s
[2026-03-30T00:47:01.522712] BLOQUEADO em reg 20260399147 — esperando 30s
[2026-03-30T00:47:39.772115] BLOQUEADO em reg 20260399146 — esperando 30s
[2026-03-30T00:48:23.102289] Chrome reiniciado
[2026-03-30T00:48:31.577521] BLOQUEADO em reg 20260399145 — esperando 30s
[2026-03-30T00:49:09.775450] BLOQUEADO em reg 20260399144 — esperando 30s
[2026-03-30T00:49:47.982340] BLOQUEADO em reg 20260399143 — esperando 30s
[2026-03-30T00:50:26.183811] BLOQUEADO em reg 20260399142 — esperando 30s
[2026-03-30T00:51:05.997581] BLOQUEADO em reg 20260399141 — esperando 30s
[2026-03-30T00:51:49.369537] Chrome reiniciado
[2026-03-30T00:51:58.065727] BLOQUEADO em reg 20260399140 — esperando 30s
[2026-03-30T00:52:36.393568] BLOQUEADO em reg 20260399139 — esperando 30s
[2026-03-30T00:53:14.718552] BLOQUEADO em reg 20260399138 — esperando 30s
[2026-03-30T00:53:52.937143] BLOQUEADO em reg 20260399137 — esperando 30s
[2026-03-30T00:54:31.184197] ERRO reg 20260399136: [Errno 22] Invalid argument
[2026-03-30T00:54:39.442040] BLOQUEADO em reg 20260399135 — esperando 30s
[2026-03-30T00:55:22.915325] Chrome reiniciado
[2026-03-30T00:55:31.462714] BLOQUEADO em reg 20260399134 — esperando 30s
[2026-03-30T00:56:09.671951] BLOQUEADO em reg 20260399133 — esperando 30s
[2026-03-30T00:56:47.880985] BLOQUEADO em reg 20260399132 — esperando 30s
[2026-03-30T00:57:26.146767] BLOQUEADO em reg 20260399131 — esperando 30s
[2026-03-30T00:58:04.556563] BLOQUEADO em reg 20260399130 — esperando 30s
[2026-03-30T00:58:47.985322] Chrome reiniciado
[2026-03-30T00:58:56.392261] BLOQUEADO em reg 20260399129 — esperando 30s
[2026-03-30T00:59:34.607745] BLOQUEADO em reg 20260399128 — esperando 30s
[2026-03-30T01:00:12.883501] BLOQUEADO em reg 20260399127 — esperando 30s
[2026-03-30T01:00:51.149197] BLOQUEADO em reg 20260399126 — esperando 30s
[2026-03-30T01:01:29.525397] BLOQUEADO em reg 20260399125 — esperando 30s
[2026-03-30T01:02:13.045676] Chrome reiniciado
[2026-03-30T01:02:21.612916] BLOQUEADO em reg 20260399124 — esperando 30s
[2026-03-30T01:02:59.818759] BLOQUEADO em reg 20260399123 — esperando 30s
[2026-03-30T01:03:38.045655] BLOQUEADO em reg 20260399122 — esperando 30s
[2026-03-30T01:04:16.235017] BLOQUEADO em reg 20260399121 — esperando 30s
[2026-03-30T01:04:54.485026] BLOQUEADO em reg 20260399120 — esperando 30s
[2026-03-30T01:05:38.108579] Chrome reiniciado
[2026-03-30T01:05:46.562538] BLOQUEADO em reg 20260399119 — esperando 30s
[2026-03-30T01:06:24.786796] BLOQUEADO em reg 20260399118 — esperando 30s
[2026-03-30T01:07:03.041457] BLOQUEADO em reg 20260399117 — esperando 30s
[2026-03-30T01:07:41.337783] BLOQUEADO em reg 20260399116 — esperando 30s
[2026-03-30T01:08:19.680995] BLOQUEADO em reg 20260399115 — esperando 30s
[2026-03-30T01:09:03.232083] Chrome reiniciado
[2026-03-30T01:09:12.535427] BLOQUEADO em reg 20260399114 — esperando 30s
[2026-03-30T01:09:50.738681] BLOQUEADO em reg 20260399113 — esperando 30s
[2026-03-30T01:10:28.987120] BLOQUEADO em reg 20260399112 — esperando 30s
[2026-03-30T01:11:07.254538] BLOQUEADO em reg 20260399111 — esperando 30s
[2026-03-30T01:11:45.457097] BLOQUEADO em reg 20260399110 — esperando 30s
[2026-03-30T01:12:28.821314] Chrome reiniciado
[2026-03-30T01:12:37.459168] BLOQUEADO em reg 20260399109 — esperando 30s
[2026-03-30T01:13:15.683960] BLOQUEADO em reg 20260399108 — esperando 30s
[2026-03-30T01:13:53.905370] BLOQUEADO em reg 20260399107 — esperando 30s
[2026-03-30T01:14:32.117990] BLOQUEADO em reg 20260399106 — esperando 30s
[2026-03-30T01:15:10.380065] BLOQUEADO em reg 20260399105 — esperando 30s
[2026-03-30T01:15:53.795998] Chrome reiniciado
[2026-03-30T01:16:02.146358] BLOQUEADO em reg 20260399104 — esperando 30s
[2026-03-30T01:16:40.354990] BLOQUEADO em reg 20260399103 — esperando 30s
[2026-03-30T01:17:18.574530] BLOQUEADO em reg 20260399102 — esperando 30s
[2026-03-30T01:17:56.972937] BLOQUEADO em reg 20260399101 — esperando 30s
[2026-03-30T01:18:35.281612] BLOQUEADO em reg 20260399100 — esperando 30s
[2026-03-30T01:19:18.777098] Chrome reiniciado
[2026-03-30T01:19:27.150249] BLOQUEADO em reg 20260399099 — esperando 30s
[2026-03-30T01:20:05.353429] BLOQUEADO em reg 20260399098 — esperando 30s
[2026-03-30T01:20:43.574090] BLOQUEADO em reg 20260399097 — esperando 30s
