[2026-03-29T15:21:53.571Z] Conectado ao banco JudX
[2026-03-29T15:21:53.720Z] Tabela stj_datajud pronta
[2026-03-29T15:21:53.721Z] Período: 2018-2018 (53 semanas, do mais recente ao mais antigo)
(node:16664) Warning: Setting the NODE_TLS_REJECT_UNAUTHORIZED environment variable to '0' makes TLS connections and HTTPS requests insecure by disabling certificate verification.
(Use `node --trace-warnings ...` to show where the warning was created)
[2026-03-29T15:21:55.449Z] [2018-12-25/2018-12-31] 1290 processos — iniciando extração
[2026-03-29T15:22:13.259Z]   [2018-12-25/2018-12-31] 1290/1290 (100.0%) | total banco: 1290 | erros: 0
[2026-03-29T15:22:13.375Z] [2018-12-25/2018-12-31] COMPLETO — 1290 extraídos
[2026-03-29T15:23:12.923Z] Banco stj_datajud: 407670 registros
[2026-03-29T15:23:13.986Z] [2018-12-18/2018-12-24] 4389 processos — iniciando extração
[2026-03-29T15:25:00.214Z]   [2018-12-18/2018-12-24] 2000/4389 (45.6%) | total banco: 3290 | erros: 0
[2026-03-29T15:25:39.773Z]   [2018-12-18/2018-12-24] 4000/4389 (91.1%) | total banco: 5290 | erros: 0
[2026-03-29T15:26:03.248Z]   [2018-12-18/2018-12-24] 4389/4389 (100.0%) | total banco: 5679 | erros: 0
[2026-03-29T15:26:03.350Z] [2018-12-18/2018-12-24] COMPLETO — 4389 extraídos
[2026-03-29T15:26:03.708Z] [2018-12-11/2018-12-17] 6133 processos — iniciando extração
[2026-03-29T15:26:50.223Z]   [2018-12-11/2018-12-17] 2000/6133 (32.6%) | total banco: 7679 | erros: 0
[2026-03-29T15:27:11.668Z]   [2018-12-11/2018-12-17] 4000/6133 (65.2%) | total banco: 9679 | erros: 0
[2026-03-29T15:27:44.472Z]   [2018-12-11/2018-12-17] 6000/6133 (97.8%) | total banco: 11679 | erros: 0
[2026-03-29T15:27:47.959Z]   [2018-12-11/2018-12-17] 6133/6133 (100.0%) | total banco: 11812 | erros: 0
[2026-03-29T15:27:48.072Z] [2018-12-11/2018-12-17] COMPLETO — 6133 extraídos
[2026-03-29T15:27:49.752Z] [2018-12-04/2018-12-10] 6739 processos — iniciando extração
[2026-03-29T15:28:11.866Z]   [2018-12-04/2018-12-10] 2000/6739 (29.7%) | total banco: 13812 | erros: 0
[2026-03-29T15:29:12.970Z]   [2018-12-04/2018-12-10] 4000/6739 (59.4%) | total banco: 15812 | erros: 0
[2026-03-29T15:30:13.295Z]   [2018-12-04/2018-12-10] 6000/6739 (89.0%) | total banco: 17812 | erros: 0
[2026-03-29T15:31:22.314Z]   [2018-12-04/2018-12-10] 6739/6739 (100.0%) | total banco: 18551 | erros: 0
[2026-03-29T15:31:22.423Z] [2018-12-04/2018-12-10] COMPLETO — 6739 extraídos
[2026-03-29T15:31:23.422Z] [2018-11-27/2018-12-03] 7698 processos — iniciando extração
[2026-03-29T15:33:43.874Z]   [2018-11-27/2018-12-03] 2000/7698 (26.0%) | total banco: 20551 | erros: 0
[2026-03-29T15:34:24.466Z]   [2018-11-27/2018-12-03] 4000/7698 (52.0%) | total banco: 22551 | erros: 0
[2026-03-29T15:35:13.018Z]   [2018-11-27/2018-12-03] 6000/7698 (77.9%) | total banco: 24551 | erros: 0
[2026-03-29T15:36:12.774Z]   [2018-11-27/2018-12-03] 7698/7698 (100.0%) | total banco: 26249 | erros: 0
[2026-03-29T15:36:12.886Z] [2018-11-27/2018-12-03] COMPLETO — 7698 extraídos
[2026-03-29T15:36:15.254Z] [2018-11-20/2018-11-26] 6803 processos — iniciando extração
[2026-03-29T15:38:08.873Z]   [2018-11-20/2018-11-26] 2000/6803 (29.4%) | total banco: 28249 | erros: 0
[2026-03-29T15:39:14.413Z]   [2018-11-20/2018-11-26] 4000/6803 (58.8%) | total banco: 30249 | erros: 0
[2026-03-29T15:40:34.349Z]   [2018-11-20/2018-11-26] 6000/6803 (88.2%) | total banco: 32249 | erros: 0
[2026-03-29T15:41:08.147Z]   [2018-11-20/2018-11-26] 6803/6803 (100.0%) | total banco: 33052 | erros: 0
[2026-03-29T15:41:08.250Z] [2018-11-20/2018-11-26] COMPLETO — 6803 extraídos
[2026-03-29T15:41:09.054Z] [2018-11-13/2018-11-19] 5792 processos — iniciando extração
[2026-03-29T15:42:13.233Z]   [2018-11-13/2018-11-19] 2000/5792 (34.5%) | total banco: 35052 | erros: 0
[2026-03-29T15:44:25.789Z]   [2018-11-13/2018-11-19] 4000/5792 (69.1%) | total banco: 37052 | erros: 0
[2026-03-29T15:45:40.633Z]   [2018-11-13/2018-11-19] 5792/5792 (100.0%) | total banco: 38844 | erros: 0
[2026-03-29T15:45:40.743Z] [2018-11-13/2018-11-19] COMPLETO — 5792 extraídos
[2026-03-29T15:45:41.484Z] [2018-11-06/2018-11-12] 7477 processos — iniciando extração
[2026-03-29T15:46:18.007Z]   [2018-11-06/2018-11-12] 2000/7477 (26.7%) | total banco: 40844 | erros: 0
[2026-03-29T15:46:38.604Z]   [2018-11-06/2018-11-12] 4000/7477 (53.5%) | total banco: 42844 | erros: 0
[2026-03-29T15:48:16.895Z]   [2018-11-06/2018-11-12] 6000/7477 (80.2%) | total banco: 44844 | erros: 0
[2026-03-29T15:49:23.959Z]   [2018-11-06/2018-11-12] 7477/7477 (100.0%) | total banco: 46321 | erros: 0
[2026-03-29T15:49:24.061Z] [2018-11-06/2018-11-12] COMPLETO — 7477 extraídos
[2026-03-29T15:49:26.654Z] [2018-10-30/2018-11-05] 3844 processos — iniciando extração
[2026-03-29T15:50:14.895Z]   [2018-10-30/2018-11-05] 2000/3844 (52.0%) | total banco: 48321 | erros: 0
[2026-03-29T15:50:40.913Z]   [2018-10-30/2018-11-05] 3844/3844 (100.0%) | total banco: 50165 | erros: 0
[2026-03-29T15:50:41.028Z] [2018-10-30/2018-11-05] COMPLETO — 3844 extraídos
[2026-03-29T15:52:42.018Z] FATAL: canceling statement due to statement timeout
