[2026-03-29T15:21:53.495Z] Conectado ao banco JudX
[2026-03-29T15:21:53.629Z] Tabela stj_datajud pronta
[2026-03-29T15:21:53.630Z] Período: 2019-2019 (53 semanas, do mais recente ao mais antigo)
(node:1380) Warning: Setting the NODE_TLS_REJECT_UNAUTHORIZED environment variable to '0' makes TLS connections and HTTPS requests insecure by disabling certificate verification.
(Use `node --trace-warnings ...` to show where the warning was created)
[2026-03-29T15:21:55.077Z] [2019-12-25/2019-12-31] 1799 processos — iniciando extração
[2026-03-29T15:22:13.527Z]   [2019-12-25/2019-12-31] 1799/1799 (100.0%) | total banco: 1799 | erros: 0
[2026-03-29T15:22:13.639Z] [2019-12-25/2019-12-31] COMPLETO — 1799 extraídos
[2026-03-29T15:23:12.923Z] Banco stj_datajud: 407719 registros
[2026-03-29T15:23:14.286Z] [2019-12-18/2019-12-24] 4945 processos — iniciando extração
[2026-03-29T15:24:52.215Z]   [2019-12-18/2019-12-24] 2000/4945 (40.4%) | total banco: 3799 | erros: 0
[2026-03-29T15:25:24.376Z]   [2019-12-18/2019-12-24] 4000/4945 (80.9%) | total banco: 5799 | erros: 0
[2026-03-29T15:25:57.251Z]   [2019-12-18/2019-12-24] 4945/4945 (100.0%) | total banco: 6744 | erros: 0
[2026-03-29T15:25:57.360Z] [2019-12-18/2019-12-24] COMPLETO — 4945 extraídos
[2026-03-29T15:25:57.846Z] [2019-12-11/2019-12-17] 7187 processos — iniciando extração
[2026-03-29T15:26:57.140Z]   [2019-12-11/2019-12-17] 2000/7187 (27.8%) | total banco: 8744 | erros: 0
[2026-03-29T15:27:16.194Z]   [2019-12-11/2019-12-17] 4000/7187 (55.7%) | total banco: 10744 | erros: 0
[2026-03-29T15:27:48.450Z]   [2019-12-11/2019-12-17] 6000/7187 (83.5%) | total banco: 12744 | erros: 0
[2026-03-29T15:28:02.941Z]   [2019-12-11/2019-12-17] 7187/7187 (100.0%) | total banco: 13931 | erros: 0
[2026-03-29T15:28:03.049Z] [2019-12-11/2019-12-17] COMPLETO — 7187 extraídos
[2026-03-29T15:28:03.971Z] [2019-12-04/2019-12-10] 7116 processos — iniciando extração
[2026-03-29T15:28:58.655Z]   [2019-12-04/2019-12-10] 2000/7116 (28.1%) | total banco: 15931 | erros: 0
[2026-03-29T15:29:37.752Z]   [2019-12-04/2019-12-10] 4000/7116 (56.2%) | total banco: 17931 | erros: 0
[2026-03-29T15:30:15.349Z]   [2019-12-04/2019-12-10] 6000/7116 (84.3%) | total banco: 19931 | erros: 0
[2026-03-29T15:31:23.462Z]   [2019-12-04/2019-12-10] 7116/7116 (100.0%) | total banco: 21047 | erros: 0
[2026-03-29T15:31:23.572Z] [2019-12-04/2019-12-10] COMPLETO — 7116 extraídos
[2026-03-29T15:31:24.129Z] [2019-11-27/2019-12-03] 7608 processos — iniciando extração
[2026-03-29T15:33:54.395Z]   [2019-11-27/2019-12-03] 2000/7608 (26.3%) | total banco: 23047 | erros: 0
[2026-03-29T15:34:40.825Z]   [2019-11-27/2019-12-03] 4000/7608 (52.6%) | total banco: 25047 | erros: 0
[2026-03-29T15:35:59.585Z]   [2019-11-27/2019-12-03] 6000/7608 (78.9%) | total banco: 27047 | erros: 0
[2026-03-29T15:37:03.968Z]   [2019-11-27/2019-12-03] 7608/7608 (100.0%) | total banco: 28655 | erros: 0
[2026-03-29T15:37:04.080Z] [2019-11-27/2019-12-03] COMPLETO — 7608 extraídos
[2026-03-29T15:37:06.891Z] [2019-11-20/2019-11-26] 6949 processos — iniciando extração
[2026-03-29T15:38:54.587Z]   [2019-11-20/2019-11-26] 2000/6949 (28.8%) | total banco: 30655 | erros: 0
[2026-03-29T15:40:13.412Z]   [2019-11-20/2019-11-26] 4000/6949 (57.6%) | total banco: 32655 | erros: 0
[2026-03-29T15:41:17.547Z]   [2019-11-20/2019-11-26] 6000/6949 (86.3%) | total banco: 34655 | erros: 0
[2026-03-29T15:41:44.869Z]   [2019-11-20/2019-11-26] 6949/6949 (100.0%) | total banco: 35604 | erros: 0
[2026-03-29T15:41:44.970Z] [2019-11-20/2019-11-26] COMPLETO — 6949 extraídos
[2026-03-29T15:41:45.090Z] [2019-11-13/2019-11-19] 3630 processos — iniciando extração
[2026-03-29T15:44:04.083Z]   [2019-11-13/2019-11-19] 2000/3630 (55.1%) | total banco: 37604 | erros: 0
[2026-03-29T15:45:17.079Z]   [2019-11-13/2019-11-19] 3630/3630 (100.0%) | total banco: 39234 | erros: 0
[2026-03-29T15:45:17.190Z] [2019-11-13/2019-11-19] COMPLETO — 3630 extraídos
[2026-03-29T15:45:17.682Z] [2019-11-06/2019-11-12] 6617 processos — iniciando extração
[2026-03-29T15:46:14.953Z]   [2019-11-06/2019-11-12] 2000/6617 (30.2%) | total banco: 41234 | erros: 0
[2026-03-29T15:46:39.667Z]   [2019-11-06/2019-11-12] 4000/6617 (60.5%) | total banco: 43234 | erros: 0
[2026-03-29T15:48:10.123Z]   [2019-11-06/2019-11-12] 6000/6617 (90.7%) | total banco: 45234 | erros: 0
[2026-03-29T15:48:16.219Z]   [2019-11-06/2019-11-12] 6617/6617 (100.0%) | total banco: 45851 | erros: 0
[2026-03-29T15:48:16.327Z] [2019-11-06/2019-11-12] COMPLETO — 6617 extraídos
[2026-03-29T15:48:31.086Z] [2019-10-30/2019-11-05] 4510 processos — iniciando extração
[2026-03-29T15:49:48.414Z]   [2019-10-30/2019-11-05] 2000/4510 (44.3%) | total banco: 47851 | erros: 0
[2026-03-29T15:50:17.392Z]   [2019-10-30/2019-11-05] 4000/4510 (88.7%) | total banco: 49851 | erros: 0
[2026-03-29T15:50:24.363Z]   [2019-10-30/2019-11-05] 4510/4510 (100.0%) | total banco: 50361 | erros: 0
[2026-03-29T15:50:24.475Z] [2019-10-30/2019-11-05] COMPLETO — 4510 extraídos
[2026-03-29T15:52:24.680Z] FATAL: canceling statement due to statement timeout
