[2026-03-29T16:49:30.483Z] Novo arquivo: C:\Users\medin\Desktop\backup_judx\resultados\stj_datajud\stj_datajud_2024.csv
[2026-03-29T16:49:30.488Z] Ano 2024: 53 semanas
[2026-03-29T16:49:37.760Z] [2024] 2024-12-25/2024-12-31 | novos: 877 | skip: 0 | erros: 0
[2026-03-29T16:50:01.534Z] [2024] 2024-12-04/2024-12-10 | novos: 15789 | skip: 933 | erros: 0
[2026-03-29T16:50:13.152Z] [2024] 2024-11-27/2024-12-03 | novos: 20876 | skip: 1128 | erros: 0
[2026-03-29T16:50:23.693Z] [2024] 2024-11-20/2024-11-26 | novos: 25194 | skip: 1128 | erros: 0
[2026-03-29T16:51:08.270Z] [2024] 2024-09-25/2024-10-01 | novos: 65083 | skip: 3089 | erros: 0
[2026-03-29T16:51:11.181Z] [2024] 2024-09-18/2024-09-24 | novos: 70230 | skip: 3649 | erros: 0
[2026-03-29T16:51:19.684Z] [2024] 2024-09-11/2024-09-17 | novos: 75562 | skip: 4198 | erros: 0
[2026-03-29T16:51:23.723Z] [2024] 2024-09-04/2024-09-10 | novos: 81187 | skip: 4775 | erros: 0
[2026-03-29T16:51:54.210Z] [2024] 2024-08-07/2024-08-13 | novos: 105949 | skip: 7731 | erros: 0
[2026-03-29T16:52:10.730Z] [2024] 2024-07-24/2024-07-30 | novos: 120687 | skip: 8029 | erros: 0
[2026-03-29T16:52:22.800Z] [2024] 2024-07-17/2024-07-23 | novos: 126325 | skip: 8504 | erros: 0
[2026-03-29T16:53:02.948Z] [2024] 2024-06-19/2024-06-25 | novos: 151345 | skip: 10138 | erros: 0
[2026-03-29T16:53:24.735Z] [2024] 2024-06-05/2024-06-11 | novos: 165392 | skip: 11132 | erros: 0
[2026-03-29T16:53:30.521Z] [2024] 2024-05-29/2024-06-04 | novos: 170180 | skip: 11470 | erros: 0
[2026-03-29T16:53:52.557Z] [2024] 2024-05-15/2024-05-21 | novos: 185614 | skip: 13432 | erros: 0
[2026-03-29T16:54:34.660Z] [2024] 2024-04-24/2024-04-30 | novos: 205821 | skip: 18600 | erros: 0
[2026-03-29T16:55:00.428Z] [2024] 2024-04-10/2024-04-16 | novos: 221047 | skip: 21157 | erros: 0
[2026-03-29T16:55:03.586Z] [2024] 2024-04-03/2024-04-09 | novos: 226550 | skip: 22188 | erros: 0
[2026-03-29T16:55:25.557Z] [2024] 2024-03-13/2024-03-19 | novos: 240554 | skip: 23091 | erros: 0
[2026-03-29T16:56:00.244Z] [2024] 2024-02-21/2024-02-27 | novos: 261572 | skip: 27114 | erros: 0
[2026-03-29T16:56:43.418Z] [2024] 2024-01-17/2024-01-23 | novos: 291921 | skip: 30637 | erros: 0
[2026-03-29T16:57:00.524Z] [2024] COMPLETO — 299998 novos, 31890 duplicatas, 0 erros
[2026-03-29T16:57:00.525Z] Total no CSV: 299998 processos
] [2024] COMPLETO — 299998 novos, 31890 duplicatas, 0 erros
[2026-03-29T16:57:00.525Z] Total no CSV: 299998 processos
