[2026-03-29T22:32:30.096Z] === COMPLETANDO 2021 ===
[2026-03-29T22:32:31.498Z] Existentes no CSV: 333262
[2026-03-29T22:32:33.832Z] Total API: 367585 | Faltam: 34323
[2026-03-29T22:32:45.623Z] [2021] 2021-01-09 | +11 novos | erros: 0
[2026-03-29T22:32:46.015Z] [2021] 2021-01-10 | +21 novos | erros: 0
[2026-03-29T22:32:51.583Z] [2021] 2021-01-11 | +96 novos | erros: 0
[2026-03-29T22:32:53.252Z] [2021] 2021-01-12 | +179 novos | erros: 0
[2026-03-29T22:32:54.778Z] [2021] 2021-01-13 | +237 novos | erros: 0
[2026-03-29T22:32:56.067Z] [2021] 2021-01-14 | +286 novos | erros: 0
[2026-03-29T22:32:58.128Z] [2021] 2021-01-15 | +358 novos | erros: 0
[2026-03-29T22:32:58.597Z] [2021] 2021-01-16 | +358 novos | erros: 0
[2026-03-29T22:32:58.814Z] [2021] 2021-01-17 | +358 novos | erros: 0
[2026-03-29T22:32:59.408Z] [2021] 2021-01-18 | +358 novos | erros: 0
[2026-03-29T22:33:00.232Z] [2021] 2021-01-19 | +358 novos | erros: 0
[2026-03-29T22:33:00.840Z] [2021] 2021-01-20 | +358 novos | erros: 0
[2026-03-29T22:33:02.550Z] [2021] 2021-01-21 | +358 novos | erros: 0
[2026-03-29T22:33:03.126Z] [2021] 2021-01-22 | +358 novos | erros: 0
[2026-03-29T22:33:03.611Z] [2021] 2021-01-23 | +361 novos | erros: 0
[2026-03-29T22:33:03.877Z] [2021] 2021-01-24 | +368 novos | erros: 0
[2026-03-29T22:33:05.772Z] [2021] 2021-01-25 | +406 novos | erros: 0
[2026-03-29T22:33:10.060Z] [2021] 2021-01-26 | +478 novos | erros: 0
[2026-03-29T22:33:12.255Z] [2021] 2021-01-27 | +554 novos | erros: 0
[2026-03-29T22:33:14.428Z] [2021] 2021-01-28 | +602 novos | erros: 0
[2026-03-29T22:33:17.476Z] [2021] 2021-01-29 | +661 novos | erros: 0
[2026-03-29T22:33:19.082Z] [2021] 2021-01-30 | +701 novos | erros: 0
[2026-03-29T22:33:20.926Z] [2021] 2021-01-31 | +754 novos | erros: 0
[2026-03-29T22:33:24.027Z] [2021] 2021-02-01 | +939 novos | erros: 0
[2026-03-29T22:33:29.330Z] [2021] 2021-02-02 | +1166 novos | erros: 0
[2026-03-29T22:33:32.141Z] [2021] 2021-02-03 | +1443 novos | erros: 0
[2026-03-29T22:33:34.977Z] [2021] 2021-02-04 | +1675 novos | erros: 0
[2026-03-29T22:33:36.461Z] [2021] 2021-02-05 | +1888 novos | erros: 0
[2026-03-29T22:33:37.965Z] [2021] 2021-02-06 | +1921 novos | erros: 0
[2026-03-29T22:33:38.932Z] [2021] 2021-02-07 | +1957 novos | erros: 0
[2026-03-29T22:33:40.911Z] [2021] 2021-02-08 | +2195 novos | erros: 0
[2026-03-29T22:33:42.939Z] [2021] 2021-02-09 | +2436 novos | erros: 0
[2026-03-29T22:33:45.039Z] [2021] 2021-02-10 | +2661 novos | erros: 0
[2026-03-29T22:33:47.639Z] [2021] 2021-02-11 | +2928 novos | erros: 0
[2026-03-29T22:33:49.148Z] [2021] 2021-02-12 | +3081 novos | erros: 0
[2026-03-29T22:33:51.188Z] [2021] 2021-02-13 | +3118 novos | erros: 0
[2026-03-29T22:33:53.003Z] [2021] 2021-02-14 | +3161 novos | erros: 0
[2026-03-29T22:33:54.628Z] [2021] 2021-02-15 | +3222 novos | erros: 0
[2026-03-29T22:33:55.255Z] [2021] 2021-02-16 | +3286 novos | erros: 0
[2026-03-29T22:33:58.303Z] [2021] 2021-02-17 | +3571 novos | erros: 0
[2026-03-29T22:34:00.259Z] [2021] 2021-02-18 | +3857 novos | erros: 0
[2026-03-29T22:34:02.985Z] [2021] 2021-02-19 | +4067 novos | erros: 0
[2026-03-29T22:34:03.643Z] [2021] 2021-02-20 | +4077 novos | erros: 0
[2026-03-29T22:34:04.999Z] [2021] 2021-02-21 | +4100 novos | erros: 0
[2026-03-29T22:34:06.838Z] [2021] 2021-02-22 | +4249 novos | erros: 0
[2026-03-29T22:34:09.091Z] [2021] 2021-02-23 | +4437 novos | erros: 0
[2026-03-29T22:34:12.728Z] [2021] 2021-02-24 | +4615 novos | erros: 0
[2026-03-29T22:34:17.254Z] [2021] 2021-02-25 | +4804 novos | erros: 0
[2026-03-29T22:34:19.031Z] [2021] 2021-02-26 | +4965 novos | erros: 0
[2026-03-29T22:34:22.021Z] [2021] 2021-02-27 | +4965 novos | erros: 0
[2026-03-29T22:34:22.440Z] [2021] 2021-02-28 | +4966 novos | erros: 0
[2026-03-29T22:34:25.313Z] [2021] 2021-03-01 | +5000 novos | erros: 0
[2026-03-29T22:34:28.767Z] [2021] 2021-03-02 | +5015 novos | erros: 0
[2026-03-29T22:34:31.401Z] [2021] 2021-03-03 | +5022 novos | erros: 0
[2026-03-29T22:34:34.858Z] [2021] 2021-03-04 | +5033 novos | erros: 0
[2026-03-29T22:34:36.869Z] [2021] 2021-03-05 | +5046 novos | erros: 0
[2026-03-29T22:34:39.468Z] [2021] 2021-03-06 | +5073 novos | erros: 0
[2026-03-29T22:34:39.799Z] [2021] 2021-03-07 | +5098 novos | erros: 0
[2026-03-29T22:34:41.873Z] [2021] 2021-03-08 | +5286 novos | erros: 0
[2026-03-29T22:34:43.845Z] [2021] 2021-03-09 | +5465 novos | erros: 0
[2026-03-29T22:34:46.696Z] [2021] 2021-03-10 | +5653 novos | erros: 0
[2026-03-29T22:34:50.535Z] [2021] 2021-03-11 | +5836 novos | erros: 0
[2026-03-29T22:34:52.381Z] [2021] 2021-03-12 | +5991 novos | erros: 0
[2026-03-29T22:34:55.108Z] [2021] 2021-03-13 | +6020 novos | erros: 0
[2026-03-29T22:35:01.950Z] [2021] 2021-03-14 | +6039 novos | erros: 0
[2026-03-29T22:35:04.395Z] [2021] 2021-03-15 | +6218 novos | erros: 0
[2026-03-29T22:35:06.629Z] [2021] 2021-03-16 | +6465 novos | erros: 0
[2026-03-29T22:35:07.894Z] [2021] 2021-03-17 | +6587 novos | erros: 0
[2026-03-29T22:35:08.640Z] [2021] 2021-03-18 | +6713 novos | erros: 0
[2026-03-29T22:35:09.216Z] [2021] 2021-03-19 | +6866 novos | erros: 0
[2026-03-29T22:35:09.843Z] [2021] 2021-03-20 | +6866 novos | erros: 0
[2026-03-29T22:35:10.325Z] [2021] 2021-03-21 | +6866 novos | erros: 0
[2026-03-29T22:35:11.131Z] [2021] 2021-03-22 | +6867 novos | erros: 0
[2026-03-29T22:35:11.614Z] [2021] 2021-03-23 | +6869 novos | erros: 0
[2026-03-29T22:35:12.124Z] [2021] 2021-03-24 | +6870 novos | erros: 0
[2026-03-29T22:35:12.896Z] [2021] 2021-03-25 | +6871 novos | erros: 0
[2026-03-29T22:35:14.299Z] [2021] 2021-03-26 | +6871 novos | erros: 0
[2026-03-29T22:35:14.625Z] [2021] 2021-03-27 | +6909 novos | erros: 0
[2026-03-29T22:35:16.713Z] [2021] 2021-03-28 | +6975 novos | erros: 0
[2026-03-29T22:35:19.192Z] [2021] 2021-03-29 | +7103 novos | erros: 0
[2026-03-29T22:35:20.096Z] [2021] 2021-03-30 | +7198 novos | erros: 0
[2026-03-29T22:35:20.482Z] [2021] 2021-03-31 | +7252 novos | erros: 0
[2026-03-29T22:35:21.372Z] [2021] 2021-04-01 | +7268 novos | erros: 0
[2026-03-29T22:35:22.103Z] [2021] 2021-04-02 | +7297 novos | erros: 0
[2026-03-29T22:35:24.653Z] [2021] 2021-04-03 | +7317 novos | erros: 0
[2026-03-29T22:35:25.369Z] [2021] 2021-04-04 | +7344 novos | erros: 0
[2026-03-29T22:35:26.145Z] [2021] 2021-04-05 | +7494 novos | erros: 0
[2026-03-29T22:35:28.459Z] [2021] 2021-04-06 | +7700 novos | erros: 0
[2026-03-29T22:35:29.827Z] [2021] 2021-04-07 | +7868 novos | erros: 0
[2026-03-29T22:35:30.315Z] [2021] 2021-04-08 | +7995 novos | erros: 0
[2026-03-29T22:35:30.972Z] [2021] 2021-04-09 | +8062 novos | erros: 0
[2026-03-29T22:35:31.143Z] [2021] 2021-04-10 | +8075 novos | erros: 0
[2026-03-29T22:35:31.344Z] [2021] 2021-04-11 | +8092 novos | erros: 0
[2026-03-29T22:35:31.875Z] [2021] 2021-04-12 | +8240 novos | erros: 0
[2026-03-29T22:35:33.172Z] [2021] 2021-04-13 | +8396 novos | erros: 0
[2026-03-29T22:35:34.385Z] [2021] 2021-04-14 | +8564 novos | erros: 0
[2026-03-29T22:35:34.946Z] [2021] 2021-04-15 | +8767 novos | erros: 0
[2026-03-29T22:35:37.864Z] [2021] 2021-04-16 | +8914 novos | erros: 0
[2026-03-29T22:35:38.142Z] [2021] 2021-04-17 | +8955 novos | erros: 0
[2026-03-29T22:35:38.470Z] [2021] 2021-04-18 | +9017 novos | erros: 0
[2026-03-29T22:35:39.047Z] [2021] 2021-04-19 | +9347 novos | erros: 0
[2026-03-29T22:35:39.781Z] [2021] 2021-04-20 | +9592 novos | erros: 0
[2026-03-29T22:35:40.078Z] [2021] 2021-04-21 | +9665 novos | erros: 0
[2026-03-29T22:35:40.766Z] [2021] 2021-04-22 | +9969 novos | erros: 0
[2026-03-29T22:35:41.324Z] [2021] 2021-04-23 | +10278 novos | erros: 0
[2026-03-29T22:35:41.634Z] [2021] 2021-04-24 | +10289 novos | erros: 0
[2026-03-29T22:35:42.335Z] [2021] 2021-04-25 | +10311 novos | erros: 0
[2026-03-29T22:35:43.997Z] [2021] 2021-04-26 | +10428 novos | erros: 0
[2026-03-29T22:35:45.278Z] [2021] 2021-04-27 | +10585 novos | erros: 0
[2026-03-29T22:35:47.069Z] [2021] 2021-04-28 | +10701 novos | erros: 0
[2026-03-29T22:35:47.771Z] [2021] 2021-04-29 | +10809 novos | erros: 0
[2026-03-29T22:35:48.598Z] [2021] 2021-04-30 | +10897 novos | erros: 0
[2026-03-29T22:35:48.971Z] [2021] 2021-05-01 | +10916 novos | erros: 0
[2026-03-29T22:35:49.236Z] [2021] 2021-05-02 | +10945 novos | erros: 0
[2026-03-29T22:35:50.417Z] [2021] 2021-05-03 | +11202 novos | erros: 0
[2026-03-29T22:35:51.853Z] [2021] 2021-05-04 | +11453 novos | erros: 0
[2026-03-29T22:35:52.848Z] [2021] 2021-05-05 | +11669 novos | erros: 0
[2026-03-29T22:35:53.424Z] [2021] 2021-05-06 | +11870 novos | erros: 0
[2026-03-29T22:35:54.108Z] [2021] 2021-05-07 | +12069 novos | erros: 0
[2026-03-29T22:35:54.528Z] [2021] 2021-05-08 | +12100 novos | erros: 0
[2026-03-29T22:35:54.937Z] [2021] 2021-05-09 | +12137 novos | erros: 0
[2026-03-29T22:35:56.082Z] [2021] 2021-05-10 | +12336 novos | erros: 0
[2026-03-29T22:35:56.860Z] [2021] 2021-05-11 | +12477 novos | erros: 0
[2026-03-29T22:35:58.080Z] [2021] 2021-05-12 | +12634 novos | erros: 0
[2026-03-29T22:35:59.261Z] [2021] 2021-05-13 | +12871 novos | erros: 0
[2026-03-29T22:36:00.816Z] [2021] 2021-05-14 | +13101 novos | erros: 0
[2026-03-29T22:36:01.050Z] [2021] 2021-05-15 | +13119 novos | erros: 0
[2026-03-29T22:36:02.169Z] [2021] 2021-05-16 | +13149 novos | erros: 0
[2026-03-29T22:36:03.235Z] [2021] 2021-05-17 | +13446 novos | erros: 0
[2026-03-29T22:36:04.419Z] [2021] 2021-05-18 | +13674 novos | erros: 0
[2026-03-29T22:36:05.164Z] [2021] 2021-05-19 | +13946 novos | erros: 0
[2026-03-29T22:36:06.331Z] [2021] 2021-05-20 | +14213 novos | erros: 0
[2026-03-29T22:36:10.180Z] [2021] 2021-05-21 | +14423 novos | erros: 0
[2026-03-29T22:36:10.524Z] [2021] 2021-05-22 | +14424 novos | erros: 0
[2026-03-29T22:36:11.008Z] [2021] 2021-05-23 | +14428 novos | erros: 0
[2026-03-29T22:36:12.202Z] [2021] 2021-05-24 | +14604 novos | erros: 0
[2026-03-29T22:36:13.430Z] [2021] 2021-05-25 | +14727 novos | erros: 0
[2026-03-29T22:36:14.752Z] [2021] 2021-05-26 | +14803 novos | erros: 0
[2026-03-29T22:36:17.833Z] [2021] 2021-05-27 | +14987 novos | erros: 0
[2026-03-29T22:36:18.743Z] [2021] 2021-05-28 | +15126 novos | erros: 0
[2026-03-29T22:36:19.057Z] [2021] 2021-05-29 | +15132 novos | erros: 0
[2026-03-29T22:36:19.897Z] [2021] 2021-05-30 | +15146 novos | erros: 0
[2026-03-29T22:36:20.489Z] [2021] 2021-05-31 | +15264 novos | erros: 0
[2026-03-29T22:36:21.550Z] [2021] 2021-06-01 | +15357 novos | erros: 0
[2026-03-29T22:36:22.266Z] [2021] 2021-06-02 | +15423 novos | erros: 0
[2026-03-29T22:36:23.757Z] [2021] 2021-06-03 | +15458 novos | erros: 0
[2026-03-29T22:36:24.615Z] [2021] 2021-06-04 | +15555 novos | erros: 0
[2026-03-29T22:36:25.022Z] [2021] 2021-06-05 | +15568 novos | erros: 0
[2026-03-29T22:36:25.630Z] [2021] 2021-06-06 | +15587 novos | erros: 0
[2026-03-29T22:36:26.674Z] [2021] 2021-06-07 | +15838 novos | erros: 0
[2026-03-29T22:36:29.435Z] [2021] 2021-06-08 | +16074 novos | erros: 0
[2026-03-29T22:36:30.483Z] [2021] 2021-06-09 | +16371 novos | erros: 0
[2026-03-29T22:36:31.029Z] [2021] 2021-06-10 | +16670 novos | erros: 0
[2026-03-29T22:36:31.652Z] [2021] 2021-06-11 | +17031 novos | erros: 0
[2026-03-29T22:36:32.414Z] [2021] 2021-06-12 | +17080 novos | erros: 0
[2026-03-29T22:36:32.679Z] [2021] 2021-06-13 | +17101 novos | erros: 0
[2026-03-29T22:36:36.264Z] [2021] 2021-06-14 | +17291 novos | erros: 0
[2026-03-29T22:36:40.988Z] [2021] 2021-06-15 | +17485 novos | erros: 0
[2026-03-29T22:36:43.050Z] [2021] 2021-06-16 | +17640 novos | erros: 0
[2026-03-29T22:36:45.321Z] [2021] 2021-06-17 | +17774 novos | erros: 0
[2026-03-29T22:36:49.596Z] [2021] 2021-06-18 | +17998 novos | erros: 0
[2026-03-29T22:36:51.260Z] [2021] 2021-06-19 | +17998 novos | erros: 0
[2026-03-29T22:36:55.934Z] [2021] 2021-06-20 | +17998 novos | erros: 0
[2026-03-29T22:36:57.324Z] [2021] 2021-06-21 | +17998 novos | erros: 0
[2026-03-29T22:37:00.190Z] [2021] 2021-06-22 | +17998 novos | erros: 0
[2026-03-29T22:37:02.367Z] [2021] 2021-06-23 | +17998 novos | erros: 0
[2026-03-29T22:37:05.792Z] [2021] 2021-06-24 | +17998 novos | erros: 0
[2026-03-29T22:37:08.900Z] [2021] 2021-06-25 | +17998 novos | erros: 0
[2026-03-29T22:37:11.558Z] [2021] 2021-06-26 | +18011 novos | erros: 0
[2026-03-29T22:37:14.748Z] [2021] 2021-06-27 | +18055 novos | erros: 0
[2026-03-29T22:37:17.476Z] [2021] 2021-06-28 | +18307 novos | erros: 0
[2026-03-29T22:37:20.445Z] [2021] 2021-06-29 | +18537 novos | erros: 0
[2026-03-29T22:37:22.491Z] [2021] 2021-06-30 | +18744 novos | erros: 0
[2026-03-29T22:37:25.031Z] [2021] 2021-07-01 | +18953 novos | erros: 0
[2026-03-29T22:37:29.177Z] [2021] 2021-07-02 | +19149 novos | erros: 0
[2026-03-29T22:37:31.606Z] [2021] 2021-07-03 | +19178 novos | erros: 0
[2026-03-29T22:37:34.512Z] [2021] 2021-07-04 | +19199 novos | erros: 0
[2026-03-29T22:37:38.586Z] [2021] 2021-07-05 | +19368 novos | erros: 0
[2026-03-29T22:37:41.643Z] [2021] 2021-07-06 | +19510 novos | erros: 0
[2026-03-29T22:37:45.543Z] [2021] 2021-07-07 | +19697 novos | erros: 0
[2026-03-29T22:37:50.350Z] [2021] 2021-07-08 | +19896 novos | erros: 0
[2026-03-29T22:37:53.524Z] [2021] 2021-07-09 | +20071 novos | erros: 0
[2026-03-29T22:37:55.802Z] [2021] 2021-07-10 | +20106 novos | erros: 0
[2026-03-29T22:37:58.027Z] [2021] 2021-07-11 | +20139 novos | erros: 0
[2026-03-29T22:38:01.842Z] [2021] 2021-07-12 | +20399 novos | erros: 0
[2026-03-29T22:38:07.597Z] [2021] 2021-07-13 | +20650 novos | erros: 0
[2026-03-29T22:38:10.730Z] [2021] 2021-07-14 | +20826 novos | erros: 0
[2026-03-29T22:38:12.628Z] [2021] 2021-07-15 | +21073 novos | erros: 0
[2026-03-29T22:38:16.678Z] [2021] 2021-07-16 | +21284 novos | erros: 0
[2026-03-29T22:38:20.246Z] [2021] 2021-07-17 | +21305 novos | erros: 0
[2026-03-29T22:38:22.877Z] [2021] 2021-07-18 | +21322 novos | erros: 0
[2026-03-29T22:38:25.655Z] [2021] 2021-07-19 | +21430 novos | erros: 0
[2026-03-29T22:38:28.347Z] [2021] 2021-07-20 | +21552 novos | erros: 0
[2026-03-29T22:38:29.644Z] [2021] 2021-07-21 | +21653 novos | erros: 0
[2026-03-29T22:38:31.445Z] [2021] 2021-07-22 | +21790 novos | erros: 0
[2026-03-29T22:38:33.019Z] [2021] 2021-07-23 | +21875 novos | erros: 0
[2026-03-29T22:38:33.470Z] [2021] 2021-07-24 | +21875 novos | erros: 0
[2026-03-29T22:38:33.703Z] [2021] 2021-07-25 | +21875 novos | erros: 0
[2026-03-29T22:38:34.842Z] [2021] 2021-07-26 | +21875 novos | erros: 0
[2026-03-29T22:38:35.889Z] [2021] 2021-07-27 | +21878 novos | erros: 0
[2026-03-29T22:38:38.956Z] [2021] 2021-07-28 | +21879 novos | erros: 0
[2026-03-29T22:38:40.423Z] [2021] 2021-07-29 | +21890 novos | erros: 0
[2026-03-29T22:38:41.561Z] [2021] 2021-07-30 | +21894 novos | erros: 0
[2026-03-29T22:38:41.826Z] [2021] 2021-07-31 | +21918 novos | erros: 0
[2026-03-29T22:38:41.999Z] [2021] 2021-08-01 | +21926 novos | erros: 0
[2026-03-29T22:38:42.578Z] [2021] 2021-08-02 | +22163 novos | erros: 0
[2026-03-29T22:38:43.528Z] [2021] 2021-08-03 | +22436 novos | erros: 0
[2026-03-29T22:38:46.240Z] [2021] 2021-08-04 | +22770 novos | erros: 0
[2026-03-29T22:38:47.751Z] [2021] 2021-08-05 | +23102 novos | erros: 0
[2026-03-29T22:38:49.270Z] [2021] 2021-08-06 | +23386 novos | erros: 0
[2026-03-29T22:38:51.046Z] [2021] 2021-08-07 | +23403 novos | erros: 0
[2026-03-29T22:38:52.571Z] [2021] 2021-08-08 | +23419 novos | erros: 0
[2026-03-29T22:38:53.861Z] [2021] 2021-08-09 | +23550 novos | erros: 0
[2026-03-29T22:38:54.579Z] [2021] 2021-08-10 | +23679 novos | erros: 0
[2026-03-29T22:38:55.889Z] [2021] 2021-08-11 | +23712 novos | erros: 0
[2026-03-29T22:38:57.918Z] [2021] 2021-08-12 | +23830 novos | erros: 0
[2026-03-29T22:38:58.586Z] [2021] 2021-08-13 | +23965 novos | erros: 0
[2026-03-29T22:38:58.885Z] [2021] 2021-08-14 | +23979 novos | erros: 0
[2026-03-29T22:38:59.166Z] [2021] 2021-08-15 | +23992 novos | erros: 0
[2026-03-29T22:38:59.649Z] [2021] 2021-08-16 | +24196 novos | erros: 0
[2026-03-29T22:39:00.321Z] [2021] 2021-08-17 | +24406 novos | erros: 0
[2026-03-29T22:39:02.124Z] [2021] 2021-08-18 | +24591 novos | erros: 0
[2026-03-29T22:39:02.992Z] [2021] 2021-08-19 | +24803 novos | erros: 0
[2026-03-29T22:39:04.986Z] [2021] 2021-08-20 | +24993 novos | erros: 0
[2026-03-29T22:39:05.579Z] [2021] 2021-08-21 | +24993 novos | erros: 0
[2026-03-29T22:39:06.890Z] [2021] 2021-08-22 | +24993 novos | erros: 0
[2026-03-29T22:39:07.623Z] [2021] 2021-08-23 | +24993 novos | erros: 0
[2026-03-29T22:39:08.557Z] [2021] 2021-08-24 | +24993 novos | erros: 0
[2026-03-29T22:39:09.802Z] [2021] 2021-08-25 | +24993 novos | erros: 0
[2026-03-29T22:39:10.771Z] [2021] 2021-08-26 | +24993 novos | erros: 0
[2026-03-29T22:39:11.238Z] [2021] 2021-08-27 | +24993 novos | erros: 0
[2026-03-29T22:39:12.194Z] [2021] 2021-08-28 | +25059 novos | erros: 0
[2026-03-29T22:39:12.489Z] [2021] 2021-08-29 | +25103 novos | erros: 0
[2026-03-29T22:39:13.162Z] [2021] 2021-08-30 | +25325 novos | erros: 0
[2026-03-29T22:39:14.215Z] [2021] 2021-08-31 | +25489 novos | erros: 0
[2026-03-29T22:39:15.359Z] [2021] 2021-09-01 | +25578 novos | erros: 0
[2026-03-29T22:39:16.106Z] [2021] 2021-09-02 | +25719 novos | erros: 0
[2026-03-29T22:39:16.838Z] [2021] 2021-09-03 | +25808 novos | erros: 0
[2026-03-29T22:39:17.166Z] [2021] 2021-09-04 | +25817 novos | erros: 0
[2026-03-29T22:39:17.604Z] [2021] 2021-09-05 | +25833 novos | erros: 0
[2026-03-29T22:39:17.852Z] [2021] 2021-09-06 | +25878 novos | erros: 0
[2026-03-29T22:39:18.117Z] [2021] 2021-09-07 | +25900 novos | erros: 0
[2026-03-29T22:39:19.579Z] [2021] 2021-09-08 | +26097 novos | erros: 0
[2026-03-29T22:39:21.266Z] [2021] 2021-09-09 | +26236 novos | erros: 0
[2026-03-29T22:39:22.048Z] [2021] 2021-09-10 | +26365 novos | erros: 0
[2026-03-29T22:39:22.235Z] [2021] 2021-09-11 | +26365 novos | erros: 0
[2026-03-29T22:39:22.501Z] [2021] 2021-09-12 | +26365 novos | erros: 0
[2026-03-29T22:39:23.618Z] [2021] 2021-09-13 | +26365 novos | erros: 0
[2026-03-29T22:39:24.148Z] [2021] 2021-09-14 | +26365 novos | erros: 0
[2026-03-29T22:39:25.208Z] [2021] 2021-09-15 | +26365 novos | erros: 0
[2026-03-29T22:39:25.910Z] [2021] 2021-09-16 | +26365 novos | erros: 0
[2026-03-29T22:39:26.717Z] [2021] 2021-09-17 | +26365 novos | erros: 0
[2026-03-29T22:39:27.250Z] [2021] 2021-09-18 | +26380 novos | erros: 0
[2026-03-29T22:39:27.529Z] [2021] 2021-09-19 | +26393 novos | erros: 0
[2026-03-29T22:39:28.620Z] [2021] 2021-09-20 | +26574 novos | erros: 0
[2026-03-29T22:39:29.650Z] [2021] 2021-09-21 | +26776 novos | erros: 0
[2026-03-29T22:39:31.021Z] [2021] 2021-09-22 | +26907 novos | erros: 0
[2026-03-29T22:39:31.831Z] [2021] 2021-09-23 | +27108 novos | erros: 0
[2026-03-29T22:39:32.953Z] [2021] 2021-09-24 | +27307 novos | erros: 0
[2026-03-29T22:39:33.469Z] [2021] 2021-09-25 | +27307 novos | erros: 0
[2026-03-29T22:39:34.035Z] [2021] 2021-09-26 | +27307 novos | erros: 0
[2026-03-29T22:39:34.796Z] [2021] 2021-09-27 | +27307 novos | erros: 0
[2026-03-29T22:39:35.611Z] [2021] 2021-09-28 | +27307 novos | erros: 0
[2026-03-29T22:39:36.251Z] [2021] 2021-09-29 | +27307 novos | erros: 0
[2026-03-29T22:39:36.936Z] [2021] 2021-09-30 | +27307 novos | erros: 0
[2026-03-29T22:39:37.408Z] [2021] 2021-10-01 | +27307 novos | erros: 0
[2026-03-29T22:39:39.001Z] [2021] 2021-10-02 | +27311 novos | erros: 0
[2026-03-29T22:39:39.376Z] [2021] 2021-10-03 | +27319 novos | erros: 0
[2026-03-29T22:39:40.828Z] [2021] 2021-10-04 | +27468 novos | erros: 0
[2026-03-29T22:39:42.462Z] [2021] 2021-10-05 | +27683 novos | erros: 0
[2026-03-29T22:39:43.158Z] [2021] 2021-10-06 | +27844 novos | erros: 0
[2026-03-29T22:39:43.922Z] [2021] 2021-10-07 | +28014 novos | erros: 0
[2026-03-29T22:39:47.328Z] [2021] 2021-10-08 | +28098 novos | erros: 0
[2026-03-29T22:39:49.274Z] [2021] 2021-10-09 | +28098 novos | erros: 0
[2026-03-29T22:39:50.422Z] [2021] 2021-10-10 | +28098 novos | erros: 0
[2026-03-29T22:39:56.525Z] [2021] 2021-10-11 | +28099 novos | erros: 0
[2026-03-29T22:40:01.108Z] [2021] 2021-10-12 | +28099 novos | erros: 0
[2026-03-29T22:40:07.379Z] [2021] 2021-10-13 | +28099 novos | erros: 0
[2026-03-29T22:40:11.337Z] [2021] 2021-10-14 | +28099 novos | erros: 0
[2026-03-29T22:40:14.582Z] [2021] 2021-10-15 | +28099 novos | erros: 0
[2026-03-29T22:40:19.964Z] [2021] 2021-10-16 | +28099 novos | erros: 0
[2026-03-29T22:40:22.207Z] [2021] 2021-10-17 | +28099 novos | erros: 0
[2026-03-29T22:40:25.264Z] [2021] 2021-10-18 | +28102 novos | erros: 0
[2026-03-29T22:40:29.315Z] [2021] 2021-10-19 | +28107 novos | erros: 0
[2026-03-29T22:40:32.451Z] [2021] 2021-10-20 | +28108 novos | erros: 0
[2026-03-29T22:40:37.250Z] [2021] 2021-10-21 | +28117 novos | erros: 0
[2026-03-29T22:40:40.360Z] [2021] 2021-10-22 | +28119 novos | erros: 0
[2026-03-29T22:40:43.010Z] [2021] 2021-10-23 | +28131 novos | erros: 0
[2026-03-29T22:40:45.726Z] [2021] 2021-10-24 | +28154 novos | erros: 0
[2026-03-29T22:40:50.494Z] [2021] 2021-10-25 | +28326 novos | erros: 0
[2026-03-29T22:40:54.860Z] [2021] 2021-10-26 | +28534 novos | erros: 0
[2026-03-29T22:41:00.614Z] [2021] 2021-10-27 | +28739 novos | erros: 0
[2026-03-29T22:41:05.162Z] [2021] 2021-10-28 | +28939 novos | erros: 0
[2026-03-29T22:41:10.062Z] [2021] 2021-10-29 | +28965 novos | erros: 0
[2026-03-29T22:41:16.525Z] [2021] 2021-10-30 | +28980 novos | erros: 0
[2026-03-29T22:41:21.472Z] [2021] 2021-10-31 | +28990 novos | erros: 0
[2026-03-29T22:41:25.947Z] [2021] 2021-11-01 | +28999 novos | erros: 0
[2026-03-29T22:41:31.310Z] [2021] 2021-11-02 | +29023 novos | erros: 0
[2026-03-29T22:41:35.267Z] [2021] 2021-11-03 | +29177 novos | erros: 0
[2026-03-29T22:41:38.378Z] [2021] 2021-11-04 | +29351 novos | erros: 0
[2026-03-29T22:41:42.622Z] [2021] 2021-11-05 | +29506 novos | erros: 0
[2026-03-29T22:41:46.735Z] [2021] 2021-11-06 | +29506 novos | erros: 0
[2026-03-29T22:41:51.458Z] [2021] 2021-11-07 | +29506 novos | erros: 0
[2026-03-29T22:41:56.112Z] [2021] 2021-11-08 | +29506 novos | erros: 0
[2026-03-29T22:41:57.378Z] [2021] 2021-11-09 | +29506 novos | erros: 0
[2026-03-29T22:41:59.045Z] [2021] 2021-11-10 | +29506 novos | erros: 0
[2026-03-29T22:42:01.712Z] [2021] 2021-11-11 | +29506 novos | erros: 0
[2026-03-29T22:42:02.645Z] [2021] 2021-11-12 | +29511 novos | erros: 0
[2026-03-29T22:42:02.957Z] [2021] 2021-11-13 | +29525 novos | erros: 0
[2026-03-29T22:42:03.268Z] [2021] 2021-11-14 | +29539 novos | erros: 0
[2026-03-29T22:42:06.302Z] [2021] 2021-11-15 | +29558 novos | erros: 0
[2026-03-29T22:42:08.327Z] [2021] 2021-11-16 | +29707 novos | erros: 0
[2026-03-29T22:42:09.826Z] [2021] 2021-11-17 | +29828 novos | erros: 0
[2026-03-29T22:42:13.011Z] [2021] 2021-11-18 | +29926 novos | erros: 0
[2026-03-29T22:42:15.302Z] [2021] 2021-11-19 | +30029 novos | erros: 0
[2026-03-29T22:42:17.586Z] [2021] 2021-11-20 | +30056 novos | erros: 0
[2026-03-29T22:42:18.005Z] [2021] 2021-11-21 | +30078 novos | erros: 0
[2026-03-29T22:42:18.875Z] [2021] 2021-11-22 | +30334 novos | erros: 0
[2026-03-29T22:42:21.132Z] [2021] 2021-11-23 | +30602 novos | erros: 0
[2026-03-29T22:42:23.412Z] [2021] 2021-11-24 | +30938 novos | erros: 0
[2026-03-29T22:42:24.694Z] [2021] 2021-11-25 | +31226 novos | erros: 0
[2026-03-29T22:42:25.479Z] [2021] 2021-11-26 | +31533 novos | erros: 0
[2026-03-29T22:42:25.790Z] [2021] 2021-11-27 | +31588 novos | erros: 0
[2026-03-29T22:42:26.130Z] [2021] 2021-11-28 | +31633 novos | erros: 0
[2026-03-29T22:42:27.309Z] [2021] 2021-11-29 | +31939 novos | erros: 0
[2026-03-29T22:42:28.181Z] [2021] 2021-11-30 | +32315 novos | erros: 0
[2026-03-29T22:42:31.469Z] [2021] 2021-12-01 | +32594 novos | erros: 0
[2026-03-29T22:42:33.014Z] [2021] 2021-12-02 | +32847 novos | erros: 0
[2026-03-29T22:42:34.026Z] [2021] 2021-12-03 | +33087 novos | erros: 0
[2026-03-29T22:42:34.416Z] [2021] 2021-12-04 | +33087 novos | erros: 0
[2026-03-29T22:42:34.665Z] [2021] 2021-12-05 | +33087 novos | erros: 0
[2026-03-29T22:42:35.260Z] [2021] 2021-12-06 | +33094 novos | erros: 0
[2026-03-29T22:42:35.978Z] [2021] 2021-12-07 | +33099 novos | erros: 0
[2026-03-29T22:42:37.849Z] [2021] 2021-12-08 | +33101 novos | erros: 0
[2026-03-29T22:42:39.064Z] [2021] 2021-12-09 | +33104 novos | erros: 0
[2026-03-29T22:42:40.387Z] [2021] 2021-12-10 | +33104 novos | erros: 0
[2026-03-29T22:42:40.667Z] [2021] 2021-12-11 | +33122 novos | erros: 0
[2026-03-29T22:42:40.871Z] [2021] 2021-12-12 | +33150 novos | erros: 0
[2026-03-29T22:42:41.902Z] [2021] 2021-12-13 | +33326 novos | erros: 0
[2026-03-29T22:42:44.135Z] [2021] 2021-12-14 | +33600 novos | erros: 0
[2026-03-29T22:42:45.886Z] [2021] 2021-12-15 | +33815 novos | erros: 0
[2026-03-29T22:42:47.881Z] [2021] 2021-12-16 | +34007 novos | erros: 0
[2026-03-29T22:42:49.670Z] [2021] 2021-12-17 | +34158 novos | erros: 0
[2026-03-29T22:42:50.062Z] [2021] 2021-12-18 | +34166 novos | erros: 0
[2026-03-29T22:42:50.374Z] [2021] 2021-12-19 | +34178 novos | erros: 0
[2026-03-29T22:42:51.977Z] [2021] 2021-12-20 | +34226 novos | erros: 0
[2026-03-29T22:42:52.399Z] [2021] 2021-12-21 | +34254 novos | erros: 0
[2026-03-29T22:42:54.852Z] [2021] 2021-12-22 | +34276 novos | erros: 0
[2026-03-29T22:42:55.664Z] [2021] 2021-12-23 | +34309 novos | erros: 0
[2026-03-29T22:42:56.412Z] [2021] 2021-12-24 | +34323 novos | erros: 0
[2026-03-29T22:42:57.723Z] [2021] 2021-12-25 | +34323 novos | erros: 0
[2026-03-29T22:42:58.161Z] [2021] 2021-12-26 | +34323 novos | erros: 0
[2026-03-29T22:42:58.797Z] [2021] 2021-12-27 | +34323 novos | erros: 0
[2026-03-29T22:42:59.330Z] [2021] 2021-12-28 | +34323 novos | erros: 0
[2026-03-29T22:42:59.739Z] [2021] 2021-12-29 | +34323 novos | erros: 0
[2026-03-29T22:43:00.131Z] [2021] 2021-12-30 | +34323 novos | erros: 0
[2026-03-29T22:43:00.536Z] [2021] 2021-12-31 | +34323 novos | erros: 0
[2026-03-29T22:43:00.537Z] [2021] COMPLETO — +34323 novos, 0 erros | Total CSV: 367585
