[2026-03-29T16:21:40.412Z] Novo arquivo: C:\Users\medin\Desktop\backup_judx\resultados\stj_datajud\stj_datajud_2021.csv
[2026-03-29T16:21:40.417Z] Ano 2021: 53 semanas
[2026-03-29T16:21:43.440Z] [2021] 2021-12-25/2021-12-31 | novos: 1191 | skip: 0 | erros: 0
[2026-03-29T16:22:01.590Z] [2021] 2021-12-11/2021-12-17 | novos: 10737 | skip: 1219 | erros: 0
[2026-03-29T16:22:24.771Z] [2021] 2021-11-27/2021-12-03 | novos: 26581 | skip: 2790 | erros: 0
[2026-03-29T16:24:19.185Z] [2021] 2021-10-02/2021-10-08 | novos: 76269 | skip: 7016 | erros: 0
[2026-03-29T16:25:59.857Z] [2021] 2021-08-28/2021-09-03 | novos: 111606 | skip: 9330 | erros: 0
[2026-03-29T16:27:18.797Z] [2021] 2021-07-24/2021-07-30 | novos: 146346 | skip: 12448 | erros: 0
[2026-03-29T16:27:51.047Z] [2021] 2021-07-03/2021-07-09 | novos: 165100 | skip: 15174 | erros: 0
[2026-03-29T16:28:18.331Z] [2021] 2021-06-19/2021-06-25 | novos: 180070 | skip: 16325 | erros: 0
[2026-03-29T16:29:15.000Z] [2021] 2021-05-22/2021-05-28 | novos: 205793 | skip: 19900 | erros: 0
[2026-03-29T16:30:04.313Z] [2021] 2021-05-01/2021-05-07 | novos: 225641 | skip: 23426 | erros: 0
[2026-03-29T16:31:10.708Z] [2021] 2021-04-03/2021-04-09 | novos: 250528 | skip: 27026 | erros: 0
[2026-03-29T16:32:17.647Z] [2021] 2021-03-13/2021-03-19 | novos: 270892 | skip: 28332 | erros: 0
[2026-03-29T16:33:16.760Z] [2021] 2021-02-20/2021-02-26 | novos: 295855 | skip: 30256 | erros: 0
[2026-03-29T16:33:36.531Z] [2021] 2021-02-13/2021-02-19 | novos: 300576 | skip: 31242 | erros: 0
[2026-03-29T16:34:30.158Z] [2021] 2021-01-23/2021-01-29 | novos: 320140 | skip: 33965 | erros: 0
[2026-03-29T16:34:42.751Z] [2021] 2021-01-16/2021-01-22 | novos: 325599 | skip: 33965 | erros: 0
[2026-03-29T16:34:53.579Z] [2021] 2021-01-09/2021-01-15 | novos: 330873 | skip: 34323 | erros: 0
[2026-03-29T16:34:58.687Z] [2021] COMPLETO — 333262 novos, 34323 duplicatas, 0 erros
[2026-03-29T16:34:58.688Z] Total no CSV: 333262 processos
] [2021] COMPLETO — 333262 novos, 34323 duplicatas, 0 erros
[2026-03-29T16:34:58.688Z] Total no CSV: 333262 processos
