[2026-03-29T16:49:30.593Z] Novo arquivo: C:\Users\medin\Desktop\backup_judx\resultados\stj_datajud\stj_datajud_2019.csv
[2026-03-29T16:49:30.600Z] Ano 2019: 53 semanas
[2026-03-29T16:49:37.008Z] [2019] 2019-12-25/2019-12-31 | novos: 1799 | skip: 0 | erros: 0
[2026-03-29T16:49:47.099Z] [2019] 2019-12-18/2019-12-24 | novos: 6354 | skip: 390 | erros: 0
[2026-03-29T16:50:31.597Z] [2019] 2019-11-27/2019-12-03 | novos: 26938 | skip: 1717 | erros: 0
[2026-03-29T16:50:51.515Z] [2019] 2019-11-13/2019-11-19 | novos: 36869 | skip: 2365 | erros: 0
[2026-03-29T16:51:21.561Z] [2019] 2019-10-02/2019-10-08 | novos: 70721 | skip: 4594 | erros: 0
[2026-03-29T16:51:46.850Z] [2019] 2019-09-04/2019-09-10 | novos: 95959 | skip: 6224 | erros: 0
[2026-03-29T16:52:16.278Z] [2019] 2019-08-14/2019-08-20 | novos: 115747 | skip: 6882 | erros: 0
[2026-03-29T16:52:28.486Z] [2019] 2019-08-07/2019-08-13 | novos: 121461 | skip: 7556 | erros: 0
[2026-03-29T16:53:58.523Z] [2019] 2019-06-05/2019-06-11 | novos: 170626 | skip: 11818 | erros: 0
[2026-03-29T16:54:08.248Z] [2019] 2019-05-29/2019-06-04 | novos: 176985 | skip: 12149 | erros: 0
[2026-03-29T16:54:21.013Z] [2019] 2019-05-15/2019-05-21 | novos: 190458 | skip: 12593 | erros: 0
[2026-03-29T16:54:28.981Z] [2019] 2019-05-08/2019-05-14 | novos: 196359 | skip: 12840 | erros: 0
[2026-03-29T16:54:41.306Z] [2019] 2019-05-01/2019-05-07 | novos: 201296 | skip: 12840 | erros: 0
[2026-03-29T16:54:55.152Z] [2019] 2019-04-24/2019-04-30 | novos: 206048 | skip: 13424 | erros: 0
[2026-03-29T16:55:26.713Z] [2019] 2019-03-27/2019-04-02 | novos: 221784 | skip: 14939 | erros: 0
[2026-03-29T16:55:33.181Z] [2019] 2019-03-20/2019-03-26 | novos: 226795 | skip: 15422 | erros: 0
[2026-03-29T16:55:49.984Z] [2019] 2019-02-27/2019-03-05 | novos: 241432 | skip: 15920 | erros: 0
[2026-03-29T16:56:05.382Z] [2019] 2019-02-13/2019-02-19 | novos: 251372 | skip: 16283 | erros: 0
[2026-03-29T16:56:13.825Z] [2019] 2019-02-06/2019-02-12 | novos: 256601 | skip: 16619 | erros: 0
[2026-03-29T16:56:27.383Z] [2019] 2019-01-30/2019-02-05 | novos: 261262 | skip: 16838 | erros: 0
[2026-03-29T16:56:39.067Z] [2019] 2019-01-23/2019-01-29 | novos: 265601 | skip: 17211 | erros: 0
[2026-03-29T16:56:56.691Z] [2019] 2019-01-02/2019-01-08 | novos: 275195 | skip: 17312 | erros: 0
[2026-03-29T16:56:57.601Z] [2019] 2019-01-01/2019-01-01 | novos: 275213 | skip: 17312 | erros: 0
[2026-03-29T16:56:57.602Z] [2019] COMPLETO — 275213 novos, 17312 duplicatas, 0 erros
[2026-03-29T16:56:57.603Z] Total no CSV: 275213 processos
] [2019] COMPLETO — 275213 novos, 17312 duplicatas, 0 erros
[2026-03-29T16:56:57.603Z] Total no CSV: 275213 processos
