[2026-03-29T16:21:40.495Z] Novo arquivo: C:\Users\medin\Desktop\backup_judx\resultados\stj_datajud\stj_datajud_2020.csv
[2026-03-29T16:21:40.502Z] Ano 2020: 53 semanas
[2026-03-29T16:21:43.673Z] [2020] 2020-12-25/2020-12-31 | novos: 1490 | skip: 0 | erros: 0
[2026-03-29T16:22:01.917Z] [2020] 2020-12-11/2020-12-17 | novos: 10985 | skip: 908 | erros: 0
[2026-03-29T16:22:16.121Z] [2020] 2020-12-04/2020-12-10 | novos: 16573 | skip: 1688 | erros: 0
[2026-03-29T16:22:46.383Z] [2020] 2020-11-20/2020-11-26 | novos: 30843 | skip: 3234 | erros: 0
[2026-03-29T16:23:46.432Z] [2020] 2020-10-09/2020-10-15 | novos: 60024 | skip: 5030 | erros: 0
[2026-03-29T16:25:22.692Z] [2020] 2020-09-04/2020-09-10 | novos: 95786 | skip: 7937 | erros: 0
[2026-03-29T16:26:08.214Z] [2020] 2020-08-21/2020-08-27 | novos: 111482 | skip: 7968 | erros: 0
[2026-03-29T16:26:49.633Z] [2020] 2020-07-31/2020-08-06 | novos: 130549 | skip: 8239 | erros: 0
[2026-03-29T16:27:53.649Z] [2020] 2020-07-03/2020-07-09 | novos: 155990 | skip: 9170 | erros: 0
[2026-03-29T16:28:43.442Z] [2020] 2020-06-12/2020-06-18 | novos: 175945 | skip: 10588 | erros: 0
[2026-03-29T16:28:52.544Z] [2020] 2020-06-05/2020-06-11 | novos: 181015 | skip: 10787 | erros: 0
[2026-03-29T16:29:45.485Z] [2020] 2020-05-01/2020-05-07 | novos: 206840 | skip: 12126 | erros: 0
[2026-03-29T16:29:57.725Z] [2020] 2020-04-24/2020-04-30 | novos: 211386 | skip: 12554 | erros: 0
[2026-03-29T16:30:02.168Z] [2020] 2020-04-17/2020-04-23 | novos: 215113 | skip: 12554 | erros: 0
[2026-03-29T16:30:49.551Z] [2020] 2020-03-27/2020-04-02 | novos: 226957 | skip: 12554 | erros: 0
[2026-03-29T16:31:06.027Z] [2020] 2020-03-20/2020-03-26 | novos: 231194 | skip: 13093 | erros: 0
[2026-03-29T16:32:39.448Z] [2020] 2020-02-07/2020-02-13 | novos: 266043 | skip: 17243 | erros: 0
[2026-03-29T16:32:59.232Z] [2020] 2020-01-31/2020-02-06 | novos: 271648 | skip: 18344 | erros: 0
[2026-03-29T16:33:58.333Z] [2020] 2020-01-03/2020-01-09 | novos: 291568 | skip: 18514 | erros: 0
[2026-03-29T16:34:01.821Z] [2020] 2020-01-01/2020-01-02 | novos: 291850 | skip: 18514 | erros: 0
[2026-03-29T16:34:01.822Z] [2020] COMPLETO — 291850 novos, 18514 duplicatas, 0 erros
[2026-03-29T16:34:01.823Z] Total no CSV: 291850 processos
] [2020] COMPLETO — 291850 novos, 18514 duplicatas, 0 erros
[2026-03-29T16:34:01.823Z] Total no CSV: 291850 processos
