[2026-03-29T15:59:57.935Z] Conectado ao banco JudX
[2026-03-29T16:00:09.837Z] Tabela stj_datajud pronta
[2026-03-29T16:00:09.839Z] Período: 2016-2016 (53 semanas, do mais recente ao mais antigo)
[2026-03-29T16:01:24.544Z] Resume: 902542 processos já no banco, data mais antiga: Sun Dec 18 2016 00:00:00 GMT-0200 (Horário de Verão de Brasília)
(node:9416) Warning: Setting the NODE_TLS_REJECT_UNAUTHORIZED environment variable to '0' makes TLS connections and HTTPS requests insecure by disabling certificate verification.
(Use `node --trace-warnings ...` to show where the warning was created)
[2026-03-29T16:01:24.808Z] [2016-12-18/2016-12-24] 517 processos — iniciando extração
[2026-03-29T16:01:58.393Z]   [2016-12-18/2016-12-24] 517/517 (100.0%) | total banco: 517 | erros: 0
[2026-03-29T16:01:58.509Z] [2016-12-18/2016-12-24] COMPLETO — 517 extraídos
[2026-03-29T16:03:48.582Z] Banco stj_datajud: 923494 registros
[2026-03-29T16:03:49.680Z] [2016-12-11/2016-12-17] 1705 processos — iniciando extração
[2026-03-29T16:04:08.560Z]   [2016-12-11/2016-12-17] 1705/1705 (100.0%) | total banco: 2222 | erros: 0
[2026-03-29T16:04:08.673Z] [2016-12-11/2016-12-17] COMPLETO — 1705 extraídos
[2026-03-29T16:04:08.783Z] [2016-12-04/2016-12-10] 1018 processos — iniciando extração
[2026-03-29T16:04:15.714Z]   [2016-12-04/2016-12-10] 1018/1018 (100.0%) | total banco: 3240 | erros: 0
[2026-03-29T16:04:15.824Z] [2016-12-04/2016-12-10] COMPLETO — 1018 extraídos
[2026-03-29T16:04:16.382Z] [2016-11-27/2016-12-03] 1125 processos — iniciando extração
[2026-03-29T16:04:24.476Z]   [2016-11-27/2016-12-03] 1125/1125 (100.0%) | total banco: 4365 | erros: 0
[2026-03-29T16:04:24.587Z] [2016-11-27/2016-12-03] COMPLETO — 1125 extraídos
[2026-03-29T16:04:24.776Z] [2016-11-20/2016-11-26] 1217 processos — iniciando extração
[2026-03-29T16:05:14.963Z]   [2016-11-20/2016-11-26] 1217/1217 (100.0%) | total banco: 5582 | erros: 0
[2026-03-29T16:05:15.075Z] [2016-11-20/2016-11-26] COMPLETO — 1217 extraídos
[2026-03-29T16:05:15.404Z] [2016-11-13/2016-11-19] 1023 processos — iniciando extração
[2026-03-29T16:05:47.493Z]   [2016-11-13/2016-11-19] 1023/1023 (100.0%) | total banco: 6605 | erros: 0
[2026-03-29T16:05:47.614Z] [2016-11-13/2016-11-19] COMPLETO — 1023 extraídos
[2026-03-29T16:05:47.753Z] [2016-11-06/2016-11-12] 1236 processos — iniciando extração
[2026-03-29T16:06:04.174Z]   [2016-11-06/2016-11-12] 1236/1236 (100.0%) | total banco: 7841 | erros: 0
[2026-03-29T16:06:04.275Z] [2016-11-06/2016-11-12] COMPLETO — 1236 extraídos
[2026-03-29T16:06:04.624Z] [2016-10-30/2016-11-05] 523 processos — iniciando extração
[2026-03-29T16:06:09.653Z]   [2016-10-30/2016-11-05] 523/523 (100.0%) | total banco: 8364 | erros: 0
[2026-03-29T16:06:09.762Z] [2016-10-30/2016-11-05] COMPLETO — 523 extraídos
[2026-03-29T16:06:09.791Z] [2016-10-23/2016-10-29] 948 processos — iniciando extração
[2026-03-29T16:06:28.034Z]   [2016-10-23/2016-10-29] 948/948 (100.0%) | total banco: 9312 | erros: 0
[2026-03-29T16:06:28.149Z] [2016-10-23/2016-10-29] COMPLETO — 948 extraídos
[2026-03-29T16:06:28.586Z] [2016-10-16/2016-10-22] 1136 processos — iniciando extração
[2026-03-29T16:06:44.532Z]   [2016-10-16/2016-10-22] 1136/1136 (100.0%) | total banco: 10448 | erros: 0
[2026-03-29T16:06:44.638Z] [2016-10-16/2016-10-22] COMPLETO — 1136 extraídos
[2026-03-29T16:06:46.777Z] [2016-10-09/2016-10-15] 866 processos — iniciando extração
[2026-03-29T16:06:55.679Z]   [2016-10-09/2016-10-15] 866/866 (100.0%) | total banco: 11314 | erros: 0
[2026-03-29T16:06:55.791Z] [2016-10-09/2016-10-15] COMPLETO — 866 extraídos
[2026-03-29T16:06:56.422Z] [2016-10-02/2016-10-08] 1157 processos — iniciando extração
[2026-03-29T16:07:06.377Z]   [2016-10-02/2016-10-08] 1157/1157 (100.0%) | total banco: 12471 | erros: 0
[2026-03-29T16:07:06.489Z] [2016-10-02/2016-10-08] COMPLETO — 1157 extraídos
[2026-03-29T16:07:07.362Z] [2016-09-25/2016-10-01] 1064 processos — iniciando extração
[2026-03-29T16:07:20.213Z]   [2016-09-25/2016-10-01] 1064/1064 (100.0%) | total banco: 13535 | erros: 0
[2026-03-29T16:07:20.318Z] [2016-09-25/2016-10-01] COMPLETO — 1064 extraídos
[2026-03-29T16:07:20.550Z] [2016-09-18/2016-09-24] 1075 processos — iniciando extração
[2026-03-29T16:07:30.377Z]   [2016-09-18/2016-09-24] 1075/1075 (100.0%) | total banco: 14610 | erros: 0
[2026-03-29T16:07:30.491Z] [2016-09-18/2016-09-24] COMPLETO — 1075 extraídos
[2026-03-29T16:07:30.707Z] [2016-09-11/2016-09-17] 1118 processos — iniciando extração
[2026-03-29T16:07:45.496Z]   [2016-09-11/2016-09-17] 1118/1118 (100.0%) | total banco: 15728 | erros: 0
[2026-03-29T16:07:45.610Z] [2016-09-11/2016-09-17] COMPLETO — 1118 extraídos
[2026-03-29T16:07:46.079Z] [2016-09-04/2016-09-10] 699 processos — iniciando extração
[2026-03-29T16:07:56.750Z]   [2016-09-04/2016-09-10] 699/699 (100.0%) | total banco: 16427 | erros: 0
[2026-03-29T16:07:56.853Z] [2016-09-04/2016-09-10] COMPLETO — 699 extraídos
[2026-03-29T16:07:57.048Z] [2016-08-28/2016-09-03] 1242 processos — iniciando extração
[2026-03-29T16:08:06.110Z]   [2016-08-28/2016-09-03] 1242/1242 (100.0%) | total banco: 17669 | erros: 0
[2026-03-29T16:08:06.217Z] [2016-08-28/2016-09-03] COMPLETO — 1242 extraídos
[2026-03-29T16:08:06.597Z] [2016-08-21/2016-08-27] 1103 processos — iniciando extração
[2026-03-29T16:08:16.542Z]   [2016-08-21/2016-08-27] 1103/1103 (100.0%) | total banco: 18772 | erros: 0
[2026-03-29T16:08:16.656Z] [2016-08-21/2016-08-27] COMPLETO — 1103 extraídos
[2026-03-29T16:08:17.005Z] [2016-08-14/2016-08-20] 1122 processos — iniciando extração
[2026-03-29T16:08:32.317Z]   [2016-08-14/2016-08-20] 1122/1122 (100.0%) | total banco: 19894 | erros: 0
[2026-03-29T16:08:32.420Z] [2016-08-14/2016-08-20] COMPLETO — 1122 extraídos
[2026-03-29T16:08:33.324Z] [2016-08-07/2016-08-13] 377 processos — iniciando extração
[2026-03-29T16:08:38.963Z]   [2016-08-07/2016-08-13] 377/377 (100.0%) | total banco: 20271 | erros: 0
[2026-03-29T16:08:39.078Z] [2016-08-07/2016-08-13] COMPLETO — 377 extraídos
[2026-03-29T16:08:39.528Z] [2016-07-31/2016-08-06] 705 processos — iniciando extração
[2026-03-29T16:08:48.140Z]   [2016-07-31/2016-08-06] 705/705 (100.0%) | total banco: 20976 | erros: 0
[2026-03-29T16:08:48.241Z] [2016-07-31/2016-08-06] COMPLETO — 705 extraídos
[2026-03-29T16:08:48.488Z] [2016-07-24/2016-07-30] 879 processos — iniciando extração
[2026-03-29T16:08:54.269Z]   [2016-07-24/2016-07-30] 879/879 (100.0%) | total banco: 21855 | erros: 0
[2026-03-29T16:08:54.375Z] [2016-07-24/2016-07-30] COMPLETO — 879 extraídos
[2026-03-29T16:08:55.141Z] [2016-07-17/2016-07-23] 773 processos — iniciando extração
[2026-03-29T16:09:03.916Z]   [2016-07-17/2016-07-23] 773/773 (100.0%) | total banco: 22628 | erros: 0
[2026-03-29T16:09:04.019Z] [2016-07-17/2016-07-23] COMPLETO — 773 extraídos
[2026-03-29T16:09:05.190Z] [2016-07-10/2016-07-16] 949 processos — iniciando extração
[2026-03-29T16:09:13.524Z]   [2016-07-10/2016-07-16] 949/949 (100.0%) | total banco: 23577 | erros: 0
[2026-03-29T16:09:13.627Z] [2016-07-10/2016-07-16] COMPLETO — 949 extraídos
[2026-03-29T16:09:15.411Z] [2016-07-03/2016-07-09] 936 processos — iniciando extração
[2026-03-29T16:09:24.918Z]   [2016-07-03/2016-07-09] 936/936 (100.0%) | total banco: 24513 | erros: 0
[2026-03-29T16:09:25.023Z] [2016-07-03/2016-07-09] COMPLETO — 936 extraídos
[2026-03-29T16:09:25.801Z] [2016-06-26/2016-07-02] 945 processos — iniciando extração
[2026-03-29T16:10:03.534Z]   [2016-06-26/2016-07-02] 945/945 (100.0%) | total banco: 25458 | erros: 0
[2026-03-29T16:10:03.636Z] [2016-06-26/2016-07-02] COMPLETO — 945 extraídos
[2026-03-29T16:10:03.898Z] [2016-06-19/2016-06-25] 892 processos — iniciando extração
[2026-03-29T16:10:17.290Z]   [2016-06-19/2016-06-25] 892/892 (100.0%) | total banco: 26350 | erros: 0
[2026-03-29T16:10:17.392Z] [2016-06-19/2016-06-25] COMPLETO — 892 extraídos
[2026-03-29T16:10:18.312Z] [2016-06-12/2016-06-18] 1082 processos — iniciando extração
[2026-03-29T16:10:36.434Z]   [2016-06-12/2016-06-18] 1082/1082 (100.0%) | total banco: 27432 | erros: 0
[2026-03-29T16:10:36.547Z] [2016-06-12/2016-06-18] COMPLETO — 1082 extraídos
[2026-03-29T16:10:37.066Z] [2016-06-05/2016-06-11] 1208 processos — iniciando extração
[2026-03-29T16:11:10.055Z]   [2016-06-05/2016-06-11] 1208/1208 (100.0%) | total banco: 28640 | erros: 0
[2026-03-29T16:11:10.166Z] [2016-06-05/2016-06-11] COMPLETO — 1208 extraídos
[2026-03-29T16:11:14.504Z] [2016-05-29/2016-06-04] 1362 processos — iniciando extração
[2026-03-29T16:11:25.429Z]   [2016-05-29/2016-06-04] 1362/1362 (100.0%) | total banco: 30002 | erros: 0
[2026-03-29T16:11:25.533Z] [2016-05-29/2016-06-04] COMPLETO — 1362 extraídos
[2026-03-29T16:11:26.250Z] [2016-05-22/2016-05-28] 1072 processos — iniciando extração
[2026-03-29T16:11:55.879Z]   [2016-05-22/2016-05-28] 1072/1072 (100.0%) | total banco: 31074 | erros: 0
[2026-03-29T16:11:55.980Z] [2016-05-22/2016-05-28] COMPLETO — 1072 extraídos
[2026-03-29T16:11:56.332Z] [2016-05-15/2016-05-21] 1550 processos — iniciando extração
[2026-03-29T16:12:11.993Z]   [2016-05-15/2016-05-21] 1550/1550 (100.0%) | total banco: 32624 | erros: 0
[2026-03-29T16:12:12.107Z] [2016-05-15/2016-05-21] COMPLETO — 1550 extraídos
[2026-03-29T16:12:15.615Z] [2016-05-08/2016-05-14] 1274 processos — iniciando extração
[2026-03-29T16:12:32.694Z]   [2016-05-08/2016-05-14] 1274/1274 (100.0%) | total banco: 33898 | erros: 0
[2026-03-29T16:12:32.794Z] [2016-05-08/2016-05-14] COMPLETO — 1274 extraídos
[2026-03-29T16:12:37.646Z] [2016-05-01/2016-05-07] 1171 processos — iniciando extração
[2026-03-29T16:12:53.076Z]   [2016-05-01/2016-05-07] 1171/1171 (100.0%) | total banco: 35069 | erros: 0
[2026-03-29T16:12:53.189Z] [2016-05-01/2016-05-07] COMPLETO — 1171 extraídos
[2026-03-29T16:12:53.528Z] [2016-04-24/2016-04-30] 1122 processos — iniciando extração
[2026-03-29T16:13:07.316Z]   [2016-04-24/2016-04-30] 1122/1122 (100.0%) | total banco: 36191 | erros: 0
[2026-03-29T16:13:07.427Z] [2016-04-24/2016-04-30] COMPLETO — 1122 extraídos
[2026-03-29T16:13:07.598Z] [2016-04-17/2016-04-23] 847 processos — iniciando extração
[2026-03-29T16:13:13.990Z]   [2016-04-17/2016-04-23] 847/847 (100.0%) | total banco: 37038 | erros: 0
[2026-03-29T16:13:14.103Z] [2016-04-17/2016-04-23] COMPLETO — 847 extraídos
[2026-03-29T16:13:14.305Z] [2016-04-10/2016-04-16] 843 processos — iniciando extração
[2026-03-29T16:13:20.159Z]   [2016-04-10/2016-04-16] 843/843 (100.0%) | total banco: 37881 | erros: 0
[2026-03-29T16:13:20.260Z] [2016-04-10/2016-04-16] COMPLETO — 843 extraídos
[2026-03-29T16:13:20.675Z] [2016-04-03/2016-04-09] 1110 processos — iniciando extração
[2026-03-29T16:14:00.899Z]   [2016-04-03/2016-04-09] 1110/1110 (100.0%) | total banco: 38991 | erros: 0
[2026-03-29T16:14:01.012Z] [2016-04-03/2016-04-09] COMPLETO — 1110 extraídos
[2026-03-29T16:14:02.319Z] [2016-03-27/2016-04-02] 1071 processos — iniciando extração
[2026-03-29T16:14:16.702Z]   [2016-03-27/2016-04-02] 1071/1071 (100.0%) | total banco: 40062 | erros: 0
[2026-03-29T16:14:16.811Z] [2016-03-27/2016-04-02] COMPLETO — 1071 extraídos
[2026-03-29T16:14:17.381Z] [2016-03-20/2016-03-26] 426 processos — iniciando extração
[2026-03-29T16:14:25.212Z]   [2016-03-20/2016-03-26] 426/426 (100.0%) | total banco: 40488 | erros: 0
[2026-03-29T16:14:25.324Z] [2016-03-20/2016-03-26] COMPLETO — 426 extraídos
[2026-03-29T16:14:25.820Z] [2016-03-13/2016-03-19] 1441 processos — iniciando extração
[2026-03-29T16:15:05.174Z]   [2016-03-13/2016-03-19] 1441/1441 (100.0%) | total banco: 41929 | erros: 0
[2026-03-29T16:15:05.287Z] [2016-03-13/2016-03-19] COMPLETO — 1441 extraídos
[2026-03-29T16:15:05.500Z] [2016-03-06/2016-03-12] 1417 processos — iniciando extração
[2026-03-29T16:15:17.071Z]   [2016-03-06/2016-03-12] 1417/1417 (100.0%) | total banco: 43346 | erros: 0
[2026-03-29T16:15:17.186Z] [2016-03-06/2016-03-12] COMPLETO — 1417 extraídos
[2026-03-29T16:15:17.406Z] [2016-02-28/2016-03-05] 1130 processos — iniciando extração
[2026-03-29T16:15:26.479Z]   [2016-02-28/2016-03-05] 1130/1130 (100.0%) | total banco: 44476 | erros: 0
[2026-03-29T16:15:26.589Z] [2016-02-28/2016-03-05] COMPLETO — 1130 extraídos
[2026-03-29T16:15:31.572Z] [2016-02-21/2016-02-27] 1056 processos — iniciando extração
[2026-03-29T16:15:43.847Z]   [2016-02-21/2016-02-27] 1056/1056 (100.0%) | total banco: 45532 | erros: 0
[2026-03-29T16:15:43.955Z] [2016-02-21/2016-02-27] COMPLETO — 1056 extraídos
[2026-03-29T16:15:44.793Z] [2016-02-14/2016-02-20] 846 processos — iniciando extração
[2026-03-29T16:16:00.792Z]   [2016-02-14/2016-02-20] 846/846 (100.0%) | total banco: 46378 | erros: 0
[2026-03-29T16:16:00.900Z] [2016-02-14/2016-02-20] COMPLETO — 846 extraídos
[2026-03-29T16:16:02.370Z] [2016-02-07/2016-02-13] 446 processos — iniciando extração
[2026-03-29T16:16:08.530Z]   [2016-02-07/2016-02-13] 446/446 (100.0%) | total banco: 46824 | erros: 0
[2026-03-29T16:16:08.633Z] [2016-02-07/2016-02-13] COMPLETO — 446 extraídos
[2026-03-29T16:16:09.646Z] [2016-01-31/2016-02-06] 876 processos — iniciando extração
[2026-03-29T16:16:17.273Z]   [2016-01-31/2016-02-06] 876/876 (100.0%) | total banco: 47700 | erros: 0
[2026-03-29T16:16:17.385Z] [2016-01-31/2016-02-06] COMPLETO — 876 extraídos
[2026-03-29T16:16:18.350Z] [2016-01-24/2016-01-30] 780 processos — iniciando extração
[2026-03-29T16:16:28.204Z]   [2016-01-24/2016-01-30] 780/780 (100.0%) | total banco: 48480 | erros: 0
[2026-03-29T16:16:28.308Z] [2016-01-24/2016-01-30] COMPLETO — 780 extraídos
[2026-03-29T16:16:28.893Z] [2016-01-17/2016-01-23] 583 processos — iniciando extração
[2026-03-29T16:16:42.121Z]   [2016-01-17/2016-01-23] 583/583 (100.0%) | total banco: 49063 | erros: 0
[2026-03-29T16:16:42.227Z] [2016-01-17/2016-01-23] COMPLETO — 583 extraídos
[2026-03-29T16:16:44.474Z] [2016-01-10/2016-01-16] 604 processos — iniciando extração
[2026-03-29T16:16:53.315Z]   [2016-01-10/2016-01-16] 604/604 (100.0%) | total banco: 49667 | erros: 0
[2026-03-29T16:16:53.430Z] [2016-01-10/2016-01-16] COMPLETO — 604 extraídos
[2026-03-29T16:16:54.236Z] [2016-01-03/2016-01-09] 427 processos — iniciando extração
[2026-03-29T16:17:05.883Z]   [2016-01-03/2016-01-09] 427/427 (100.0%) | total banco: 50094 | erros: 0
[2026-03-29T16:17:05.993Z] [2016-01-03/2016-01-09] COMPLETO — 427 extraídos
[2026-03-29T16:19:06.067Z] FATAL: canceling statement due to statement timeout
