[2026-03-29T15:21:53.345Z] Conectado ao banco JudX
[2026-03-29T15:21:53.481Z] Tabela stj_datajud pronta
[2026-03-29T15:21:53.483Z] Período: 2021-2021 (53 semanas, do mais recente ao mais antigo)
(node:23648) Warning: Setting the NODE_TLS_REJECT_UNAUTHORIZED environment variable to '0' makes TLS connections and HTTPS requests insecure by disabling certificate verification.
(Use `node --trace-warnings ...` to show where the warning was created)
[2026-03-29T15:21:55.138Z] [2021-12-25/2021-12-31] 1191 processos — iniciando extração
[2026-03-29T15:22:08.849Z]   [2021-12-25/2021-12-31] 1191/1191 (100.0%) | total banco: 1191 | erros: 0
[2026-03-29T15:22:08.964Z] [2021-12-25/2021-12-31] COMPLETO — 1191 extraídos
[2026-03-29T15:23:12.929Z] Banco stj_datajud: 405740 registros
[2026-03-29T15:23:13.751Z] [2021-12-18/2021-12-24] 2683 processos — iniciando extração
[2026-03-29T15:23:46.072Z]   [2021-12-18/2021-12-24] 2000/2683 (74.5%) | total banco: 3191 | erros: 0
[2026-03-29T15:24:28.229Z]   [2021-12-18/2021-12-24] 2683/2683 (100.0%) | total banco: 3874 | erros: 0
[2026-03-29T15:24:28.338Z] [2021-12-18/2021-12-24] COMPLETO — 2683 extraídos
[2026-03-29T15:24:29.561Z] [2021-12-11/2021-12-17] 8082 processos — iniciando extração
[2026-03-29T15:25:41.996Z]   [2021-12-11/2021-12-17] 2000/8082 (24.7%) | total banco: 5874 | erros: 0
[2026-03-29T15:26:33.597Z]   [2021-12-11/2021-12-17] 4000/8082 (49.5%) | total banco: 7874 | erros: 0
[2026-03-29T15:27:10.731Z]   [2021-12-11/2021-12-17] 6000/8082 (74.2%) | total banco: 9874 | erros: 0
[2026-03-29T15:27:50.134Z]   [2021-12-11/2021-12-17] 8000/8082 (99.0%) | total banco: 11874 | erros: 0
[2026-03-29T15:27:52.586Z]   [2021-12-11/2021-12-17] 8082/8082 (100.0%) | total banco: 11956 | erros: 0
[2026-03-29T15:27:52.690Z] [2021-12-11/2021-12-17] COMPLETO — 8082 extraídos
[2026-03-29T15:27:54.970Z] [2021-12-04/2021-12-10] 7554 processos — iniciando extração
[2026-03-29T15:28:21.693Z]   [2021-12-04/2021-12-10] 2000/7554 (26.5%) | total banco: 13956 | erros: 0
[2026-03-29T15:29:18.851Z]   [2021-12-04/2021-12-10] 4000/7554 (53.0%) | total banco: 15956 | erros: 0
[2026-03-29T15:30:15.971Z]   [2021-12-04/2021-12-10] 6000/7554 (79.4%) | total banco: 17956 | erros: 0
[2026-03-29T15:31:27.219Z]   [2021-12-04/2021-12-10] 7554/7554 (100.0%) | total banco: 19510 | erros: 0
[2026-03-29T15:31:27.331Z] [2021-12-04/2021-12-10] COMPLETO — 7554 extraídos
[2026-03-29T15:31:28.647Z] [2021-11-27/2021-12-03] 9861 processos — iniciando extração
[2026-03-29T15:33:33.331Z]   [2021-11-27/2021-12-03] 2000/9861 (20.3%) | total banco: 21510 | erros: 0
[2026-03-29T15:34:17.076Z]   [2021-11-27/2021-12-03] 4000/9861 (40.6%) | total banco: 23510 | erros: 0
[2026-03-29T15:35:20.901Z]   [2021-11-27/2021-12-03] 6000/9861 (60.8%) | total banco: 25510 | erros: 0
[2026-03-29T15:36:45.391Z]   [2021-11-27/2021-12-03] 8000/9861 (81.1%) | total banco: 27510 | erros: 0
[2026-03-29T15:38:14.592Z]   [2021-11-27/2021-12-03] 9861/9861 (100.0%) | total banco: 29371 | erros: 0
[2026-03-29T15:38:14.695Z] [2021-11-27/2021-12-03] COMPLETO — 9861 extraídos
[2026-03-29T15:38:15.446Z] [2021-11-20/2021-11-26] 7540 processos — iniciando extração
[2026-03-29T15:39:28.091Z]   [2021-11-20/2021-11-26] 2000/7540 (26.5%) | total banco: 31371 | erros: 0
[2026-03-29T15:40:52.801Z]   [2021-11-20/2021-11-26] 4000/7540 (53.1%) | total banco: 33371 | erros: 0
[2026-03-29T15:42:07.000Z]   [2021-11-20/2021-11-26] 6000/7540 (79.6%) | total banco: 35371 | erros: 0
[2026-03-29T15:44:05.399Z]   [2021-11-20/2021-11-26] 7540/7540 (100.0%) | total banco: 36911 | erros: 0
[2026-03-29T15:44:05.509Z] [2021-11-20/2021-11-26] COMPLETO — 7540 extraídos
[2026-03-29T15:44:06.770Z] [2021-11-13/2021-11-19] 6200 processos — iniciando extração
[2026-03-29T15:45:23.807Z]   [2021-11-13/2021-11-19] 2000/6200 (32.3%) | total banco: 38911 | erros: 0
[2026-03-29T15:46:13.559Z]   [2021-11-13/2021-11-19] 4000/6200 (64.5%) | total banco: 40911 | erros: 0
[2026-03-29T15:46:51.689Z]   [2021-11-13/2021-11-19] 6000/6200 (96.8%) | total banco: 42911 | erros: 0
[2026-03-29T15:47:14.222Z]   [2021-11-13/2021-11-19] 6200/6200 (100.0%) | total banco: 43111 | erros: 0
[2026-03-29T15:47:14.336Z] [2021-11-13/2021-11-19] COMPLETO — 6200 extraídos
[2026-03-29T15:47:14.577Z] [2021-11-06/2021-11-12] 6358 processos — iniciando extração
[2026-03-29T15:48:18.629Z]   [2021-11-06/2021-11-12] 2000/6358 (31.5%) | total banco: 45111 | erros: 0
[2026-03-29T15:49:28.662Z]   [2021-11-06/2021-11-12] 4000/6358 (62.9%) | total banco: 47111 | erros: 0
[2026-03-29T15:50:14.511Z]   [2021-11-06/2021-11-12] 6000/6358 (94.4%) | total banco: 49111 | erros: 0
[2026-03-29T15:50:23.141Z]   [2021-11-06/2021-11-12] 6358/6358 (100.0%) | total banco: 49469 | erros: 0
[2026-03-29T15:50:23.244Z] [2021-11-06/2021-11-12] COMPLETO — 6358 extraídos
[2026-03-29T15:50:32.911Z] [2021-10-30/2021-11-05] 4412 processos — iniciando extração
[2026-03-29T15:51:43.225Z]   [2021-10-30/2021-11-05] 2000/4412 (45.3%) | total banco: 51469 | erros: 0
[2026-03-29T15:52:18.795Z]   [2021-10-30/2021-11-05] 4000/4412 (90.7%) | total banco: 53469 | erros: 0
[2026-03-29T15:52:52.829Z]   [2021-10-30/2021-11-05] 4412/4412 (100.0%) | total banco: 53881 | erros: 0
[2026-03-29T15:52:52.943Z] [2021-10-30/2021-11-05] COMPLETO — 4412 extraídos
[2026-03-29T15:52:54.833Z] [2021-10-23/2021-10-29] 7075 processos — iniciando extração
[2026-03-29T15:53:07.523Z]   [2021-10-23/2021-10-29] 2000/7075 (28.3%) | total banco: 55881 | erros: 0
[2026-03-29T15:53:22.852Z]   [2021-10-23/2021-10-29] 4000/7075 (56.5%) | total banco: 57881 | erros: 0
[2026-03-29T15:53:59.966Z]   [2021-10-23/2021-10-29] 6000/7075 (84.8%) | total banco: 59881 | erros: 0
[2026-03-29T15:54:06.586Z]   [2021-10-23/2021-10-29] 7075/7075 (100.0%) | total banco: 60956 | erros: 0
[2026-03-29T15:54:06.692Z] [2021-10-23/2021-10-29] COMPLETO — 7075 extraídos
[2026-03-29T15:54:06.906Z] [2021-10-16/2021-10-22] 8144 processos — iniciando extração
[2026-03-29T15:54:21.567Z]   [2021-10-16/2021-10-22] 2000/8144 (24.6%) | total banco: 62956 | erros: 0
[2026-03-29T15:54:47.204Z]   [2021-10-16/2021-10-22] 4000/8144 (49.1%) | total banco: 64956 | erros: 0
[2026-03-29T15:55:12.763Z]   [2021-10-16/2021-10-22] 6000/8144 (73.7%) | total banco: 66956 | erros: 0
[2026-03-29T15:55:31.654Z]   [2021-10-16/2021-10-22] 8000/8144 (98.2%) | total banco: 68956 | erros: 0
[2026-03-29T15:55:40.799Z]   [2021-10-16/2021-10-22] 8144/8144 (100.0%) | total banco: 69100 | erros: 0
[2026-03-29T15:55:40.916Z] [2021-10-16/2021-10-22] COMPLETO — 8144 extraídos
[2026-03-29T15:55:41.214Z] [2021-10-09/2021-10-15] 6656 processos — iniciando extração
[2026-03-29T15:56:05.886Z]   [2021-10-09/2021-10-15] 2000/6656 (30.0%) | total banco: 71100 | erros: 0
[2026-03-29T15:57:55.399Z]   [2021-10-09/2021-10-15] 4000/6656 (60.1%) | total banco: 73100 | erros: 0
[2026-03-29T15:58:15.714Z]   [2021-10-09/2021-10-15] 6000/6656 (90.1%) | total banco: 75100 | erros: 0
[2026-03-29T15:58:19.238Z]   [2021-10-09/2021-10-15] 6656/6656 (100.0%) | total banco: 75756 | erros: 0
[2026-03-29T15:58:19.348Z] [2021-10-09/2021-10-15] COMPLETO — 6656 extraídos
[2026-03-29T15:58:19.967Z] [2021-10-02/2021-10-08] 7529 processos — iniciando extração
[2026-03-29T15:58:28.091Z]   [2021-10-02/2021-10-08] 2000/7529 (26.6%) | total banco: 77756 | erros: 0
[2026-03-29T15:58:39.497Z]   [2021-10-02/2021-10-08] 4000/7529 (53.1%) | total banco: 79756 | erros: 0
[2026-03-29T15:58:47.690Z]   [2021-10-02/2021-10-08] 6000/7529 (79.7%) | total banco: 81756 | erros: 0
[2026-03-29T15:58:52.487Z]   [2021-10-02/2021-10-08] 7529/7529 (100.0%) | total banco: 83285 | erros: 0
[2026-03-29T15:58:52.591Z] [2021-10-02/2021-10-08] COMPLETO — 7529 extraídos
[2026-03-29T15:58:52.682Z] [2021-09-25/2021-10-01] 8524 processos — iniciando extração
[2026-03-29T15:58:58.540Z]   [2021-09-25/2021-10-01] 2000/8524 (23.5%) | total banco: 85285 | erros: 0
[2026-03-29T15:59:04.904Z]   [2021-09-25/2021-10-01] 4000/8524 (46.9%) | total banco: 87285 | erros: 0
[2026-03-29T15:59:11.296Z]   [2021-09-25/2021-10-01] 6000/8524 (70.4%) | total banco: 89285 | erros: 0
[2026-03-29T15:59:18.753Z]   [2021-09-25/2021-10-01] 8000/8524 (93.9%) | total banco: 91285 | erros: 0
[2026-03-29T15:59:20.919Z]   [2021-09-25/2021-10-01] 8524/8524 (100.0%) | total banco: 91809 | erros: 0
[2026-03-29T15:59:21.035Z] [2021-09-25/2021-10-01] COMPLETO — 8524 extraídos
[2026-03-29T15:59:21.941Z] [2021-09-18/2021-09-24] 8889 processos — iniciando extração
[2026-03-29T15:59:26.738Z]   [2021-09-18/2021-09-24] 2000/8889 (22.5%) | total banco: 93809 | erros: 0
[2026-03-29T15:59:43.460Z]   [2021-09-18/2021-09-24] 4000/8889 (45.0%) | total banco: 95809 | erros: 0
[2026-03-29T16:00:13.438Z]   [2021-09-18/2021-09-24] 6000/8889 (67.5%) | total banco: 97809 | erros: 0
[2026-03-29T16:01:02.054Z]   [2021-09-18/2021-09-24] 8000/8889 (90.0%) | total banco: 99809 | erros: 0
[2026-03-29T16:01:14.326Z]   [2021-09-18/2021-09-24] 8889/8889 (100.0%) | total banco: 100698 | erros: 0
[2026-03-29T16:01:14.438Z] [2021-09-18/2021-09-24] COMPLETO — 8889 extraídos
[2026-03-29T16:03:14.512Z] FATAL: canceling statement due to statement timeout
