[2026-03-29T15:21:53.655Z] Conectado ao banco JudX
[2026-03-29T15:21:53.770Z] Tabela stj_datajud pronta
[2026-03-29T15:21:53.771Z] Período: 2017-2017 (53 semanas, do mais recente ao mais antigo)
(node:22644) Warning: Setting the NODE_TLS_REJECT_UNAUTHORIZED environment variable to '0' makes TLS connections and HTTPS requests insecure by disabling certificate verification.
(Use `node --trace-warnings ...` to show where the warning was created)
[2026-03-29T15:21:55.449Z] [2017-12-25/2017-12-31] 577 processos — iniciando extração
[2026-03-29T15:22:03.098Z]   [2017-12-25/2017-12-31] 577/577 (100.0%) | total banco: 577 | erros: 0
[2026-03-29T15:22:03.201Z] [2017-12-25/2017-12-31] COMPLETO — 577 extraídos
[2026-03-29T15:23:12.923Z] Banco stj_datajud: 401148 registros
[2026-03-29T15:23:13.986Z] [2017-12-18/2017-12-24] 3942 processos — iniciando extração
[2026-03-29T15:24:47.794Z]   [2017-12-18/2017-12-24] 2000/3942 (50.7%) | total banco: 2577 | erros: 0
[2026-03-29T15:25:41.999Z]   [2017-12-18/2017-12-24] 3942/3942 (100.0%) | total banco: 4519 | erros: 0
[2026-03-29T15:25:42.116Z] [2017-12-18/2017-12-24] COMPLETO — 3942 extraídos
[2026-03-29T15:25:44.805Z] [2017-12-11/2017-12-17] 7547 processos — iniciando extração
[2026-03-29T15:26:32.945Z]   [2017-12-11/2017-12-17] 2000/7547 (26.5%) | total banco: 6519 | erros: 0
[2026-03-29T15:27:06.078Z]   [2017-12-11/2017-12-17] 4000/7547 (53.0%) | total banco: 8519 | erros: 0
[2026-03-29T15:27:25.424Z]   [2017-12-11/2017-12-17] 6000/7547 (79.5%) | total banco: 10519 | erros: 0
[2026-03-29T15:27:59.862Z]   [2017-12-11/2017-12-17] 7547/7547 (100.0%) | total banco: 12066 | erros: 0
[2026-03-29T15:27:59.967Z] [2017-12-11/2017-12-17] COMPLETO — 7547 extraídos
[2026-03-29T15:28:02.790Z] [2017-12-04/2017-12-10] 6164 processos — iniciando extração
[2026-03-29T15:28:57.512Z]   [2017-12-04/2017-12-10] 2000/6164 (32.4%) | total banco: 14066 | erros: 0
[2026-03-29T15:29:55.328Z]   [2017-12-04/2017-12-10] 4000/6164 (64.9%) | total banco: 16066 | erros: 0
[2026-03-29T15:30:25.461Z]   [2017-12-04/2017-12-10] 6000/6164 (97.3%) | total banco: 18066 | erros: 0
[2026-03-29T15:31:12.915Z]   [2017-12-04/2017-12-10] 6164/6164 (100.0%) | total banco: 18230 | erros: 0
[2026-03-29T15:31:13.029Z] [2017-12-04/2017-12-10] COMPLETO — 6164 extraídos
[2026-03-29T15:31:14.321Z] [2017-11-27/2017-12-03] 7013 processos — iniciando extração
[2026-03-29T15:32:23.057Z]   [2017-11-27/2017-12-03] 2000/7013 (28.5%) | total banco: 20230 | erros: 0
[2026-03-29T15:34:10.380Z]   [2017-11-27/2017-12-03] 4000/7013 (57.0%) | total banco: 22230 | erros: 0
[2026-03-29T15:35:21.083Z]   [2017-11-27/2017-12-03] 6000/7013 (85.6%) | total banco: 24230 | erros: 0
[2026-03-29T15:36:03.101Z]   [2017-11-27/2017-12-03] 7013/7013 (100.0%) | total banco: 25243 | erros: 0
[2026-03-29T15:36:03.215Z] [2017-11-27/2017-12-03] COMPLETO — 7013 extraídos
[2026-03-29T15:36:05.645Z] [2017-11-20/2017-11-26] 6187 processos — iniciando extração
[2026-03-29T15:38:03.905Z]   [2017-11-20/2017-11-26] 2000/6187 (32.3%) | total banco: 27243 | erros: 0
[2026-03-29T15:39:14.868Z]   [2017-11-20/2017-11-26] 4000/6187 (64.7%) | total banco: 29243 | erros: 0
[2026-03-29T15:40:27.944Z]   [2017-11-20/2017-11-26] 6000/6187 (97.0%) | total banco: 31243 | erros: 0
[2026-03-29T15:40:38.191Z]   [2017-11-20/2017-11-26] 6187/6187 (100.0%) | total banco: 31430 | erros: 0
[2026-03-29T15:40:38.302Z] [2017-11-20/2017-11-26] COMPLETO — 6187 extraídos
[2026-03-29T15:40:38.937Z] [2017-11-13/2017-11-19] 3636 processos — iniciando extração
[2026-03-29T15:41:49.970Z]   [2017-11-13/2017-11-19] 2000/3636 (55.0%) | total banco: 33430 | erros: 0
[2026-03-29T15:43:48.175Z]   [2017-11-13/2017-11-19] 3636/3636 (100.0%) | total banco: 35066 | erros: 0
[2026-03-29T15:43:48.289Z] [2017-11-13/2017-11-19] COMPLETO — 3636 extraídos
[2026-03-29T15:43:49.670Z] [2017-11-06/2017-11-12] 4860 processos — iniciando extração
[2026-03-29T15:44:55.907Z]   [2017-11-06/2017-11-12] 2000/4860 (41.2%) | total banco: 37066 | erros: 0
[2026-03-29T15:46:08.373Z]   [2017-11-06/2017-11-12] 4000/4860 (82.3%) | total banco: 39066 | erros: 0
[2026-03-29T15:46:19.785Z]   [2017-11-06/2017-11-12] 4860/4860 (100.0%) | total banco: 39926 | erros: 0
[2026-03-29T15:46:19.891Z] [2017-11-06/2017-11-12] COMPLETO — 4860 extraídos
[2026-03-29T15:46:20.459Z] [2017-10-30/2017-11-05] 2041 processos — iniciando extração
[2026-03-29T15:47:22.488Z]   [2017-10-30/2017-11-05] 2000/2041 (98.0%) | total banco: 41926 | erros: 0
[2026-03-29T15:47:23.307Z]   [2017-10-30/2017-11-05] 2041/2041 (100.0%) | total banco: 41967 | erros: 0
[2026-03-29T15:47:23.416Z] [2017-10-30/2017-11-05] COMPLETO — 2041 extraídos
[2026-03-29T15:47:23.555Z] [2017-10-23/2017-10-29] 5197 processos — iniciando extração
[2026-03-29T15:48:28.687Z]   [2017-10-23/2017-10-29] 2000/5197 (38.5%) | total banco: 43967 | erros: 0
[2026-03-29T15:49:31.280Z]   [2017-10-23/2017-10-29] 4000/5197 (77.0%) | total banco: 45967 | erros: 0
[2026-03-29T15:50:02.745Z]   [2017-10-23/2017-10-29] 5197/5197 (100.0%) | total banco: 47164 | erros: 0
[2026-03-29T15:50:02.856Z] [2017-10-23/2017-10-29] COMPLETO — 5197 extraídos
[2026-03-29T15:50:05.568Z] [2017-10-16/2017-10-22] 6021 processos — iniciando extração
[2026-03-29T15:50:33.262Z]   [2017-10-16/2017-10-22] 2000/6021 (33.2%) | total banco: 49164 | erros: 0
[2026-03-29T15:51:50.788Z]   [2017-10-16/2017-10-22] 4000/6021 (66.4%) | total banco: 51164 | erros: 0
[2026-03-29T15:52:21.094Z]   [2017-10-16/2017-10-22] 6000/6021 (99.7%) | total banco: 53164 | erros: 0
[2026-03-29T15:52:27.715Z]   [2017-10-16/2017-10-22] 6021/6021 (100.0%) | total banco: 53185 | erros: 0
[2026-03-29T15:52:27.829Z] [2017-10-16/2017-10-22] COMPLETO — 6021 extraídos
[2026-03-29T15:52:29.794Z] [2017-10-09/2017-10-15] 3551 processos — iniciando extração
[2026-03-29T15:53:05.303Z]   [2017-10-09/2017-10-15] 2000/3551 (56.3%) | total banco: 55185 | erros: 0
[2026-03-29T15:53:12.603Z]   [2017-10-09/2017-10-15] 3551/3551 (100.0%) | total banco: 56736 | erros: 0
[2026-03-29T15:53:12.717Z] [2017-10-09/2017-10-15] COMPLETO — 3551 extraídos
[2026-03-29T15:53:13.695Z] [2017-10-02/2017-10-08] 5400 processos — iniciando extração
[2026-03-29T15:53:23.620Z]   [2017-10-02/2017-10-08] 2000/5400 (37.0%) | total banco: 58736 | erros: 0
[2026-03-29T15:53:59.737Z]   [2017-10-02/2017-10-08] 4000/5400 (74.1%) | total banco: 60736 | erros: 0
[2026-03-29T15:54:16.151Z]   [2017-10-02/2017-10-08] 5400/5400 (100.0%) | total banco: 62136 | erros: 0
[2026-03-29T15:54:16.264Z] [2017-10-02/2017-10-08] COMPLETO — 5400 extraídos
[2026-03-29T15:54:18.098Z] [2017-09-25/2017-10-01] 5893 processos — iniciando extração
[2026-03-29T15:54:45.248Z]   [2017-09-25/2017-10-01] 2000/5893 (33.9%) | total banco: 64136 | erros: 0
[2026-03-29T15:55:11.596Z]   [2017-09-25/2017-10-01] 4000/5893 (67.9%) | total banco: 66136 | erros: 0
[2026-03-29T15:55:27.902Z]   [2017-09-25/2017-10-01] 5893/5893 (100.0%) | total banco: 68029 | erros: 0
[2026-03-29T15:55:28.005Z] [2017-09-25/2017-10-01] COMPLETO — 5893 extraídos
[2026-03-29T15:55:28.193Z] [2017-09-18/2017-09-24] 6261 processos — iniciando extração
[2026-03-29T15:56:05.489Z]   [2017-09-18/2017-09-24] 2000/6261 (31.9%) | total banco: 70029 | erros: 0
[2026-03-29T15:57:28.259Z]   [2017-09-18/2017-09-24] 4000/6261 (63.9%) | total banco: 72029 | erros: 0
[2026-03-29T15:58:13.873Z]   [2017-09-18/2017-09-24] 6000/6261 (95.8%) | total banco: 74029 | erros: 0
[2026-03-29T15:58:16.700Z]   [2017-09-18/2017-09-24] 6261/6261 (100.0%) | total banco: 74290 | erros: 0
[2026-03-29T15:58:16.813Z] [2017-09-18/2017-09-24] COMPLETO — 6261 extraídos
[2026-03-29T15:58:17.759Z] [2017-09-11/2017-09-17] 5155 processos — iniciando extração
[2026-03-29T15:58:26.595Z]   [2017-09-11/2017-09-17] 2000/5155 (38.8%) | total banco: 76290 | erros: 0
[2026-03-29T15:58:38.727Z]   [2017-09-11/2017-09-17] 4000/5155 (77.6%) | total banco: 78290 | erros: 0
[2026-03-29T15:58:42.240Z]   [2017-09-11/2017-09-17] 5155/5155 (100.0%) | total banco: 79445 | erros: 0
[2026-03-29T15:58:42.346Z] [2017-09-11/2017-09-17] COMPLETO — 5155 extraídos
[2026-03-29T15:58:42.382Z] [2017-09-04/2017-09-10] 3163 processos — iniciando extração
[2026-03-29T15:58:49.256Z]   [2017-09-04/2017-09-10] 2000/3163 (63.2%) | total banco: 81445 | erros: 0
[2026-03-29T15:58:55.680Z]   [2017-09-04/2017-09-10] 3163/3163 (100.0%) | total banco: 82608 | erros: 0
[2026-03-29T15:58:55.788Z] [2017-09-04/2017-09-10] COMPLETO — 3163 extraídos
[2026-03-29T15:58:55.917Z] [2017-08-28/2017-09-03] 3893 processos — iniciando extração
[2026-03-29T15:59:03.401Z]   [2017-08-28/2017-09-03] 2000/3893 (51.4%) | total banco: 84608 | erros: 0
[2026-03-29T15:59:10.579Z]   [2017-08-28/2017-09-03] 3893/3893 (100.0%) | total banco: 86501 | erros: 0
[2026-03-29T15:59:10.680Z] [2017-08-28/2017-09-03] COMPLETO — 3893 extraídos
[2026-03-29T15:59:11.189Z] [2017-08-21/2017-08-27] 4098 processos — iniciando extração
[2026-03-29T15:59:17.692Z]   [2017-08-21/2017-08-27] 2000/4098 (48.8%) | total banco: 88501 | erros: 0
[2026-03-29T15:59:22.838Z]   [2017-08-21/2017-08-27] 4000/4098 (97.6%) | total banco: 90501 | erros: 0
[2026-03-29T15:59:24.888Z]   [2017-08-21/2017-08-27] 4098/4098 (100.0%) | total banco: 90599 | erros: 0
[2026-03-29T15:59:24.994Z] [2017-08-21/2017-08-27] COMPLETO — 4098 extraídos
[2026-03-29T15:59:25.191Z] [2017-08-14/2017-08-20] 4091 processos — iniciando extração
[2026-03-29T15:59:44.012Z]   [2017-08-14/2017-08-20] 2000/4091 (48.9%) | total banco: 92599 | erros: 0
[2026-03-29T16:00:13.968Z]   [2017-08-14/2017-08-20] 4000/4091 (97.8%) | total banco: 94599 | erros: 0
[2026-03-29T16:00:16.460Z]   [2017-08-14/2017-08-20] 4091/4091 (100.0%) | total banco: 94690 | erros: 0
[2026-03-29T16:00:16.574Z] [2017-08-14/2017-08-20] COMPLETO — 4091 extraídos
[2026-03-29T16:00:17.491Z] [2017-08-07/2017-08-13] 2719 processos — iniciando extração
[2026-03-29T16:01:06.724Z]   [2017-08-07/2017-08-13] 2000/2719 (73.6%) | total banco: 96690 | erros: 0
[2026-03-29T16:01:15.915Z]   [2017-08-07/2017-08-13] 2719/2719 (100.0%) | total banco: 97409 | erros: 0
[2026-03-29T16:01:16.025Z] [2017-08-07/2017-08-13] COMPLETO — 2719 extraídos
[2026-03-29T16:01:16.259Z] [2017-07-31/2017-08-06] 2794 processos — iniciando extração
[2026-03-29T16:02:08.511Z]   [2017-07-31/2017-08-06] 2000/2794 (71.6%) | total banco: 99409 | erros: 0
[2026-03-29T16:02:16.095Z]   [2017-07-31/2017-08-06] 2794/2794 (100.0%) | total banco: 100203 | erros: 0
[2026-03-29T16:02:16.211Z] [2017-07-31/2017-08-06] COMPLETO — 2794 extraídos
[2026-03-29T16:03:47.991Z] Banco stj_datajud: 926522 registros
[2026-03-29T16:03:48.375Z] [2017-07-24/2017-07-30] 2241 processos — iniciando extração
[2026-03-29T16:04:06.103Z]   [2017-07-24/2017-07-30] 2000/2241 (89.2%) | total banco: 102203 | erros: 0
[2026-03-29T16:04:09.035Z]   [2017-07-24/2017-07-30] 2241/2241 (100.0%) | total banco: 102444 | erros: 0
[2026-03-29T16:04:09.138Z] [2017-07-24/2017-07-30] COMPLETO — 2241 extraídos
[2026-03-29T16:04:09.413Z] [2017-07-17/2017-07-23] 1916 processos — iniciando extração
[2026-03-29T16:04:23.291Z]   [2017-07-17/2017-07-23] 1916/1916 (100.0%) | total banco: 104360 | erros: 0
[2026-03-29T16:04:23.402Z] [2017-07-17/2017-07-23] COMPLETO — 1916 extraídos
[2026-03-29T16:04:24.521Z] [2017-07-10/2017-07-16] 2226 processos — iniciando extração
[2026-03-29T16:05:19.465Z]   [2017-07-10/2017-07-16] 2000/2226 (89.8%) | total banco: 106360 | erros: 0
[2026-03-29T16:05:22.304Z]   [2017-07-10/2017-07-16] 2226/2226 (100.0%) | total banco: 106586 | erros: 0
[2026-03-29T16:05:22.417Z] [2017-07-10/2017-07-16] COMPLETO — 2226 extraídos
[2026-03-29T16:05:25.201Z] [2017-07-03/2017-07-09] 2335 processos — iniciando extração
[2026-03-29T16:06:07.793Z]   [2017-07-03/2017-07-09] 2000/2335 (85.7%) | total banco: 108586 | erros: 0
[2026-03-29T16:06:10.881Z]   [2017-07-03/2017-07-09] 2335/2335 (100.0%) | total banco: 108921 | erros: 0
[2026-03-29T16:06:10.995Z] [2017-07-03/2017-07-09] COMPLETO — 2335 extraídos
[2026-03-29T16:06:11.568Z] [2017-06-26/2017-07-02] 2374 processos — iniciando extração
[2026-03-29T16:06:46.191Z]   [2017-06-26/2017-07-02] 2000/2374 (84.2%) | total banco: 110921 | erros: 0
[2026-03-29T16:06:51.089Z]   [2017-06-26/2017-07-02] 2374/2374 (100.0%) | total banco: 111295 | erros: 0
[2026-03-29T16:06:51.199Z] [2017-06-26/2017-07-02] COMPLETO — 2374 extraídos
[2026-03-29T16:06:52.474Z] [2017-06-19/2017-06-25] 2399 processos — iniciando extração
[2026-03-29T16:07:09.461Z]   [2017-06-19/2017-06-25] 2000/2399 (83.4%) | total banco: 113295 | erros: 0
[2026-03-29T16:07:14.594Z]   [2017-06-19/2017-06-25] 2399/2399 (100.0%) | total banco: 113694 | erros: 0
[2026-03-29T16:07:14.701Z] [2017-06-19/2017-06-25] COMPLETO — 2399 extraídos
[2026-03-29T16:07:14.730Z] [2017-06-12/2017-06-18] 1770 processos — iniciando extração
[2026-03-29T16:07:30.377Z]   [2017-06-12/2017-06-18] 1770/1770 (100.0%) | total banco: 115464 | erros: 0
[2026-03-29T16:07:30.490Z] [2017-06-12/2017-06-18] COMPLETO — 1770 extraídos
[2026-03-29T16:07:30.707Z] [2017-06-05/2017-06-11] 2202 processos — iniciando extração
[2026-03-29T16:07:48.964Z]   [2017-06-05/2017-06-11] 2000/2202 (90.8%) | total banco: 117464 | erros: 0
[2026-03-29T16:07:54.494Z]   [2017-06-05/2017-06-11] 2202/2202 (100.0%) | total banco: 117666 | erros: 0
[2026-03-29T16:07:54.608Z] [2017-06-05/2017-06-11] COMPLETO — 2202 extraídos
[2026-03-29T16:07:55.057Z] [2017-05-29/2017-06-04] 2493 processos — iniciando extração
[2026-03-29T16:08:11.408Z]   [2017-05-29/2017-06-04] 2000/2493 (80.2%) | total banco: 119666 | erros: 0
[2026-03-29T16:08:15.771Z]   [2017-05-29/2017-06-04] 2493/2493 (100.0%) | total banco: 120159 | erros: 0
[2026-03-29T16:08:15.873Z] [2017-05-29/2017-06-04] COMPLETO — 2493 extraídos
[2026-03-29T16:08:16.919Z] [2017-05-22/2017-05-28] 2318 processos — iniciando extração
[2026-03-29T16:08:42.477Z]   [2017-05-22/2017-05-28] 2000/2318 (86.3%) | total banco: 122159 | erros: 0
[2026-03-29T16:08:46.573Z]   [2017-05-22/2017-05-28] 2318/2318 (100.0%) | total banco: 122477 | erros: 0
[2026-03-29T16:08:46.685Z] [2017-05-22/2017-05-28] COMPLETO — 2318 extraídos
[2026-03-29T16:08:47.062Z] [2017-05-15/2017-05-21] 2406 processos — iniciando extração
[2026-03-29T16:09:02.950Z]   [2017-05-15/2017-05-21] 2000/2406 (83.1%) | total banco: 124477 | erros: 0
[2026-03-29T16:09:09.682Z]   [2017-05-15/2017-05-21] 2406/2406 (100.0%) | total banco: 124883 | erros: 0
[2026-03-29T16:09:09.792Z] [2017-05-15/2017-05-21] COMPLETO — 2406 extraídos
[2026-03-29T16:09:10.891Z] [2017-05-08/2017-05-14] 2339 processos — iniciando extração
[2026-03-29T16:09:36.296Z]   [2017-05-08/2017-05-14] 2000/2339 (85.5%) | total banco: 126883 | erros: 0
[2026-03-29T16:09:51.769Z]   [2017-05-08/2017-05-14] 2339/2339 (100.0%) | total banco: 127222 | erros: 0
[2026-03-29T16:09:51.869Z] [2017-05-08/2017-05-14] COMPLETO — 2339 extraídos
[2026-03-29T16:09:53.392Z] [2017-05-01/2017-05-07] 1833 processos — iniciando extração
[2026-03-29T16:10:22.556Z]   [2017-05-01/2017-05-07] 1833/1833 (100.0%) | total banco: 129055 | erros: 0
[2026-03-29T16:10:22.667Z] [2017-05-01/2017-05-07] COMPLETO — 1833 extraídos
[2026-03-29T16:10:23.332Z] [2017-04-24/2017-04-30] 1751 processos — iniciando extração
[2026-03-29T16:11:07.741Z]   [2017-04-24/2017-04-30] 1751/1751 (100.0%) | total banco: 130806 | erros: 0
[2026-03-29T16:11:07.855Z] [2017-04-24/2017-04-30] COMPLETO — 1751 extraídos
[2026-03-29T16:11:08.529Z] [2017-04-17/2017-04-23] 1459 processos — iniciando extração
[2026-03-29T16:11:23.051Z]   [2017-04-17/2017-04-23] 1459/1459 (100.0%) | total banco: 132265 | erros: 0
[2026-03-29T16:11:23.163Z] [2017-04-17/2017-04-23] COMPLETO — 1459 extraídos
[2026-03-29T16:11:23.285Z] [2017-04-10/2017-04-16] 826 processos — iniciando extração
[2026-03-29T16:11:52.977Z]   [2017-04-10/2017-04-16] 826/826 (100.0%) | total banco: 133091 | erros: 0
[2026-03-29T16:11:53.089Z] [2017-04-10/2017-04-16] COMPLETO — 826 extraídos
[2026-03-29T16:11:53.780Z] [2017-04-03/2017-04-09] 1796 processos — iniciando extração
[2026-03-29T16:12:10.829Z]   [2017-04-03/2017-04-09] 1796/1796 (100.0%) | total banco: 134887 | erros: 0
[2026-03-29T16:12:10.940Z] [2017-04-03/2017-04-09] COMPLETO — 1796 extraídos
[2026-03-29T16:12:12.263Z] [2017-03-27/2017-04-02] 1393 processos — iniciando extração
[2026-03-29T16:12:34.598Z]   [2017-03-27/2017-04-02] 1393/1393 (100.0%) | total banco: 136280 | erros: 0
[2026-03-29T16:12:34.715Z] [2017-03-27/2017-04-02] COMPLETO — 1393 extraídos
[2026-03-29T16:12:35.121Z] [2017-03-20/2017-03-26] 1430 processos — iniciando extração
[2026-03-29T16:12:52.338Z]   [2017-03-20/2017-03-26] 1430/1430 (100.0%) | total banco: 137710 | erros: 0
[2026-03-29T16:12:52.442Z] [2017-03-20/2017-03-26] COMPLETO — 1430 extraídos
[2026-03-29T16:12:53.087Z] [2017-03-13/2017-03-19] 1732 processos — iniciando extração
[2026-03-29T16:13:12.721Z]   [2017-03-13/2017-03-19] 1732/1732 (100.0%) | total banco: 139442 | erros: 0
[2026-03-29T16:13:12.822Z] [2017-03-13/2017-03-19] COMPLETO — 1732 extraídos
[2026-03-29T16:13:13.100Z] [2017-03-06/2017-03-12] 1377 processos — iniciando extração
[2026-03-29T16:13:21.722Z]   [2017-03-06/2017-03-12] 1377/1377 (100.0%) | total banco: 140819 | erros: 0
[2026-03-29T16:13:21.834Z] [2017-03-06/2017-03-12] COMPLETO — 1377 extraídos
[2026-03-29T16:13:22.708Z] [2017-02-27/2017-03-05] 638 processos — iniciando extração
[2026-03-29T16:13:59.427Z]   [2017-02-27/2017-03-05] 638/638 (100.0%) | total banco: 141457 | erros: 0
[2026-03-29T16:13:59.536Z] [2017-02-27/2017-03-05] COMPLETO — 638 extraídos
[2026-03-29T16:14:00.915Z] [2017-02-20/2017-02-26] 1382 processos — iniciando extração
[2026-03-29T16:14:21.364Z]   [2017-02-20/2017-02-26] 1382/1382 (100.0%) | total banco: 142839 | erros: 0
[2026-03-29T16:14:21.468Z] [2017-02-20/2017-02-26] COMPLETO — 1382 extraídos
[2026-03-29T16:14:21.618Z] [2017-02-13/2017-02-19] 1657 processos — iniciando extração
[2026-03-29T16:15:02.043Z]   [2017-02-13/2017-02-19] 1657/1657 (100.0%) | total banco: 144496 | erros: 0
[2026-03-29T16:15:02.146Z] [2017-02-13/2017-02-19] COMPLETO — 1657 extraídos
[2026-03-29T16:15:02.573Z] [2017-02-06/2017-02-12] 1593 processos — iniciando extração
[2026-03-29T16:15:19.144Z]   [2017-02-06/2017-02-12] 1593/1593 (100.0%) | total banco: 146089 | erros: 0
[2026-03-29T16:15:19.258Z] [2017-02-06/2017-02-12] COMPLETO — 1593 extraídos
[2026-03-29T16:15:19.376Z] [2017-01-30/2017-02-05] 1444 processos — iniciando extração
[2026-03-29T16:15:30.408Z]   [2017-01-30/2017-02-05] 1444/1444 (100.0%) | total banco: 147533 | erros: 0
[2026-03-29T16:15:30.521Z] [2017-01-30/2017-02-05] COMPLETO — 1444 extraídos
[2026-03-29T16:15:31.512Z] [2017-01-23/2017-01-29] 1562 processos — iniciando extração
[2026-03-29T16:15:45.699Z]   [2017-01-23/2017-01-29] 1562/1562 (100.0%) | total banco: 149095 | erros: 0
[2026-03-29T16:15:45.814Z] [2017-01-23/2017-01-29] COMPLETO — 1562 extraídos
[2026-03-29T16:15:47.681Z] [2017-01-16/2017-01-22] 1401 processos — iniciando extração
[2026-03-29T16:16:05.557Z]   [2017-01-16/2017-01-22] 1401/1401 (100.0%) | total banco: 150496 | erros: 0
[2026-03-29T16:16:05.659Z] [2017-01-16/2017-01-22] COMPLETO — 1401 extraídos
[2026-03-29T16:18:05.778Z] FATAL: canceling statement due to statement timeout
