[2026-03-29T16:49:30.672Z] Novo arquivo: C:\Users\medin\Desktop\backup_judx\resultados\stj_datajud\stj_datajud_2018.csv
[2026-03-29T16:49:30.678Z] Ano 2018: 53 semanas
[2026-03-29T16:49:38.320Z] [2018] 2018-12-25/2018-12-31 | novos: 1290 | skip: 0 | erros: 0
[2026-03-29T16:49:53.127Z] [2018] 2018-12-18/2018-12-24 | novos: 5660 | skip: 19 | erros: 0
[2026-03-29T16:50:04.998Z] [2018] 2018-12-11/2018-12-17 | novos: 11741 | skip: 71 | erros: 0
[2026-03-29T16:50:39.487Z] [2018] 2018-11-27/2018-12-03 | novos: 25830 | skip: 419 | erros: 0
[2026-03-29T16:51:07.220Z] [2018] 2018-10-23/2018-10-29 | novos: 55088 | skip: 3141 | erros: 0
[2026-03-29T16:51:25.445Z] [2018] 2018-10-02/2018-10-08 | novos: 75206 | skip: 4388 | erros: 0
[2026-03-29T16:51:31.288Z] [2018] 2018-09-25/2018-10-01 | novos: 81646 | skip: 4388 | erros: 0
[2026-03-29T16:51:57.336Z] [2018] 2018-08-28/2018-09-03 | novos: 105922 | skip: 5305 | erros: 0
[2026-03-29T16:52:02.109Z] [2018] 2018-08-21/2018-08-27 | novos: 111553 | skip: 5879 | erros: 0
[2026-03-29T16:52:41.069Z] [2018] 2018-08-07/2018-08-13 | novos: 126230 | skip: 7605 | erros: 0
[2026-03-29T16:53:53.462Z] [2018] 2018-06-19/2018-06-25 | novos: 165112 | skip: 10000 | erros: 0
[2026-03-29T16:53:58.974Z] [2018] 2018-06-12/2018-06-18 | novos: 170741 | skip: 10253 | erros: 0
[2026-03-29T16:54:05.669Z] [2018] 2018-06-05/2018-06-11 | novos: 175336 | skip: 10919 | erros: 0
[2026-03-29T16:54:23.299Z] [2018] 2018-05-22/2018-05-28 | novos: 185955 | skip: 10919 | erros: 0
[2026-03-29T16:54:28.668Z] [2018] 2018-05-15/2018-05-21 | novos: 191796 | skip: 10919 | erros: 0
[2026-03-29T16:54:37.615Z] [2018] 2018-05-01/2018-05-07 | novos: 201315 | skip: 11629 | erros: 0
[2026-03-29T16:55:19.356Z] [2018] 2018-03-27/2018-04-02 | novos: 225259 | skip: 13054 | erros: 0
[2026-03-29T16:55:26.134Z] [2018] 2018-03-20/2018-03-26 | novos: 230763 | skip: 13054 | erros: 0
[2026-03-29T16:55:32.777Z] [2018] 2018-03-13/2018-03-19 | novos: 235935 | skip: 13544 | erros: 0
[2026-03-29T16:55:40.279Z] [2018] 2018-03-06/2018-03-12 | novos: 240863 | skip: 14040 | erros: 0
[2026-03-29T16:55:46.473Z] [2018] 2018-02-27/2018-03-05 | novos: 246086 | skip: 14040 | erros: 0
[2026-03-29T16:55:59.042Z] [2018] 2018-02-20/2018-02-26 | novos: 251508 | skip: 14630 | erros: 0
[2026-03-29T16:56:27.849Z] [2018] 2018-01-30/2018-02-05 | novos: 265053 | skip: 15810 | erros: 0
[2026-03-29T16:56:36.899Z] [2018] 2018-01-23/2018-01-29 | novos: 270169 | skip: 15810 | erros: 0
[2026-03-29T16:56:50.172Z] [2018] COMPLETO — 278702 novos, 16246 duplicatas, 0 erros
[2026-03-29T16:56:50.173Z] Total no CSV: 278702 processos
] [2018] COMPLETO — 278702 novos, 16246 duplicatas, 0 erros
[2026-03-29T16:56:50.173Z] Total no CSV: 278702 processos
