[2026-03-29T16:49:30.402Z] Novo arquivo: C:\Users\medin\Desktop\backup_judx\resultados\stj_datajud\stj_datajud_2025.csv
[2026-03-29T16:49:30.407Z] Ano 2025: 53 semanas
[2026-03-29T16:49:37.620Z] [2025] 2025-10-16/2025-10-22 | novos: 1 | skip: 0 | erros: 0
[2026-03-29T16:50:01.267Z] [2025] 2025-05-29/2025-06-04 | novos: 4 | skip: 0 | erros: 0
[2026-03-29T16:50:06.432Z] [2025] 2025-05-22/2025-05-28 | novos: 16 | skip: 0 | erros: 0
[2026-03-29T16:50:07.432Z] [2025] 2025-05-15/2025-05-21 | novos: 20 | skip: 0 | erros: 0
[2026-03-29T16:50:11.951Z] [2025] 2025-05-08/2025-05-14 | novos: 32 | skip: 0 | erros: 0
[2026-03-29T16:50:12.215Z] [2025] 2025-05-01/2025-05-07 | novos: 41 | skip: 0 | erros: 0
[2026-03-29T16:50:13.245Z] [2025] 2025-04-24/2025-04-30 | novos: 128 | skip: 0 | erros: 0
[2026-03-29T16:50:16.130Z] [2025] 2025-04-17/2025-04-23 | novos: 223 | skip: 0 | erros: 0
[2026-03-29T16:50:17.080Z] [2025] 2025-04-10/2025-04-16 | novos: 406 | skip: 0 | erros: 0
[2026-03-29T16:50:17.627Z] [2025] 2025-04-03/2025-04-09 | novos: 1195 | skip: 0 | erros: 0
[2026-03-29T16:50:19.888Z] [2025] 2025-03-13/2025-03-19 | novos: 5586 | skip: 0 | erros: 0
[2026-03-29T16:50:52.326Z] [2025] 2025-02-06/2025-02-12 | novos: 21286 | skip: 434 | erros: 0
[2026-03-29T16:51:00.201Z] [2025] 2025-01-16/2025-01-22 | novos: 31923 | skip: 821 | erros: 0
[2026-03-29T16:51:01.923Z] [2025] 2025-01-09/2025-01-15 | novos: 35349 | skip: 821 | erros: 0
[2026-03-29T16:51:02.565Z] [2025] 2025-01-02/2025-01-08 | novos: 36926 | skip: 821 | erros: 0
[2026-03-29T16:51:03.299Z] [2025] 2025-01-01/2025-01-01 | novos: 36955 | skip: 821 | erros: 0
[2026-03-29T16:51:03.300Z] [2025] COMPLETO — 36955 novos, 821 duplicatas, 0 erros
[2026-03-29T16:51:03.300Z] Total no CSV: 36955 processos
300Z] [2025] COMPLETO — 36955 novos, 821 duplicatas, 0 erros
[2026-03-29T16:51:03.300Z] Total no CSV: 36955 processos
