[2026-03-29T15:21:53.426Z] Conectado ao banco JudX
[2026-03-29T15:21:53.527Z] Tabela stj_datajud pronta
[2026-03-29T15:21:53.529Z] Período: 2020-2020 (53 semanas, do mais recente ao mais antigo)
(node:20508) Warning: Setting the NODE_TLS_REJECT_UNAUTHORIZED environment variable to '0' makes TLS connections and HTTPS requests insecure by disabling certificate verification.
(Use `node --trace-warnings ...` to show where the warning was created)
[2026-03-29T15:21:54.968Z] [2020-12-25/2020-12-31] 1490 processos — iniciando extração
[2026-03-29T15:22:11.849Z]   [2020-12-25/2020-12-31] 1490/1490 (100.0%) | total banco: 1490 | erros: 0
[2026-03-29T15:22:11.956Z] [2020-12-25/2020-12-31] COMPLETO — 1490 extraídos
[2026-03-29T15:23:12.922Z] Banco stj_datajud: 407130 registros
[2026-03-29T15:23:13.746Z] [2020-12-18/2020-12-24] 3368 processos — iniciando extração
[2026-03-29T15:23:59.803Z]   [2020-12-18/2020-12-24] 2000/3368 (59.4%) | total banco: 3490 | erros: 0
[2026-03-29T15:25:17.061Z]   [2020-12-18/2020-12-24] 3368/3368 (100.0%) | total banco: 4858 | erros: 0
[2026-03-29T15:25:17.175Z] [2020-12-18/2020-12-24] COMPLETO — 3368 extraídos
[2026-03-29T15:25:17.966Z] [2020-12-11/2020-12-17] 7035 processos — iniciando extração
[2026-03-29T15:26:10.580Z]   [2020-12-11/2020-12-17] 2000/7035 (28.4%) | total banco: 6858 | erros: 0
[2026-03-29T15:27:02.591Z]   [2020-12-11/2020-12-17] 4000/7035 (56.9%) | total banco: 8858 | erros: 0
[2026-03-29T15:27:23.538Z]   [2020-12-11/2020-12-17] 6000/7035 (85.3%) | total banco: 10858 | erros: 0
[2026-03-29T15:27:57.441Z]   [2020-12-11/2020-12-17] 7035/7035 (100.0%) | total banco: 11893 | erros: 0
[2026-03-29T15:27:57.551Z] [2020-12-11/2020-12-17] COMPLETO — 7035 extraídos
[2026-03-29T15:28:01.094Z] [2020-12-04/2020-12-10] 6368 processos — iniciando extração
[2026-03-29T15:28:48.997Z]   [2020-12-04/2020-12-10] 2000/6368 (31.4%) | total banco: 13893 | erros: 0
[2026-03-29T15:30:07.041Z]   [2020-12-04/2020-12-10] 4000/6368 (62.8%) | total banco: 15893 | erros: 0
[2026-03-29T15:31:21.553Z]   [2020-12-04/2020-12-10] 6000/6368 (94.2%) | total banco: 17893 | erros: 0
[2026-03-29T15:31:30.766Z]   [2020-12-04/2020-12-10] 6368/6368 (100.0%) | total banco: 18261 | erros: 0
[2026-03-29T15:31:30.872Z] [2020-12-04/2020-12-10] COMPLETO — 6368 extraídos
[2026-03-29T15:31:31.702Z] [2020-11-27/2020-12-03] 8118 processos — iniciando extração
[2026-03-29T15:33:30.130Z]   [2020-11-27/2020-12-03] 2000/8118 (24.6%) | total banco: 20261 | erros: 0
[2026-03-29T15:34:18.362Z]   [2020-11-27/2020-12-03] 4000/8118 (49.3%) | total banco: 22261 | erros: 0
[2026-03-29T15:35:25.515Z]   [2020-11-27/2020-12-03] 6000/8118 (73.9%) | total banco: 24261 | erros: 0
[2026-03-29T15:36:29.362Z]   [2020-11-27/2020-12-03] 8000/8118 (98.5%) | total banco: 26261 | erros: 0
[2026-03-29T15:36:39.715Z]   [2020-11-27/2020-12-03] 8118/8118 (100.0%) | total banco: 26379 | erros: 0
[2026-03-29T15:36:39.830Z] [2020-11-27/2020-12-03] COMPLETO — 8118 extraídos
[2026-03-29T15:36:41.458Z] [2020-11-20/2020-11-26] 7698 processos — iniciando extração
[2026-03-29T15:38:04.795Z]   [2020-11-20/2020-11-26] 2000/7698 (26.0%) | total banco: 28379 | erros: 0
[2026-03-29T15:39:31.454Z]   [2020-11-20/2020-11-26] 4000/7698 (52.0%) | total banco: 30379 | erros: 0
[2026-03-29T15:40:55.341Z]   [2020-11-20/2020-11-26] 6000/7698 (77.9%) | total banco: 32379 | erros: 0
[2026-03-29T15:41:42.568Z]   [2020-11-20/2020-11-26] 7698/7698 (100.0%) | total banco: 34077 | erros: 0
[2026-03-29T15:41:42.674Z] [2020-11-20/2020-11-26] COMPLETO — 7698 extraídos
[2026-03-29T15:41:42.940Z] [2020-11-13/2020-11-19] 6888 processos — iniciando extração
[2026-03-29T15:44:03.490Z]   [2020-11-13/2020-11-19] 2000/6888 (29.0%) | total banco: 36077 | erros: 0
[2026-03-29T15:45:17.708Z]   [2020-11-13/2020-11-19] 4000/6888 (58.1%) | total banco: 38077 | erros: 0
[2026-03-29T15:46:06.568Z]   [2020-11-13/2020-11-19] 6000/6888 (87.1%) | total banco: 40077 | erros: 0
[2026-03-29T15:46:14.234Z]   [2020-11-13/2020-11-19] 6888/6888 (100.0%) | total banco: 40965 | erros: 0
[2026-03-29T15:46:14.347Z] [2020-11-13/2020-11-19] COMPLETO — 6888 extraídos
[2026-03-29T15:46:16.550Z] [2020-11-06/2020-11-12] 648 processos — iniciando extração
[2026-03-29T15:46:22.038Z]   [2020-11-06/2020-11-12] 648/648 (100.0%) | total banco: 41613 | erros: 0
[2026-03-29T15:46:22.149Z] [2020-11-06/2020-11-12] COMPLETO — 648 extraídos
[2026-03-29T15:46:23.353Z] [2020-10-30/2020-11-05] 1487 processos — iniciando extração
[2026-03-29T15:47:42.449Z]   [2020-10-30/2020-11-05] 1487/1487 (100.0%) | total banco: 43100 | erros: 0
[2026-03-29T15:47:42.554Z] [2020-10-30/2020-11-05] COMPLETO — 1487 extraídos
[2026-03-29T15:47:43.008Z] [2020-10-23/2020-10-29] 7958 processos — iniciando extração
[2026-03-29T15:48:33.486Z]   [2020-10-23/2020-10-29] 2000/7958 (25.1%) | total banco: 45100 | erros: 0
[2026-03-29T15:49:42.869Z]   [2020-10-23/2020-10-29] 4000/7958 (50.3%) | total banco: 47100 | erros: 0
[2026-03-29T15:50:16.162Z]   [2020-10-23/2020-10-29] 6000/7958 (75.4%) | total banco: 49100 | erros: 0
[2026-03-29T15:51:25.211Z]   [2020-10-23/2020-10-29] 7958/7958 (100.0%) | total banco: 51058 | erros: 0
[2026-03-29T15:51:25.328Z] [2020-10-23/2020-10-29] COMPLETO — 7958 extraídos
[2026-03-29T15:53:26.060Z] FATAL: canceling statement due to statement timeout
