[2026-03-29T15:17:39.629Z] Conectado ao banco JudX
[2026-03-29T15:17:39.857Z] Tabela stj_datajud pronta
[2026-03-29T15:17:39.860Z] Período: 2016-2026 (574 semanas, do mais recente ao mais antigo)
[2026-03-29T15:17:57.945Z] Resume: 367802 processos já no banco, data mais antiga: Fri Dec 08 2023 00:00:00 GMT-0300 (Horário Padrão de Brasília)
(node:6912) Warning: Setting the NODE_TLS_REJECT_UNAUTHORIZED environment variable to '0' makes TLS connections and HTTPS requests insecure by disabling certificate verification.
(Use `node --trace-warnings ...` to show where the warning was created)
[2026-03-29T15:17:59.240Z] [2023-12-08/2023-12-14] 8611 processos — iniciando extração
[2026-03-29T15:18:13.702Z]   [2023-12-08/2023-12-14] 2000/8611 (23.2%) | total banco: 2000 | erros: 0
[2026-03-29T15:18:22.939Z]   [2023-12-08/2023-12-14] 4000/8611 (46.5%) | total banco: 4000 | erros: 0
[2026-03-29T15:18:31.697Z]   [2023-12-08/2023-12-14] 6000/8611 (69.7%) | total banco: 6000 | erros: 0
[2026-03-29T15:18:39.634Z]   [2023-12-08/2023-12-14] 8000/8611 (92.9%) | total banco: 8000 | erros: 0
[2026-03-29T15:18:44.948Z]   [2023-12-08/2023-12-14] 8611/8611 (100.0%) | total banco: 8611 | erros: 0
[2026-03-29T15:18:45.063Z] [2023-12-08/2023-12-14] COMPLETO — 8611 extraídos
[2026-03-29T15:18:46.194Z] [2023-12-01/2023-12-07] 9065 processos — iniciando extração
[2026-03-29T15:18:56.301Z]   [2023-12-01/2023-12-07] 2000/9065 (22.1%) | total banco: 10611 | erros: 0
[2026-03-29T15:19:05.357Z]   [2023-12-01/2023-12-07] 4000/9065 (44.1%) | total banco: 12611 | erros: 0
[2026-03-29T15:19:16.962Z]   [2023-12-01/2023-12-07] 6000/9065 (66.2%) | total banco: 14611 | erros: 0
[2026-03-29T15:19:30.461Z]   [2023-12-01/2023-12-07] 8000/9065 (88.3%) | total banco: 16611 | erros: 0
[2026-03-29T15:19:40.608Z]   [2023-12-01/2023-12-07] 9065/9065 (100.0%) | total banco: 17676 | erros: 0
[2026-03-29T15:19:40.712Z] [2023-12-01/2023-12-07] COMPLETO — 9065 extraídos
[2026-03-29T15:19:41.858Z] [2023-11-24/2023-11-30] 8424 processos — iniciando extração
[2026-03-29T15:19:53.176Z]   [2023-11-24/2023-11-30] 2000/8424 (23.7%) | total banco: 19676 | erros: 0
[2026-03-29T15:20:07.093Z]   [2023-11-24/2023-11-30] 4000/8424 (47.5%) | total banco: 21676 | erros: 0
[2026-03-29T15:20:14.954Z]   [2023-11-24/2023-11-30] 6000/8424 (71.2%) | total banco: 23676 | erros: 0
[2026-03-29T15:20:23.055Z]   [2023-11-24/2023-11-30] 8000/8424 (95.0%) | total banco: 25676 | erros: 0
[2026-03-29T15:20:27.518Z]   [2023-11-24/2023-11-30] 8424/8424 (100.0%) | total banco: 26100 | erros: 0
[2026-03-29T15:20:27.619Z] [2023-11-24/2023-11-30] COMPLETO — 8424 extraídos
[2026-03-29T15:20:30.207Z] [2023-11-17/2023-11-23] 7903 processos — iniciando extração
[2026-03-29T15:20:42.389Z]   [2023-11-17/2023-11-23] 2000/7903 (25.3%) | total banco: 28100 | erros: 0
[2026-03-29T15:20:54.598Z]   [2023-11-17/2023-11-23] 4000/7903 (50.6%) | total banco: 30100 | erros: 0
[2026-03-29T15:21:04.201Z]   [2023-11-17/2023-11-23] 6000/7903 (75.9%) | total banco: 32100 | erros: 0
[2026-03-29T15:21:12.650Z]   [2023-11-17/2023-11-23] 7903/7903 (100.0%) | total banco: 34003 | erros: 0
[2026-03-29T15:21:12.762Z] [2023-11-17/2023-11-23] COMPLETO — 7903 extraídos
[2026-03-29T15:21:14.836Z] [2023-11-10/2023-11-16] 6157 processos — iniciando extração
[2026-03-29T15:21:25.091Z]   [2023-11-10/2023-11-16] 2000/6157 (32.5%) | total banco: 36003 | erros: 0
[2026-03-29T15:21:38.667Z]   [2023-11-10/2023-11-16] 4000/6157 (65.0%) | total banco: 38003 | erros: 0
[2026-03-29T15:21:46.340Z]   [2023-11-10/2023-11-16] 6000/6157 (97.5%) | total banco: 40003 | erros: 0
[2026-03-29T15:21:50.060Z]   [2023-11-10/2023-11-16] 6157/6157 (100.0%) | total banco: 40160 | erros: 0
[2026-03-29T15:21:50.166Z] [2023-11-10/2023-11-16] COMPLETO — 6157 extraídos
[2026-03-29T15:21:51.535Z] [2023-11-03/2023-11-09] 8158 processos — iniciando extração
[2026-03-29T15:22:11.307Z]   [2023-11-03/2023-11-09] 2000/8158 (24.5%) | total banco: 42160 | erros: 0
[2026-03-29T15:22:21.777Z]   [2023-11-03/2023-11-09] 4000/8158 (49.0%) | total banco: 44160 | erros: 0
[2026-03-29T15:23:00.007Z]   [2023-11-03/2023-11-09] 6000/8158 (73.5%) | total banco: 46160 | erros: 0
[2026-03-29T15:23:12.628Z]   [2023-11-03/2023-11-09] 8000/8158 (98.1%) | total banco: 48160 | erros: 0
[2026-03-29T15:23:16.379Z]   [2023-11-03/2023-11-09] 8158/8158 (100.0%) | total banco: 48318 | erros: 0
[2026-03-29T15:23:16.483Z] [2023-11-03/2023-11-09] COMPLETO — 8158 extraídos
[2026-03-29T15:23:20.719Z] [2023-10-27/2023-11-02] 5236 processos — iniciando extração
[2026-03-29T15:25:20.148Z]   [2023-10-27/2023-11-02] 2000/5236 (38.2%) | total banco: 50318 | erros: 0
[2026-03-29T15:26:24.159Z]   [2023-10-27/2023-11-02] 4000/5236 (76.4%) | total banco: 52318 | erros: 0
[2026-03-29T15:26:58.405Z]   [2023-10-27/2023-11-02] 5236/5236 (100.0%) | total banco: 53554 | erros: 0
[2026-03-29T15:26:58.519Z] [2023-10-27/2023-11-02] COMPLETO — 5236 extraídos
[2026-03-29T15:27:00.510Z] [2023-10-20/2023-10-26] 8331 processos — iniciando extração
[2026-03-29T15:27:26.212Z]   [2023-10-20/2023-10-26] 2000/8331 (24.0%) | total banco: 55554 | erros: 0
[2026-03-29T15:28:02.292Z]   [2023-10-20/2023-10-26] 4000/8331 (48.0%) | total banco: 57554 | erros: 0
[2026-03-29T15:28:58.523Z]   [2023-10-20/2023-10-26] 6000/8331 (72.0%) | total banco: 59554 | erros: 0
[2026-03-29T15:29:51.891Z]   [2023-10-20/2023-10-26] 8000/8331 (96.0%) | total banco: 61554 | erros: 0
[2026-03-29T15:30:02.681Z]   [2023-10-20/2023-10-26] 8331/8331 (100.0%) | total banco: 61885 | erros: 0
[2026-03-29T15:30:02.782Z] [2023-10-20/2023-10-26] COMPLETO — 8331 extraídos
[2026-03-29T15:30:05.374Z] [2023-10-13/2023-10-19] 7587 processos — iniciando extração
[2026-03-29T15:31:25.136Z]   [2023-10-13/2023-10-19] 2000/7587 (26.4%) | total banco: 63885 | erros: 0
[2026-03-29T15:33:55.513Z]   [2023-10-13/2023-10-19] 4000/7587 (52.7%) | total banco: 65885 | erros: 0
[2026-03-29T15:34:54.823Z]   [2023-10-13/2023-10-19] 6000/7587 (79.1%) | total banco: 67885 | erros: 0
[2026-03-29T15:35:28.616Z]   [2023-10-13/2023-10-19] 7587/7587 (100.0%) | total banco: 69472 | erros: 0
[2026-03-29T15:35:28.719Z] [2023-10-13/2023-10-19] COMPLETO — 7587 extraídos
[2026-03-29T15:35:31.108Z] [2023-10-06/2023-10-12] 6732 processos — iniciando extração
[2026-03-29T15:36:58.114Z]   [2023-10-06/2023-10-12] 2000/6732 (29.7%) | total banco: 71472 | erros: 0
[2026-03-29T15:38:22.269Z]   [2023-10-06/2023-10-12] 4000/6732 (59.4%) | total banco: 73472 | erros: 0
[2026-03-29T15:40:02.331Z]   [2023-10-06/2023-10-12] 6000/6732 (89.1%) | total banco: 75472 | erros: 0
[2026-03-29T15:40:16.857Z]   [2023-10-06/2023-10-12] 6732/6732 (100.0%) | total banco: 76204 | erros: 0
[2026-03-29T15:40:16.969Z] [2023-10-06/2023-10-12] COMPLETO — 6732 extraídos
[2026-03-29T15:40:19.677Z] [2023-09-29/2023-10-05] 7917 processos — iniciando extração
[2026-03-29T15:41:29.724Z]   [2023-09-29/2023-10-05] 2000/7917 (25.3%) | total banco: 78204 | erros: 0
[2026-03-29T15:43:48.348Z]   [2023-09-29/2023-10-05] 4000/7917 (50.5%) | total banco: 80204 | erros: 0
[2026-03-29T15:45:11.547Z]   [2023-09-29/2023-10-05] 6000/7917 (75.8%) | total banco: 82204 | erros: 0
[2026-03-29T15:45:55.448Z]   [2023-09-29/2023-10-05] 7917/7917 (100.0%) | total banco: 84121 | erros: 0
[2026-03-29T15:45:55.551Z] [2023-09-29/2023-10-05] COMPLETO — 7917 extraídos
[2026-03-29T15:45:55.784Z] [2023-09-22/2023-09-28] 7837 processos — iniciando extração
[2026-03-29T15:46:23.752Z]   [2023-09-22/2023-09-28] 2000/7837 (25.5%) | total banco: 86121 | erros: 0
[2026-03-29T15:48:08.450Z]   [2023-09-22/2023-09-28] 4000/7837 (51.0%) | total banco: 88121 | erros: 0
[2026-03-29T15:48:29.941Z]   [2023-09-22/2023-09-28] 6000/7837 (76.6%) | total banco: 90121 | erros: 0
[2026-03-29T15:49:16.515Z]   [2023-09-22/2023-09-28] 7837/7837 (100.0%) | total banco: 91958 | erros: 0
[2026-03-29T15:49:16.623Z] [2023-09-22/2023-09-28] COMPLETO — 7837 extraídos
[2026-03-29T15:49:16.945Z] [2023-09-15/2023-09-21] 7793 processos — iniciando extração
[2026-03-29T15:50:19.230Z]   [2023-09-15/2023-09-21] 2000/7793 (25.7%) | total banco: 93958 | erros: 0
[2026-03-29T15:51:14.877Z]   [2023-09-15/2023-09-21] 4000/7793 (51.3%) | total banco: 95958 | erros: 0
[2026-03-29T15:52:09.896Z]   [2023-09-15/2023-09-21] 6000/7793 (77.0%) | total banco: 97958 | erros: 0
[2026-03-29T15:52:53.712Z]   [2023-09-15/2023-09-21] 7793/7793 (100.0%) | total banco: 99751 | erros: 0
[2026-03-29T15:52:53.814Z] [2023-09-15/2023-09-21] COMPLETO — 7793 extraídos
[2026-03-29T15:52:55.079Z] [2023-09-08/2023-09-14] 7724 processos — iniciando extração
[2026-03-29T15:53:08.225Z]   [2023-09-08/2023-09-14] 2000/7724 (25.9%) | total banco: 101751 | erros: 0
[2026-03-29T15:53:19.788Z]   [2023-09-08/2023-09-14] 4000/7724 (51.8%) | total banco: 103751 | erros: 0
[2026-03-29T15:53:44.435Z]   [2023-09-08/2023-09-14] 6000/7724 (77.7%) | total banco: 105751 | erros: 0
[2026-03-29T15:54:01.617Z]   [2023-09-08/2023-09-14] 7724/7724 (100.0%) | total banco: 107475 | erros: 0
[2026-03-29T15:54:01.728Z] [2023-09-08/2023-09-14] COMPLETO — 7724 extraídos
[2026-03-29T15:54:02.294Z] [2023-09-01/2023-09-07] 7096 processos — iniciando extração
[2026-03-29T15:54:19.854Z]   [2023-09-01/2023-09-07] 2000/7096 (28.2%) | total banco: 109475 | erros: 0
[2026-03-29T15:54:44.721Z]   [2023-09-01/2023-09-07] 4000/7096 (56.4%) | total banco: 111475 | erros: 0
[2026-03-29T15:55:02.688Z]   [2023-09-01/2023-09-07] 6000/7096 (84.6%) | total banco: 113475 | erros: 0
[2026-03-29T15:55:16.073Z]   [2023-09-01/2023-09-07] 7096/7096 (100.0%) | total banco: 114571 | erros: 0
[2026-03-29T15:55:16.175Z] [2023-09-01/2023-09-07] COMPLETO — 7096 extraídos
[2026-03-29T15:55:16.896Z] [2023-08-25/2023-08-31] 7987 processos — iniciando extração
[2026-03-29T15:55:53.826Z]   [2023-08-25/2023-08-31] 2000/7987 (25.0%) | total banco: 116571 | erros: 0
[2026-03-29T15:57:00.643Z]   [2023-08-25/2023-08-31] 4000/7987 (50.1%) | total banco: 118571 | erros: 0
[2026-03-29T15:58:07.911Z]   [2023-08-25/2023-08-31] 6000/7987 (75.1%) | total banco: 120571 | erros: 0
[2026-03-29T15:58:16.872Z]   [2023-08-25/2023-08-31] 7987/7987 (100.0%) | total banco: 122558 | erros: 0
[2026-03-29T15:58:16.986Z] [2023-08-25/2023-08-31] COMPLETO — 7987 extraídos
[2026-03-29T15:58:17.639Z] [2023-08-18/2023-08-24] 8420 processos — iniciando extração
[2026-03-29T15:58:26.566Z]   [2023-08-18/2023-08-24] 2000/8420 (23.8%) | total banco: 124558 | erros: 0
[2026-03-29T15:58:39.383Z]   [2023-08-18/2023-08-24] 4000/8420 (47.5%) | total banco: 126558 | erros: 0
[2026-03-29T15:58:47.857Z]   [2023-08-18/2023-08-24] 6000/8420 (71.3%) | total banco: 128558 | erros: 0
[2026-03-29T15:58:54.271Z]   [2023-08-18/2023-08-24] 8000/8420 (95.0%) | total banco: 130558 | erros: 0
[2026-03-29T15:58:56.056Z]   [2023-08-18/2023-08-24] 8420/8420 (100.0%) | total banco: 130978 | erros: 0
[2026-03-29T15:58:56.164Z] [2023-08-18/2023-08-24] COMPLETO — 8420 extraídos
[2026-03-29T15:58:56.629Z] [2023-08-11/2023-08-17] 7415 processos — iniciando extração
[2026-03-29T15:59:03.807Z]   [2023-08-11/2023-08-17] 2000/7415 (27.0%) | total banco: 132978 | erros: 0
[2026-03-29T15:59:11.037Z]   [2023-08-11/2023-08-17] 4000/7415 (53.9%) | total banco: 134978 | erros: 0
[2026-03-29T15:59:16.567Z]   [2023-08-11/2023-08-17] 6000/7415 (80.9%) | total banco: 136978 | erros: 0
[2026-03-29T15:59:21.619Z]   [2023-08-11/2023-08-17] 7415/7415 (100.0%) | total banco: 138393 | erros: 0
[2026-03-29T15:59:21.719Z] [2023-08-11/2023-08-17] COMPLETO — 7415 extraídos
[2026-03-29T15:59:22.244Z] [2023-08-04/2023-08-10] 8518 processos — iniciando extração
[2026-03-29T15:59:29.007Z]   [2023-08-04/2023-08-10] 2000/8518 (23.5%) | total banco: 140393 | erros: 0
[2026-03-29T15:59:43.613Z]   [2023-08-04/2023-08-10] 4000/8518 (47.0%) | total banco: 142393 | erros: 0
[2026-03-29T16:00:10.158Z]   [2023-08-04/2023-08-10] 6000/8518 (70.4%) | total banco: 144393 | erros: 0
[2026-03-29T16:00:38.751Z]   [2023-08-04/2023-08-10] 8000/8518 (93.9%) | total banco: 146393 | erros: 0
[2026-03-29T16:00:59.807Z]   [2023-08-04/2023-08-10] 8518/8518 (100.0%) | total banco: 146911 | erros: 0
[2026-03-29T16:00:59.911Z] [2023-08-04/2023-08-10] COMPLETO — 8518 extraídos
[2026-03-29T16:01:00.564Z] [2023-07-28/2023-08-03] 7943 processos — iniciando extração
[2026-03-29T16:01:20.407Z]   [2023-07-28/2023-08-03] 2000/7943 (25.2%) | total banco: 148911 | erros: 0
[2026-03-29T16:02:16.935Z]   [2023-07-28/2023-08-03] 4000/7943 (50.4%) | total banco: 150911 | erros: 0
[2026-03-29T16:02:46.222Z]   [2023-07-28/2023-08-03] 6000/7943 (75.5%) | total banco: 152911 | erros: 0
[2026-03-29T16:02:55.864Z]   [2023-07-28/2023-08-03] 7943/7943 (100.0%) | total banco: 154854 | erros: 0
[2026-03-29T16:02:55.967Z] [2023-07-28/2023-08-03] COMPLETO — 7943 extraídos
[2026-03-29T16:02:56.246Z] [2023-07-21/2023-07-27] 6953 processos — iniciando extração
[2026-03-29T16:04:01.687Z]   [2023-07-21/2023-07-27] 2000/6953 (28.8%) | total banco: 156854 | erros: 0
[2026-03-29T16:04:20.038Z]   [2023-07-21/2023-07-27] 4000/6953 (57.5%) | total banco: 158854 | erros: 0
[2026-03-29T16:05:17.775Z]   [2023-07-21/2023-07-27] 6000/6953 (86.3%) | total banco: 160854 | erros: 0
[2026-03-29T16:05:38.739Z]   [2023-07-21/2023-07-27] 6953/6953 (100.0%) | total banco: 161807 | erros: 0
[2026-03-29T16:05:38.848Z] [2023-07-21/2023-07-27] COMPLETO — 6953 extraídos
[2026-03-29T16:05:38.970Z] [2023-07-14/2023-07-20] 6751 processos — iniciando extração
[2026-03-29T16:06:08.676Z]   [2023-07-14/2023-07-20] 2000/6751 (29.6%) | total banco: 163807 | erros: 0
[2026-03-29T16:06:40.397Z]   [2023-07-14/2023-07-20] 4000/6751 (59.3%) | total banco: 165807 | erros: 0
[2026-03-29T16:06:55.290Z]   [2023-07-14/2023-07-20] 6000/6751 (88.9%) | total banco: 167807 | erros: 0
[2026-03-29T16:07:00.864Z]   [2023-07-14/2023-07-20] 6751/6751 (100.0%) | total banco: 168558 | erros: 0
[2026-03-29T16:07:00.968Z] [2023-07-14/2023-07-20] COMPLETO — 6751 extraídos
[2026-03-29T16:07:01.004Z] [2023-07-07/2023-07-13] 6656 processos — iniciando extração
[2026-03-29T16:07:20.495Z]   [2023-07-07/2023-07-13] 2000/6656 (30.0%) | total banco: 170558 | erros: 0
[2026-03-29T16:07:40.693Z]   [2023-07-07/2023-07-13] 4000/6656 (60.1%) | total banco: 172558 | erros: 0
[2026-03-29T16:07:58.451Z]   [2023-07-07/2023-07-13] 6000/6656 (90.1%) | total banco: 174558 | erros: 0
[2026-03-29T16:08:02.248Z]   [2023-07-07/2023-07-13] 6656/6656 (100.0%) | total banco: 175214 | erros: 0
[2026-03-29T16:08:02.358Z] [2023-07-07/2023-07-13] COMPLETO — 6656 extraídos
[2026-03-29T16:08:02.748Z] [2023-06-30/2023-07-06] 7629 processos — iniciando extração
[2026-03-29T16:08:19.835Z]   [2023-06-30/2023-07-06] 2000/7629 (26.2%) | total banco: 177214 | erros: 0
[2026-03-29T16:08:45.071Z]   [2023-06-30/2023-07-06] 4000/7629 (52.4%) | total banco: 179214 | erros: 0
[2026-03-29T16:08:55.529Z]   [2023-06-30/2023-07-06] 6000/7629 (78.6%) | total banco: 181214 | erros: 0
[2026-03-29T16:09:05.866Z]   [2023-06-30/2023-07-06] 7629/7629 (100.0%) | total banco: 182843 | erros: 0
[2026-03-29T16:09:05.967Z] [2023-06-30/2023-07-06] COMPLETO — 7629 extraídos
[2026-03-29T16:09:06.518Z] [2023-06-23/2023-06-29] 8697 processos — iniciando extração
[2026-03-29T16:09:27.569Z]   [2023-06-23/2023-06-29] 2000/8697 (23.0%) | total banco: 184843 | erros: 0
[2026-03-29T16:10:17.708Z]   [2023-06-23/2023-06-29] 4000/8697 (46.0%) | total banco: 186843 | erros: 0
[2026-03-29T16:11:05.596Z]   [2023-06-23/2023-06-29] 6000/8697 (69.0%) | total banco: 188843 | erros: 0
[2026-03-29T16:11:21.502Z]   [2023-06-23/2023-06-29] 8000/8697 (92.0%) | total banco: 190843 | erros: 0
[2026-03-29T16:11:47.346Z]   [2023-06-23/2023-06-29] 8697/8697 (100.0%) | total banco: 191540 | erros: 0
[2026-03-29T16:11:47.455Z] [2023-06-23/2023-06-29] COMPLETO — 8697 extraídos
[2026-03-29T16:11:48.233Z] [2023-06-16/2023-06-22] 8673 processos — iniciando extração
[2026-03-29T16:12:09.213Z]   [2023-06-16/2023-06-22] 2000/8673 (23.1%) | total banco: 193540 | erros: 0
[2026-03-29T16:12:23.856Z]   [2023-06-16/2023-06-22] 4000/8673 (46.1%) | total banco: 195540 | erros: 0
[2026-03-29T16:12:50.496Z]   [2023-06-16/2023-06-22] 6000/8673 (69.2%) | total banco: 197540 | erros: 0
[2026-03-29T16:13:11.304Z]   [2023-06-16/2023-06-22] 8000/8673 (92.2%) | total banco: 199540 | erros: 0
[2026-03-29T16:13:14.860Z]   [2023-06-16/2023-06-22] 8673/8673 (100.0%) | total banco: 200213 | erros: 0
[2026-03-29T16:13:14.976Z] [2023-06-16/2023-06-22] COMPLETO — 8673 extraídos
[2026-03-29T16:15:15.106Z] FATAL: canceling statement due to statement timeout
56 | erros: 0
[2026-03-29T15:28:48.997Z]   [2020-12-04/2020-12-10] 2000/6368 (31.4%) | total banco: 13893 | erros: 0
[2026-03-29T15:28:57.512Z]   [2017-12-04/2017-12-10] 2000/6164 (32.4%) | total banco: 14066 | erros: 0
[2026-03-29T15:28:57.543Z]   [2022-12-04/2022-12-10] 2000/6524 (30.7%) | total banco: 13942 | erros: 0
[2026-03-29T15:28:58.523Z]   [2023-10-20/2023-10-26] 6000/8331 (72.0%) | total banco: 59554 | erros: 0
[2026-03-29T15:28:58.655Z]   [2019-12-04/2019-12-10] 2000/7116 (28.1%) | total banco: 15931 | erros: 0
[2026-03-29T15:29:12.970Z]   [2018-12-04/2018-12-10] 4000/6739 (59.4%) | total banco: 15812 | erros: 0
[2026-03-29T15:29:18.851Z]   [2021-12-04/2021-12-10] 4000/7554 (53.0%) | total banco: 15956 | erros: 0
[2026-03-29T15:29:37.752Z]   [2019-12-04/2019-12-10] 4000/7116 (56.2%) | total banco: 17931 | erros: 0
[2026-03-29T15:29:44.778Z]   [2022-12-04/2022-12-10] 4000/6524 (61.3%) | total banco: 15942 | erros: 0
[2026-03-29T15:29:51.891Z]   [2023-10-20/2023-10-26] 8000/8331 (96.0%) | total banco: 61554 | erros: 0
[2026-03-29T15:29:55.328Z]   [2017-12-04/2017-12-10] 4000/6164 (64.9%) | total banco: 16066 | erros: 0
[2026-03-29T15:30:02.681Z]   [2023-10-20/2023-10-26] 8331/8331 (100.0%) | total banco: 61885 | erros: 0
[2026-03-29T15:30:02.782Z] [2023-10-20/2023-10-26] COMPLETO — 8331 extraídos
[2026-03-29T15:30:05.374Z] [2023-10-13/2023-10-19] 7587 processos — iniciando extração
[2026-03-29T15:30:07.041Z]   [2020-12-04/2020-12-10] 4000/6368 (62.8%) | total banco: 15893 | erros: 0
[2026-03-29T15:30:13.295Z]   [2018-12-04/2018-12-10] 6000/6739 (89.0%) | total banco: 17812 | erros: 0
[2026-03-29T15:30:15.349Z]   [2019-12-04/2019-12-10] 6000/7116 (84.3%) | total banco: 19931 | erros: 0
[2026-03-29T15:30:15.971Z]   [2021-12-04/2021-12-10] 6000/7554 (79.4%) | total banco: 17956 | erros: 0
[2026-03-29T15:30:25.461Z]   [2017-12-04/2017-12-10] 6000/6164 (97.3%) | total banco: 18066 | erros: 0
[2026-03-29T15:30:28.062Z] Conectado ao banco JudX
[2026-03-29T15:30:28.448Z] Conectado ao banco JudX
[2026-03-29T15:31:12.789Z] Tabela stj_datajud pronta
[2026-03-29T15:31:12.790Z] Tabela stj_datajud pronta
[2026-03-29T15:31:12.791Z] Período: 2016-2016 (53 semanas, do mais recente ao mais antigo)
[2026-03-29T15:31:12.792Z] Período: 2023-2023 (53 semanas, do mais recente ao mais antigo)
[2026-03-29T15:31:12.915Z]   [2017-12-04/2017-12-10] 6164/6164 (100.0%) | total banco: 18230 | erros: 0
[2026-03-29T15:31:13.029Z] [2017-12-04/2017-12-10] COMPLETO — 6164 extraídos
[2026-03-29T15:31:14.321Z] [2017-11-27/2017-12-03] 7013 processos — iniciando extração
[2026-03-29T15:31:14.330Z] [2016-12-25/2016-12-31] 176 processos — iniciando extração
[2026-03-29T15:31:15.721Z]   [2022-12-04/2022-12-10] 6000/6524 (92.0%) | total banco: 17942 | erros: 0
[2026-03-29T15:31:21.553Z]   [2020-12-04/2020-12-10] 6000/6368 (94.2%) | total banco: 17893 | erros: 0
[2026-03-29T15:31:22.314Z]   [2018-12-04/2018-12-10] 6739/6739 (100.0%) | total banco: 18551 | erros: 0
[2026-03-29T15:31:22.423Z] [2018-12-04/2018-12-10] COMPLETO — 6739 extraídos
[2026-03-29T15:31:22.758Z]   [2016-12-25/2016-12-31] 176/176 (100.0%) | total banco: 176 | erros: 0
[2026-03-29T15:31:22.874Z] [2016-12-25/2016-12-31] COMPLETO — 176 extraídos
[2026-03-29T15:31:23.422Z] [2018-11-27/2018-12-03] 7698 processos — iniciando extração
[2026-03-29T15:31:23.462Z]   [2019-12-04/2019-12-10] 7116/7116 (100.0%) | total banco: 21047 | erros: 0
[2026-03-29T15:31:23.572Z] [2019-12-04/2019-12-10] COMPLETO — 7116 extraídos
[2026-03-29T15:31:24.129Z] [2019-11-27/2019-12-03] 7608 processos — iniciando extração
[2026-03-29T15:31:25.136Z]   [2023-10-13/2023-10-19] 2000/7587 (26.4%) | total banco: 63885 | erros: 0
[2026-03-29T15:31:26.149Z]   [2022-12-04/2022-12-10] 6524/6524 (100.0%) | total banco: 18466 | erros: 0
[2026-03-29T15:31:26.254Z] [2022-12-04/2022-12-10] COMPLETO — 6524 extraídos
[2026-03-29T15:31:27.219Z]   [2021-12-04/2021-12-10] 7554/7554 (100.0%) | total banco: 19510 | erros: 0
[2026-03-29T15:31:27.331Z] [2021-12-04/2021-12-10] COMPLETO — 7554 extraídos
[2026-03-29T15:31:27.999Z] [2022-11-27/2022-12-03] 7468 processos — iniciando extração
[2026-03-29T15:31:28.647Z] [2021-11-27/2021-12-03] 9861 processos — iniciando extração
[2026-03-29T15:31:30.766Z]   [2020-12-04/2020-12-10] 6368/6368 (100.0%) | total banco: 18261 | erros: 0
[2026-03-29T15:31:30.872Z] [2020-12-04/2020-12-10] COMPLETO — 6368 extraídos
[2026-03-29T15:31:31.702Z] [2020-11-27/2020-12-03] 8118 processos — iniciando extração
[2026-03-29T15:32:23.057Z]   [2017-11-27/2017-12-03] 2000/7013 (28.5%) | total banco: 20230 | erros: 0
[2026-03-29T15:33:13.188Z] FATAL: canceling statement due to statement timeout
[2026-03-29T15:33:23.038Z] FATAL: canceling statement due to statement timeout
[2026-03-29T15:33:30.130Z]   [2020-11-27/2020-12-03] 2000/8118 (24.6%) | total banco: 20261 | erros: 0
[2026-03-29T15:33:33.331Z]   [2021-11-27/2021-12-03] 2000/9861 (20.3%) | total banco: 21510 | erros: 0
[2026-03-29T15:33:33.497Z]   [2022-11-27/2022-12-03] 2000/7468 (26.8%) | total banco: 20466 | erros: 0
[2026-03-29T15:33:43.874Z]   [2018-11-27/2018-12-03] 2000/7698 (26.0%) | total banco: 20551 | erros: 0
[2026-03-29T15:33:54.395Z]   [2019-11-27/2019-12-03] 2000/7608 (26.3%) | total banco: 23047 | erros: 0
[2026-03-29T15:33:55.513Z]   [2023-10-13/2023-10-19] 4000/7587 (52.7%) | total banco: 65885 | erros: 0
[2026-03-29T15:34:10.380Z]   [2017-11-27/2017-12-03] 4000/7013 (57.0%) | total banco: 22230 | erros: 0
[2026-03-29T15:34:17.076Z]   [2021-11-27/2021-12-03] 4000/9861 (40.6%) | total banco: 23510 | erros: 0
[2026-03-29T15:34:17.402Z]   [2022-11-27/2022-12-03] 4000/7468 (53.6%) | total banco: 22466 | erros: 0
[2026-03-29T15:34:18.362Z]   [2020-11-27/2020-12-03] 4000/8118 (49.3%) | total banco: 22261 | erros: 0
[2026-03-29T15:34:24.466Z]   [2018-11-27/2018-12-03] 4000/7698 (52.0%) | total banco: 22551 | erros: 0
[2026-03-29T15:34:40.825Z]   [2019-11-27/2019-12-03] 4000/7608 (52.6%) | total banco: 25047 | erros: 0
[2026-03-29T15:34:54.823Z]   [2023-10-13/2023-10-19] 6000/7587 (79.1%) | total banco: 67885 | erros: 0
[2026-03-29T15:35:13.018Z]   [2018-11-27/2018-12-03] 6000/7698 (77.9%) | total banco: 24551 | erros: 0
[2026-03-29T15:35:15.938Z]   [2022-11-27/2022-12-03] 6000/7468 (80.3%) | total banco: 24466 | erros: 0
[2026-03-29T15:35:20.901Z]   [2021-11-27/2021-12-03] 6000/9861 (60.8%) | total banco: 25510 | erros: 0
[2026-03-29T15:35:21.083Z]   [2017-11-27/2017-12-03] 6000/7013 (85.6%) | total banco: 24230 | erros: 0
[2026-03-29T15:35:25.515Z]   [2020-11-27/2020-12-03] 6000/8118 (73.9%) | total banco: 24261 | erros: 0
[2026-03-29T15:35:28.616Z]   [2023-10-13/2023-10-19] 7587/7587 (100.0%) | total banco: 69472 | erros: 0
[2026-03-29T15:35:28.719Z] [2023-10-13/2023-10-19] COMPLETO — 7587 extraídos
[2026-03-29T15:35:31.108Z] [2023-10-06/2023-10-12] 6732 processos — iniciando extração
[2026-03-29T15:35:59.585Z]   [2019-11-27/2019-12-03] 6000/7608 (78.9%) | total banco: 27047 | erros: 0
[2026-03-29T15:36:03.101Z]   [2017-11-27/2017-12-03] 7013/7013 (100.0%) | total banco: 25243 | erros: 0
[2026-03-29T15:36:03.215Z] [2017-11-27/2017-12-03] COMPLETO — 7013 extraídos
[2026-03-29T15:36:05.645Z] [2017-11-20/2017-11-26] 6187 processos — iniciando extração
[2026-03-29T15:36:06.229Z]   [2022-11-27/2022-12-03] 7468/7468 (100.0%) | total banco: 25934 | erros: 0
[2026-03-29T15:36:06.332Z] [2022-11-27/2022-12-03] COMPLETO — 7468 extraídos
[2026-03-29T15:36:10.011Z] [2022-11-20/2022-11-26] 7922 processos — iniciando extração
[2026-03-29T15:36:12.774Z]   [2018-11-27/2018-12-03] 7698/7698 (100.0%) | total banco: 26249 | erros: 0
[2026-03-29T15:36:12.886Z] [2018-11-27/2018-12-03] COMPLETO — 7698 extraídos
[2026-03-29T15:36:15.254Z] [2018-11-20/2018-11-26] 6803 processos — iniciando extração
[2026-03-29T15:36:29.362Z]   [2020-11-27/2020-12-03] 8000/8118 (98.5%) | total banco: 26261 | erros: 0
[2026-03-29T15:36:39.715Z]   [2020-11-27/2020-12-03] 8118/8118 (100.0%) | total banco: 26379 | erros: 0
[2026-03-29T15:36:39.830Z] [2020-11-27/2020-12-03] COMPLETO — 8118 extraídos
[2026-03-29T15:36:41.458Z] [2020-11-20/2020-11-26] 7698 processos — iniciando extração
[2026-03-29T15:36:45.391Z]   [2021-11-27/2021-12-03] 8000/9861 (81.1%) | total banco: 27510 | erros: 0
[2026-03-29T15:36:58.114Z]   [2023-10-06/2023-10-12] 2000/6732 (29.7%) | total banco: 71472 | erros: 0
[2026-03-29T15:37:03.968Z]   [2019-11-27/2019-12-03] 7608/7608 (100.0%) | total banco: 28655 | erros: 0
[2026-03-29T15:37:04.080Z] [2019-11-27/2019-12-03] COMPLETO — 7608 extraídos
[2026-03-29T15:37:06.891Z] [2019-11-20/2019-11-26] 6949 processos — iniciando extração
[2026-03-29T15:37:45.437Z]   [2022-11-20/2022-11-26] 2000/7922 (25.2%) | total banco: 27934 | erros: 0
[2026-03-29T15:38:03.905Z]   [2017-11-20/2017-11-26] 2000/6187 (32.3%) | total banco: 27243 | erros: 0
[2026-03-29T15:38:04.795Z]   [2020-11-20/2020-11-26] 2000/7698 (26.0%) | total banco: 28379 | erros: 0
[2026-03-29T15:38:08.873Z]   [2018-11-20/2018-11-26] 2000/6803 (29.4%) | total banco: 28249 | erros: 0
[2026-03-29T15:38:14.592Z]   [2021-11-27/2021-12-03] 9861/9861 (100.0%) | total banco: 29371 | erros: 0
[2026-03-29T15:38:14.695Z] [2021-11-27/2021-12-03] COMPLETO — 9861 extraídos
[2026-03-29T15:38:15.446Z] [2021-11-20/2021-11-26] 7540 processos — iniciando extração
[2026-03-29T15:38:22.269Z]   [2023-10-06/2023-10-12] 4000/6732 (59.4%) | total banco: 73472 | erros: 0
[2026-03-29T15:38:54.587Z]   [2019-11-20/2019-11-26] 2000/6949 (28.8%) | total banco: 30655 | erros: 0
[2026-03-29T15:38:57.835Z]   [2022-11-20/2022-11-26] 4000/7922 (50.5%) | total banco: 29934 | erros: 0
[2026-03-29T15:39:14.413Z]   [2018-11-20/2018-11-26] 4000/6803 (58.8%) | total banco: 30249 | erros: 0
[2026-03-29T15:39:14.868Z]   [2017-11-20/2017-11-26] 4000/6187 (64.7%) | total banco: 29243 | erros: 0
[2026-03-29T15:39:28.091Z]   [2021-11-20/2021-11-26] 2000/7540 (26.5%) | total banco: 31371 | erros: 0
[2026-03-29T15:39:31.454Z]   [2020-11-20/2020-11-26] 4000/7698 (52.0%) | total banco: 30379 | erros: 0
[2026-03-29T15:40:02.331Z]   [2023-10-06/2023-10-12] 6000/6732 (89.1%) | total banco: 75472 | erros: 0
[2026-03-29T15:40:07.744Z]   [2022-11-20/2022-11-26] 6000/7922 (75.7%) | total banco: 31934 | erros: 0
[2026-03-29T15:40:13.412Z]   [2019-11-20/2019-11-26] 4000/6949 (57.6%) | total banco: 32655 | erros: 0
[2026-03-29T15:40:16.857Z]   [2023-10-06/2023-10-12] 6732/6732 (100.0%) | total banco: 76204 | erros: 0
[2026-03-29T15:40:16.969Z] [2023-10-06/2023-10-12] COMPLETO — 6732 extraídos
[2026-03-29T15:40:19.677Z] [2023-09-29/2023-10-05] 7917 processos — iniciando extração
[2026-03-29T15:40:27.944Z]   [2017-11-20/2017-11-26] 6000/6187 (97.0%) | total banco: 31243 | erros: 0
[2026-03-29T15:40:34.349Z]   [2018-11-20/2018-11-26] 6000/6803 (88.2%) | total banco: 32249 | erros: 0
[2026-03-29T15:40:38.191Z]   [2017-11-20/2017-11-26] 6187/6187 (100.0%) | total banco: 31430 | erros: 0
[2026-03-29T15:40:38.302Z] [2017-11-20/2017-11-26] COMPLETO — 6187 extraídos
[2026-03-29T15:40:38.937Z] [2017-11-13/2017-11-19] 3636 processos — iniciando extração
[2026-03-29T15:40:52.801Z]   [2021-11-20/2021-11-26] 4000/7540 (53.1%) | total banco: 33371 | erros: 0
[2026-03-29T15:40:55.341Z]   [2020-11-20/2020-11-26] 6000/7698 (77.9%) | total banco: 32379 | erros: 0
[2026-03-29T15:41:08.147Z]   [2018-11-20/2018-11-26] 6803/6803 (100.0%) | total banco: 33052 | erros: 0
[2026-03-29T15:41:08.250Z] [2018-11-20/2018-11-26] COMPLETO — 6803 extraídos
[2026-03-29T15:41:09.054Z] [2018-11-13/2018-11-19] 5792 processos — iniciando extração
[2026-03-29T15:41:09.254Z]   [2022-11-20/2022-11-26] 7922/7922 (100.0%) | total banco: 33856 | erros: 0
[2026-03-29T15:41:09.361Z] [2022-11-20/2022-11-26] COMPLETO — 7922 extraídos
[2026-03-29T15:41:10.550Z] [2022-11-13/2022-11-19] 6321 processos — iniciando extração
[2026-03-29T15:41:17.547Z]   [2019-11-20/2019-11-26] 6000/6949 (86.3%) | total banco: 34655 | erros: 0
[2026-03-29T15:41:29.724Z]   [2023-09-29/2023-10-05] 2000/7917 (25.3%) | total banco: 78204 | erros: 0
[2026-03-29T15:41:42.568Z]   [2020-11-20/2020-11-26] 7698/7698 (100.0%) | total banco: 34077 | erros: 0
[2026-03-29T15:41:42.674Z] [2020-11-20/2020-11-26] COMPLETO — 7698 extraídos
[2026-03-29T15:41:42.940Z] [2020-11-13/2020-11-19] 6888 processos — iniciando extração
[2026-03-29T15:41:44.869Z]   [2019-11-20/2019-11-26] 6949/6949 (100.0%) | total banco: 35604 | erros: 0
[2026-03-29T15:41:44.970Z] [2019-11-20/2019-11-26] COMPLETO — 6949 extraídos
[2026-03-29T15:41:45.090Z] [2019-11-13/2019-11-19] 3630 processos — iniciando extração
[2026-03-29T15:41:49.970Z]   [2017-11-13/2017-11-19] 2000/3636 (55.0%) | total banco: 33430 | erros: 0
[2026-03-29T15:42:07.000Z]   [2021-11-20/2021-11-26] 6000/7540 (79.6%) | total banco: 35371 | erros: 0
[2026-03-29T15:42:13.233Z]   [2018-11-13/2018-11-19] 2000/5792 (34.5%) | total banco: 35052 | erros: 0
[2026-03-29T15:42:29.667Z]   [2022-11-13/2022-11-19] 2000/6321 (31.6%) | total banco: 35856 | erros: 0
[2026-03-29T15:43:48.175Z]   [2017-11-13/2017-11-19] 3636/3636 (100.0%) | total banco: 35066 | erros: 0
[2026-03-29T15:43:48.289Z] [2017-11-13/2017-11-19] COMPLETO — 3636 extraídos
[2026-03-29T15:43:48.348Z]   [2023-09-29/2023-10-05] 4000/7917 (50.5%) | total banco: 80204 | erros: 0
[2026-03-29T15:43:49.670Z] [2017-11-06/2017-11-12] 4860 processos — iniciando extração
[2026-03-29T15:44:03.490Z]   [2020-11-13/2020-11-19] 2000/6888 (29.0%) | total banco: 36077 | erros: 0
[2026-03-29T15:44:04.083Z]   [2019-11-13/2019-11-19] 2000/3630 (55.1%) | total banco: 37604 | erros: 0
[2026-03-29T15:44:05.399Z]   [2021-11-20/2021-11-26] 7540/7540 (100.0%) | total banco: 36911 | erros: 0
[2026-03-29T15:44:05.509Z] [2021-11-20/2021-11-26] COMPLETO — 7540 extraídos
[2026-03-29T15:44:06.770Z] [2021-11-13/2021-11-19] 6200 processos — iniciando extração
[2026-03-29T15:44:17.883Z]   [2022-11-13/2022-11-19] 4000/6321 (63.3%) | total banco: 37856 | erros: 0
[2026-03-29T15:44:25.789Z]   [2018-11-13/2018-11-19] 4000/5792 (69.1%) | total banco: 37052 | erros: 0
[2026-03-29T15:44:55.907Z]   [2017-11-06/2017-11-12] 2000/4860 (41.2%) | total banco: 37066 | erros: 0
[2026-03-29T15:45:11.547Z]   [2023-09-29/2023-10-05] 6000/7917 (75.8%) | total banco: 82204 | erros: 0
[2026-03-29T15:45:17.079Z]   [2019-11-13/2019-11-19] 3630/3630 (100.0%) | total banco: 39234 | erros: 0
[2026-03-29T15:45:17.190Z] [2019-11-13/2019-11-19] COMPLETO — 3630 extraídos
[2026-03-29T15:45:17.682Z] [2019-11-06/2019-11-12] 6617 processos — iniciando extração
[2026-03-29T15:45:17.708Z]   [2020-11-13/2020-11-19] 4000/6888 (58.1%) | total banco: 38077 | erros: 0
[2026-03-29T15:45:23.807Z]   [2021-11-13/2021-11-19] 2000/6200 (32.3%) | total banco: 38911 | erros: 0
[2026-03-29T15:45:39.687Z]   [2022-11-13/2022-11-19] 6000/6321 (94.9%) | total banco: 39856 | erros: 0
[2026-03-29T15:45:40.633Z]   [2018-11-13/2018-11-19] 5792/5792 (100.0%) | total banco: 38844 | erros: 0
[2026-03-29T15:45:40.743Z] [2018-11-13/2018-11-19] COMPLETO — 5792 extraídos
[2026-03-29T15:45:41.484Z] [2018-11-06/2018-11-12] 7477 processos — iniciando extração
[2026-03-29T15:45:49.038Z]   [2022-11-13/2022-11-19] 6321/6321 (100.0%) | total banco: 40177 | erros: 0
[2026-03-29T15:45:49.153Z] [2022-11-13/2022-11-19] COMPLETO — 6321 extraídos
[2026-03-29T15:45:49.453Z] [2022-11-06/2022-11-12] 8460 processos — iniciando extração
[2026-03-29T15:45:55.448Z]   [2023-09-29/2023-10-05] 7917/7917 (100.0%) | total banco: 84121 | erros: 0
[2026-03-29T15:45:55.551Z] [2023-09-29/2023-10-05] COMPLETO — 7917 extraídos
[2026-03-29T15:45:55.784Z] [2023-09-22/2023-09-28] 7837 processos — iniciando extração
[2026-03-29T15:46:06.568Z]   [2020-11-13/2020-11-19] 6000/6888 (87.1%) | total banco: 40077 | erros: 0
[2026-03-29T15:46:08.373Z]   [2017-11-06/2017-11-12] 4000/4860 (82.3%) | total banco: 39066 | erros: 0
[2026-03-29T15:46:13.559Z]   [2021-11-13/2021-11-19] 4000/6200 (64.5%) | total banco: 40911 | erros: 0
[2026-03-29T15:46:14.234Z]   [2020-11-13/2020-11-19] 6888/6888 (100.0%) | total banco: 40965 | erros: 0
[2026-03-29T15:46:14.347Z] [2020-11-13/2020-11-19] COMPLETO — 6888 extraídos
[2026-03-29T15:46:14.953Z]   [2019-11-06/2019-11-12] 2000/6617 (30.2%) | total banco: 41234 | erros: 0
[2026-03-29T15:46:16.550Z] [2020-11-06/2020-11-12] 648 processos — iniciando extração
[2026-03-29T15:46:18.007Z]   [2018-11-06/2018-11-12] 2000/7477 (26.7%) | total banco: 40844 | erros: 0
[2026-03-29T15:46:19.785Z]   [2017-11-06/2017-11-12] 4860/4860 (100.0%) | total banco: 39926 | erros: 0
[2026-03-29T15:46:19.891Z] [2017-11-06/2017-11-12] COMPLETO — 4860 extraídos
[2026-03-29T15:46:20.459Z] [2017-10-30/2017-11-05] 2041 processos — iniciando extração
[2026-03-29T15:46:22.038Z]   [2020-11-06/2020-11-12] 648/648 (100.0%) | total banco: 41613 | erros: 0
[2026-03-29T15:46:22.149Z] [2020-11-06/2020-11-12] COMPLETO — 648 extraídos
[2026-03-29T15:46:22.196Z]   [2022-11-06/2022-11-12] 2000/8460 (23.6%) | total banco: 42177 | erros: 0
[2026-03-29T15:46:23.353Z] [2020-10-30/2020-11-05] 1487 processos — iniciando extração
[2026-03-29T15:46:23.752Z]   [2023-09-22/2023-09-28] 2000/7837 (25.5%) | total banco: 86121 | erros: 0
[2026-03-29T15:46:38.604Z]   [2018-11-06/2018-11-12] 4000/7477 (53.5%) | total banco: 42844 | erros: 0
[2026-03-29T15:46:39.667Z]   [2019-11-06/2019-11-12] 4000/6617 (60.5%) | total banco: 43234 | erros: 0
[2026-03-29T15:46:51.689Z]   [2021-11-13/2021-11-19] 6000/6200 (96.8%) | total banco: 42911 | erros: 0
[2026-03-29T15:47:14.222Z]   [2021-11-13/2021-11-19] 6200/6200 (100.0%) | total banco: 43111 | erros: 0
[2026-03-29T15:47:14.336Z] [2021-11-13/2021-11-19] COMPLETO — 6200 extraídos
[2026-03-29T15:47:14.577Z] [2021-11-06/2021-11-12] 6358 processos — iniciando extração
[2026-03-29T15:47:22.488Z]   [2017-10-30/2017-11-05] 2000/2041 (98.0%) | total banco: 41926 | erros: 0
[2026-03-29T15:47:23.307Z]   [2017-10-30/2017-11-05] 2041/2041 (100.0%) | total banco: 41967 | erros: 0
[2026-03-29T15:47:23.416Z] [2017-10-30/2017-11-05] COMPLETO — 2041 extraídos
[2026-03-29T15:47:23.555Z] [2017-10-23/2017-10-29] 5197 processos — iniciando extração
[2026-03-29T15:47:42.449Z]   [2020-10-30/2020-11-05] 1487/1487 (100.0%) | total banco: 43100 | erros: 0
[2026-03-29T15:47:42.554Z] [2020-10-30/2020-11-05] COMPLETO — 1487 extraídos
[2026-03-29T15:47:43.008Z] [2020-10-23/2020-10-29] 7958 processos — iniciando extração
[2026-03-29T15:48:06.448Z]   [2022-11-06/2022-11-12] 4000/8460 (47.3%) | total banco: 44177 | erros: 0
[2026-03-29T15:48:08.450Z]   [2023-09-22/2023-09-28] 4000/7837 (51.0%) | total banco: 88121 | erros: 0
[2026-03-29T15:48:10.123Z]   [2019-11-06/2019-11-12] 6000/6617 (90.7%) | total banco: 45234 | erros: 0
[2026-03-29T15:48:16.219Z]   [2019-11-06/2019-11-12] 6617/6617 (100.0%) | total banco: 45851 | erros: 0
[2026-03-29T15:48:16.327Z] [2019-11-06/2019-11-12] COMPLETO — 6617 extraídos
[2026-03-29T15:48:16.895Z]   [2018-11-06/2018-11-12] 6000/7477 (80.2%) | total banco: 44844 | erros: 0
[2026-03-29T15:48:18.629Z]   [2021-11-06/2021-11-12] 2000/6358 (31.5%) | total banco: 45111 | erros: 0
[2026-03-29T15:48:28.687Z]   [2017-10-23/2017-10-29] 2000/5197 (38.5%) | total banco: 43967 | erros: 0
[2026-03-29T15:48:29.941Z]   [2023-09-22/2023-09-28] 6000/7837 (76.6%) | total banco: 90121 | erros: 0
[2026-03-29T15:48:31.086Z] [2019-10-30/2019-11-05] 4510 processos — iniciando extração
[2026-03-29T15:48:33.486Z]   [2020-10-23/2020-10-29] 2000/7958 (25.1%) | total banco: 45100 | erros: 0
[2026-03-29T15:48:39.591Z]   [2022-11-06/2022-11-12] 6000/8460 (70.9%) | total banco: 46177 | erros: 0
[2026-03-29T15:49:16.515Z]   [2023-09-22/2023-09-28] 7837/7837 (100.0%) | total banco: 91958 | erros: 0
[2026-03-29T15:49:16.623Z] [2023-09-22/2023-09-28] COMPLETO — 7837 extraídos
[2026-03-29T15:49:16.945Z] [2023-09-15/2023-09-21] 7793 processos — iniciando extração
[2026-03-29T15:49:23.959Z]   [2018-11-06/2018-11-12] 7477/7477 (100.0%) | total banco: 46321 | erros: 0
[2026-03-29T15:49:24.061Z] [2018-11-06/2018-11-12] COMPLETO — 7477 extraídos
[2026-03-29T15:49:26.654Z] [2018-10-30/2018-11-05] 3844 processos — iniciando extração
[2026-03-29T15:49:26.847Z]   [2022-11-06/2022-11-12] 8000/8460 (94.6%) | total banco: 48177 | erros: 0
[2026-03-29T15:49:28.662Z]   [2021-11-06/2021-11-12] 4000/6358 (62.9%) | total banco: 47111 | erros: 0
[2026-03-29T15:49:31.280Z]   [2017-10-23/2017-10-29] 4000/5197 (77.0%) | total banco: 45967 | erros: 0
[2026-03-29T15:49:42.561Z]   [2022-11-06/2022-11-12] 8460/8460 (100.0%) | total banco: 48637 | erros: 0
[2026-03-29T15:49:42.677Z] [2022-11-06/2022-11-12] COMPLETO — 8460 extraídos
[2026-03-29T15:49:42.800Z] [2022-10-30/2022-11-05] 3833 processos — iniciando extração
[2026-03-29T15:49:42.869Z]   [2020-10-23/2020-10-29] 4000/7958 (50.3%) | total banco: 47100 | erros: 0
[2026-03-29T15:49:48.414Z]   [2019-10-30/2019-11-05] 2000/4510 (44.3%) | total banco: 47851 | erros: 0
[2026-03-29T15:50:02.745Z]   [2017-10-23/2017-10-29] 5197/5197 (100.0%) | total banco: 47164 | erros: 0
[2026-03-29T15:50:02.856Z] [2017-10-23/2017-10-29] COMPLETO — 5197 extraídos
[2026-03-29T15:50:05.568Z] [2017-10-16/2017-10-22] 6021 processos — iniciando extração
[2026-03-29T15:50:13.331Z]   [2022-10-30/2022-11-05] 2000/3833 (52.2%) | total banco: 50637 | erros: 0
[2026-03-29T15:50:14.511Z]   [2021-11-06/2021-11-12] 6000/6358 (94.4%) | total banco: 49111 | erros: 0
[2026-03-29T15:50:14.895Z]   [2018-10-30/2018-11-05] 2000/3844 (52.0%) | total banco: 48321 | erros: 0
[2026-03-29T15:50:16.162Z]   [2020-10-23/2020-10-29] 6000/7958 (75.4%) | total banco: 49100 | erros: 0
[2026-03-29T15:50:17.392Z]   [2019-10-30/2019-11-05] 4000/4510 (88.7%) | total banco: 49851 | erros: 0
[2026-03-29T15:50:19.230Z]   [2023-09-15/2023-09-21] 2000/7793 (25.7%) | total banco: 93958 | erros: 0
[2026-03-29T15:50:23.141Z]   [2021-11-06/2021-11-12] 6358/6358 (100.0%) | total banco: 49469 | erros: 0
[2026-03-29T15:50:23.244Z] [2021-11-06/2021-11-12] COMPLETO — 6358 extraídos
[2026-03-29T15:50:24.363Z]   [2019-10-30/2019-11-05] 4510/4510 (100.0%) | total banco: 50361 | erros: 0
[2026-03-29T15:50:24.475Z] [2019-10-30/2019-11-05] COMPLETO — 4510 extraídos
[2026-03-29T15:50:32.911Z] [2021-10-30/2021-11-05] 4412 processos — iniciando extração
[2026-03-29T15:50:33.262Z]   [2017-10-16/2017-10-22] 2000/6021 (33.2%) | total banco: 49164 | erros: 0
[2026-03-29T15:50:40.913Z]   [2018-10-30/2018-11-05] 3844/3844 (100.0%) | total banco: 50165 | erros: 0
[2026-03-29T15:50:41.028Z] [2018-10-30/2018-11-05] COMPLETO — 3844 extraídos
[2026-03-29T15:51:14.531Z]   [2022-10-30/2022-11-05] 3833/3833 (100.0%) | total banco: 52470 | erros: 0
[2026-03-29T15:51:14.644Z] [2022-10-30/2022-11-05] COMPLETO — 3833 extraídos
[2026-03-29T15:51:14.877Z]   [2023-09-15/2023-09-21] 4000/7793 (51.3%) | total banco: 95958 | erros: 0
[2026-03-29T15:51:20.298Z] [2022-10-23/2022-10-29] 7968 processos — iniciando extração
[2026-03-29T15:51:25.211Z]   [2020-10-23/2020-10-29] 7958/7958 (100.0%) | total banco: 51058 | erros: 0
[2026-03-29T15:51:25.328Z] [2020-10-23/2020-10-29] COMPLETO — 7958 extraídos
[2026-03-29T15:51:43.225Z]   [2021-10-30/2021-11-05] 2000/4412 (45.3%) | total banco: 51469 | erros: 0
[2026-03-29T15:51:50.788Z]   [2017-10-16/2017-10-22] 4000/6021 (66.4%) | total banco: 51164 | erros: 0
[2026-03-29T15:52:09.896Z]   [2023-09-15/2023-09-21] 6000/7793 (77.0%) | total banco: 97958 | erros: 0
[2026-03-29T15:52:15.576Z]   [2022-10-23/2022-10-29] 2000/7968 (25.1%) | total banco: 54470 | erros: 0
[2026-03-29T15:52:18.795Z]   [2021-10-30/2021-11-05] 4000/4412 (90.7%) | total banco: 53469 | erros: 0
[2026-03-29T15:52:21.094Z]   [2017-10-16/2017-10-22] 6000/6021 (99.7%) | total banco: 53164 | erros: 0
[2026-03-29T15:52:24.680Z] FATAL: canceling statement due to statement timeout
[2026-03-29T15:52:27.715Z]   [2017-10-16/2017-10-22] 6021/6021 (100.0%) | total banco: 53185 | erros: 0
[2026-03-29T15:52:27.829Z] [2017-10-16/2017-10-22] COMPLETO — 6021 extraídos
[2026-03-29T15:52:29.794Z] [2017-10-09/2017-10-15] 3551 processos — iniciando extração
[2026-03-29T15:52:42.018Z] FATAL: canceling statement due to statement timeout
[2026-03-29T15:52:52.829Z]   [2021-10-30/2021-11-05] 4412/4412 (100.0%) | total banco: 53881 | erros: 0
[2026-03-29T15:52:52.943Z] [2021-10-30/2021-11-05] COMPLETO — 4412 extraídos
[2026-03-29T15:52:53.712Z]   [2023-09-15/2023-09-21] 7793/7793 (100.0%) | total banco: 99751 | erros: 0
[2026-03-29T15:52:53.814Z] [2023-09-15/2023-09-21] COMPLETO — 7793 extraídos
[2026-03-29T15:52:54.833Z] [2021-10-23/2021-10-29] 7075 processos — iniciando extração
[2026-03-29T15:52:55.079Z] [2023-09-08/2023-09-14] 7724 processos — iniciando extração
[2026-03-29T15:53:05.303Z]   [2017-10-09/2017-10-15] 2000/3551 (56.3%) | total banco: 55185 | erros: 0
[2026-03-29T15:53:05.342Z]   [2022-10-23/2022-10-29] 4000/7968 (50.2%) | total banco: 56470 | erros: 0
[2026-03-29T15:53:07.523Z]   [2021-10-23/2021-10-29] 2000/7075 (28.3%) | total banco: 55881 | erros: 0
[2026-03-29T15:53:08.225Z]   [2023-09-08/2023-09-14] 2000/7724 (25.9%) | total banco: 101751 | erros: 0
[2026-03-29T15:53:12.603Z]   [2017-10-09/2017-10-15] 3551/3551 (100.0%) | total banco: 56736 | erros: 0
[2026-03-29T15:53:12.717Z] [2017-10-09/2017-10-15] COMPLETO — 3551 extraídos
[2026-03-29T15:53:13.695Z] [2017-10-02/2017-10-08] 5400 processos — iniciando extração
[2026-03-29T15:53:18.774Z]   [2022-10-23/2022-10-29] 6000/7968 (75.3%) | total banco: 58470 | erros: 0
[2026-03-29T15:53:19.788Z]   [2023-09-08/2023-09-14] 4000/7724 (51.8%) | total banco: 103751 | erros: 0
[2026-03-29T15:53:22.852Z]   [2021-10-23/2021-10-29] 4000/7075 (56.5%) | total banco: 57881 | erros: 0
[2026-03-29T15:53:23.620Z]   [2017-10-02/2017-10-08] 2000/5400 (37.0%) | total banco: 58736 | erros: 0
[2026-03-29T15:53:26.060Z] FATAL: canceling statement due to statement timeout
[2026-03-29T15:53:44.435Z]   [2023-09-08/2023-09-14] 6000/7724 (77.7%) | total banco: 105751 | erros: 0
[2026-03-29T15:53:58.554Z]   [2022-10-23/2022-10-29] 7968/7968 (100.0%) | total banco: 60438 | erros: 0
[2026-03-29T15:53:58.667Z] [2022-10-23/2022-10-29] COMPLETO — 7968 extraídos
[2026-03-29T15:53:59.737Z]   [2017-10-02/2017-10-08] 4000/5400 (74.1%) | total banco: 60736 | erros: 0
[2026-03-29T15:53:59.966Z]   [2021-10-23/2021-10-29] 6000/7075 (84.8%) | total banco: 59881 | erros: 0
[2026-03-29T15:54:00.634Z] [2022-10-16/2022-10-22] 7500 processos — iniciando extração
[2026-03-29T15:54:01.617Z]   [2023-09-08/2023-09-14] 7724/7724 (100.0%) | total banco: 107475 | erros: 0
[2026-03-29T15:54:01.728Z] [2023-09-08/2023-09-14] COMPLETO — 7724 extraídos
[2026-03-29T15:54:02.294Z] [2023-09-01/2023-09-07] 7096 processos — iniciando extração
[2026-03-29T15:54:06.586Z]   [2021-10-23/2021-10-29] 7075/7075 (100.0%) | total banco: 60956 | erros: 0
[2026-03-29T15:54:06.692Z] [2021-10-23/2021-10-29] COMPLETO — 7075 extraídos
[2026-03-29T15:54:06.906Z] [2021-10-16/2021-10-22] 8144 processos — iniciando extração
[2026-03-29T15:54:16.151Z]   [2017-10-02/2017-10-08] 5400/5400 (100.0%) | total banco: 62136 | erros: 0
[2026-03-29T15:54:16.264Z] [2017-10-02/2017-10-08] COMPLETO — 5400 extraídos
[2026-03-29T15:54:18.098Z] [2017-09-25/2017-10-01] 5893 processos — iniciando extração
[2026-03-29T15:54:18.716Z]   [2022-10-16/2022-10-22] 2000/7500 (26.7%) | total banco: 62438 | erros: 0
[2026-03-29T15:54:19.854Z]   [2023-09-01/2023-09-07] 2000/7096 (28.2%) | total banco: 109475 | erros: 0
[2026-03-29T15:54:21.567Z]   [2021-10-16/2021-10-22] 2000/8144 (24.6%) | total banco: 62956 | erros: 0
[2026-03-29T15:54:43.698Z]   [2022-10-16/2022-10-22] 4000/7500 (53.3%) | total banco: 64438 | erros: 0
[2026-03-29T15:54:44.721Z]   [2023-09-01/2023-09-07] 4000/7096 (56.4%) | total banco: 111475 | erros: 0
[2026-03-29T15:54:45.248Z]   [2017-09-25/2017-10-01] 2000/5893 (33.9%) | total banco: 64136 | erros: 0
[2026-03-29T15:54:47.204Z]   [2021-10-16/2021-10-22] 4000/8144 (49.1%) | total banco: 64956 | erros: 0
[2026-03-29T15:55:02.688Z]   [2023-09-01/2023-09-07] 6000/7096 (84.6%) | total banco: 113475 | erros: 0
[2026-03-29T15:55:02.768Z]   [2022-10-16/2022-10-22] 6000/7500 (80.0%) | total banco: 66438 | erros: 0
[2026-03-29T15:55:11.596Z]   [2017-09-25/2017-10-01] 4000/5893 (67.9%) | total banco: 66136 | erros: 0
[2026-03-29T15:55:12.763Z]   [2021-10-16/2021-10-22] 6000/8144 (73.7%) | total banco: 66956 | erros: 0
[2026-03-29T15:55:16.073Z]   [2023-09-01/2023-09-07] 7096/7096 (100.0%) | total banco: 114571 | erros: 0
[2026-03-29T15:55:16.175Z] [2023-09-01/2023-09-07] COMPLETO — 7096 extraídos
[2026-03-29T15:55:16.896Z] [2023-08-25/2023-08-31] 7987 processos — iniciando extração
[2026-03-29T15:55:17.169Z]   [2022-10-16/2022-10-22] 7500/7500 (100.0%) | total banco: 67938 | erros: 0
[2026-03-29T15:55:17.276Z] [2022-10-16/2022-10-22] COMPLETO — 7500 extraídos
[2026-03-29T15:55:17.911Z] [2022-10-09/2022-10-15] 6911 processos — iniciando extração
[2026-03-29T15:55:27.902Z]   [2017-09-25/2017-10-01] 5893/5893 (100.0%) | total banco: 68029 | erros: 0
[2026-03-29T15:55:28.005Z] [2017-09-25/2017-10-01] COMPLETO — 5893 extraídos
[2026-03-29T15:55:28.193Z] [2017-09-18/2017-09-24] 6261 processos — iniciando extração
[2026-03-29T15:55:31.654Z]   [2021-10-16/2021-10-22] 8000/8144 (98.2%) | total banco: 68956 | erros: 0
[2026-03-29T15:55:40.799Z]   [2021-10-16/2021-10-22] 8144/8144 (100.0%) | total banco: 69100 | erros: 0
[2026-03-29T15:55:40.916Z] [2021-10-16/2021-10-22] COMPLETO — 8144 extraídos
[2026-03-29T15:55:41.214Z] [2021-10-09/2021-10-15] 6656 processos — iniciando extração
[2026-03-29T15:55:53.049Z]   [2022-10-09/2022-10-15] 2000/6911 (28.9%) | total banco: 69938 | erros: 0
[2026-03-29T15:55:53.826Z]   [2023-08-25/2023-08-31] 2000/7987 (25.0%) | total banco: 116571 | erros: 0
[2026-03-29T15:56:05.489Z]   [2017-09-18/2017-09-24] 2000/6261 (31.9%) | total banco: 70029 | erros: 0
[2026-03-29T15:56:05.886Z]   [2021-10-09/2021-10-15] 2000/6656 (30.0%) | total banco: 71100 | erros: 0
[2026-03-29T15:56:23.904Z]   [2022-10-09/2022-10-15] 4000/6911 (57.9%) | total banco: 71938 | erros: 0
[2026-03-29T15:57:00.643Z]   [2023-08-25/2023-08-31] 4000/7987 (50.1%) | total banco: 118571 | erros: 0
[2026-03-29T15:57:28.259Z]   [2017-09-18/2017-09-24] 4000/6261 (63.9%) | total banco: 72029 | erros: 0
[2026-03-29T15:57:55.399Z]   [2021-10-09/2021-10-15] 4000/6656 (60.1%) | total banco: 73100 | erros: 0
[2026-03-29T15:58:00.299Z]   [2022-10-09/2022-10-15] 6000/6911 (86.8%) | total banco: 73938 | erros: 0
[2026-03-29T15:58:07.911Z]   [2023-08-25/2023-08-31] 6000/7987 (75.1%) | total banco: 120571 | erros: 0
[2026-03-29T15:58:13.054Z]   [2022-10-09/2022-10-15] 6911/6911 (100.0%) | total banco: 74849 | erros: 0
[2026-03-29T15:58:13.167Z] [2022-10-09/2022-10-15] COMPLETO — 6911 extraídos
[2026-03-29T15:58:13.873Z]   [2017-09-18/2017-09-24] 6000/6261 (95.8%) | total banco: 74029 | erros: 0
[2026-03-29T15:58:15.714Z]   [2021-10-09/2021-10-15] 6000/6656 (90.1%) | total banco: 75100 | erros: 0
[2026-03-29T15:58:16.052Z] [2022-10-02/2022-10-08] 8423 processos — iniciando extração
[2026-03-29T15:58:16.700Z]   [2017-09-18/2017-09-24] 6261/6261 (100.0%) | total banco: 74290 | erros: 0
[2026-03-29T15:58:16.813Z] [2017-09-18/2017-09-24] COMPLETO — 6261 extraídos
[2026-03-29T15:58:16.872Z]   [2023-08-25/2023-08-31] 7987/7987 (100.0%) | total banco: 122558 | erros: 0
[2026-03-29T15:58:16.986Z] [2023-08-25/2023-08-31] COMPLETO — 7987 extraídos
[2026-03-29T15:58:17.639Z] [2023-08-18/2023-08-24] 8420 processos — iniciando extração
[2026-03-29T15:58:17.759Z] [2017-09-11/2017-09-17] 5155 processos — iniciando extração
[2026-03-29T15:58:19.238Z]   [2021-10-09/2021-10-15] 6656/6656 (100.0%) | total banco: 75756 | erros: 0
[2026-03-29T15:58:19.348Z] [2021-10-09/2021-10-15] COMPLETO — 6656 extraídos
[2026-03-29T15:58:19.967Z] [2021-10-02/2021-10-08] 7529 processos — iniciando extração
[2026-03-29T15:58:26.566Z]   [2023-08-18/2023-08-24] 2000/8420 (23.8%) | total banco: 124558 | erros: 0
[2026-03-29T15:58:26.595Z]   [2017-09-11/2017-09-17] 2000/5155 (38.8%) | total banco: 76290 | erros: 0
[2026-03-29T15:58:26.806Z]   [2022-10-02/2022-10-08] 2000/8423 (23.7%) | total banco: 76849 | erros: 0
[2026-03-29T15:58:28.091Z]   [2021-10-02/2021-10-08] 2000/7529 (26.6%) | total banco: 77756 | erros: 0
[2026-03-29T15:58:38.076Z]   [2022-10-02/2022-10-08] 4000/8423 (47.5%) | total banco: 78849 | erros: 0
[2026-03-29T15:58:38.727Z]   [2017-09-11/2017-09-17] 4000/5155 (77.6%) | total banco: 78290 | erros: 0
[2026-03-29T15:58:39.383Z]   [2023-08-18/2023-08-24] 4000/8420 (47.5%) | total banco: 126558 | erros: 0
[2026-03-29T15:58:39.497Z]   [2021-10-02/2021-10-08] 4000/7529 (53.1%) | total banco: 79756 | erros: 0
[2026-03-29T15:58:42.240Z]   [2017-09-11/2017-09-17] 5155/5155 (100.0%) | total banco: 79445 | erros: 0
[2026-03-29T15:58:42.346Z] [2017-09-11/2017-09-17] COMPLETO — 5155 extraídos
[2026-03-29T15:58:42.382Z] [2017-09-04/2017-09-10] 3163 processos — iniciando extração
[2026-03-29T15:58:42.830Z]   [2022-10-02/2022-10-08] 6000/8423 (71.2%) | total banco: 80849 | erros: 0
[2026-03-29T15:58:47.690Z]   [2021-10-02/2021-10-08] 6000/7529 (79.7%) | total banco: 81756 | erros: 0
[2026-03-29T15:58:47.857Z]   [2023-08-18/2023-08-24] 6000/8420 (71.3%) | total banco: 128558 | erros: 0
[2026-03-29T15:58:49.256Z]   [2017-09-04/2017-09-10] 2000/3163 (63.2%) | total banco: 81445 | erros: 0
[2026-03-29T15:58:49.936Z]   [2022-10-02/2022-10-08] 8000/8423 (95.0%) | total banco: 82849 | erros: 0
[2026-03-29T15:58:52.487Z]   [2021-10-02/2021-10-08] 7529/7529 (100.0%) | total banco: 83285 | erros: 0
[2026-03-29T15:58:52.591Z] [2021-10-02/2021-10-08] COMPLETO — 7529 extraídos
[2026-03-29T15:58:52.682Z] [2021-09-25/2021-10-01] 8524 processos — iniciando extração
[2026-03-29T15:58:53.713Z]   [2022-10-02/2022-10-08] 8423/8423 (100.0%) | total banco: 83272 | erros: 0
[2026-03-29T15:58:53.821Z] [2022-10-02/2022-10-08] COMPLETO — 8423 extraídos
[2026-03-29T15:58:53.868Z] [2022-09-25/2022-10-01] 8078 processos — iniciando extração
[2026-03-29T15:58:54.271Z]   [2023-08-18/2023-08-24] 8000/8420 (95.0%) | total banco: 130558 | erros: 0
[2026-03-29T15:58:55.680Z]   [2017-09-04/2017-09-10] 3163/3163 (100.0%) | total banco: 82608 | erros: 0
[2026-03-29T15:58:55.788Z] [2017-09-04/2017-09-10] COMPLETO — 3163 extraídos
[2026-03-29T15:58:55.917Z] [2017-08-28/2017-09-03] 3893 processos — iniciando extração
[2026-03-29T15:58:56.056Z]   [2023-08-18/2023-08-24] 8420/8420 (100.0%) | total banco: 130978 | erros: 0
[2026-03-29T15:58:56.164Z] [2023-08-18/2023-08-24] COMPLETO — 8420 extraídos
[2026-03-29T15:58:56.629Z] [2023-08-11/2023-08-17] 7415 processos — iniciando extração
[2026-03-29T15:58:58.540Z]   [2021-09-25/2021-10-01] 2000/8524 (23.5%) | total banco: 85285 | erros: 0
[2026-03-29T15:59:01.508Z]   [2022-09-25/2022-10-01] 2000/8078 (24.8%) | total banco: 85272 | erros: 0
[2026-03-29T15:59:03.401Z]   [2017-08-28/2017-09-03] 2000/3893 (51.4%) | total banco: 84608 | erros: 0
[2026-03-29T15:59:03.807Z]   [2023-08-11/2023-08-17] 2000/7415 (27.0%) | total banco: 132978 | erros: 0
[2026-03-29T15:59:04.904Z]   [2021-09-25/2021-10-01] 4000/8524 (46.9%) | total banco: 87285 | erros: 0
[2026-03-29T15:59:07.535Z]   [2022-09-25/2022-10-01] 4000/8078 (49.5%) | total banco: 87272 | erros: 0
[2026-03-29T15:59:10.579Z]   [2017-08-28/2017-09-03] 3893/3893 (100.0%) | total banco: 86501 | erros: 0
[2026-03-29T15:59:10.680Z] [2017-08-28/2017-09-03] COMPLETO — 3893 extraídos
[2026-03-29T15:59:11.037Z]   [2023-08-11/2023-08-17] 4000/7415 (53.9%) | total banco: 134978 | erros: 0
[2026-03-29T15:59:11.189Z] [2017-08-21/2017-08-27] 4098 processos — iniciando extração
[2026-03-29T15:59:11.296Z]   [2021-09-25/2021-10-01] 6000/8524 (70.4%) | total banco: 89285 | erros: 0
[2026-03-29T15:59:13.395Z]   [2022-09-25/2022-10-01] 6000/8078 (74.3%) | total banco: 89272 | erros: 0
[2026-03-29T15:59:16.567Z]   [2023-08-11/2023-08-17] 6000/7415 (80.9%) | total banco: 136978 | erros: 0
[2026-03-29T15:59:17.692Z]   [2017-08-21/2017-08-27] 2000/4098 (48.8%) | total banco: 88501 | erros: 0
[2026-03-29T15:59:18.753Z]   [2021-09-25/2021-10-01] 8000/8524 (93.9%) | total banco: 91285 | erros: 0
[2026-03-29T15:59:20.614Z]   [2022-09-25/2022-10-01] 8000/8078 (99.0%) | total banco: 91272 | erros: 0
[2026-03-29T15:59:20.919Z]   [2021-09-25/2021-10-01] 8524/8524 (100.0%) | total banco: 91809 | erros: 0
[2026-03-29T15:59:21.035Z] [2021-09-25/2021-10-01] COMPLETO — 8524 extraídos
[2026-03-29T15:59:21.397Z]   [2022-09-25/2022-10-01] 8078/8078 (100.0%) | total banco: 91350 | erros: 0
[2026-03-29T15:59:21.501Z] [2022-09-25/2022-10-01] COMPLETO — 8078 extraídos
[2026-03-29T15:59:21.619Z]   [2023-08-11/2023-08-17] 7415/7415 (100.0%) | total banco: 138393 | erros: 0
[2026-03-29T15:59:21.719Z] [2023-08-11/2023-08-17] COMPLETO — 7415 extraídos
[2026-03-29T15:59:21.899Z] [2022-09-18/2022-09-24] 7844 processos — iniciando extração
[2026-03-29T15:59:21.941Z] [2021-09-18/2021-09-24] 8889 processos — iniciando extração
[2026-03-29T15:59:22.244Z] [2023-08-04/2023-08-10] 8518 processos — iniciando extração
[2026-03-29T15:59:22.838Z]   [2017-08-21/2017-08-27] 4000/4098 (97.6%) | total banco: 90501 | erros: 0
[2026-03-29T15:59:24.888Z]   [2017-08-21/2017-08-27] 4098/4098 (100.0%) | total banco: 90599 | erros: 0
[2026-03-29T15:59:24.994Z] [2017-08-21/2017-08-27] COMPLETO — 4098 extraídos
[2026-03-29T15:59:25.191Z] [2017-08-14/2017-08-20] 4091 processos — iniciando extração
[2026-03-29T15:59:26.738Z]   [2021-09-18/2021-09-24] 2000/8889 (22.5%) | total banco: 93809 | erros: 0
[2026-03-29T15:59:27.671Z]   [2022-09-18/2022-09-24] 2000/7844 (25.5%) | total banco: 93350 | erros: 0
[2026-03-29T15:59:29.007Z]   [2023-08-04/2023-08-10] 2000/8518 (23.5%) | total banco: 140393 | erros: 0
[2026-03-29T15:59:43.460Z]   [2021-09-18/2021-09-24] 4000/8889 (45.0%) | total banco: 95809 | erros: 0
[2026-03-29T15:59:43.613Z]   [2023-08-04/2023-08-10] 4000/8518 (47.0%) | total banco: 142393 | erros: 0
[2026-03-29T15:59:43.853Z]   [2022-09-18/2022-09-24] 4000/7844 (51.0%) | total banco: 95350 | erros: 0
[2026-03-29T15:59:44.012Z]   [2017-08-14/2017-08-20] 2000/4091 (48.9%) | total banco: 92599 | erros: 0
[2026-03-29T15:59:57.907Z] Conectado ao banco JudX
[2026-03-29T15:59:57.935Z] Conectado ao banco JudX
[2026-03-29T15:59:57.935Z] Conectado ao banco JudX
[2026-03-29T15:59:58.005Z] Conectado ao banco JudX
[2026-03-29T15:59:58.025Z] Conectado ao banco JudX
[2026-03-29T16:00:09.837Z] Tabela stj_datajud pronta
[2026-03-29T16:00:09.837Z] Tabela stj_datajud pronta
[2026-03-29T16:00:09.837Z] Tabela stj_datajud pronta
[2026-03-29T16:00:09.837Z] Tabela stj_datajud pronta
[2026-03-29T16:00:09.839Z] Período: 2023-2023 (53 semanas, do mais recente ao mais antigo)
[2026-03-29T16:00:09.840Z] Período: 2019-2019 (53 semanas, do mais recente ao mais antigo)
[2026-03-29T16:00:09.840Z] Período: 2020-2020 (53 semanas, do mais recente ao mais antigo)
[2026-03-29T16:00:09.839Z] Período: 2016-2016 (53 semanas, do mais recente ao mais antigo)
[2026-03-29T16:00:09.876Z] Tabela stj_datajud pronta
[2026-03-29T16:00:09.877Z] Período: 2018-2018 (53 semanas, do mais recente ao mais antigo)
[2026-03-29T16:00:10.158Z]   [2023-08-04/2023-08-10] 6000/8518 (70.4%) | total banco: 144393 | erros: 0
[2026-03-29T16:00:12.297Z]   [2022-09-18/2022-09-24] 6000/7844 (76.5%) | total banco: 97350 | erros: 0
[2026-03-29T16:00:13.438Z]   [2021-09-18/2021-09-24] 6000/8889 (67.5%) | total banco: 97809 | erros: 0
[2026-03-29T16:00:13.968Z]   [2017-08-14/2017-08-20] 4000/4091 (97.8%) | total banco: 94599 | erros: 0
[2026-03-29T16:00:16.460Z]   [2017-08-14/2017-08-20] 4091/4091 (100.0%) | total banco: 94690 | erros: 0
[2026-03-29T16:00:16.574Z] [2017-08-14/2017-08-20] COMPLETO — 4091 extraídos
[2026-03-29T16:00:17.491Z] [2017-08-07/2017-08-13] 2719 processos — iniciando extração
[2026-03-29T16:00:38.751Z]   [2023-08-04/2023-08-10] 8000/8518 (93.9%) | total banco: 146393 | erros: 0
[2026-03-29T16:00:40.968Z]   [2022-09-18/2022-09-24] 7844/7844 (100.0%) | total banco: 99194 | erros: 0
[2026-03-29T16:00:41.073Z] [2022-09-18/2022-09-24] COMPLETO — 7844 extraídos
[2026-03-29T16:00:43.003Z] [2022-09-11/2022-09-17] 7522 processos — iniciando extração
[2026-03-29T16:00:59.807Z]   [2023-08-04/2023-08-10] 8518/8518 (100.0%) | total banco: 146911 | erros: 0
[2026-03-29T16:00:59.911Z] [2023-08-04/2023-08-10] COMPLETO — 8518 extraídos
[2026-03-29T16:01:00.564Z] [2023-07-28/2023-08-03] 7943 processos — iniciando extração
[2026-03-29T16:01:02.054Z]   [2021-09-18/2021-09-24] 8000/8889 (90.0%) | total banco: 99809 | erros: 0
[2026-03-29T16:01:06.724Z]   [2017-08-07/2017-08-13] 2000/2719 (73.6%) | total banco: 96690 | erros: 0
[2026-03-29T16:01:14.326Z]   [2021-09-18/2021-09-24] 8889/8889 (100.0%) | total banco: 100698 | erros: 0
[2026-03-29T16:01:14.438Z] [2021-09-18/2021-09-24] COMPLETO — 8889 extraídos
[2026-03-29T16:01:15.915Z]   [2017-08-07/2017-08-13] 2719/2719 (100.0%) | total banco: 97409 | erros: 0
[2026-03-29T16:01:16.025Z] [2017-08-07/2017-08-13] COMPLETO — 2719 extraídos
[2026-03-29T16:01:16.259Z] [2017-07-31/2017-08-06] 2794 processos — iniciando extração
[2026-03-29T16:01:17.856Z]   [2022-09-11/2022-09-17] 2000/7522 (26.6%) | total banco: 101194 | erros: 0
[2026-03-29T16:01:20.407Z]   [2023-07-28/2023-08-03] 2000/7943 (25.2%) | total banco: 148911 | erros: 0
[2026-03-29T16:01:23.755Z] Resume: 902545 processos já no banco, data mais antiga: Sun Dec 18 2016 00:00:00 GMT-0200 (Horário de Verão de Brasília)
[2026-03-29T16:01:23.755Z] 
=== EXTRAÇÃO COMPLETA ===
[2026-03-29T16:01:23.756Z] Resume: 902542 processos já no banco, data mais antiga: Sun Dec 18 2016 00:00:00 GMT-0200 (Horário de Verão de Brasília)
[2026-03-29T16:01:23.756Z] Resume: 902542 processos já no banco, data mais antiga: Sun Dec 18 2016 00:00:00 GMT-0200 (Horário de Verão de Brasília)
[2026-03-29T16:01:23.756Z] 
=== EXTRAÇÃO COMPLETA ===
[2026-03-29T16:01:23.757Z] 
=== EXTRAÇÃO COMPLETA ===
[2026-03-29T16:01:24.540Z] Resume: 902542 processos já no banco, data mais antiga: Sun Dec 18 2016 00:00:00 GMT-0200 (Horário de Verão de Brasília)
[2026-03-29T16:01:24.540Z] 
=== EXTRAÇÃO COMPLETA ===
[2026-03-29T16:01:24.544Z] Resume: 902542 processos já no banco, data mais antiga: Sun Dec 18 2016 00:00:00 GMT-0200 (Horário de Verão de Brasília)
[2026-03-29T16:01:24.808Z] [2016-12-18/2016-12-24] 517 processos — iniciando extração
[2026-03-29T16:01:58.393Z]   [2016-12-18/2016-12-24] 517/517 (100.0%) | total banco: 517 | erros: 0
[2026-03-29T16:01:58.509Z] [2016-12-18/2016-12-24] COMPLETO — 517 extraídos
[2026-03-29T16:02:01.267Z]   [2022-09-11/2022-09-17] 4000/7522 (53.2%) | total banco: 103194 | erros: 0
[2026-03-29T16:02:08.511Z]   [2017-07-31/2017-08-06] 2000/2794 (71.6%) | total banco: 99409 | erros: 0
[2026-03-29T16:02:16.095Z]   [2017-07-31/2017-08-06] 2794/2794 (100.0%) | total banco: 100203 | erros: 0
[2026-03-29T16:02:16.211Z] [2017-07-31/2017-08-06] COMPLETO — 2794 extraídos
[2026-03-29T16:02:16.935Z]   [2023-07-28/2023-08-03] 4000/7943 (50.4%) | total banco: 150911 | erros: 0
[2026-03-29T16:02:23.468Z]   [2022-09-11/2022-09-17] 6000/7522 (79.8%) | total banco: 105194 | erros: 0
[2026-03-29T16:02:46.222Z]   [2023-07-28/2023-08-03] 6000/7943 (75.5%) | total banco: 152911 | erros: 0
[2026-03-29T16:02:47.745Z]   [2022-09-11/2022-09-17] 7522/7522 (100.0%) | total banco: 106716 | erros: 0
[2026-03-29T16:02:47.856Z] [2022-09-11/2022-09-17] COMPLETO — 7522 extraídos
[2026-03-29T16:02:48.207Z] [2022-09-04/2022-09-10] 6516 processos — iniciando extração
[2026-03-29T16:02:55.864Z]   [2023-07-28/2023-08-03] 7943/7943 (100.0%) | total banco: 154854 | erros: 0
[2026-03-29T16:02:55.967Z] [2023-07-28/2023-08-03] COMPLETO — 7943 extraídos
[2026-03-29T16:02:56.246Z] [2023-07-21/2023-07-27] 6953 processos — iniciando extração
[2026-03-29T16:03:08.633Z]   [2022-09-04/2022-09-10] 2000/6516 (30.7%) | total banco: 108716 | erros: 0
[2026-03-29T16:03:11.886Z] Conectado ao banco JudX
[2026-03-29T16:03:11.896Z] Conectado ao banco JudX
[2026-03-29T16:03:11.901Z] Conectado ao banco JudX
[2026-03-29T16:03:11.902Z] Conectado ao banco JudX
[2026-03-29T16:03:14.512Z] FATAL: canceling statement due to statement timeout
[2026-03-29T16:03:23.814Z] FATAL: canceling statement due to statement timeout
[2026-03-29T16:03:23.851Z] FATAL: canceling statement due to statement timeout
[2026-03-29T16:03:23.872Z] FATAL: canceling statement due to statement timeout
[2026-03-29T16:03:24.619Z] FATAL: canceling statement due to statement timeout
[2026-03-29T16:03:47.991Z] Banco stj_datajud: 926522 registros
[2026-03-29T16:03:48.375Z] [2017-07-24/2017-07-30] 2241 processos — iniciando extração
[2026-03-29T16:03:48.582Z] Banco stj_datajud: 923494 registros
[2026-03-29T16:03:49.680Z] [2016-12-11/2016-12-17] 1705 processos — iniciando extração
[2026-03-29T16:03:53.540Z] Tabela stj_datajud pronta
[2026-03-29T16:03:53.541Z] Tabela stj_datajud pronta
[2026-03-29T16:03:53.542Z] Tabela stj_datajud pronta
[2026-03-29T16:03:53.541Z] Tabela stj_datajud pronta
[2026-03-29T16:03:53.542Z] Período: 2021-2021 (53 semanas, do mais recente ao mais antigo)
[2026-03-29T16:03:53.542Z] Período: 2020-2020 (53 semanas, do mais recente ao mais antigo)
[2026-03-29T16:03:53.543Z] Período: 2023-2023 (53 semanas, do mais recente ao mais antigo)
[2026-03-29T16:03:53.542Z] Período: 2022-2022 (53 semanas, do mais recente ao mais antigo)
[2026-03-29T16:04:01.687Z]   [2023-07-21/2023-07-27] 2000/6953 (28.8%) | total banco: 156854 | erros: 0
[2026-03-29T16:04:06.103Z]   [2017-07-24/2017-07-30] 2000/2241 (89.2%) | total banco: 102203 | erros: 0
[2026-03-29T16:04:07.493Z]   [2022-09-04/2022-09-10] 4000/6516 (61.4%) | total banco: 110716 | erros: 0
[2026-03-29T16:04:08.560Z]   [2016-12-11/2016-12-17] 1705/1705 (100.0%) | total banco: 2222 | erros: 0
[2026-03-29T16:04:08.673Z] [2016-12-11/2016-12-17] COMPLETO — 1705 extraídos
[2026-03-29T16:04:08.783Z] [2016-12-04/2016-12-10] 1018 processos — iniciando extração
[2026-03-29T16:04:09.035Z]   [2017-07-24/2017-07-30] 2241/2241 (100.0%) | total banco: 102444 | erros: 0
[2026-03-29T16:04:09.138Z] [2017-07-24/2017-07-30] COMPLETO — 2241 extraídos
[2026-03-29T16:04:09.413Z] [2017-07-17/2017-07-23] 1916 processos — iniciando extração
[2026-03-29T16:04:15.714Z]   [2016-12-04/2016-12-10] 1018/1018 (100.0%) | total banco: 3240 | erros: 0
[2026-03-29T16:04:15.824Z] [2016-12-04/2016-12-10] COMPLETO — 1018 extraídos
[2026-03-29T16:04:16.382Z] [2016-11-27/2016-12-03] 1125 processos — iniciando extração
[2026-03-29T16:04:20.037Z]   [2022-09-04/2022-09-10] 6000/6516 (92.1%) | total banco: 112716 | erros: 0
[2026-03-29T16:04:20.038Z]   [2023-07-21/2023-07-27] 4000/6953 (57.5%) | total banco: 158854 | erros: 0
[2026-03-29T16:04:23.291Z]   [2017-07-17/2017-07-23] 1916/1916 (100.0%) | total banco: 104360 | erros: 0
[2026-03-29T16:04:23.402Z] [2017-07-17/2017-07-23] COMPLETO — 1916 extraídos
[2026-03-29T16:04:24.476Z]   [2016-11-27/2016-12-03] 1125/1125 (100.0%) | total banco: 4365 | erros: 0
[2026-03-29T16:04:24.521Z] [2017-07-10/2017-07-16] 2226 processos — iniciando extração
[2026-03-29T16:04:24.587Z] [2016-11-27/2016-12-03] COMPLETO — 1125 extraídos
[2026-03-29T16:04:24.776Z] [2016-11-20/2016-11-26] 1217 processos — iniciando extração
[2026-03-29T16:04:45.480Z]   [2022-09-04/2022-09-10] 6516/6516 (100.0%) | total banco: 113232 | erros: 0
[2026-03-29T16:04:45.588Z] [2022-09-04/2022-09-10] COMPLETO — 6516 extraídos
[2026-03-29T16:04:46.272Z] [2022-08-28/2022-09-03] 8527 processos — iniciando extração
[2026-03-29T16:05:14.963Z]   [2016-11-20/2016-11-26] 1217/1217 (100.0%) | total banco: 5582 | erros: 0
[2026-03-29T16:05:15.075Z] [2016-11-20/2016-11-26] COMPLETO — 1217 extraídos
[2026-03-29T16:05:15.404Z] [2016-11-13/2016-11-19] 1023 processos — iniciando extração
[2026-03-29T16:05:17.775Z]   [2023-07-21/2023-07-27] 6000/6953 (86.3%) | total banco: 160854 | erros: 0
[2026-03-29T16:05:19.465Z]   [2017-07-10/2017-07-16] 2000/2226 (89.8%) | total banco: 106360 | erros: 0
[2026-03-29T16:05:22.026Z]   [2022-08-28/2022-09-03] 2000/8527 (23.5%) | total banco: 115232 | erros: 0
[2026-03-29T16:05:22.304Z]   [2017-07-10/2017-07-16] 2226/2226 (100.0%) | total banco: 106586 | erros: 0
[2026-03-29T16:05:22.417Z] [2017-07-10/2017-07-16] COMPLETO — 2226 extraídos
[2026-03-29T16:05:25.201Z] [2017-07-03/2017-07-09] 2335 processos — iniciando extração
[2026-03-29T16:05:38.739Z]   [2023-07-21/2023-07-27] 6953/6953 (100.0%) | total banco: 161807 | erros: 0
[2026-03-29T16:05:38.848Z] [2023-07-21/2023-07-27] COMPLETO — 6953 extraídos
[2026-03-29T16:05:38.970Z] [2023-07-14/2023-07-20] 6751 processos — iniciando extração
[2026-03-29T16:05:47.493Z]   [2016-11-13/2016-11-19] 1023/1023 (100.0%) | total banco: 6605 | erros: 0
[2026-03-29T16:05:47.614Z] [2016-11-13/2016-11-19] COMPLETO — 1023 extraídos
[2026-03-29T16:05:47.753Z] [2016-11-06/2016-11-12] 1236 processos — iniciando extração
[2026-03-29T16:05:53.714Z] FATAL: canceling statement due to statement timeout
[2026-03-29T16:05:53.718Z] FATAL: canceling statement due to statement timeout
[2026-03-29T16:05:53.723Z] FATAL: canceling statement due to statement timeout
[2026-03-29T16:05:53.734Z] FATAL: canceling statement due to statement timeout
[2026-03-29T16:06:02.185Z]   [2022-08-28/2022-09-03] 4000/8527 (46.9%) | total banco: 117232 | erros: 0
[2026-03-29T16:06:04.174Z]   [2016-11-06/2016-11-12] 1236/1236 (100.0%) | total banco: 7841 | erros: 0
[2026-03-29T16:06:04.275Z] [2016-11-06/2016-11-12] COMPLETO — 1236 extraídos
[2026-03-29T16:06:04.624Z] [2016-10-30/2016-11-05] 523 processos — iniciando extração
[2026-03-29T16:06:07.793Z]   [2017-07-03/2017-07-09] 2000/2335 (85.7%) | total banco: 108586 | erros: 0
[2026-03-29T16:06:08.676Z]   [2023-07-14/2023-07-20] 2000/6751 (29.6%) | total banco: 163807 | erros: 0
[2026-03-29T16:06:09.653Z]   [2016-10-30/2016-11-05] 523/523 (100.0%) | total banco: 8364 | erros: 0
[2026-03-29T16:06:09.762Z] [2016-10-30/2016-11-05] COMPLETO — 523 extraídos
[2026-03-29T16:06:09.791Z] [2016-10-23/2016-10-29] 948 processos — iniciando extração
[2026-03-29T16:06:10.881Z]   [2017-07-03/2017-07-09] 2335/2335 (100.0%) | total banco: 108921 | erros: 0
[2026-03-29T16:06:10.995Z] [2017-07-03/2017-07-09] COMPLETO — 2335 extraídos
[2026-03-29T16:06:11.568Z] [2017-06-26/2017-07-02] 2374 processos — iniciando extração
[2026-03-29T16:06:13.817Z]   [2022-08-28/2022-09-03] 6000/8527 (70.4%) | total banco: 119232 | erros: 0
[2026-03-29T16:06:28.034Z]   [2016-10-23/2016-10-29] 948/948 (100.0%) | total banco: 9312 | erros: 0
[2026-03-29T16:06:28.149Z] [2016-10-23/2016-10-29] COMPLETO — 948 extraídos
[2026-03-29T16:06:28.586Z] [2016-10-16/2016-10-22] 1136 processos — iniciando extração
[2026-03-29T16:06:40.397Z]   [2023-07-14/2023-07-20] 4000/6751 (59.3%) | total banco: 165807 | erros: 0
[2026-03-29T16:06:44.532Z]   [2016-10-16/2016-10-22] 1136/1136 (100.0%) | total banco: 10448 | erros: 0
[2026-03-29T16:06:44.638Z] [2016-10-16/2016-10-22] COMPLETO — 1136 extraídos
[2026-03-29T16:06:46.191Z]   [2017-06-26/2017-07-02] 2000/2374 (84.2%) | total banco: 110921 | erros: 0
[2026-03-29T16:06:46.473Z]   [2022-08-28/2022-09-03] 8000/8527 (93.8%) | total banco: 121232 | erros: 0
[2026-03-29T16:06:46.777Z] [2016-10-09/2016-10-15] 866 processos — iniciando extração
[2026-03-29T16:06:51.089Z]   [2017-06-26/2017-07-02] 2374/2374 (100.0%) | total banco: 111295 | erros: 0
[2026-03-29T16:06:51.199Z] [2017-06-26/2017-07-02] COMPLETO — 2374 extraídos
[2026-03-29T16:06:52.474Z] [2017-06-19/2017-06-25] 2399 processos — iniciando extração
[2026-03-29T16:06:53.026Z]   [2022-08-28/2022-09-03] 8527/8527 (100.0%) | total banco: 121759 | erros: 0
[2026-03-29T16:06:53.132Z] [2022-08-28/2022-09-03] COMPLETO — 8527 extraídos
[2026-03-29T16:06:54.917Z] [2022-08-21/2022-08-27] 8783 processos — iniciando extração
[2026-03-29T16:06:55.290Z]   [2023-07-14/2023-07-20] 6000/6751 (88.9%) | total banco: 167807 | erros: 0
[2026-03-29T16:06:55.679Z]   [2016-10-09/2016-10-15] 866/866 (100.0%) | total banco: 11314 | erros: 0
[2026-03-29T16:06:55.791Z] [2016-10-09/2016-10-15] COMPLETO — 866 extraídos
[2026-03-29T16:06:56.422Z] [2016-10-02/2016-10-08] 1157 processos — iniciando extração
[2026-03-29T16:07:00.864Z]   [2023-07-14/2023-07-20] 6751/6751 (100.0%) | total banco: 168558 | erros: 0
[2026-03-29T16:07:00.968Z] [2023-07-14/2023-07-20] COMPLETO — 6751 extraídos
[2026-03-29T16:07:01.004Z] [2023-07-07/2023-07-13] 6656 processos — iniciando extração
[2026-03-29T16:07:06.377Z]   [2016-10-02/2016-10-08] 1157/1157 (100.0%) | total banco: 12471 | erros: 0
[2026-03-29T16:07:06.489Z] [2016-10-02/2016-10-08] COMPLETO — 1157 extraídos
[2026-03-29T16:07:07.362Z] [2016-09-25/2016-10-01] 1064 processos — iniciando extração
[2026-03-29T16:07:09.461Z]   [2017-06-19/2017-06-25] 2000/2399 (83.4%) | total banco: 113295 | erros: 0
[2026-03-29T16:07:11.008Z]   [2022-08-21/2022-08-27] 2000/8783 (22.8%) | total banco: 123759 | erros: 0
[2026-03-29T16:07:14.594Z]   [2017-06-19/2017-06-25] 2399/2399 (100.0%) | total banco: 113694 | erros: 0
[2026-03-29T16:07:14.701Z] [2017-06-19/2017-06-25] COMPLETO — 2399 extraídos
[2026-03-29T16:07:14.730Z] [2017-06-12/2017-06-18] 1770 processos — iniciando extração
[2026-03-29T16:07:20.213Z]   [2016-09-25/2016-10-01] 1064/1064 (100.0%) | total banco: 13535 | erros: 0
[2026-03-29T16:07:20.318Z] [2016-09-25/2016-10-01] COMPLETO — 1064 extraídos
[2026-03-29T16:07:20.495Z]   [2023-07-07/2023-07-13] 2000/6656 (30.0%) | total banco: 170558 | erros: 0
[2026-03-29T16:07:20.550Z] [2016-09-18/2016-09-24] 1075 processos — iniciando extração
[2026-03-29T16:07:30.377Z]   [2016-09-18/2016-09-24] 1075/1075 (100.0%) | total banco: 14610 | erros: 0
[2026-03-29T16:07:30.377Z]   [2017-06-12/2017-06-18] 1770/1770 (100.0%) | total banco: 115464 | erros: 0
[2026-03-29T16:07:30.490Z] [2017-06-12/2017-06-18] COMPLETO — 1770 extraídos
[2026-03-29T16:07:30.491Z] [2016-09-18/2016-09-24] COMPLETO — 1075 extraídos
[2026-03-29T16:07:30.707Z] [2016-09-11/2016-09-17] 1118 processos — iniciando extração
[2026-03-29T16:07:30.707Z] [2017-06-05/2017-06-11] 2202 processos — iniciando extração
[2026-03-29T16:07:33.559Z]   [2022-08-21/2022-08-27] 4000/8783 (45.5%) | total banco: 125759 | erros: 0
[2026-03-29T16:07:40.693Z]   [2023-07-07/2023-07-13] 4000/6656 (60.1%) | total banco: 172558 | erros: 0
[2026-03-29T16:07:45.496Z]   [2016-09-11/2016-09-17] 1118/1118 (100.0%) | total banco: 15728 | erros: 0
[2026-03-29T16:07:45.610Z] [2016-09-11/2016-09-17] COMPLETO — 1118 extraídos
[2026-03-29T16:07:46.079Z] [2016-09-04/2016-09-10] 699 processos — iniciando extração
[2026-03-29T16:07:48.964Z]   [2017-06-05/2017-06-11] 2000/2202 (90.8%) | total banco: 117464 | erros: 0
[2026-03-29T16:07:54.494Z]   [2017-06-05/2017-06-11] 2202/2202 (100.0%) | total banco: 117666 | erros: 0
[2026-03-29T16:07:54.608Z] [2017-06-05/2017-06-11] COMPLETO — 2202 extraídos
[2026-03-29T16:07:55.057Z] [2017-05-29/2017-06-04] 2493 processos — iniciando extração
[2026-03-29T16:07:56.750Z]   [2016-09-04/2016-09-10] 699/699 (100.0%) | total banco: 16427 | erros: 0
[2026-03-29T16:07:56.853Z] [2016-09-04/2016-09-10] COMPLETO — 699 extraídos
[2026-03-29T16:07:57.048Z] [2016-08-28/2016-09-03] 1242 processos — iniciando extração
[2026-03-29T16:07:58.451Z]   [2023-07-07/2023-07-13] 6000/6656 (90.1%) | total banco: 174558 | erros: 0
[2026-03-29T16:07:58.768Z]   [2022-08-21/2022-08-27] 6000/8783 (68.3%) | total banco: 127759 | erros: 0
[2026-03-29T16:08:02.248Z]   [2023-07-07/2023-07-13] 6656/6656 (100.0%) | total banco: 175214 | erros: 0
[2026-03-29T16:08:02.358Z] [2023-07-07/2023-07-13] COMPLETO — 6656 extraídos
[2026-03-29T16:08:02.748Z] [2023-06-30/2023-07-06] 7629 processos — iniciando extração
[2026-03-29T16:08:06.110Z]   [2016-08-28/2016-09-03] 1242/1242 (100.0%) | total banco: 17669 | erros: 0
[2026-03-29T16:08:06.217Z] [2016-08-28/2016-09-03] COMPLETO — 1242 extraídos
[2026-03-29T16:08:06.597Z] [2016-08-21/2016-08-27] 1103 processos — iniciando extração
[2026-03-29T16:08:11.408Z]   [2017-05-29/2017-06-04] 2000/2493 (80.2%) | total banco: 119666 | erros: 0
[2026-03-29T16:08:15.771Z]   [2017-05-29/2017-06-04] 2493/2493 (100.0%) | total banco: 120159 | erros: 0
[2026-03-29T16:08:15.873Z] [2017-05-29/2017-06-04] COMPLETO — 2493 extraídos
[2026-03-29T16:08:16.542Z]   [2016-08-21/2016-08-27] 1103/1103 (100.0%) | total banco: 18772 | erros: 0
[2026-03-29T16:08:16.656Z] [2016-08-21/2016-08-27] COMPLETO — 1103 extraídos
[2026-03-29T16:08:16.919Z] [2017-05-22/2017-05-28] 2318 processos — iniciando extração
[2026-03-29T16:08:17.005Z] [2016-08-14/2016-08-20] 1122 processos — iniciando extração
[2026-03-29T16:08:17.822Z]   [2022-08-21/2022-08-27] 8000/8783 (91.1%) | total banco: 129759 | erros: 0
[2026-03-29T16:08:19.835Z]   [2023-06-30/2023-07-06] 2000/7629 (26.2%) | total banco: 177214 | erros: 0
[2026-03-29T16:08:29.795Z]   [2022-08-21/2022-08-27] 8783/8783 (100.0%) | total banco: 130542 | erros: 0
[2026-03-29T16:08:29.903Z] [2022-08-21/2022-08-27] COMPLETO — 8783 extraídos
[2026-03-29T16:08:30.456Z] [2022-08-14/2022-08-20] 7303 processos — iniciando extração
[2026-03-29T16:08:32.317Z]   [2016-08-14/2016-08-20] 1122/1122 (100.0%) | total banco: 19894 | erros: 0
[2026-03-29T16:08:32.420Z] [2016-08-14/2016-08-20] COMPLETO — 1122 extraídos
[2026-03-29T16:08:33.324Z] [2016-08-07/2016-08-13] 377 processos — iniciando extração
[2026-03-29T16:08:38.963Z]   [2016-08-07/2016-08-13] 377/377 (100.0%) | total banco: 20271 | erros: 0
[2026-03-29T16:08:39.078Z] [2016-08-07/2016-08-13] COMPLETO — 377 extraídos
[2026-03-29T16:08:39.528Z] [2016-07-31/2016-08-06] 705 processos — iniciando extração
[2026-03-29T16:08:42.477Z]   [2017-05-22/2017-05-28] 2000/2318 (86.3%) | total banco: 122159 | erros: 0
[2026-03-29T16:08:45.071Z]   [2023-06-30/2023-07-06] 4000/7629 (52.4%) | total banco: 179214 | erros: 0
[2026-03-29T16:08:46.573Z]   [2017-05-22/2017-05-28] 2318/2318 (100.0%) | total banco: 122477 | erros: 0
[2026-03-29T16:08:46.685Z] [2017-05-22/2017-05-28] COMPLETO — 2318 extraídos
[2026-03-29T16:08:47.062Z] [2017-05-15/2017-05-21] 2406 processos — iniciando extração
[2026-03-29T16:08:48.140Z]   [2016-07-31/2016-08-06] 705/705 (100.0%) | total banco: 20976 | erros: 0
[2026-03-29T16:08:48.241Z] [2016-07-31/2016-08-06] COMPLETO — 705 extraídos
[2026-03-29T16:08:48.488Z] [2016-07-24/2016-07-30] 879 processos — iniciando extração
[2026-03-29T16:08:50.535Z]   [2022-08-14/2022-08-20] 2000/7303 (27.4%) | total banco: 132542 | erros: 0
[2026-03-29T16:08:54.269Z]   [2016-07-24/2016-07-30] 879/879 (100.0%) | total banco: 21855 | erros: 0
[2026-03-29T16:08:54.375Z] [2016-07-24/2016-07-30] COMPLETO — 879 extraídos
[2026-03-29T16:08:55.141Z] [2016-07-17/2016-07-23] 773 processos — iniciando extração
[2026-03-29T16:08:55.529Z]   [2023-06-30/2023-07-06] 6000/7629 (78.6%) | total banco: 181214 | erros: 0
[2026-03-29T16:09:02.950Z]   [2017-05-15/2017-05-21] 2000/2406 (83.1%) | total banco: 124477 | erros: 0
[2026-03-29T16:09:03.916Z]   [2016-07-17/2016-07-23] 773/773 (100.0%) | total banco: 22628 | erros: 0
[2026-03-29T16:09:04.019Z] [2016-07-17/2016-07-23] COMPLETO — 773 extraídos
[2026-03-29T16:09:05.190Z] [2016-07-10/2016-07-16] 949 processos — iniciando extração
[2026-03-29T16:09:05.613Z]   [2022-08-14/2022-08-20] 4000/7303 (54.8%) | total banco: 134542 | erros: 0
[2026-03-29T16:09:05.866Z]   [2023-06-30/2023-07-06] 7629/7629 (100.0%) | total banco: 182843 | erros: 0
[2026-03-29T16:09:05.967Z] [2023-06-30/2023-07-06] COMPLETO — 7629 extraídos
[2026-03-29T16:09:06.518Z] [2023-06-23/2023-06-29] 8697 processos — iniciando extração
[2026-03-29T16:09:09.682Z]   [2017-05-15/2017-05-21] 2406/2406 (100.0%) | total banco: 124883 | erros: 0
[2026-03-29T16:09:09.792Z] [2017-05-15/2017-05-21] COMPLETO — 2406 extraídos
[2026-03-29T16:09:10.891Z] [2017-05-08/2017-05-14] 2339 processos — iniciando extração
[2026-03-29T16:09:13.524Z]   [2016-07-10/2016-07-16] 949/949 (100.0%) | total banco: 23577 | erros: 0
[2026-03-29T16:09:13.627Z] [2016-07-10/2016-07-16] COMPLETO — 949 extraídos
[2026-03-29T16:09:15.411Z] [2016-07-03/2016-07-09] 936 processos — iniciando extração
[2026-03-29T16:09:23.547Z]   [2022-08-14/2022-08-20] 6000/7303 (82.2%) | total banco: 136542 | erros: 0
[2026-03-29T16:09:24.918Z]   [2016-07-03/2016-07-09] 936/936 (100.0%) | total banco: 24513 | erros: 0
[2026-03-29T16:09:25.023Z] [2016-07-03/2016-07-09] COMPLETO — 936 extraídos
[2026-03-29T16:09:25.801Z] [2016-06-26/2016-07-02] 945 processos — iniciando extração
[2026-03-29T16:09:27.569Z]   [2023-06-23/2023-06-29] 2000/8697 (23.0%) | total banco: 184843 | erros: 0
[2026-03-29T16:09:36.296Z]   [2017-05-08/2017-05-14] 2000/2339 (85.5%) | total banco: 126883 | erros: 0
[2026-03-29T16:09:51.769Z]   [2017-05-08/2017-05-14] 2339/2339 (100.0%) | total banco: 127222 | erros: 0
[2026-03-29T16:09:51.869Z] [2017-05-08/2017-05-14] COMPLETO — 2339 extraídos
[2026-03-29T16:09:53.392Z] [2017-05-01/2017-05-07] 1833 processos — iniciando extração
[2026-03-29T16:10:03.534Z]   [2016-06-26/2016-07-02] 945/945 (100.0%) | total banco: 25458 | erros: 0
[2026-03-29T16:10:03.636Z] [2016-06-26/2016-07-02] COMPLETO — 945 extraídos
[2026-03-29T16:10:03.898Z] [2016-06-19/2016-06-25] 892 processos — iniciando extração
[2026-03-29T16:10:07.077Z]   [2022-08-14/2022-08-20] 7303/7303 (100.0%) | total banco: 137845 | erros: 0
[2026-03-29T16:10:07.185Z] [2022-08-14/2022-08-20] COMPLETO — 7303 extraídos
[2026-03-29T16:10:07.412Z] [2022-08-07/2022-08-13] 5846 processos — iniciando extração
[2026-03-29T16:10:17.290Z]   [2016-06-19/2016-06-25] 892/892 (100.0%) | total banco: 26350 | erros: 0
[2026-03-29T16:10:17.392Z] [2016-06-19/2016-06-25] COMPLETO — 892 extraídos
[2026-03-29T16:10:17.708Z]   [2023-06-23/2023-06-29] 4000/8697 (46.0%) | total banco: 186843 | erros: 0
[2026-03-29T16:10:18.312Z] [2016-06-12/2016-06-18] 1082 processos — iniciando extração
[2026-03-29T16:10:22.556Z]   [2017-05-01/2017-05-07] 1833/1833 (100.0%) | total banco: 129055 | erros: 0
[2026-03-29T16:10:22.667Z] [2017-05-01/2017-05-07] COMPLETO — 1833 extraídos
[2026-03-29T16:10:23.332Z] [2017-04-24/2017-04-30] 1751 processos — iniciando extração
[2026-03-29T16:10:27.397Z]   [2022-08-07/2022-08-13] 2000/5846 (34.2%) | total banco: 139845 | erros: 0
[2026-03-29T16:10:36.434Z]   [2016-06-12/2016-06-18] 1082/1082 (100.0%) | total banco: 27432 | erros: 0
[2026-03-29T16:10:36.547Z] [2016-06-12/2016-06-18] COMPLETO — 1082 extraídos
[2026-03-29T16:10:37.066Z] [2016-06-05/2016-06-11] 1208 processos — iniciando extração
[2026-03-29T16:11:05.596Z]   [2023-06-23/2023-06-29] 6000/8697 (69.0%) | total banco: 188843 | erros: 0
[2026-03-29T16:11:07.741Z]   [2017-04-24/2017-04-30] 1751/1751 (100.0%) | total banco: 130806 | erros: 0
[2026-03-29T16:11:07.855Z] [2017-04-24/2017-04-30] COMPLETO — 1751 extraídos
[2026-03-29T16:11:08.529Z] [2017-04-17/2017-04-23] 1459 processos — iniciando extração
[2026-03-29T16:11:10.055Z]   [2016-06-05/2016-06-11] 1208/1208 (100.0%) | total banco: 28640 | erros: 0
[2026-03-29T16:11:10.166Z] [2016-06-05/2016-06-11] COMPLETO — 1208 extraídos
[2026-03-29T16:11:14.142Z]   [2022-08-07/2022-08-13] 4000/5846 (68.4%) | total banco: 141845 | erros: 0
[2026-03-29T16:11:14.504Z] [2016-05-29/2016-06-04] 1362 processos — iniciando extração
[2026-03-29T16:11:21.502Z]   [2023-06-23/2023-06-29] 8000/8697 (92.0%) | total banco: 190843 | erros: 0
[2026-03-29T16:11:23.051Z]   [2017-04-17/2017-04-23] 1459/1459 (100.0%) | total banco: 132265 | erros: 0
[2026-03-29T16:11:23.163Z] [2017-04-17/2017-04-23] COMPLETO — 1459 extraídos
[2026-03-29T16:11:23.285Z] [2017-04-10/2017-04-16] 826 processos — iniciando extração
[2026-03-29T16:11:25.429Z]   [2016-05-29/2016-06-04] 1362/1362 (100.0%) | total banco: 30002 | erros: 0
[2026-03-29T16:11:25.515Z]   [2022-08-07/2022-08-13] 5846/5846 (100.0%) | total banco: 143691 | erros: 0
[2026-03-29T16:11:25.533Z] [2016-05-29/2016-06-04] COMPLETO — 1362 extraídos
[2026-03-29T16:11:25.627Z] [2022-08-07/2022-08-13] COMPLETO — 5846 extraídos
[2026-03-29T16:11:26.250Z] [2016-05-22/2016-05-28] 1072 processos — iniciando extração
[2026-03-29T16:11:26.585Z] [2022-07-31/2022-08-06] 7537 processos — iniciando extração
[2026-03-29T16:11:47.346Z]   [2023-06-23/2023-06-29] 8697/8697 (100.0%) | total banco: 191540 | erros: 0
[2026-03-29T16:11:47.455Z] [2023-06-23/2023-06-29] COMPLETO — 8697 extraídos
[2026-03-29T16:11:48.233Z] [2023-06-16/2023-06-22] 8673 processos — iniciando extração
[2026-03-29T16:11:52.977Z]   [2017-04-10/2017-04-16] 826/826 (100.0%) | total banco: 133091 | erros: 0
[2026-03-29T16:11:53.089Z] [2017-04-10/2017-04-16] COMPLETO — 826 extraídos
[2026-03-29T16:11:53.780Z] [2017-04-03/2017-04-09] 1796 processos — iniciando extração
[2026-03-29T16:11:55.879Z]   [2016-05-22/2016-05-28] 1072/1072 (100.0%) | total banco: 31074 | erros: 0
[2026-03-29T16:11:55.980Z] [2016-05-22/2016-05-28] COMPLETO — 1072 extraídos
[2026-03-29T16:11:56.332Z] [2016-05-15/2016-05-21] 1550 processos — iniciando extração
[2026-03-29T16:12:02.139Z]   [2022-07-31/2022-08-06] 2000/7537 (26.5%) | total banco: 145691 | erros: 0
[2026-03-29T16:12:09.213Z]   [2023-06-16/2023-06-22] 2000/8673 (23.1%) | total banco: 193540 | erros: 0
[2026-03-29T16:12:10.829Z]   [2017-04-03/2017-04-09] 1796/1796 (100.0%) | total banco: 134887 | erros: 0
[2026-03-29T16:12:10.940Z] [2017-04-03/2017-04-09] COMPLETO — 1796 extraídos
[2026-03-29T16:12:11.993Z]   [2016-05-15/2016-05-21] 1550/1550 (100.0%) | total banco: 32624 | erros: 0
[2026-03-29T16:12:12.107Z] [2016-05-15/2016-05-21] COMPLETO — 1550 extraídos
[2026-03-29T16:12:12.263Z] [2017-03-27/2017-04-02] 1393 processos — iniciando extração
[2026-03-29T16:12:15.615Z] [2016-05-08/2016-05-14] 1274 processos — iniciando extração
[2026-03-29T16:12:15.854Z]   [2022-07-31/2022-08-06] 4000/7537 (53.1%) | total banco: 147691 | erros: 0
[2026-03-29T16:12:23.856Z]   [2023-06-16/2023-06-22] 4000/8673 (46.1%) | total banco: 195540 | erros: 0
[2026-03-29T16:12:32.694Z]   [2016-05-08/2016-05-14] 1274/1274 (100.0%) | total banco: 33898 | erros: 0
[2026-03-29T16:12:32.794Z] [2016-05-08/2016-05-14] COMPLETO — 1274 extraídos
[2026-03-29T16:12:34.598Z]   [2017-03-27/2017-04-02] 1393/1393 (100.0%) | total banco: 136280 | erros: 0
[2026-03-29T16:12:34.715Z] [2017-03-27/2017-04-02] COMPLETO — 1393 extraídos
[2026-03-29T16:12:35.121Z] [2017-03-20/2017-03-26] 1430 processos — iniciando extração
[2026-03-29T16:12:36.496Z]   [2022-07-31/2022-08-06] 6000/7537 (79.6%) | total banco: 149691 | erros: 0
[2026-03-29T16:12:37.646Z] [2016-05-01/2016-05-07] 1171 processos — iniciando extração
[2026-03-29T16:12:50.490Z]   [2022-07-31/2022-08-06] 7537/7537 (100.0%) | total banco: 151228 | erros: 0
[2026-03-29T16:12:50.496Z]   [2023-06-16/2023-06-22] 6000/8673 (69.2%) | total banco: 197540 | erros: 0
[2026-03-29T16:12:50.597Z] [2022-07-31/2022-08-06] COMPLETO — 7537 extraídos
[2026-03-29T16:12:52.338Z]   [2017-03-20/2017-03-26] 1430/1430 (100.0%) | total banco: 137710 | erros: 0
[2026-03-29T16:12:52.442Z] [2017-03-20/2017-03-26] COMPLETO — 1430 extraídos
[2026-03-29T16:12:53.076Z]   [2016-05-01/2016-05-07] 1171/1171 (100.0%) | total banco: 35069 | erros: 0
[2026-03-29T16:12:53.087Z] [2017-03-13/2017-03-19] 1732 processos — iniciando extração
[2026-03-29T16:12:53.189Z] [2016-05-01/2016-05-07] COMPLETO — 1171 extraídos
[2026-03-29T16:12:53.528Z] [2016-04-24/2016-04-30] 1122 processos — iniciando extração
[2026-03-29T16:13:07.316Z]   [2016-04-24/2016-04-30] 1122/1122 (100.0%) | total banco: 36191 | erros: 0
[2026-03-29T16:13:07.427Z] [2016-04-24/2016-04-30] COMPLETO — 1122 extraídos
[2026-03-29T16:13:07.598Z] [2016-04-17/2016-04-23] 847 processos — iniciando extração
[2026-03-29T16:13:11.304Z]   [2023-06-16/2023-06-22] 8000/8673 (92.2%) | total banco: 199540 | erros: 0
[2026-03-29T16:13:12.721Z]   [2017-03-13/2017-03-19] 1732/1732 (100.0%) | total banco: 139442 | erros: 0
[2026-03-29T16:13:12.822Z] [2017-03-13/2017-03-19] COMPLETO — 1732 extraídos
[2026-03-29T16:13:13.100Z] [2017-03-06/2017-03-12] 1377 processos — iniciando extração
[2026-03-29T16:13:13.990Z]   [2016-04-17/2016-04-23] 847/847 (100.0%) | total banco: 37038 | erros: 0
[2026-03-29T16:13:14.103Z] [2016-04-17/2016-04-23] COMPLETO — 847 extraídos
[2026-03-29T16:13:14.305Z] [2016-04-10/2016-04-16] 843 processos — iniciando extração
[2026-03-29T16:13:14.860Z]   [2023-06-16/2023-06-22] 8673/8673 (100.0%) | total banco: 200213 | erros: 0
[2026-03-29T16:13:14.976Z] [2023-06-16/2023-06-22] COMPLETO — 8673 extraídos
[2026-03-29T16:13:20.159Z]   [2016-04-10/2016-04-16] 843/843 (100.0%) | total banco: 37881 | erros: 0
[2026-03-29T16:13:20.260Z] [2016-04-10/2016-04-16] COMPLETO — 843 extraídos
[2026-03-29T16:13:20.675Z] [2016-04-03/2016-04-09] 1110 processos — iniciando extração
[2026-03-29T16:13:21.722Z]   [2017-03-06/2017-03-12] 1377/1377 (100.0%) | total banco: 140819 | erros: 0
[2026-03-29T16:13:21.834Z] [2017-03-06/2017-03-12] COMPLETO — 1377 extraídos
[2026-03-29T16:13:22.708Z] [2017-02-27/2017-03-05] 638 processos — iniciando extração
[2026-03-29T16:13:59.427Z]   [2017-02-27/2017-03-05] 638/638 (100.0%) | total banco: 141457 | erros: 0
[2026-03-29T16:13:59.536Z] [2017-02-27/2017-03-05] COMPLETO — 638 extraídos
[2026-03-29T16:14:00.899Z]   [2016-04-03/2016-04-09] 1110/1110 (100.0%) | total banco: 38991 | erros: 0
[2026-03-29T16:14:00.915Z] [2017-02-20/2017-02-26] 1382 processos — iniciando extração
[2026-03-29T16:14:01.012Z] [2016-04-03/2016-04-09] COMPLETO — 1110 extraídos
[2026-03-29T16:14:02.319Z] [2016-03-27/2016-04-02] 1071 processos — iniciando extração
[2026-03-29T16:14:16.702Z]   [2016-03-27/2016-04-02] 1071/1071 (100.0%) | total banco: 40062 | erros: 0
[2026-03-29T16:14:16.811Z] [2016-03-27/2016-04-02] COMPLETO — 1071 extraídos
[2026-03-29T16:14:17.381Z] [2016-03-20/2016-03-26] 426 processos — iniciando extração
[2026-03-29T16:14:21.364Z]   [2017-02-20/2017-02-26] 1382/1382 (100.0%) | total banco: 142839 | erros: 0
[2026-03-29T16:14:21.468Z] [2017-02-20/2017-02-26] COMPLETO — 1382 extraídos
[2026-03-29T16:14:21.618Z] [2017-02-13/2017-02-19] 1657 processos — iniciando extração
[2026-03-29T16:14:25.212Z]   [2016-03-20/2016-03-26] 426/426 (100.0%) | total banco: 40488 | erros: 0
[2026-03-29T16:14:25.324Z] [2016-03-20/2016-03-26] COMPLETO — 426 extraídos
[2026-03-29T16:14:25.820Z] [2016-03-13/2016-03-19] 1441 processos — iniciando extração
[2026-03-29T16:14:50.957Z] FATAL: canceling statement due to statement timeout
[2026-03-29T16:15:02.043Z]   [2017-02-13/2017-02-19] 1657/1657 (100.0%) | total banco: 144496 | erros: 0
[2026-03-29T16:15:02.146Z] [2017-02-13/2017-02-19] COMPLETO — 1657 extraídos
[2026-03-29T16:15:02.573Z] [2017-02-06/2017-02-12] 1593 processos — iniciando extração
[2026-03-29T16:15:05.174Z]   [2016-03-13/2016-03-19] 1441/1441 (100.0%) | total banco: 41929 | erros: 0
[2026-03-29T16:15:05.287Z] [2016-03-13/2016-03-19] COMPLETO — 1441 extraídos
[2026-03-29T16:15:05.500Z] [2016-03-06/2016-03-12] 1417 processos — iniciando extração
[2026-03-29T16:15:15.106Z] FATAL: canceling statement due to statement timeout
[2026-03-29T16:15:17.071Z]   [2016-03-06/2016-03-12] 1417/1417 (100.0%) | total banco: 43346 | erros: 0
[2026-03-29T16:15:17.186Z] [2016-03-06/2016-03-12] COMPLETO — 1417 extraídos
[2026-03-29T16:15:17.406Z] [2016-02-28/2016-03-05] 1130 processos — iniciando extração
[2026-03-29T16:15:19.144Z]   [2017-02-06/2017-02-12] 1593/1593 (100.0%) | total banco: 146089 | erros: 0
[2026-03-29T16:15:19.258Z] [2017-02-06/2017-02-12] COMPLETO — 1593 extraídos
[2026-03-29T16:15:19.376Z] [2017-01-30/2017-02-05] 1444 processos — iniciando extração
[2026-03-29T16:15:26.479Z]   [2016-02-28/2016-03-05] 1130/1130 (100.0%) | total banco: 44476 | erros: 0
[2026-03-29T16:15:26.589Z] [2016-02-28/2016-03-05] COMPLETO — 1130 extraídos
[2026-03-29T16:15:30.408Z]   [2017-01-30/2017-02-05] 1444/1444 (100.0%) | total banco: 147533 | erros: 0
[2026-03-29T16:15:30.521Z] [2017-01-30/2017-02-05] COMPLETO — 1444 extraídos
[2026-03-29T16:15:31.512Z] [2017-01-23/2017-01-29] 1562 processos — iniciando extração
[2026-03-29T16:15:31.572Z] [2016-02-21/2016-02-27] 1056 processos — iniciando extração
[2026-03-29T16:15:43.847Z]   [2016-02-21/2016-02-27] 1056/1056 (100.0%) | total banco: 45532 | erros: 0
[2026-03-29T16:15:43.955Z] [2016-02-21/2016-02-27] COMPLETO — 1056 extraídos
[2026-03-29T16:15:44.793Z] [2016-02-14/2016-02-20] 846 processos — iniciando extração
[2026-03-29T16:15:45.699Z]   [2017-01-23/2017-01-29] 1562/1562 (100.0%) | total banco: 149095 | erros: 0
[2026-03-29T16:15:45.814Z] [2017-01-23/2017-01-29] COMPLETO — 1562 extraídos
[2026-03-29T16:15:47.681Z] [2017-01-16/2017-01-22] 1401 processos — iniciando extração
[2026-03-29T16:16:00.792Z]   [2016-02-14/2016-02-20] 846/846 (100.0%) | total banco: 46378 | erros: 0
[2026-03-29T16:16:00.900Z] [2016-02-14/2016-02-20] COMPLETO — 846 extraídos
[2026-03-29T16:16:02.370Z] [2016-02-07/2016-02-13] 446 processos — iniciando extração
[2026-03-29T16:16:05.557Z]   [2017-01-16/2017-01-22] 1401/1401 (100.0%) | total banco: 150496 | erros: 0
[2026-03-29T16:16:05.659Z] [2017-01-16/2017-01-22] COMPLETO — 1401 extraídos
[2026-03-29T16:16:08.530Z]   [2016-02-07/2016-02-13] 446/446 (100.0%) | total banco: 46824 | erros: 0
[2026-03-29T16:16:08.633Z] [2016-02-07/2016-02-13] COMPLETO — 446 extraídos
[2026-03-29T16:16:09.646Z] [2016-01-31/2016-02-06] 876 processos — iniciando extração
[2026-03-29T16:16:17.273Z]   [2016-01-31/2016-02-06] 876/876 (100.0%) | total banco: 47700 | erros: 0
[2026-03-29T16:16:17.385Z] [2016-01-31/2016-02-06] COMPLETO — 876 extraídos
[2026-03-29T16:16:18.350Z] [2016-01-24/2016-01-30] 780 processos — iniciando extração
[2026-03-29T16:16:28.204Z]   [2016-01-24/2016-01-30] 780/780 (100.0%) | total banco: 48480 | erros: 0
[2026-03-29T16:16:28.308Z] [2016-01-24/2016-01-30] COMPLETO — 780 extraídos
[2026-03-29T16:16:28.893Z] [2016-01-17/2016-01-23] 583 processos — iniciando extração
[2026-03-29T16:16:42.121Z]   [2016-01-17/2016-01-23] 583/583 (100.0%) | total banco: 49063 | erros: 0
[2026-03-29T16:16:42.227Z] [2016-01-17/2016-01-23] COMPLETO — 583 extraídos
[2026-03-29T16:16:44.474Z] [2016-01-10/2016-01-16] 604 processos — iniciando extração
[2026-03-29T16:16:53.315Z]   [2016-01-10/2016-01-16] 604/604 (100.0%) | total banco: 49667 | erros: 0
[2026-03-29T16:16:53.430Z] [2016-01-10/2016-01-16] COMPLETO — 604 extraídos
[2026-03-29T16:16:54.236Z] [2016-01-03/2016-01-09] 427 processos — iniciando extração
[2026-03-29T16:17:05.883Z]   [2016-01-03/2016-01-09] 427/427 (100.0%) | total banco: 50094 | erros: 0
[2026-03-29T16:17:05.993Z] [2016-01-03/2016-01-09] COMPLETO — 427 extraídos
[2026-03-29T16:18:05.778Z] FATAL: canceling statement due to statement timeout
[2026-03-29T16:19:06.067Z] FATAL: canceling statement due to statement timeout
