[2026-03-29T16:21:40.262Z] Novo arquivo: C:\Users\medin\Desktop\backup_judx\resultados\stj_datajud\stj_datajud_2023.csv
[2026-03-29T16:21:40.267Z] Ano 2023: 53 semanas
[2026-03-29T16:21:42.958Z] [2023] 2023-12-25/2023-12-31 | novos: 339 | skip: 0 | erros: 0
[2026-03-29T16:21:53.066Z] [2023] 2023-12-18/2023-12-24 | novos: 5122 | skip: 532 | erros: 0
[2026-03-29T16:22:09.323Z] [2023] 2023-12-11/2023-12-17 | novos: 15122 | skip: 532 | erros: 0
[2026-03-29T16:22:20.113Z] [2023] 2023-12-04/2023-12-10 | novos: 21672 | skip: 1500 | erros: 0
[2026-03-29T16:22:42.383Z] [2023] 2023-11-20/2023-11-26 | novos: 35870 | skip: 3708 | erros: 0
[2026-03-29T16:22:52.929Z] [2023] 2023-11-13/2023-11-19 | novos: 41875 | skip: 4107 | erros: 0
[2026-03-29T16:23:21.898Z] [2023] 2023-10-30/2023-11-05 | novos: 55054 | skip: 4288 | erros: 0
[2026-03-29T16:23:33.756Z] [2023] 2023-10-23/2023-10-29 | novos: 61890 | skip: 5425 | erros: 0
[2026-03-29T16:23:55.813Z] [2023] 2023-10-16/2023-10-22 | novos: 70695 | skip: 6026 | erros: 0
[2026-03-29T16:24:02.452Z] [2023] 2023-10-09/2023-10-15 | novos: 75564 | skip: 6287 | erros: 0
[2026-03-29T16:24:44.073Z] [2023] 2023-09-25/2023-10-01 | novos: 90306 | skip: 7315 | erros: 0
[2026-03-29T16:25:06.537Z] [2023] 2023-09-11/2023-09-17 | novos: 105185 | skip: 7974 | erros: 0
[2026-03-29T16:25:20.049Z] [2023] 2023-09-04/2023-09-10 | novos: 111940 | skip: 8316 | erros: 0
[2026-03-29T16:26:29.210Z] [2023] 2023-08-14/2023-08-20 | novos: 136656 | skip: 8727 | erros: 0
[2026-03-29T16:27:01.447Z] [2023] 2023-07-31/2023-08-06 | novos: 151299 | skip: 9541 | erros: 0
[2026-03-29T16:27:58.844Z] [2023] 2023-07-10/2023-07-16 | novos: 171321 | skip: 9971 | erros: 0
[2026-03-29T16:28:22.218Z] [2023] 2023-06-26/2023-07-02 | novos: 185622 | skip: 10721 | erros: 0
[2026-03-29T16:29:00.696Z] [2023] 2023-06-05/2023-06-11 | novos: 211415 | skip: 11049 | erros: 0
[2026-03-29T16:30:01.964Z] [2023] 2023-05-08/2023-05-14 | novos: 246116 | skip: 12446 | erros: 0
[2026-03-29T16:30:36.315Z] [2023] 2023-04-24/2023-04-30 | novos: 261040 | skip: 13492 | erros: 0
[2026-03-29T16:30:57.008Z] [2023] 2023-04-17/2023-04-23 | novos: 270150 | skip: 14314 | erros: 0
[2026-03-29T16:32:12.568Z] [2023] 2023-03-27/2023-04-02 | novos: 290598 | skip: 14945 | erros: 0
[2026-03-29T16:32:41.327Z] [2023] 2023-03-13/2023-03-19 | novos: 306412 | skip: 16155 | erros: 0
[2026-03-29T16:33:17.557Z] [2023] 2023-02-27/2023-03-05 | novos: 321930 | skip: 16155 | erros: 0
[2026-03-29T16:34:04.274Z] [2023] 2023-02-13/2023-02-19 | novos: 335743 | skip: 16687 | erros: 0
[2026-03-29T16:35:17.107Z] [2023] 2023-01-09/2023-01-15 | novos: 361297 | skip: 18372 | erros: 0
[2026-03-29T16:35:27.810Z] [2023] COMPLETO — 362335 novos, 18372 duplicatas, 0 erros
[2026-03-29T16:35:27.811Z] Total no CSV: 362335 processos
] [2023] COMPLETO — 362335 novos, 18372 duplicatas, 0 erros
[2026-03-29T16:35:27.811Z] Total no CSV: 362335 processos
