[2026-03-29T22:32:34.536Z] === COMPLETANDO 2024 ===
[2026-03-29T22:32:35.787Z] Existentes no CSV: 299998
[2026-03-29T22:32:39.042Z] Total API: 331998 | Faltam: 32000
[2026-03-29T22:32:39.630Z] [2024] 2024-01-06 | +14 novos | erros: 0
[2026-03-29T22:32:40.967Z] [2024] 2024-01-07 | +33 novos | erros: 0
[2026-03-29T22:32:42.454Z] [2024] 2024-01-08 | +155 novos | erros: 0
[2026-03-29T22:32:43.998Z] [2024] 2024-01-09 | +280 novos | erros: 0
[2026-03-29T22:32:44.810Z] [2024] 2024-01-10 | +453 novos | erros: 0
[2026-03-29T22:32:46.545Z] [2024] 2024-01-11 | +661 novos | erros: 0
[2026-03-29T22:32:51.569Z] [2024] 2024-01-12 | +876 novos | erros: 0
[2026-03-29T22:32:53.144Z] [2024] 2024-01-13 | +878 novos | erros: 0
[2026-03-29T22:32:53.595Z] [2024] 2024-01-14 | +882 novos | erros: 0
[2026-03-29T22:32:54.902Z] [2024] 2024-01-15 | +1106 novos | erros: 0
[2026-03-29T22:32:56.381Z] [2024] 2024-01-16 | +1253 novos | erros: 0
[2026-03-29T22:32:58.408Z] [2024] 2024-01-17 | +1282 novos | erros: 0
[2026-03-29T22:32:58.892Z] [2024] 2024-01-18 | +1283 novos | erros: 0
[2026-03-29T22:32:59.409Z] [2024] 2024-01-19 | +1283 novos | erros: 0
[2026-03-29T22:32:59.688Z] [2024] 2024-01-20 | +1283 novos | erros: 0
[2026-03-29T22:32:59.921Z] [2024] 2024-01-21 | +1283 novos | erros: 0
[2026-03-29T22:33:00.419Z] [2024] 2024-01-22 | +1286 novos | erros: 0
[2026-03-29T22:33:01.478Z] [2024] 2024-01-23 | +1290 novos | erros: 0
[2026-03-29T22:33:02.659Z] [2024] 2024-01-24 | +1440 novos | erros: 0
[2026-03-29T22:33:03.442Z] [2024] 2024-01-25 | +1606 novos | erros: 0
[2026-03-29T22:33:04.096Z] [2024] 2024-01-26 | +1732 novos | erros: 0
[2026-03-29T22:33:05.694Z] [2024] 2024-01-27 | +1739 novos | erros: 0
[2026-03-29T22:33:06.754Z] [2024] 2024-01-28 | +1755 novos | erros: 0
[2026-03-29T22:33:07.700Z] [2024] 2024-01-29 | +1929 novos | erros: 0
[2026-03-29T22:33:17.149Z] [2024] 2024-01-30 | +2080 novos | erros: 0
[2026-03-29T22:33:20.519Z] [2024] 2024-01-31 | +2223 novos | erros: 0
[2026-03-29T22:33:24.995Z] [2024] 2024-02-01 | +2386 novos | erros: 0
[2026-03-29T22:33:28.239Z] [2024] 2024-02-02 | +2477 novos | erros: 0
[2026-03-29T22:33:30.563Z] [2024] 2024-02-03 | +2482 novos | erros: 0
[2026-03-29T22:33:33.447Z] [2024] 2024-02-04 | +2483 novos | erros: 0
[2026-03-29T22:33:36.413Z] [2024] 2024-02-05 | +2586 novos | erros: 0
[2026-03-29T22:33:37.996Z] [2024] 2024-02-06 | +2698 novos | erros: 0
[2026-03-29T22:33:40.444Z] [2024] 2024-02-07 | +2971 novos | erros: 0
[2026-03-29T22:33:43.172Z] [2024] 2024-02-08 | +3241 novos | erros: 0
[2026-03-29T22:33:45.117Z] [2024] 2024-02-09 | +3526 novos | erros: 0
[2026-03-29T22:33:47.312Z] [2024] 2024-02-10 | +3531 novos | erros: 0
[2026-03-29T22:33:49.132Z] [2024] 2024-02-11 | +3541 novos | erros: 0
[2026-03-29T22:33:52.068Z] [2024] 2024-02-12 | +3547 novos | erros: 0
[2026-03-29T22:33:53.800Z] [2024] 2024-02-13 | +3555 novos | erros: 0
[2026-03-29T22:33:55.176Z] [2024] 2024-02-14 | +3817 novos | erros: 0
[2026-03-29T22:33:58.256Z] [2024] 2024-02-15 | +4094 novos | erros: 0
[2026-03-29T22:34:00.445Z] [2024] 2024-02-16 | +4296 novos | erros: 0
[2026-03-29T22:34:02.736Z] [2024] 2024-02-17 | +4315 novos | erros: 0
[2026-03-29T22:34:03.516Z] [2024] 2024-02-18 | +4327 novos | erros: 0
[2026-03-29T22:34:06.453Z] [2024] 2024-02-19 | +4568 novos | erros: 0
[2026-03-29T22:34:08.823Z] [2024] 2024-02-20 | +4776 novos | erros: 0
[2026-03-29T22:34:11.914Z] [2024] 2024-02-21 | +5005 novos | erros: 0
[2026-03-29T22:34:17.038Z] [2024] 2024-02-22 | +5223 novos | erros: 0
[2026-03-29T22:34:19.189Z] [2024] 2024-02-23 | +5404 novos | erros: 0
[2026-03-29T22:34:22.021Z] [2024] 2024-02-24 | +5415 novos | erros: 0
[2026-03-29T22:34:22.614Z] [2024] 2024-02-25 | +5424 novos | erros: 0
[2026-03-29T22:34:25.954Z] [2024] 2024-02-26 | +5730 novos | erros: 0
[2026-03-29T22:34:29.822Z] [2024] 2024-02-27 | +5975 novos | erros: 0
[2026-03-29T22:34:33.441Z] [2024] 2024-02-28 | +6264 novos | erros: 0
[2026-03-29T22:34:35.108Z] [2024] 2024-02-29 | +6532 novos | erros: 0
[2026-03-29T22:34:37.521Z] [2024] 2024-03-01 | +6838 novos | erros: 0
[2026-03-29T22:34:39.172Z] [2024] 2024-03-02 | +6859 novos | erros: 0
[2026-03-29T22:34:41.093Z] [2024] 2024-03-03 | +6869 novos | erros: 0
[2026-03-29T22:34:43.204Z] [2024] 2024-03-04 | +7278 novos | erros: 0
[2026-03-29T22:34:45.323Z] [2024] 2024-03-05 | +7632 novos | erros: 0
[2026-03-29T22:34:47.008Z] [2024] 2024-03-06 | +7849 novos | erros: 0
[2026-03-29T22:34:51.176Z] [2024] 2024-03-07 | +8088 novos | erros: 0
[2026-03-29T22:34:54.358Z] [2024] 2024-03-08 | +8333 novos | erros: 0
[2026-03-29T22:34:57.539Z] [2024] 2024-03-09 | +8342 novos | erros: 0
[2026-03-29T22:34:58.677Z] [2024] 2024-03-10 | +8352 novos | erros: 0
[2026-03-29T22:35:00.016Z] [2024] 2024-03-11 | +8561 novos | erros: 0
[2026-03-29T22:35:02.198Z] [2024] 2024-03-12 | +8799 novos | erros: 0
[2026-03-29T22:35:04.941Z] [2024] 2024-03-13 | +8927 novos | erros: 0
[2026-03-29T22:35:07.022Z] [2024] 2024-03-14 | +9053 novos | erros: 0
[2026-03-29T22:35:07.847Z] [2024] 2024-03-15 | +9153 novos | erros: 0
[2026-03-29T22:35:08.142Z] [2024] 2024-03-16 | +9160 novos | erros: 0
[2026-03-29T22:35:08.471Z] [2024] 2024-03-17 | +9171 novos | erros: 0
[2026-03-29T22:35:09.264Z] [2024] 2024-03-18 | +9302 novos | erros: 0
[2026-03-29T22:35:09.875Z] [2024] 2024-03-19 | +9425 novos | erros: 0
[2026-03-29T22:35:10.620Z] [2024] 2024-03-20 | +9506 novos | erros: 0
[2026-03-29T22:35:11.489Z] [2024] 2024-03-21 | +9605 novos | erros: 0
[2026-03-29T22:35:12.031Z] [2024] 2024-03-22 | +9702 novos | erros: 0
[2026-03-29T22:35:12.836Z] [2024] 2024-03-23 | +9702 novos | erros: 0
[2026-03-29T22:35:14.502Z] [2024] 2024-03-30 | +9702 novos | erros: 0
[2026-03-29T22:35:15.076Z] [2024] 2024-03-31 | +9702 novos | erros: 0
[2026-03-29T22:35:15.796Z] [2024] 2024-04-01 | +9702 novos | erros: 0
[2026-03-29T22:35:16.295Z] [2024] 2024-04-02 | +9702 novos | erros: 0
[2026-03-29T22:35:18.834Z] [2024] 2024-04-03 | +9912 novos | erros: 0
[2026-03-29T22:35:19.507Z] [2024] 2024-04-04 | +10145 novos | erros: 0
[2026-03-29T22:35:20.329Z] [2024] 2024-04-05 | +10324 novos | erros: 0
[2026-03-29T22:35:20.732Z] [2024] 2024-04-06 | +10363 novos | erros: 0
[2026-03-29T22:35:21.885Z] [2024] 2024-04-07 | +10409 novos | erros: 0
[2026-03-29T22:35:23.591Z] [2024] 2024-04-08 | +10553 novos | erros: 0
[2026-03-29T22:35:24.091Z] [2024] 2024-04-09 | +10733 novos | erros: 0
[2026-03-29T22:35:25.121Z] [2024] 2024-04-10 | +10855 novos | erros: 0
[2026-03-29T22:35:25.820Z] [2024] 2024-04-11 | +11003 novos | erros: 0
[2026-03-29T22:35:26.319Z] [2024] 2024-04-12 | +11272 novos | erros: 0
[2026-03-29T22:35:28.397Z] [2024] 2024-04-13 | +11285 novos | erros: 0
[2026-03-29T22:35:29.484Z] [2024] 2024-04-14 | +11299 novos | erros: 0
[2026-03-29T22:35:30.425Z] [2024] 2024-04-15 | +11546 novos | erros: 0
[2026-03-29T22:35:31.035Z] [2024] 2024-04-16 | +11787 novos | erros: 0
[2026-03-29T22:35:32.031Z] [2024] 2024-04-17 | +12115 novos | erros: 0
[2026-03-29T22:35:34.324Z] [2024] 2024-04-18 | +12452 novos | erros: 0
[2026-03-29T22:35:35.245Z] [2024] 2024-04-19 | +12771 novos | erros: 0
[2026-03-29T22:35:35.698Z] [2024] 2024-04-20 | +12790 novos | erros: 0
[2026-03-29T22:35:36.744Z] [2024] 2024-04-21 | +12804 novos | erros: 0
[2026-03-29T22:35:37.803Z] [2024] 2024-04-22 | +13108 novos | erros: 0
[2026-03-29T22:35:38.628Z] [2024] 2024-04-23 | +13400 novos | erros: 0
[2026-03-29T22:35:39.407Z] [2024] 2024-04-24 | +13803 novos | erros: 0
[2026-03-29T22:35:40.906Z] [2024] 2024-04-25 | +14271 novos | erros: 0
[2026-03-29T22:35:42.710Z] [2024] 2024-04-26 | +14736 novos | erros: 0
[2026-03-29T22:35:43.669Z] [2024] 2024-04-27 | +14759 novos | erros: 0
[2026-03-29T22:35:44.778Z] [2024] 2024-04-28 | +14788 novos | erros: 0
[2026-03-29T22:35:45.824Z] [2024] 2024-04-29 | +15345 novos | erros: 0
[2026-03-29T22:35:48.053Z] [2024] 2024-04-30 | +15769 novos | erros: 0
[2026-03-29T22:35:48.645Z] [2024] 2024-05-01 | +15787 novos | erros: 0
[2026-03-29T22:35:49.392Z] [2024] 2024-05-02 | +16041 novos | erros: 0
[2026-03-29T22:35:49.999Z] [2024] 2024-05-03 | +16328 novos | erros: 0
[2026-03-29T22:35:50.480Z] [2024] 2024-05-04 | +16334 novos | erros: 0
[2026-03-29T22:35:50.777Z] [2024] 2024-05-05 | +16343 novos | erros: 0
[2026-03-29T22:35:51.699Z] [2024] 2024-05-06 | +16565 novos | erros: 0
[2026-03-29T22:35:52.740Z] [2024] 2024-05-07 | +16847 novos | erros: 0
[2026-03-29T22:35:53.362Z] [2024] 2024-05-08 | +17246 novos | erros: 0
[2026-03-29T22:35:54.405Z] [2024] 2024-05-09 | +17568 novos | erros: 0
[2026-03-29T22:35:55.016Z] [2024] 2024-05-10 | +17882 novos | erros: 0
[2026-03-29T22:35:55.415Z] [2024] 2024-05-11 | +17905 novos | erros: 0
[2026-03-29T22:35:55.742Z] [2024] 2024-05-12 | +17921 novos | erros: 0
[2026-03-29T22:35:56.706Z] [2024] 2024-05-13 | +18255 novos | erros: 0
[2026-03-29T22:35:58.096Z] [2024] 2024-05-14 | +18568 novos | erros: 0
[2026-03-29T22:35:59.806Z] [2024] 2024-05-15 | +18638 novos | erros: 0
[2026-03-29T22:36:00.693Z] [2024] 2024-05-16 | +18745 novos | erros: 0
[2026-03-29T22:36:01.469Z] [2024] 2024-05-17 | +18846 novos | erros: 0
[2026-03-29T22:36:02.201Z] [2024] 2024-05-18 | +18853 novos | erros: 0
[2026-03-29T22:36:02.809Z] [2024] 2024-05-19 | +18866 novos | erros: 0
[2026-03-29T22:36:03.701Z] [2024] 2024-05-20 | +18960 novos | erros: 0
[2026-03-29T22:36:04.777Z] [2024] 2024-05-21 | +19071 novos | erros: 0
[2026-03-29T22:36:06.456Z] [2024] 2024-05-22 | +19336 novos | erros: 0
[2026-03-29T22:36:10.228Z] [2024] 2024-05-23 | +19611 novos | erros: 0
[2026-03-29T22:36:11.270Z] [2024] 2024-05-24 | +19857 novos | erros: 0
[2026-03-29T22:36:11.566Z] [2024] 2024-05-25 | +19879 novos | erros: 0
[2026-03-29T22:36:12.047Z] [2024] 2024-05-26 | +19891 novos | erros: 0
[2026-03-29T22:36:13.353Z] [2024] 2024-05-27 | +20217 novos | erros: 0
[2026-03-29T22:36:17.179Z] [2024] 2024-05-28 | +20530 novos | erros: 0
[2026-03-29T22:36:18.837Z] [2024] 2024-05-29 | +20638 novos | erros: 0
[2026-03-29T22:36:19.228Z] [2024] 2024-05-30 | +20643 novos | erros: 0
[2026-03-29T22:36:19.463Z] [2024] 2024-05-31 | +20646 novos | erros: 0
[2026-03-29T22:36:19.883Z] [2024] 2024-06-01 | +20650 novos | erros: 0
[2026-03-29T22:36:20.086Z] [2024] 2024-06-02 | +20655 novos | erros: 0
[2026-03-29T22:36:21.238Z] [2024] 2024-06-03 | +20769 novos | erros: 0
[2026-03-29T22:36:22.640Z] [2024] 2024-06-04 | +20868 novos | erros: 0
[2026-03-29T22:36:24.757Z] [2024] 2024-06-05 | +20954 novos | erros: 0
[2026-03-29T22:36:25.508Z] [2024] 2024-06-06 | +21075 novos | erros: 0
[2026-03-29T22:36:26.161Z] [2024] 2024-06-07 | +21172 novos | erros: 0
[2026-03-29T22:36:26.378Z] [2024] 2024-06-08 | +21180 novos | erros: 0
[2026-03-29T22:36:26.691Z] [2024] 2024-06-09 | +21181 novos | erros: 0
[2026-03-29T22:36:29.843Z] [2024] 2024-06-10 | +21280 novos | erros: 0
[2026-03-29T22:36:30.795Z] [2024] 2024-06-11 | +21416 novos | erros: 0
[2026-03-29T22:36:31.372Z] [2024] 2024-06-12 | +21514 novos | erros: 0
[2026-03-29T22:36:32.773Z] [2024] 2024-06-13 | +21610 novos | erros: 0
[2026-03-29T22:36:35.516Z] [2024] 2024-06-14 | +21681 novos | erros: 0
[2026-03-29T22:36:35.782Z] [2024] 2024-06-15 | +21685 novos | erros: 0
[2026-03-29T22:36:37.652Z] [2024] 2024-06-16 | +21686 novos | erros: 0
[2026-03-29T22:36:42.158Z] [2024] 2024-06-17 | +21772 novos | erros: 0
[2026-03-29T22:36:45.101Z] [2024] 2024-06-18 | +21862 novos | erros: 0
[2026-03-29T22:36:47.398Z] [2024] 2024-06-19 | +21960 novos | erros: 0
[2026-03-29T22:36:53.261Z] [2024] 2024-06-20 | +22062 novos | erros: 0
[2026-03-29T22:36:57.513Z] [2024] 2024-06-21 | +22170 novos | erros: 0
[2026-03-29T22:36:59.522Z] [2024] 2024-06-22 | +22181 novos | erros: 0
[2026-03-29T22:37:00.814Z] [2024] 2024-06-23 | +22188 novos | erros: 0
[2026-03-29T22:37:03.956Z] [2024] 2024-06-24 | +22284 novos | erros: 0
[2026-03-29T22:37:08.079Z] [2024] 2024-06-25 | +22376 novos | erros: 0
[2026-03-29T22:37:11.122Z] [2024] 2024-06-26 | +22433 novos | erros: 0
[2026-03-29T22:37:16.401Z] [2024] 2024-06-27 | +22508 novos | erros: 0
[2026-03-29T22:37:19.480Z] [2024] 2024-06-28 | +22555 novos | erros: 0
[2026-03-29T22:37:22.024Z] [2024] 2024-06-29 | +22558 novos | erros: 0
[2026-03-29T22:37:23.861Z] [2024] 2024-06-30 | +22561 novos | erros: 0
[2026-03-29T22:37:26.513Z] [2024] 2024-07-01 | +22642 novos | erros: 0
[2026-03-29T22:37:28.913Z] [2024] 2024-07-02 | +22735 novos | erros: 0
[2026-03-29T22:37:33.251Z] [2024] 2024-07-03 | +22890 novos | erros: 0
[2026-03-29T22:37:35.493Z] [2024] 2024-07-04 | +23038 novos | erros: 0
[2026-03-29T22:37:39.271Z] [2024] 2024-07-05 | +23157 novos | erros: 0
[2026-03-29T22:37:41.330Z] [2024] 2024-07-06 | +23169 novos | erros: 0
[2026-03-29T22:37:43.993Z] [2024] 2024-07-07 | +23180 novos | erros: 0
[2026-03-29T22:37:48.193Z] [2024] 2024-07-08 | +23357 novos | erros: 0
[2026-03-29T22:37:51.360Z] [2024] 2024-07-09 | +23496 novos | erros: 0
[2026-03-29T22:37:54.774Z] [2024] 2024-07-10 | +23496 novos | erros: 0
[2026-03-29T22:37:57.040Z] [2024] 2024-07-11 | +23496 novos | erros: 0
[2026-03-29T22:37:59.538Z] [2024] 2024-07-12 | +23496 novos | erros: 0
[2026-03-29T22:38:02.390Z] [2024] 2024-07-13 | +23496 novos | erros: 0
[2026-03-29T22:38:06.306Z] [2024] 2024-07-14 | +23496 novos | erros: 0
[2026-03-29T22:38:09.799Z] [2024] 2024-07-15 | +23496 novos | erros: 0
[2026-03-29T22:38:12.394Z] [2024] 2024-07-16 | +23496 novos | erros: 0
[2026-03-29T22:38:16.447Z] [2024] 2024-07-17 | +23603 novos | erros: 0
[2026-03-29T22:38:19.764Z] [2024] 2024-07-18 | +23688 novos | erros: 0
[2026-03-29T22:38:22.177Z] [2024] 2024-07-19 | +23771 novos | erros: 0
[2026-03-29T22:38:24.718Z] [2024] 2024-07-20 | +23780 novos | erros: 0
[2026-03-29T22:38:26.913Z] [2024] 2024-07-21 | +23786 novos | erros: 0
[2026-03-29T22:38:30.335Z] [2024] 2024-07-22 | +23889 novos | erros: 0
[2026-03-29T22:38:31.523Z] [2024] 2024-07-23 | +23971 novos | erros: 0
[2026-03-29T22:38:33.533Z] [2024] 2024-07-24 | +23971 novos | erros: 0
[2026-03-29T22:38:35.122Z] [2024] 2024-07-25 | +23971 novos | erros: 0
[2026-03-29T22:38:37.367Z] [2024] 2024-07-26 | +23971 novos | erros: 0
[2026-03-29T22:38:38.442Z] [2024] 2024-07-27 | +23971 novos | erros: 0
[2026-03-29T22:38:38.691Z] [2024] 2024-07-28 | +23971 novos | erros: 0
[2026-03-29T22:38:39.362Z] [2024] 2024-07-29 | +23971 novos | erros: 0
[2026-03-29T22:38:40.874Z] [2024] 2024-07-30 | +23971 novos | erros: 0
[2026-03-29T22:38:41.999Z] [2024] 2024-07-31 | +24027 novos | erros: 0
[2026-03-29T22:38:43.795Z] [2024] 2024-08-01 | +24085 novos | erros: 0
[2026-03-29T22:38:46.350Z] [2024] 2024-08-02 | +24144 novos | erros: 0
[2026-03-29T22:38:47.252Z] [2024] 2024-08-03 | +24149 novos | erros: 0
[2026-03-29T22:38:48.005Z] [2024] 2024-08-04 | +24155 novos | erros: 0
[2026-03-29T22:38:49.191Z] [2024] 2024-08-05 | +24212 novos | erros: 0
[2026-03-29T22:38:51.703Z] [2024] 2024-08-06 | +24269 novos | erros: 0
[2026-03-29T22:38:53.830Z] [2024] 2024-08-07 | +24456 novos | erros: 0
[2026-03-29T22:38:54.407Z] [2024] 2024-08-08 | +24652 novos | erros: 0
[2026-03-29T22:38:56.246Z] [2024] 2024-08-09 | +24849 novos | erros: 0
[2026-03-29T22:38:57.496Z] [2024] 2024-08-10 | +24889 novos | erros: 0
[2026-03-29T22:38:58.059Z] [2024] 2024-08-11 | +24908 novos | erros: 0
[2026-03-29T22:38:58.759Z] [2024] 2024-08-12 | +25117 novos | erros: 0
[2026-03-29T22:38:59.493Z] [2024] 2024-08-13 | +25283 novos | erros: 0
[2026-03-29T22:38:59.976Z] [2024] 2024-08-14 | +25471 novos | erros: 0
[2026-03-29T22:39:00.741Z] [2024] 2024-08-15 | +25636 novos | erros: 0
[2026-03-29T22:39:02.140Z] [2024] 2024-08-16 | +25766 novos | erros: 0
[2026-03-29T22:39:03.471Z] [2024] 2024-08-17 | +25774 novos | erros: 0
[2026-03-29T22:39:03.786Z] [2024] 2024-08-18 | +25790 novos | erros: 0
[2026-03-29T22:39:05.283Z] [2024] 2024-08-19 | +26017 novos | erros: 0
[2026-03-29T22:39:07.137Z] [2024] 2024-08-20 | +26205 novos | erros: 0
[2026-03-29T22:39:07.978Z] [2024] 2024-08-21 | +26310 novos | erros: 0
[2026-03-29T22:39:08.667Z] [2024] 2024-08-22 | +26445 novos | erros: 0
[2026-03-29T22:39:09.975Z] [2024] 2024-08-23 | +26596 novos | erros: 0
[2026-03-29T22:39:10.754Z] [2024] 2024-08-24 | +26605 novos | erros: 0
[2026-03-29T22:39:10.959Z] [2024] 2024-08-25 | +26607 novos | erros: 0
[2026-03-29T22:39:12.116Z] [2024] 2024-08-26 | +26781 novos | erros: 0
[2026-03-29T22:39:12.646Z] [2024] 2024-08-27 | +26915 novos | erros: 0
[2026-03-29T22:39:13.147Z] [2024] 2024-08-28 | +26982 novos | erros: 0
[2026-03-29T22:39:14.277Z] [2024] 2024-08-29 | +27036 novos | erros: 0
[2026-03-29T22:39:15.980Z] [2024] 2024-08-30 | +27099 novos | erros: 0
[2026-03-29T22:39:16.169Z] [2024] 2024-08-31 | +27103 novos | erros: 0
[2026-03-29T22:39:16.870Z] [2024] 2024-09-01 | +27111 novos | erros: 0
[2026-03-29T22:39:17.868Z] [2024] 2024-09-02 | +27169 novos | erros: 0
[2026-03-29T22:39:18.645Z] [2024] 2024-09-03 | +27225 novos | erros: 0
[2026-03-29T22:39:19.564Z] [2024] 2024-09-04 | +27333 novos | erros: 0
[2026-03-29T22:39:21.140Z] [2024] 2024-09-05 | +27455 novos | erros: 0
[2026-03-29T22:39:21.953Z] [2024] 2024-09-06 | +27563 novos | erros: 0
[2026-03-29T22:39:22.360Z] [2024] 2024-09-07 | +27564 novos | erros: 0
[2026-03-29T22:39:22.580Z] [2024] 2024-09-08 | +27569 novos | erros: 0
[2026-03-29T22:39:23.280Z] [2024] 2024-09-09 | +27685 novos | erros: 0
[2026-03-29T22:39:23.946Z] [2024] 2024-09-10 | +27802 novos | erros: 0
[2026-03-29T22:39:25.910Z] [2024] 2024-09-11 | +27916 novos | erros: 0
[2026-03-29T22:39:26.889Z] [2024] 2024-09-12 | +28025 novos | erros: 0
[2026-03-29T22:39:27.840Z] [2024] 2024-09-13 | +28126 novos | erros: 0
[2026-03-29T22:39:28.137Z] [2024] 2024-09-14 | +28136 novos | erros: 0
[2026-03-29T22:39:29.057Z] [2024] 2024-09-15 | +28146 novos | erros: 0
[2026-03-29T22:39:29.852Z] [2024] 2024-09-16 | +28225 novos | erros: 0
[2026-03-29T22:39:31.209Z] [2024] 2024-09-17 | +28351 novos | erros: 0
[2026-03-29T22:39:32.096Z] [2024] 2024-09-18 | +28461 novos | erros: 0
[2026-03-29T22:39:32.936Z] [2024] 2024-09-19 | +28577 novos | erros: 0
[2026-03-29T22:39:33.673Z] [2024] 2024-09-20 | +28689 novos | erros: 0
[2026-03-29T22:39:34.051Z] [2024] 2024-09-21 | +28699 novos | erros: 0
[2026-03-29T22:39:34.423Z] [2024] 2024-09-22 | +28706 novos | erros: 0
[2026-03-29T22:39:35.939Z] [2024] 2024-09-23 | +28816 novos | erros: 0
[2026-03-29T22:39:36.906Z] [2024] 2024-09-24 | +28911 novos | erros: 0
[2026-03-29T22:39:37.393Z] [2024] 2024-09-25 | +28911 novos | erros: 0
[2026-03-29T22:39:38.752Z] [2024] 2024-09-26 | +28911 novos | erros: 0
[2026-03-29T22:39:39.375Z] [2024] 2024-09-27 | +28911 novos | erros: 0
[2026-03-29T22:39:40.952Z] [2024] 2024-09-28 | +28911 novos | erros: 0
[2026-03-29T22:39:41.932Z] [2024] 2024-09-29 | +28911 novos | erros: 0
[2026-03-29T22:39:42.600Z] [2024] 2024-09-30 | +28911 novos | erros: 0
[2026-03-29T22:39:43.593Z] [2024] 2024-10-01 | +28911 novos | erros: 0
[2026-03-29T22:39:44.108Z] [2024] 2024-10-02 | +29023 novos | erros: 0
[2026-03-29T22:39:47.390Z] [2024] 2024-10-03 | +29120 novos | erros: 0
[2026-03-29T22:39:49.506Z] [2024] 2024-10-04 | +29195 novos | erros: 0
[2026-03-29T22:39:50.284Z] [2024] 2024-10-05 | +29202 novos | erros: 0
[2026-03-29T22:39:50.872Z] [2024] 2024-10-06 | +29214 novos | erros: 0
[2026-03-29T22:39:54.602Z] [2024] 2024-10-07 | +29321 novos | erros: 0
[2026-03-29T22:39:59.499Z] [2024] 2024-10-08 | +29410 novos | erros: 0
[2026-03-29T22:40:05.100Z] [2024] 2024-10-09 | +29550 novos | erros: 0
[2026-03-29T22:40:08.484Z] [2024] 2024-10-10 | +29668 novos | erros: 0
[2026-03-29T22:40:11.258Z] [2024] 2024-10-11 | +29791 novos | erros: 0
[2026-03-29T22:40:13.630Z] [2024] 2024-10-12 | +29799 novos | erros: 0
[2026-03-29T22:40:18.733Z] [2024] 2024-10-13 | +29818 novos | erros: 0
[2026-03-29T22:40:22.284Z] [2024] 2024-10-14 | +29915 novos | erros: 0
[2026-03-29T22:40:26.603Z] [2024] 2024-10-15 | +30016 novos | erros: 0
[2026-03-29T22:40:30.297Z] [2024] 2024-10-16 | +30057 novos | erros: 0
[2026-03-29T22:40:32.528Z] [2024] 2024-10-17 | +30108 novos | erros: 0
[2026-03-29T22:40:37.359Z] [2024] 2024-10-18 | +30137 novos | erros: 0
[2026-03-29T22:40:40.452Z] [2024] 2024-10-19 | +30143 novos | erros: 0
[2026-03-29T22:40:44.306Z] [2024] 2024-10-20 | +30149 novos | erros: 0
[2026-03-29T22:40:48.610Z] [2024] 2024-10-21 | +30183 novos | erros: 0
[2026-03-29T22:40:51.147Z] [2024] 2024-10-22 | +30202 novos | erros: 0
[2026-03-29T22:40:56.175Z] [2024] 2024-10-23 | +30237 novos | erros: 0
[2026-03-29T22:41:02.732Z] [2024] 2024-10-24 | +30281 novos | erros: 0
[2026-03-29T22:41:06.640Z] [2024] 2024-10-25 | +30321 novos | erros: 0
[2026-03-29T22:41:11.696Z] [2024] 2024-10-26 | +30322 novos | erros: 0
[2026-03-29T22:41:15.839Z] [2024] 2024-10-27 | +30323 novos | erros: 0
[2026-03-29T22:41:19.597Z] [2024] 2024-10-28 | +30383 novos | erros: 0
[2026-03-29T22:41:23.310Z] [2024] 2024-10-29 | +30422 novos | erros: 0
[2026-03-29T22:41:27.084Z] [2024] 2024-10-30 | +30450 novos | erros: 0
[2026-03-29T22:41:32.977Z] [2024] 2024-10-31 | +30453 novos | erros: 0
[2026-03-29T22:41:36.671Z] [2024] 2024-11-01 | +30466 novos | erros: 0
[2026-03-29T22:41:40.860Z] [2024] 2024-11-02 | +30481 novos | erros: 0
[2026-03-29T22:41:44.553Z] [2024] 2024-11-03 | +30491 novos | erros: 0
[2026-03-29T22:41:49.385Z] [2024] 2024-11-04 | +30537 novos | erros: 0
[2026-03-29T22:41:55.145Z] [2024] 2024-11-05 | +30595 novos | erros: 0
[2026-03-29T22:41:57.082Z] [2024] 2024-11-06 | +30595 novos | erros: 0
[2026-03-29T22:41:57.814Z] [2024] 2024-11-07 | +30595 novos | erros: 0
[2026-03-29T22:41:59.417Z] [2024] 2024-11-08 | +30595 novos | erros: 0
[2026-03-29T22:42:01.525Z] [2024] 2024-11-09 | +30595 novos | erros: 0
[2026-03-29T22:42:02.133Z] [2024] 2024-11-10 | +30595 novos | erros: 0
[2026-03-29T22:42:02.879Z] [2024] 2024-11-11 | +30595 novos | erros: 0
[2026-03-29T22:42:03.469Z] [2024] 2024-11-12 | +30595 novos | erros: 0
[2026-03-29T22:42:07.734Z] [2024] 2024-11-13 | +30662 novos | erros: 0
[2026-03-29T22:42:08.919Z] [2024] 2024-11-14 | +30709 novos | erros: 0
[2026-03-29T22:42:10.372Z] [2024] 2024-11-15 | +30713 novos | erros: 0
[2026-03-29T22:42:11.853Z] [2024] 2024-11-16 | +30718 novos | erros: 0
[2026-03-29T22:42:12.057Z] [2024] 2024-11-17 | +30721 novos | erros: 0
[2026-03-29T22:42:13.553Z] [2024] 2024-11-18 | +30813 novos | erros: 0
[2026-03-29T22:42:17.586Z] [2024] 2024-11-19 | +30872 novos | erros: 0
[2026-03-29T22:42:18.066Z] [2024] 2024-11-20 | +30872 novos | erros: 0
[2026-03-29T22:42:19.061Z] [2024] 2024-11-21 | +30872 novos | erros: 0
[2026-03-29T22:42:21.180Z] [2024] 2024-11-22 | +30872 novos | erros: 0
[2026-03-29T22:42:22.661Z] [2024] 2024-11-23 | +30872 novos | erros: 0
[2026-03-29T22:42:23.162Z] [2024] 2024-11-24 | +30872 novos | erros: 0
[2026-03-29T22:42:24.211Z] [2024] 2024-11-25 | +30872 novos | erros: 0
[2026-03-29T22:42:25.211Z] [2024] 2024-11-26 | +30872 novos | erros: 0
[2026-03-29T22:42:25.851Z] [2024] 2024-11-27 | +30892 novos | erros: 0
[2026-03-29T22:42:26.269Z] [2024] 2024-11-28 | +30939 novos | erros: 0
[2026-03-29T22:42:27.029Z] [2024] 2024-11-29 | +30980 novos | erros: 0
[2026-03-29T22:42:27.372Z] [2024] 2024-11-30 | +30983 novos | erros: 0
[2026-03-29T22:42:27.667Z] [2024] 2024-12-01 | +30985 novos | erros: 0
[2026-03-29T22:42:28.242Z] [2024] 2024-12-02 | +31029 novos | erros: 0
[2026-03-29T22:42:30.677Z] [2024] 2024-12-03 | +31067 novos | erros: 0
[2026-03-29T22:42:31.655Z] [2024] 2024-12-04 | +31195 novos | erros: 0
[2026-03-29T22:42:32.904Z] [2024] 2024-12-05 | +31289 novos | erros: 0
[2026-03-29T22:42:33.700Z] [2024] 2024-12-06 | +31394 novos | erros: 0
[2026-03-29T22:42:34.026Z] [2024] 2024-12-07 | +31404 novos | erros: 0
[2026-03-29T22:42:34.384Z] [2024] 2024-12-08 | +31415 novos | erros: 0
[2026-03-29T22:42:34.885Z] [2024] 2024-12-09 | +31508 novos | erros: 0
[2026-03-29T22:42:35.554Z] [2024] 2024-12-10 | +31602 novos | erros: 0
[2026-03-29T22:42:36.338Z] [2024] 2024-12-11 | +31701 novos | erros: 0
[2026-03-29T22:42:38.207Z] [2024] 2024-12-12 | +31777 novos | erros: 0
[2026-03-29T22:42:39.079Z] [2024] 2024-12-13 | +31850 novos | erros: 0
[2026-03-29T22:42:40.776Z] [2024] 2024-12-14 | +31854 novos | erros: 0
[2026-03-29T22:42:41.074Z] [2024] 2024-12-15 | +31861 novos | erros: 0
[2026-03-29T22:42:42.450Z] [2024] 2024-12-16 | +31931 novos | erros: 0
[2026-03-29T22:42:43.900Z] [2024] 2024-12-17 | +32000 novos | erros: 0
[2026-03-29T22:42:45.746Z] [2024] 2024-12-18 | +32000 novos | erros: 0
[2026-03-29T22:42:47.648Z] [2024] 2024-12-19 | +32000 novos | erros: 0
[2026-03-29T22:42:48.660Z] [2024] 2024-12-20 | +32000 novos | erros: 0
[2026-03-29T22:42:49.174Z] [2024] 2024-12-21 | +32000 novos | erros: 0
[2026-03-29T22:42:49.406Z] [2024] 2024-12-22 | +32000 novos | erros: 0
[2026-03-29T22:42:50.219Z] [2024] 2024-12-23 | +32000 novos | erros: 0
[2026-03-29T22:42:50.436Z] [2024] 2024-12-24 | +32000 novos | erros: 0
[2026-03-29T22:42:51.697Z] [2024] 2024-12-25 | +32000 novos | erros: 0
[2026-03-29T22:42:52.431Z] [2024] 2024-12-26 | +32000 novos | erros: 0
[2026-03-29T22:42:53.058Z] [2024] 2024-12-27 | +32000 novos | erros: 0
[2026-03-29T22:42:55.070Z] [2024] 2024-12-28 | +32000 novos | erros: 0
[2026-03-29T22:42:55.617Z] [2024] 2024-12-29 | +32000 novos | erros: 0
[2026-03-29T22:42:57.460Z] [2024] 2024-12-30 | +32000 novos | erros: 0
[2026-03-29T22:42:58.208Z] [2024] 2024-12-31 | +32000 novos | erros: 0
[2026-03-29T22:42:58.208Z] [2024] COMPLETO — +32000 novos, 0 erros | Total CSV: 331998
