[2026-03-29T16:49:30.773Z] Novo arquivo: C:\Users\medin\Desktop\backup_judx\resultados\stj_datajud\stj_datajud_2017.csv
[2026-03-29T16:49:30.779Z] Ano 2017: 53 semanas
[2026-03-29T16:49:37.417Z] [2017] 2017-12-25/2017-12-31 | novos: 577 | skip: 0 | erros: 0
[2026-03-29T16:50:06.713Z] [2017] 2017-12-11/2017-12-17 | novos: 11527 | skip: 539 | erros: 0
[2026-03-29T16:51:05.925Z] [2017] 2017-10-16/2017-10-22 | novos: 50819 | skip: 2366 | erros: 0
[2026-03-29T16:51:21.390Z] [2017] 2017-09-25/2017-10-01 | novos: 65307 | skip: 2722 | erros: 0
[2026-03-29T16:51:26.098Z] [2017] 2017-09-18/2017-09-24 | novos: 71216 | skip: 3074 | erros: 0
[2026-03-29T16:51:31.414Z] [2017] 2017-09-11/2017-09-17 | novos: 76371 | skip: 3074 | erros: 0
[2026-03-29T16:51:46.384Z] [2017] 2017-08-14/2017-08-20 | novos: 91616 | skip: 3074 | erros: 0
[2026-03-29T16:52:11.810Z] [2017] 2017-07-17/2017-07-23 | novos: 101233 | skip: 3127 | erros: 0
[2026-03-29T16:52:22.596Z] [2017] 2017-07-03/2017-07-09 | novos: 105794 | skip: 3127 | erros: 0
[2026-03-29T16:52:40.519Z] [2017] 2017-06-19/2017-06-25 | novos: 110567 | skip: 3127 | erros: 0
[2026-03-29T16:53:04.066Z] [2017] 2017-05-15/2017-05-21 | novos: 121733 | skip: 3150 | erros: 0
[2026-03-29T16:53:07.460Z] [2017] 2017-05-01/2017-05-07 | novos: 125905 | skip: 3150 | erros: 0
[2026-03-29T16:53:22.851Z] [2017] 2017-04-03/2017-04-09 | novos: 131737 | skip: 3150 | erros: 0
[2026-03-29T16:53:31.641Z] [2017] 2017-03-13/2017-03-19 | novos: 136292 | skip: 3150 | erros: 0
[2026-03-29T16:53:36.494Z] [2017] 2017-02-13/2017-02-19 | novos: 141346 | skip: 3150 | erros: 0
[2026-03-29T16:53:47.489Z] [2017] 2017-01-23/2017-01-29 | novos: 145945 | skip: 3150 | erros: 0
[2026-03-29T16:53:52.136Z] [2017] COMPLETO — 148827 novos, 3150 duplicatas, 0 erros
[2026-03-29T16:53:52.136Z] Total no CSV: 148827 processos
Z] [2017] COMPLETO — 148827 novos, 3150 duplicatas, 0 erros
[2026-03-29T16:53:52.136Z] Total no CSV: 148827 processos
