[2026-03-29T22:32:32.626Z] === COMPLETANDO 2022 ===
[2026-03-29T22:32:33.950Z] Existentes no CSV: 335067
[2026-03-29T22:32:35.345Z] Total API: 367098 | Faltam: 32031
[2026-03-29T22:32:58.861Z] [2022] 2022-01-16 | +1 novos | erros: 0
[2026-03-29T22:32:59.703Z] [2022] 2022-01-17 | +11 novos | erros: 0
[2026-03-29T22:33:00.466Z] [2022] 2022-01-18 | +57 novos | erros: 0
[2026-03-29T22:33:01.602Z] [2022] 2022-01-19 | +70 novos | erros: 0
[2026-03-29T22:33:02.410Z] [2022] 2022-01-20 | +77 novos | erros: 0
[2026-03-29T22:33:03.627Z] [2022] 2022-01-21 | +99 novos | erros: 0
[2026-03-29T22:33:04.424Z] [2022] 2022-01-22 | +104 novos | erros: 0
[2026-03-29T22:33:06.738Z] [2022] 2022-01-23 | +116 novos | erros: 0
[2026-03-29T22:33:11.588Z] [2022] 2022-01-24 | +287 novos | erros: 0
[2026-03-29T22:33:14.868Z] [2022] 2022-01-25 | +592 novos | erros: 0
[2026-03-29T22:33:19.067Z] [2022] 2022-01-26 | +906 novos | erros: 0
[2026-03-29T22:33:22.189Z] [2022] 2022-01-27 | +1135 novos | erros: 0
[2026-03-29T22:33:27.087Z] [2022] 2022-01-28 | +1329 novos | erros: 0
[2026-03-29T22:33:31.267Z] [2022] 2022-01-29 | +1388 novos | erros: 0
[2026-03-29T22:33:33.320Z] [2022] 2022-01-30 | +1420 novos | erros: 0
[2026-03-29T22:33:36.661Z] [2022] 2022-01-31 | +1635 novos | erros: 0
[2026-03-29T22:33:38.884Z] [2022] 2022-02-01 | +1876 novos | erros: 0
[2026-03-29T22:33:41.098Z] [2022] 2022-02-02 | +2069 novos | erros: 0
[2026-03-29T22:33:43.872Z] [2022] 2022-02-03 | +2253 novos | erros: 0
[2026-03-29T22:33:45.926Z] [2022] 2022-02-04 | +2424 novos | erros: 0
[2026-03-29T22:33:47.562Z] [2022] 2022-02-05 | +2446 novos | erros: 0
[2026-03-29T22:33:48.666Z] [2022] 2022-02-06 | +2470 novos | erros: 0
[2026-03-29T22:33:50.271Z] [2022] 2022-02-07 | +2801 novos | erros: 0
[2026-03-29T22:33:53.676Z] [2022] 2022-02-08 | +3180 novos | erros: 0
[2026-03-29T22:33:55.301Z] [2022] 2022-02-09 | +3553 novos | erros: 0
[2026-03-29T22:33:58.319Z] [2022] 2022-02-10 | +3904 novos | erros: 0
[2026-03-29T22:34:00.864Z] [2022] 2022-02-11 | +4194 novos | erros: 0
[2026-03-29T22:34:02.907Z] [2022] 2022-02-12 | +4225 novos | erros: 0
[2026-03-29T22:34:03.422Z] [2022] 2022-02-13 | +4225 novos | erros: 0
[2026-03-29T22:34:05.574Z] [2022] 2022-02-14 | +4231 novos | erros: 0
[2026-03-29T22:34:08.885Z] [2022] 2022-02-15 | +4231 novos | erros: 0
[2026-03-29T22:34:12.275Z] [2022] 2022-02-16 | +4231 novos | erros: 0
[2026-03-29T22:34:16.214Z] [2022] 2022-02-17 | +4231 novos | erros: 0
[2026-03-29T22:34:18.953Z] [2022] 2022-02-18 | +4231 novos | erros: 0
[2026-03-29T22:34:22.053Z] [2022] 2022-02-19 | +4231 novos | erros: 0
[2026-03-29T22:34:22.769Z] [2022] 2022-02-20 | +4231 novos | erros: 0
[2026-03-29T22:34:25.922Z] [2022] 2022-02-21 | +4231 novos | erros: 0
[2026-03-29T22:34:28.625Z] [2022] 2022-02-22 | +4237 novos | erros: 0
[2026-03-29T22:34:33.907Z] [2022] 2022-02-23 | +4237 novos | erros: 0
[2026-03-29T22:34:35.966Z] [2022] 2022-02-24 | +4237 novos | erros: 0
[2026-03-29T22:34:37.567Z] [2022] 2022-02-25 | +4237 novos | erros: 0
[2026-03-29T22:34:40.251Z] [2022] 2022-02-26 | +4237 novos | erros: 0
[2026-03-29T22:34:41.874Z] [2022] 2022-02-27 | +4262 novos | erros: 0
[2026-03-29T22:34:43.892Z] [2022] 2022-02-28 | +4291 novos | erros: 0
[2026-03-29T22:34:46.245Z] [2022] 2022-03-01 | +4314 novos | erros: 0
[2026-03-29T22:34:48.316Z] [2022] 2022-03-02 | +4462 novos | erros: 0
[2026-03-29T22:34:51.537Z] [2022] 2022-03-03 | +4641 novos | erros: 0
[2026-03-29T22:34:53.891Z] [2022] 2022-03-04 | +4777 novos | erros: 0
[2026-03-29T22:34:58.709Z] [2022] 2022-03-05 | +4799 novos | erros: 0
[2026-03-29T22:35:01.043Z] [2022] 2022-03-06 | +4799 novos | erros: 0
[2026-03-29T22:35:04.334Z] [2022] 2022-03-07 | +4799 novos | erros: 0
[2026-03-29T22:35:07.037Z] [2022] 2022-03-08 | +4799 novos | erros: 0
[2026-03-29T22:35:07.894Z] [2022] 2022-03-09 | +4802 novos | erros: 0
[2026-03-29T22:35:08.813Z] [2022] 2022-03-10 | +4804 novos | erros: 0
[2026-03-29T22:35:09.781Z] [2022] 2022-03-11 | +4815 novos | erros: 0
[2026-03-29T22:35:10.185Z] [2022] 2022-03-12 | +4820 novos | erros: 0
[2026-03-29T22:35:10.573Z] [2022] 2022-03-13 | +4847 novos | erros: 0
[2026-03-29T22:35:12.110Z] [2022] 2022-03-14 | +5148 novos | erros: 0
[2026-03-29T22:35:13.442Z] [2022] 2022-03-15 | +5415 novos | erros: 0
[2026-03-29T22:35:14.502Z] [2022] 2022-03-16 | +5606 novos | erros: 0
[2026-03-29T22:35:17.058Z] [2022] 2022-03-17 | +5791 novos | erros: 0
[2026-03-29T22:35:19.303Z] [2022] 2022-03-18 | +5955 novos | erros: 0
[2026-03-29T22:35:19.539Z] [2022] 2022-03-19 | +5986 novos | erros: 0
[2026-03-29T22:35:19.819Z] [2022] 2022-03-20 | +6002 novos | erros: 0
[2026-03-29T22:35:20.484Z] [2022] 2022-03-21 | +6190 novos | erros: 0
[2026-03-29T22:35:22.089Z] [2022] 2022-03-22 | +6330 novos | erros: 0
[2026-03-29T22:35:25.183Z] [2022] 2022-03-23 | +6483 novos | erros: 0
[2026-03-29T22:35:25.974Z] [2022] 2022-03-24 | +6664 novos | erros: 0
[2026-03-29T22:35:26.874Z] [2022] 2022-03-25 | +6814 novos | erros: 0
[2026-03-29T22:35:27.417Z] [2022] 2022-03-26 | +6834 novos | erros: 0
[2026-03-29T22:35:28.583Z] [2022] 2022-03-27 | +6856 novos | erros: 0
[2026-03-29T22:35:30.191Z] [2022] 2022-03-28 | +6987 novos | erros: 0
[2026-03-29T22:35:31.082Z] [2022] 2022-03-29 | +7107 novos | erros: 0
[2026-03-29T22:35:31.656Z] [2022] 2022-03-30 | +7201 novos | erros: 0
[2026-03-29T22:35:33.407Z] [2022] 2022-03-31 | +7309 novos | erros: 0
[2026-03-29T22:35:34.589Z] [2022] 2022-04-01 | +7410 novos | erros: 0
[2026-03-29T22:35:34.855Z] [2022] 2022-04-02 | +7412 novos | erros: 0
[2026-03-29T22:35:35.277Z] [2022] 2022-04-03 | +7431 novos | erros: 0
[2026-03-29T22:35:36.775Z] [2022] 2022-04-04 | +7657 novos | erros: 0
[2026-03-29T22:35:37.383Z] [2022] 2022-04-05 | +7875 novos | erros: 0
[2026-03-29T22:35:38.644Z] [2022] 2022-04-06 | +8014 novos | erros: 0
[2026-03-29T22:35:39.329Z] [2022] 2022-04-07 | +8209 novos | erros: 0
[2026-03-29T22:35:39.984Z] [2022] 2022-04-08 | +8396 novos | erros: 0
[2026-03-29T22:35:40.284Z] [2022] 2022-04-09 | +8408 novos | erros: 0
[2026-03-29T22:35:40.533Z] [2022] 2022-04-10 | +8408 novos | erros: 0
[2026-03-29T22:35:41.123Z] [2022] 2022-04-11 | +8408 novos | erros: 0
[2026-03-29T22:35:42.867Z] [2022] 2022-04-12 | +8408 novos | erros: 0
[2026-03-29T22:35:44.153Z] [2022] 2022-04-13 | +8408 novos | erros: 0
[2026-03-29T22:35:44.575Z] [2022] 2022-04-14 | +8408 novos | erros: 0
[2026-03-29T22:35:44.888Z] [2022] 2022-04-15 | +8408 novos | erros: 0
[2026-03-29T22:35:45.107Z] [2022] 2022-04-16 | +8408 novos | erros: 0
[2026-03-29T22:35:45.808Z] [2022] 2022-04-17 | +8453 novos | erros: 0
[2026-03-29T22:35:47.132Z] [2022] 2022-04-18 | +8729 novos | erros: 0
[2026-03-29T22:35:48.132Z] [2022] 2022-04-19 | +9000 novos | erros: 0
[2026-03-29T22:35:48.879Z] [2022] 2022-04-20 | +9278 novos | erros: 0
[2026-03-29T22:35:49.237Z] [2022] 2022-04-21 | +9315 novos | erros: 0
[2026-03-29T22:35:50.730Z] [2022] 2022-04-22 | +9525 novos | erros: 0
[2026-03-29T22:35:51.180Z] [2022] 2022-04-23 | +9543 novos | erros: 0
[2026-03-29T22:35:51.979Z] [2022] 2022-04-24 | +9578 novos | erros: 0
[2026-03-29T22:35:53.206Z] [2022] 2022-04-25 | +9993 novos | erros: 0
[2026-03-29T22:35:54.671Z] [2022] 2022-04-26 | +10334 novos | erros: 0
[2026-03-29T22:35:55.292Z] [2022] 2022-04-27 | +10662 novos | erros: 0
[2026-03-29T22:35:56.021Z] [2022] 2022-04-28 | +11022 novos | erros: 0
[2026-03-29T22:35:56.721Z] [2022] 2022-04-29 | +11315 novos | erros: 0
[2026-03-29T22:35:58.751Z] [2022] 2022-04-30 | +11356 novos | erros: 0
[2026-03-29T22:36:00.054Z] [2022] 2022-05-01 | +11364 novos | erros: 0
[2026-03-29T22:36:00.958Z] [2022] 2022-05-02 | +11583 novos | erros: 0
[2026-03-29T22:36:02.669Z] [2022] 2022-05-03 | +11782 novos | erros: 0
[2026-03-29T22:36:03.733Z] [2022] 2022-05-04 | +11963 novos | erros: 0
[2026-03-29T22:36:04.670Z] [2022] 2022-05-05 | +12149 novos | erros: 0
[2026-03-29T22:36:06.037Z] [2022] 2022-05-06 | +12318 novos | erros: 0
[2026-03-29T22:36:08.433Z] [2022] 2022-05-07 | +12330 novos | erros: 0
[2026-03-29T22:36:08.856Z] [2022] 2022-05-08 | +12330 novos | erros: 0
[2026-03-29T22:36:09.730Z] [2022] 2022-05-09 | +12330 novos | erros: 0
[2026-03-29T22:36:10.978Z] [2022] 2022-05-10 | +12330 novos | erros: 0
[2026-03-29T22:36:11.782Z] [2022] 2022-05-11 | +12330 novos | erros: 0
[2026-03-29T22:36:12.498Z] [2022] 2022-05-12 | +12330 novos | erros: 0
[2026-03-29T22:36:13.696Z] [2022] 2022-05-13 | +12330 novos | erros: 0
[2026-03-29T22:36:16.406Z] [2022] 2022-05-14 | +12330 novos | erros: 0
[2026-03-29T22:36:17.944Z] [2022] 2022-05-15 | +12346 novos | erros: 0
[2026-03-29T22:36:19.182Z] [2022] 2022-05-16 | +12496 novos | erros: 0
[2026-03-29T22:36:20.490Z] [2022] 2022-05-17 | +12632 novos | erros: 0
[2026-03-29T22:36:21.551Z] [2022] 2022-05-18 | +12756 novos | erros: 0
[2026-03-29T22:36:22.872Z] [2022] 2022-05-19 | +12885 novos | erros: 0
[2026-03-29T22:36:24.616Z] [2022] 2022-05-20 | +13009 novos | erros: 0
[2026-03-29T22:36:24.976Z] [2022] 2022-05-21 | +13010 novos | erros: 0
[2026-03-29T22:36:25.304Z] [2022] 2022-05-22 | +13010 novos | erros: 0
[2026-03-29T22:36:25.959Z] [2022] 2022-05-23 | +13010 novos | erros: 0
[2026-03-29T22:36:26.816Z] [2022] 2022-05-24 | +13011 novos | erros: 0
[2026-03-29T22:36:27.860Z] [2022] 2022-05-25 | +13011 novos | erros: 0
[2026-03-29T22:36:29.468Z] [2022] 2022-05-26 | +13011 novos | erros: 0
[2026-03-29T22:36:30.500Z] [2022] 2022-05-27 | +13011 novos | erros: 0
[2026-03-29T22:36:30.780Z] [2022] 2022-05-28 | +13011 novos | erros: 0
[2026-03-29T22:36:31.107Z] [2022] 2022-05-29 | +13059 novos | erros: 0
[2026-03-29T22:36:32.851Z] [2022] 2022-05-30 | +13286 novos | erros: 0
[2026-03-29T22:36:36.124Z] [2022] 2022-05-31 | +13515 novos | erros: 0
[2026-03-29T22:36:41.678Z] [2022] 2022-06-01 | +13735 novos | erros: 0
[2026-03-29T22:36:43.236Z] [2022] 2022-06-02 | +13938 novos | erros: 0
[2026-03-29T22:36:45.509Z] [2022] 2022-06-03 | +14169 novos | erros: 0
[2026-03-29T22:36:49.253Z] [2022] 2022-06-04 | +14193 novos | erros: 0
[2026-03-29T22:36:50.481Z] [2022] 2022-06-05 | +14212 novos | erros: 0
[2026-03-29T22:36:55.172Z] [2022] 2022-06-06 | +14375 novos | erros: 0
[2026-03-29T22:36:57.716Z] [2022] 2022-06-07 | +14547 novos | erros: 0
[2026-03-29T22:36:59.909Z] [2022] 2022-06-08 | +14715 novos | erros: 0
[2026-03-29T22:37:02.726Z] [2022] 2022-06-09 | +14857 novos | erros: 0
[2026-03-29T22:37:05.575Z] [2022] 2022-06-10 | +14952 novos | erros: 0
[2026-03-29T22:37:08.745Z] [2022] 2022-06-11 | +14963 novos | erros: 0
[2026-03-29T22:37:11.543Z] [2022] 2022-06-12 | +14963 novos | erros: 0
[2026-03-29T22:37:14.297Z] [2022] 2022-06-13 | +14964 novos | erros: 0
[2026-03-29T22:37:16.994Z] [2022] 2022-06-14 | +14964 novos | erros: 0
[2026-03-29T22:37:20.696Z] [2022] 2022-06-15 | +14964 novos | erros: 0
[2026-03-29T22:37:22.679Z] [2022] 2022-06-16 | +14965 novos | erros: 0
[2026-03-29T22:37:25.390Z] [2022] 2022-06-17 | +14965 novos | erros: 0
[2026-03-29T22:37:28.850Z] [2022] 2022-06-18 | +14965 novos | erros: 0
[2026-03-29T22:37:30.581Z] [2022] 2022-06-19 | +14976 novos | erros: 0
[2026-03-29T22:37:33.485Z] [2022] 2022-06-20 | +15109 novos | erros: 0
[2026-03-29T22:37:35.942Z] [2022] 2022-06-21 | +15256 novos | erros: 0
[2026-03-29T22:37:38.897Z] [2022] 2022-06-22 | +15350 novos | erros: 0
[2026-03-29T22:37:41.877Z] [2022] 2022-06-23 | +15512 novos | erros: 0
[2026-03-29T22:37:44.809Z] [2022] 2022-06-24 | +15627 novos | erros: 0
[2026-03-29T22:37:49.177Z] [2022] 2022-06-25 | +15650 novos | erros: 0
[2026-03-29T22:37:51.983Z] [2022] 2022-06-26 | +15650 novos | erros: 0
[2026-03-29T22:37:55.598Z] [2022] 2022-06-27 | +15650 novos | erros: 0
[2026-03-29T22:37:59.460Z] [2022] 2022-06-28 | +15650 novos | erros: 0
[2026-03-29T22:38:02.901Z] [2022] 2022-06-29 | +15650 novos | erros: 0
[2026-03-29T22:38:07.488Z] [2022] 2022-06-30 | +15650 novos | erros: 0
[2026-03-29T22:38:10.902Z] [2022] 2022-07-01 | +15650 novos | erros: 0
[2026-03-29T22:38:12.660Z] [2022] 2022-07-02 | +15650 novos | erros: 0
[2026-03-29T22:38:16.198Z] [2022] 2022-07-03 | +15657 novos | erros: 0
[2026-03-29T22:38:19.406Z] [2022] 2022-07-04 | +15818 novos | erros: 0
[2026-03-29T22:38:22.517Z] [2022] 2022-07-05 | +15963 novos | erros: 0
[2026-03-29T22:38:25.592Z] [2022] 2022-07-06 | +16144 novos | erros: 0
[2026-03-29T22:38:28.939Z] [2022] 2022-07-07 | +16302 novos | erros: 0
[2026-03-29T22:38:31.382Z] [2022] 2022-07-08 | +16462 novos | erros: 0
[2026-03-29T22:38:32.222Z] [2022] 2022-07-09 | +16491 novos | erros: 0
[2026-03-29T22:38:33.269Z] [2022] 2022-07-10 | +16491 novos | erros: 0
[2026-03-29T22:38:34.203Z] [2022] 2022-07-11 | +16492 novos | erros: 0
[2026-03-29T22:38:35.733Z] [2022] 2022-07-12 | +16492 novos | erros: 0
[2026-03-29T22:38:38.738Z] [2022] 2022-07-13 | +16492 novos | erros: 0
[2026-03-29T22:38:39.549Z] [2022] 2022-07-14 | +16492 novos | erros: 0
[2026-03-29T22:38:40.095Z] [2022] 2022-07-15 | +16492 novos | erros: 0
[2026-03-29T22:38:41.201Z] [2022] 2022-07-16 | +16492 novos | erros: 0
[2026-03-29T22:38:41.826Z] [2022] 2022-07-17 | +16492 novos | erros: 0
[2026-03-29T22:38:42.469Z] [2022] 2022-07-18 | +16492 novos | erros: 0
[2026-03-29T22:38:43.842Z] [2022] 2022-07-19 | +16495 novos | erros: 0
[2026-03-29T22:38:46.225Z] [2022] 2022-07-20 | +16496 novos | erros: 0
[2026-03-29T22:38:48.161Z] [2022] 2022-07-21 | +16496 novos | erros: 0
[2026-03-29T22:38:51.014Z] [2022] 2022-07-22 | +16496 novos | erros: 0
[2026-03-29T22:38:52.617Z] [2022] 2022-07-23 | +16496 novos | erros: 0
[2026-03-29T22:38:53.147Z] [2022] 2022-07-24 | +16520 novos | erros: 0
[2026-03-29T22:38:54.094Z] [2022] 2022-07-25 | +16783 novos | erros: 0
[2026-03-29T22:38:55.185Z] [2022] 2022-07-26 | +17043 novos | erros: 0
[2026-03-29T22:38:58.121Z] [2022] 2022-07-27 | +17283 novos | erros: 0
[2026-03-29T22:38:59.415Z] [2022] 2022-07-28 | +17563 novos | erros: 0
[2026-03-29T22:39:00.196Z] [2022] 2022-07-29 | +17900 novos | erros: 0
[2026-03-29T22:39:00.399Z] [2022] 2022-07-30 | +17936 novos | erros: 0
[2026-03-29T22:39:01.162Z] [2022] 2022-07-31 | +17974 novos | erros: 0
[2026-03-29T22:39:01.908Z] [2022] 2022-08-01 | +18317 novos | erros: 0
[2026-03-29T22:39:03.895Z] [2022] 2022-08-02 | +18617 novos | erros: 0
[2026-03-29T22:39:04.908Z] [2022] 2022-08-03 | +18910 novos | erros: 0
[2026-03-29T22:39:06.563Z] [2022] 2022-08-04 | +19177 novos | erros: 0
[2026-03-29T22:39:07.168Z] [2022] 2022-08-05 | +19478 novos | erros: 0
[2026-03-29T22:39:07.434Z] [2022] 2022-08-06 | +19510 novos | erros: 0
[2026-03-29T22:39:07.684Z] [2022] 2022-08-07 | +19518 novos | erros: 0
[2026-03-29T22:39:08.462Z] [2022] 2022-08-08 | +19683 novos | erros: 0
[2026-03-29T22:39:09.648Z] [2022] 2022-08-09 | +19838 novos | erros: 0
[2026-03-29T22:39:10.287Z] [2022] 2022-08-10 | +19995 novos | erros: 0
[2026-03-29T22:39:10.771Z] [2022] 2022-08-11 | +20027 novos | erros: 0
[2026-03-29T22:39:11.411Z] [2022] 2022-08-12 | +20150 novos | erros: 0
[2026-03-29T22:39:12.209Z] [2022] 2022-08-13 | +20164 novos | erros: 0
[2026-03-29T22:39:12.412Z] [2022] 2022-08-14 | +20169 novos | erros: 0
[2026-03-29T22:39:12.991Z] [2022] 2022-08-15 | +20315 novos | erros: 0
[2026-03-29T22:39:14.482Z] [2022] 2022-08-16 | +20457 novos | erros: 0
[2026-03-29T22:39:15.902Z] [2022] 2022-08-17 | +20596 novos | erros: 0
[2026-03-29T22:39:16.636Z] [2022] 2022-08-18 | +20757 novos | erros: 0
[2026-03-29T22:39:17.150Z] [2022] 2022-08-19 | +20882 novos | erros: 0
[2026-03-29T22:39:17.399Z] [2022] 2022-08-20 | +20915 novos | erros: 0
[2026-03-29T22:39:17.619Z] [2022] 2022-08-21 | +20925 novos | erros: 0
[2026-03-29T22:39:18.770Z] [2022] 2022-08-22 | +21059 novos | erros: 0
[2026-03-29T22:39:20.627Z] [2022] 2022-08-23 | +21214 novos | erros: 0
[2026-03-29T22:39:21.969Z] [2022] 2022-08-24 | +21356 novos | erros: 0
[2026-03-29T22:39:22.580Z] [2022] 2022-08-25 | +21472 novos | erros: 0
[2026-03-29T22:39:23.526Z] [2022] 2022-08-26 | +21596 novos | erros: 0
[2026-03-29T22:39:23.837Z] [2022] 2022-08-27 | +21621 novos | erros: 0
[2026-03-29T22:39:24.039Z] [2022] 2022-08-28 | +21664 novos | erros: 0
[2026-03-29T22:39:26.144Z] [2022] 2022-08-29 | +22062 novos | erros: 0
[2026-03-29T22:39:27.343Z] [2022] 2022-08-30 | +22453 novos | erros: 0
[2026-03-29T22:39:28.090Z] [2022] 2022-08-31 | +22842 novos | erros: 0
[2026-03-29T22:39:29.072Z] [2022] 2022-09-01 | +23238 novos | erros: 0
[2026-03-29T22:39:30.025Z] [2022] 2022-09-02 | +23596 novos | erros: 0
[2026-03-29T22:39:31.178Z] [2022] 2022-09-03 | +23609 novos | erros: 0
[2026-03-29T22:39:31.738Z] [2022] 2022-09-04 | +23613 novos | erros: 0
[2026-03-29T22:39:32.890Z] [2022] 2022-09-05 | +23712 novos | erros: 0
[2026-03-29T22:39:34.299Z] [2022] 2022-09-06 | +23779 novos | erros: 0
[2026-03-29T22:39:34.969Z] [2022] 2022-09-07 | +23795 novos | erros: 0
[2026-03-29T22:39:35.923Z] [2022] 2022-09-08 | +23884 novos | erros: 0
[2026-03-29T22:39:38.768Z] [2022] 2022-09-09 | +23950 novos | erros: 0
[2026-03-29T22:39:39.173Z] [2022] 2022-09-10 | +23954 novos | erros: 0
[2026-03-29T22:39:40.828Z] [2022] 2022-09-11 | +23959 novos | erros: 0
[2026-03-29T22:39:41.995Z] [2022] 2022-09-12 | +24090 novos | erros: 0
[2026-03-29T22:39:43.454Z] [2022] 2022-09-13 | +24243 novos | erros: 0
[2026-03-29T22:39:44.374Z] [2022] 2022-09-14 | +24419 novos | erros: 0
[2026-03-29T22:39:47.621Z] [2022] 2022-09-15 | +24558 novos | erros: 0
[2026-03-29T22:39:50.050Z] [2022] 2022-09-16 | +24664 novos | erros: 0
[2026-03-29T22:39:50.375Z] [2022] 2022-09-17 | +24678 novos | erros: 0
[2026-03-29T22:39:54.162Z] [2022] 2022-09-18 | +24703 novos | erros: 0
[2026-03-29T22:39:58.441Z] [2022] 2022-09-19 | +25010 novos | erros: 0
[2026-03-29T22:40:02.962Z] [2022] 2022-09-20 | +25285 novos | erros: 0
[2026-03-29T22:40:08.657Z] [2022] 2022-09-21 | +25537 novos | erros: 0
[2026-03-29T22:40:11.416Z] [2022] 2022-09-22 | +25859 novos | erros: 0
[2026-03-29T22:40:15.344Z] [2022] 2022-09-23 | +26158 novos | erros: 0
[2026-03-29T22:40:19.202Z] [2022] 2022-09-24 | +26202 novos | erros: 0
[2026-03-29T22:40:22.349Z] [2022] 2022-09-25 | +26222 novos | erros: 0
[2026-03-29T22:40:25.780Z] [2022] 2022-09-26 | +26303 novos | erros: 0
[2026-03-29T22:40:29.986Z] [2022] 2022-09-27 | +26360 novos | erros: 0
[2026-03-29T22:40:32.638Z] [2022] 2022-09-28 | +26395 novos | erros: 0
[2026-03-29T22:40:38.235Z] [2022] 2022-09-29 | +26411 novos | erros: 0
[2026-03-29T22:40:43.543Z] [2022] 2022-09-30 | +26426 novos | erros: 0
[2026-03-29T22:40:46.801Z] [2022] 2022-10-01 | +26426 novos | erros: 0
[2026-03-29T22:40:51.023Z] [2022] 2022-10-02 | +26431 novos | erros: 0
[2026-03-29T22:40:56.502Z] [2022] 2022-10-03 | +26592 novos | erros: 0
[2026-03-29T22:41:03.436Z] [2022] 2022-10-04 | +26750 novos | erros: 0
[2026-03-29T22:41:08.852Z] [2022] 2022-10-05 | +26954 novos | erros: 0
[2026-03-29T22:41:13.721Z] [2022] 2022-10-06 | +27117 novos | erros: 0
[2026-03-29T22:41:17.821Z] [2022] 2022-10-07 | +27347 novos | erros: 0
[2026-03-29T22:41:22.703Z] [2022] 2022-10-08 | +27368 novos | erros: 0
[2026-03-29T22:41:27.116Z] [2022] 2022-10-09 | +27415 novos | erros: 0
[2026-03-29T22:41:32.696Z] [2022] 2022-10-10 | +27753 novos | erros: 0
[2026-03-29T22:41:38.097Z] [2022] 2022-10-11 | +28044 novos | erros: 0
[2026-03-29T22:41:42.466Z] [2022] 2022-10-12 | +28084 novos | erros: 0
[2026-03-29T22:41:46.176Z] [2022] 2022-10-13 | +28369 novos | erros: 0
[2026-03-29T22:41:52.079Z] [2022] 2022-10-14 | +28623 novos | erros: 0
[2026-03-29T22:41:55.597Z] [2022] 2022-10-15 | +28640 novos | erros: 0
[2026-03-29T22:41:56.395Z] [2022] 2022-10-16 | +28667 novos | erros: 0
[2026-03-29T22:41:58.780Z] [2022] 2022-10-17 | +28931 novos | erros: 0
[2026-03-29T22:42:02.770Z] [2022] 2022-10-18 | +29172 novos | erros: 0
[2026-03-29T22:42:03.857Z] [2022] 2022-10-19 | +29471 novos | erros: 0
[2026-03-29T22:42:07.359Z] [2022] 2022-10-20 | +29745 novos | erros: 0
[2026-03-29T22:42:09.562Z] [2022] 2022-10-21 | +29999 novos | erros: 0
[2026-03-29T22:42:12.182Z] [2022] 2022-10-22 | +30023 novos | erros: 0
[2026-03-29T22:42:13.181Z] [2022] 2022-10-23 | +30023 novos | erros: 0
[2026-03-29T22:42:16.837Z] [2022] 2022-10-24 | +30058 novos | erros: 0
[2026-03-29T22:42:18.394Z] [2022] 2022-10-25 | +30092 novos | erros: 0
[2026-03-29T22:42:19.982Z] [2022] 2022-10-26 | +30107 novos | erros: 0
[2026-03-29T22:42:23.052Z] [2022] 2022-10-27 | +30139 novos | erros: 0
[2026-03-29T22:42:23.913Z] [2022] 2022-10-28 | +30163 novos | erros: 0
[2026-03-29T22:42:24.398Z] [2022] 2022-10-29 | +30171 novos | erros: 0
[2026-03-29T22:42:24.648Z] [2022] 2022-10-30 | +30171 novos | erros: 0
[2026-03-29T22:42:25.260Z] [2022] 2022-10-31 | +30171 novos | erros: 0
[2026-03-29T22:42:25.634Z] [2022] 2022-11-01 | +30171 novos | erros: 0
[2026-03-29T22:42:26.207Z] [2022] 2022-11-02 | +30171 novos | erros: 0
[2026-03-29T22:42:27.823Z] [2022] 2022-11-03 | +30171 novos | erros: 0
[2026-03-29T22:42:29.056Z] [2022] 2022-11-04 | +30171 novos | erros: 0
[2026-03-29T22:42:30.554Z] [2022] 2022-11-05 | +30171 novos | erros: 0
[2026-03-29T22:42:31.656Z] [2022] 2022-11-06 | +30171 novos | erros: 0
[2026-03-29T22:42:33.154Z] [2022] 2022-11-07 | +30171 novos | erros: 0
[2026-03-29T22:42:34.150Z] [2022] 2022-11-08 | +30171 novos | erros: 0
[2026-03-29T22:42:35.042Z] [2022] 2022-11-09 | +30171 novos | erros: 0
[2026-03-29T22:42:36.009Z] [2022] 2022-11-10 | +30171 novos | erros: 0
[2026-03-29T22:42:38.409Z] [2022] 2022-11-11 | +30171 novos | erros: 0
[2026-03-29T22:42:39.173Z] [2022] 2022-11-12 | +30171 novos | erros: 0
[2026-03-29T22:42:40.856Z] [2022] 2022-11-13 | +30171 novos | erros: 0
[2026-03-29T22:42:42.076Z] [2022] 2022-11-14 | +30171 novos | erros: 0
[2026-03-29T22:42:43.434Z] [2022] 2022-11-15 | +30171 novos | erros: 0
[2026-03-29T22:42:44.743Z] [2022] 2022-11-16 | +30171 novos | erros: 0
[2026-03-29T22:42:47.743Z] [2022] 2022-11-17 | +30171 novos | erros: 0
[2026-03-29T22:42:49.281Z] [2022] 2022-11-18 | +30172 novos | erros: 0
[2026-03-29T22:42:50.031Z] [2022] 2022-11-19 | +30172 novos | erros: 0
[2026-03-29T22:42:50.592Z] [2022] 2022-11-20 | +30200 novos | erros: 0
[2026-03-29T22:42:52.728Z] [2022] 2022-11-21 | +30457 novos | erros: 0
[2026-03-29T22:42:55.711Z] [2022] 2022-11-22 | +30828 novos | erros: 0
[2026-03-29T22:42:58.085Z] [2022] 2022-11-23 | +31213 novos | erros: 0
[2026-03-29T22:42:59.190Z] [2022] 2022-11-24 | +31419 novos | erros: 0
[2026-03-29T22:43:00.178Z] [2022] 2022-11-25 | +31760 novos | erros: 0
[2026-03-29T22:43:00.677Z] [2022] 2022-11-26 | +31808 novos | erros: 0
[2026-03-29T22:43:01.049Z] [2022] 2022-11-27 | +31808 novos | erros: 0
[2026-03-29T22:43:03.391Z] [2022] 2022-11-28 | +31808 novos | erros: 0
[2026-03-29T22:43:05.464Z] [2022] 2022-11-29 | +31808 novos | erros: 0
[2026-03-29T22:43:06.602Z] [2022] 2022-11-30 | +31808 novos | erros: 0
[2026-03-29T22:43:07.787Z] [2022] 2022-12-01 | +31808 novos | erros: 0
[2026-03-29T22:43:09.173Z] [2022] 2022-12-02 | +31808 novos | erros: 0
[2026-03-29T22:43:10.257Z] [2022] 2022-12-03 | +31808 novos | erros: 0
[2026-03-29T22:43:10.476Z] [2022] 2022-12-04 | +31808 novos | erros: 0
[2026-03-29T22:43:11.744Z] [2022] 2022-12-05 | +31808 novos | erros: 0
[2026-03-29T22:43:13.649Z] [2022] 2022-12-06 | +31808 novos | erros: 0
[2026-03-29T22:43:15.302Z] [2022] 2022-12-07 | +31808 novos | erros: 0
[2026-03-29T22:43:19.254Z] [2022] 2022-12-08 | +31808 novos | erros: 0
[2026-03-29T22:43:24.601Z] [2022] 2022-12-09 | +31808 novos | erros: 0
[2026-03-29T22:43:28.901Z] [2022] 2022-12-10 | +31808 novos | erros: 0
[2026-03-29T22:43:33.201Z] [2022] 2022-12-11 | +31808 novos | erros: 0
[2026-03-29T22:43:37.315Z] [2022] 2022-12-12 | +31808 novos | erros: 0
[2026-03-29T22:43:40.392Z] [2022] 2022-12-13 | +31808 novos | erros: 0
[2026-03-29T22:43:44.894Z] [2022] 2022-12-14 | +31808 novos | erros: 0
[2026-03-29T22:43:49.549Z] [2022] 2022-12-15 | +31808 novos | erros: 0
[2026-03-29T22:43:52.389Z] [2022] 2022-12-16 | +31808 novos | erros: 0
[2026-03-29T22:43:57.208Z] [2022] 2022-12-17 | +31808 novos | erros: 0
[2026-03-29T22:44:01.080Z] [2022] 2022-12-18 | +31814 novos | erros: 0
[2026-03-29T22:44:04.999Z] [2022] 2022-12-19 | +31872 novos | erros: 0
[2026-03-29T22:44:07.669Z] [2022] 2022-12-20 | +31906 novos | erros: 0
[2026-03-29T22:44:09.658Z] [2022] 2022-12-21 | +31950 novos | erros: 0
[2026-03-29T22:44:13.317Z] [2022] 2022-12-22 | +31995 novos | erros: 0
[2026-03-29T22:44:19.003Z] [2022] 2022-12-23 | +32028 novos | erros: 0
[2026-03-29T22:44:22.058Z] [2022] 2022-12-24 | +32031 novos | erros: 0
[2026-03-29T22:44:24.509Z] [2022] 2022-12-25 | +32031 novos | erros: 0
[2026-03-29T22:44:26.319Z] [2022] 2022-12-26 | +32031 novos | erros: 0
[2026-03-29T22:44:29.493Z] [2022] 2022-12-27 | +32031 novos | erros: 0
[2026-03-29T22:44:32.363Z] [2022] 2022-12-28 | +32031 novos | erros: 0
[2026-03-29T22:44:38.549Z] [2022] 2022-12-31 | +32031 novos | erros: 0
[2026-03-29T22:44:38.550Z] [2022] COMPLETO — +32031 novos, 0 erros | Total CSV: 367098
